#
# There is insufficient memory for the Java Runtime Environment to continue.
# Native memory allocation (malloc) failed to allocate 72016 bytes for Chunk::new
# Possible reasons:
#   The system is out of physical RAM or swap space
#   The process is running with CompressedOops enabled, and the Java Heap may be blocking the growth of the native heap
# Possible solutions:
#   Reduce memory load on the system
#   Increase physical memory or swap space
#   Check if swap backing store is full
#   Decrease Java heap size (-Xmx/-Xms)
#   Decrease number of Java threads
#   Decrease Java thread stack sizes (-Xss)
#   Set larger code cache with -XX:ReservedCodeCacheSize=
#   JVM is running with Unscaled Compressed Oops mode in which the Java heap is
#     placed in the first 4GB address space. The Java Heap base address is the
#     maximum limit for the native heap growth. Please use -XX:HeapBaseMinAddress
#     to set the Java Heap base and to place the Java Heap above 4GB virtual address.
# This output file may be truncated or incomplete.
#
#  Out of Memory Error (arena.cpp:191), pid=23408, tid=12836
#
# JRE version: OpenJDK Runtime Environment Temurin-17.0.9+9 (17.0.9+9) (build 17.0.9+9)
# Java VM: OpenJDK 64-Bit Server VM Temurin-17.0.9+9 (17.0.9+9, mixed mode, tiered, compressed oops, compressed class ptrs, parallel gc, windows-amd64)
# No core dump will be written. Minidumps are not enabled by default on client versions of Windows
#

---------------  S U M M A R Y ------------

Command Line: --add-modules=ALL-SYSTEM --add-opens=java.base/java.util=ALL-UNNAMED --add-opens=java.base/java.lang=ALL-UNNAMED --add-opens=java.base/sun.nio.fs=ALL-UNNAMED -Declipse.application=org.eclipse.jdt.ls.core.id1 -Dosgi.bundles.defaultStartLevel=4 -Declipse.product=org.eclipse.jdt.ls.core.product -Djava.import.generatesMetadataFilesAtProjectRoot=false -DDetectVMInstallationsJob.disabled=true -Dfile.encoding=utf8 -XX:+UseParallelGC -XX:GCTimeRatio=4 -XX:AdaptiveSizePolicyWeight=90 -Dsun.zip.disableMemoryMapping=true -Xmx1G -Xms100m -Xlog:disable -javaagent:c:\Users\student\.vscode\extensions\redhat.java-1.26.0-win32-x64\lombok\lombok-1.18.31-3454.jar c:\Users\student\.vscode\extensions\redhat.java-1.26.0-win32-x64\server\plugins\org.eclipse.equinox.launcher_1.6.700.v20231214-2017.jar -configuration c:\Users\student\AppData\Roaming\Code\User\globalStorage\redhat.java\1.26.0\config_ss_win -data c:\Users\student\AppData\Roaming\Code\User\workspaceStorage\56192d6a22a83b7aa0a710db2c3de7dd\redhat.java\ss_ws --stdio

Host: Intel(R) Core(TM) i5-8500 CPU @ 3.00GHz, 6 cores, 7G,  Windows 10 , 64 bit Build 19041 (10.0.19041.3155)
Time: Tue Jan 16 10:04:34 2024 Mountain Standard Time elapsed time: 0.147051 seconds (0d 0h 0m 0s)

---------------  T H R E A D  ---------------

Current thread (0x000002325addc7c0):  JavaThread "C2 CompilerThread0" daemon [_thread_in_native, id=12836, stack(0x0000009bda200000,0x0000009bda300000)]


Current CompileTask:
C2:    147  138       4       java.util.HashMap::putVal (300 bytes)

Stack: [0x0000009bda200000,0x0000009bda300000]
Native frames: (J=compiled Java code, j=interpreted, Vv=VM code, C=native code)
V  [jvm.dll+0x67cf49]
V  [jvm.dll+0x83478a]
V  [jvm.dll+0x83624e]
V  [jvm.dll+0x8368b3]
V  [jvm.dll+0x247f1f]
V  [jvm.dll+0xac43c]
V  [jvm.dll+0xaca8c]
V  [jvm.dll+0x367012]
V  [jvm.dll+0x3313ba]
V  [jvm.dll+0x33085a]
V  [jvm.dll+0x21a5b1]
V  [jvm.dll+0x2199d1]
V  [jvm.dll+0x1a57cd]
V  [jvm.dll+0x2297ae]
V  [jvm.dll+0x22797c]
V  [jvm.dll+0x7e9877]
V  [jvm.dll+0x7e3c3a]
V  [jvm.dll+0x67be35]
C  [ucrtbase.dll+0x21bb2]
C  [KERNEL32.DLL+0x17614]
C  [ntdll.dll+0x526b1]


---------------  P R O C E S S  ---------------

Threads class SMR info:
_java_thread_list=0x000002325af63ce0, length=12, elements={
0x00000232416e4af0, 0x000002325557b750, 0x000002325557dc70, 0x000002325559c160,
0x000002325559cfe0, 0x000002325559de60, 0x000002325559e820, 0x000002325addc7c0,
0x000002325ae3acc0, 0x000002325ae452d0, 0x00000232417b6270, 0x000002325b02f2d0
}

Java Threads: ( => current thread )
  0x00000232416e4af0 JavaThread "main" [_thread_in_vm, id=16496, stack(0x0000009bd9900000,0x0000009bd9a00000)]
  0x000002325557b750 JavaThread "Reference Handler" daemon [_thread_blocked, id=15236, stack(0x0000009bd9c00000,0x0000009bd9d00000)]
  0x000002325557dc70 JavaThread "Finalizer" daemon [_thread_blocked, id=18992, stack(0x0000009bd9d00000,0x0000009bd9e00000)]
  0x000002325559c160 JavaThread "Signal Dispatcher" daemon [_thread_blocked, id=17200, stack(0x0000009bd9e00000,0x0000009bd9f00000)]
  0x000002325559cfe0 JavaThread "Attach Listener" daemon [_thread_blocked, id=17964, stack(0x0000009bd9f00000,0x0000009bda000000)]
  0x000002325559de60 JavaThread "Service Thread" daemon [_thread_blocked, id=10136, stack(0x0000009bda000000,0x0000009bda100000)]
  0x000002325559e820 JavaThread "Monitor Deflation Thread" daemon [_thread_blocked, id=17692, stack(0x0000009bda100000,0x0000009bda200000)]
=>0x000002325addc7c0 JavaThread "C2 CompilerThread0" daemon [_thread_in_native, id=12836, stack(0x0000009bda200000,0x0000009bda300000)]
  0x000002325ae3acc0 JavaThread "C1 CompilerThread0" daemon [_thread_blocked, id=7260, stack(0x0000009bda300000,0x0000009bda400000)]
  0x000002325ae452d0 JavaThread "Sweeper thread" daemon [_thread_blocked, id=19688, stack(0x0000009bda400000,0x0000009bda500000)]
  0x00000232417b6270 JavaThread "Common-Cleaner" daemon [_thread_blocked, id=19916, stack(0x0000009bda500000,0x0000009bda600000)]
  0x000002325b02f2d0 JavaThread "C2 CompilerThread1" daemon [_thread_blocked, id=20988, stack(0x0000009bda700000,0x0000009bda800000)]

Other Threads:
  0x00000232555645d0 VMThread "VM Thread" [stack: 0x0000009bd9b00000,0x0000009bd9c00000] [id=9288]
  0x000002324170ce20 GCTaskThread "GC Thread#0" [stack: 0x0000009bd9a00000,0x0000009bd9b00000] [id=2876]

Threads with active compile tasks:
C2 CompilerThread0      163  138       4       java.util.HashMap::putVal (300 bytes)

VM state: not at safepoint (normal execution)

VM Mutex/Monitor currently owned by a thread: None

Heap address: 0x00000000c0000000, size: 1024 MB, Compressed Oops mode: 32-bit

CDS archive(s) not mapped
Compressed class space mapped at: 0x0000000100000000-0x0000000140000000, reserved size: 1073741824
Narrow klass base: 0x0000000000000000, Narrow klass shift: 3, Narrow klass range: 0x140000000

GC Precious Log:
 CPUs: 6 total, 6 available
 Memory: 8038M
 Large Page Support: Disabled
 NUMA Support: Disabled
 Compressed Oops: Enabled (32-bit)
 Alignments: Space 512K, Generation 512K, Heap 2M
 Heap Min Capacity: 100M
 Heap Initial Capacity: 100M
 Heap Max Capacity: 1G
 Pre-touch: Disabled
 Parallel Workers: 6

Heap:
 PSYoungGen      total 29696K, used 3093K [0x00000000eab00000, 0x00000000ecc00000, 0x0000000100000000)
  eden space 25600K, 12% used [0x00000000eab00000,0x00000000eae05590,0x00000000ec400000)
  from space 4096K, 0% used [0x00000000ec800000,0x00000000ec800000,0x00000000ecc00000)
  to   space 4096K, 0% used [0x00000000ec400000,0x00000000ec400000,0x00000000ec800000)
 ParOldGen       total 68608K, used 0K [0x00000000c0000000, 0x00000000c4300000, 0x00000000eab00000)
  object space 68608K, 0% used [0x00000000c0000000,0x00000000c0000000,0x00000000c4300000)
 Metaspace       used 5366K, committed 5504K, reserved 1114112K
  class space    used 511K, committed 576K, reserved 1048576K

Card table byte_map: [0x00000232410d0000,0x00000232412e0000] _byte_map_base: 0x0000023240ad0000

Marking Bits: (ParMarkBitMap*) 0x00007fffffb0d0b0
 Begin Bits: [0x00000232533a0000, 0x00000232543a0000)
 End Bits:   [0x00000232543a0000, 0x00000232553a0000)

Polling page: 0x0000023240ec0000

Metaspace:

Usage:
  Non-class:      4.74 MB used.
      Class:    511.06 KB used.
       Both:      5.24 MB used.

Virtual space:
  Non-class space:       64.00 MB reserved,       4.81 MB (  8%) committed,  1 nodes.
      Class space:        1.00 GB reserved,     576.00 KB ( <1%) committed,  1 nodes.
             Both:        1.06 GB reserved,       5.38 MB ( <1%) committed. 

Chunk freelists:
   Non-Class:  10.99 MB
       Class:  15.25 MB
        Both:  26.24 MB

MaxMetaspaceSize: unlimited
CompressedClassSpaceSize: 1.00 GB
Initial GC threshold: 21.00 MB
Current GC threshold: 21.00 MB
CDS: off
MetaspaceReclaimPolicy: balanced
 - commit_granule_bytes: 65536.
 - commit_granule_words: 8192.
 - virtual_space_node_default_size: 8388608.
 - enlarge_chunks_in_place: 1.
 - new_chunks_are_fully_committed: 0.
 - uncommit_free_chunks: 1.
 - use_allocation_guard: 0.
 - handle_deallocations: 1.


Internal statistics:

num_allocs_failed_limit: 0.
num_arena_births: 8.
num_arena_deaths: 0.
num_vsnodes_births: 2.
num_vsnodes_deaths: 0.
num_space_committed: 87.
num_space_uncommitted: 0.
num_chunks_returned_to_freelist: 0.
num_chunks_taken_from_freelist: 18.
num_chunk_merges: 0.
num_chunk_splits: 7.
num_chunks_enlarged: 2.
num_inconsistent_stats: 0.

CodeHeap 'non-profiled nmethods': size=120000Kb used=57Kb max_used=57Kb free=119942Kb
 bounds [0x000002324be70000, 0x000002324c0e0000, 0x00000232533a0000]
CodeHeap 'profiled nmethods': size=120000Kb used=231Kb max_used=231Kb free=119768Kb
 bounds [0x00000232443a0000, 0x0000023244610000, 0x000002324b8d0000]
CodeHeap 'non-nmethods': size=5760Kb used=1093Kb max_used=1107Kb free=4666Kb
 bounds [0x000002324b8d0000, 0x000002324bb40000, 0x000002324be70000]
 total_blobs=575 nmethods=205 adapters=285
 compilation: enabled
              stopped_count=0, restarted_count=0
 full_count=0

Compilation events (20 events):
Event: 0.128 Thread 0x000002325ae3acc0  157       1       java.lang.module.ResolvedModule::reference (5 bytes)
Event: 0.128 Thread 0x000002325ae3acc0 nmethod 157 0x000002324be7b790 code [0x000002324be7b920, 0x000002324be7b9f8]
Event: 0.128 Thread 0x000002325ae3acc0  158       1       java.lang.module.ModuleDescriptor$Version::toString (5 bytes)
Event: 0.128 Thread 0x000002325ae3acc0 nmethod 158 0x000002324be7ba90 code [0x000002324be7bc20, 0x000002324be7bcf8]
Event: 0.128 Thread 0x000002325ae3acc0  159       3       java.lang.StringBuilder::append (8 bytes)
Event: 0.128 Thread 0x000002325ae3acc0 nmethod 159 0x00000232443c7e10 code [0x00000232443c7fa0, 0x00000232443c80e8]
Event: 0.128 Thread 0x000002325ae3acc0  160       3       java.lang.AbstractStringBuilder::append (45 bytes)
Event: 0.128 Thread 0x000002325ae3acc0 nmethod 160 0x00000232443c8190 code [0x00000232443c8360, 0x00000232443c86a8]
Event: 0.128 Thread 0x000002325ae3acc0  161       3       java.util.ImmutableCollections$Set12$1::next (95 bytes)
Event: 0.128 Thread 0x000002325ae3acc0 nmethod 161 0x00000232443c8810 code [0x00000232443c89e0, 0x00000232443c8cc8]
Event: 0.128 Thread 0x000002325ae3acc0  162       3       java.util.ImmutableCollections$Set12::iterator (9 bytes)
Event: 0.128 Thread 0x000002325ae3acc0 nmethod 162 0x00000232443c8e10 code [0x00000232443c8fc0, 0x00000232443c9258]
Event: 0.128 Thread 0x000002325ae3acc0  163       3       java.util.ImmutableCollections$Set12$1::<init> (32 bytes)
Event: 0.128 Thread 0x000002325ae3acc0 nmethod 163 0x00000232443c9390 code [0x00000232443c9540, 0x00000232443c9738]
Event: 0.128 Thread 0x000002325ae3acc0  165       3       java.util.AbstractSet::<init> (5 bytes)
Event: 0.128 Thread 0x000002325ae3acc0 nmethod 165 0x00000232443c9810 code [0x00000232443c99c0, 0x00000232443c9b78]
Event: 0.128 Thread 0x000002325ae3acc0  167       3       java.util.HashMap$HashIterator::<init> (79 bytes)
Event: 0.129 Thread 0x000002325ae3acc0 nmethod 167 0x00000232443c9c90 code [0x00000232443c9e40, 0x00000232443ca1b8]
Event: 0.129 Thread 0x000002325ae3acc0  169       3       java.util.HashMap::keySet (25 bytes)
Event: 0.129 Thread 0x000002325ae3acc0 nmethod 169 0x00000232443ca310 code [0x00000232443ca4c0, 0x00000232443ca7f8]

GC Heap History (0 events):
No events

Dll operation events (1 events):
Event: 0.009 Loaded shared library c:\Users\student\.vscode\extensions\redhat.java-1.26.0-win32-x64\jre\17.0.9-win32-x86_64\bin\java.dll

Deoptimization events (0 events):
No events

Classes unloaded (0 events):
No events

Classes redefined (0 events):
No events

Internal exceptions (1 events):
Event: 0.116 Thread 0x00000232416e4af0 Exception <a 'java/lang/NoSuchMethodError'{0x00000000eacb22d8}: 'void java.lang.invoke.DirectMethodHandle$Holder.invokeStatic(java.lang.Object, java.lang.Object, java.lang.Object)'> (0x00000000eacb22d8) 
thrown [s\src\hotspot\share\interpreter\linkResolver.cpp, line 759]

VM Operations (0 events):
No events

Events (20 events):
Event: 0.118 loading class java/lang/ModuleLayer
Event: 0.118 loading class java/lang/ModuleLayer done
Event: 0.118 loading class java/util/HashMap$Values
Event: 0.118 loading class java/util/HashMap$Values done
Event: 0.118 loading class java/util/HashMap$ValueIterator
Event: 0.118 loading class java/util/HashMap$ValueIterator done
Event: 0.118 loading class java/util/LinkedHashSet
Event: 0.118 loading class java/util/LinkedHashSet done
Event: 0.118 loading class java/util/LinkedHashMap
Event: 0.119 loading class java/util/LinkedHashMap done
Event: 0.119 loading class java/util/Collections$UnmodifiableCollection$1
Event: 0.119 loading class java/util/Collections$UnmodifiableCollection$1 done
Event: 0.119 loading class java/lang/module/ResolvedModule
Event: 0.119 loading class java/lang/module/ResolvedModule done
Event: 0.126 loading class jdk/internal/module/ModuleLoaderMap
Event: 0.126 loading class jdk/internal/module/ModuleLoaderMap done
Event: 0.126 loading class jdk/internal/module/ModuleLoaderMap$Mapper
Event: 0.126 loading class jdk/internal/module/ModuleLoaderMap$Mapper done
Event: 0.126 loading class jdk/internal/module/ModuleLoaderMap$Modules
Event: 0.126 loading class jdk/internal/module/ModuleLoaderMap$Modules done


Dynamic libraries:
0x00007ff70adb0000 - 0x00007ff70adbe000 	c:\Users\student\.vscode\extensions\redhat.java-1.26.0-win32-x64\jre\17.0.9-win32-x86_64\bin\java.exe
0x00007ff83fc70000 - 0x00007ff83fe68000 	C:\Windows\SYSTEM32\ntdll.dll
0x00007ff83e9a0000 - 0x00007ff83ea5f000 	C:\Windows\System32\KERNEL32.DLL
0x00007ff83d5e0000 - 0x00007ff83d8d6000 	C:\Windows\System32\KERNELBASE.dll
0x00007ff83d4e0000 - 0x00007ff83d5e0000 	C:\Windows\System32\ucrtbase.dll
0x00007ff826900000 - 0x00007ff826917000 	c:\Users\student\.vscode\extensions\redhat.java-1.26.0-win32-x64\jre\17.0.9-win32-x86_64\bin\jli.dll
0x00007ff83ecd0000 - 0x00007ff83ee6d000 	C:\Windows\System32\USER32.dll
0x00007ff83d350000 - 0x00007ff83d372000 	C:\Windows\System32\win32u.dll
0x00007ff83e970000 - 0x00007ff83e99c000 	C:\Windows\System32\GDI32.dll
0x00007ff83d950000 - 0x00007ff83da65000 	C:\Windows\System32\gdi32full.dll
0x00007ff83dc00000 - 0x00007ff83dc9d000 	C:\Windows\System32\msvcp_win.dll
0x00007ff823d90000 - 0x00007ff823dab000 	c:\Users\student\.vscode\extensions\redhat.java-1.26.0-win32-x64\jre\17.0.9-win32-x86_64\bin\VCRUNTIME140.dll
0x00007ff823f10000 - 0x00007ff8241aa000 	C:\Windows\WinSxS\amd64_microsoft.windows.common-controls_6595b64144ccf1df_6.0.19041.1110_none_60b5254171f9507e\COMCTL32.dll
0x00007ff83dea0000 - 0x00007ff83df3e000 	C:\Windows\System32\msvcrt.dll
0x00007ff83e8e0000 - 0x00007ff83e910000 	C:\Windows\System32\IMM32.DLL
0x00007ff8346a0000 - 0x00007ff8346ac000 	c:\Users\student\.vscode\extensions\redhat.java-1.26.0-win32-x64\jre\17.0.9-win32-x86_64\bin\vcruntime140_1.dll
0x00007ff819650000 - 0x00007ff8196dd000 	c:\Users\student\.vscode\extensions\redhat.java-1.26.0-win32-x64\jre\17.0.9-win32-x86_64\bin\msvcp140.dll
0x00007ffffef70000 - 0x00007fffffbd1000 	c:\Users\student\.vscode\extensions\redhat.java-1.26.0-win32-x64\jre\17.0.9-win32-x86_64\bin\server\jvm.dll
0x00007ff83e5c0000 - 0x00007ff83e66f000 	C:\Windows\System32\ADVAPI32.dll
0x00007ff83dcd0000 - 0x00007ff83dd6c000 	C:\Windows\System32\sechost.dll
0x00007ff83fa50000 - 0x00007ff83fb76000 	C:\Windows\System32\RPCRT4.dll
0x00007ff83d1b0000 - 0x00007ff83d1fb000 	C:\Windows\SYSTEM32\POWRPROF.dll
0x00007ff8229d0000 - 0x00007ff8229d9000 	C:\Windows\SYSTEM32\WSOCK32.dll
0x00007ff83e7c0000 - 0x00007ff83e82b000 	C:\Windows\System32\WS2_32.dll
0x00007ff8337d0000 - 0x00007ff8337f7000 	C:\Windows\SYSTEM32\WINMM.dll
0x00007ff837cf0000 - 0x00007ff837cfa000 	C:\Windows\SYSTEM32\VERSION.dll
0x00007ff83d190000 - 0x00007ff83d1a2000 	C:\Windows\SYSTEM32\UMPDC.dll
0x00007ff83b220000 - 0x00007ff83b232000 	C:\Windows\SYSTEM32\kernel.appcore.dll
0x00007ff8338f0000 - 0x00007ff8338fa000 	c:\Users\student\.vscode\extensions\redhat.java-1.26.0-win32-x64\jre\17.0.9-win32-x86_64\bin\jimage.dll
0x00007ff8234f0000 - 0x00007ff8236d4000 	C:\Windows\SYSTEM32\DBGHELP.DLL
0x00007ff8234b0000 - 0x00007ff8234e4000 	C:\Windows\SYSTEM32\dbgcore.DLL
0x00007ff83db20000 - 0x00007ff83dba2000 	C:\Windows\System32\bcryptPrimitives.dll
0x00007ff830d70000 - 0x00007ff830d7e000 	c:\Users\student\.vscode\extensions\redhat.java-1.26.0-win32-x64\jre\17.0.9-win32-x86_64\bin\instrument.dll
0x00007ff820990000 - 0x00007ff8209b5000 	c:\Users\student\.vscode\extensions\redhat.java-1.26.0-win32-x64\jre\17.0.9-win32-x86_64\bin\java.dll
0x00007ff822cc0000 - 0x00007ff822cd8000 	c:\Users\student\.vscode\extensions\redhat.java-1.26.0-win32-x64\jre\17.0.9-win32-x86_64\bin\zip.dll
0x00007ff83f300000 - 0x00007ff83fa44000 	C:\Windows\System32\SHELL32.dll
0x00007ff83b420000 - 0x00007ff83bbb4000 	C:\Windows\SYSTEM32\windows.storage.dll
0x00007ff83eed0000 - 0x00007ff83f224000 	C:\Windows\System32\combase.dll
0x00007ff83ccc0000 - 0x00007ff83ccee000 	C:\Windows\SYSTEM32\Wldp.dll
0x00007ff83e830000 - 0x00007ff83e8dd000 	C:\Windows\System32\SHCORE.dll
0x00007ff83e670000 - 0x00007ff83e6c5000 	C:\Windows\System32\shlwapi.dll
0x00007ff83d280000 - 0x00007ff83d2a5000 	C:\Windows\SYSTEM32\profapi.dll
0x00007ff821300000 - 0x00007ff821319000 	C:\Users\student\.vscode\extensions\redhat.java-1.26.0-win32-x64\jre\17.0.9-win32-x86_64\bin\net.dll
0x00007ff837330000 - 0x00007ff83743a000 	C:\Windows\SYSTEM32\WINHTTP.dll
0x00007ff83ca20000 - 0x00007ff83ca8a000 	C:\Windows\system32\mswsock.dll
0x00007ff822c70000 - 0x00007ff822c86000 	C:\Users\student\.vscode\extensions\redhat.java-1.26.0-win32-x64\jre\17.0.9-win32-x86_64\bin\nio.dll

dbghelp: loaded successfully - version: 4.0.5 - missing functions: none
symbol engine: initialized successfully - sym options: 0x614 - pdb path: .;c:\Users\student\.vscode\extensions\redhat.java-1.26.0-win32-x64\jre\17.0.9-win32-x86_64\bin;C:\Windows\SYSTEM32;C:\Windows\WinSxS\amd64_microsoft.windows.common-controls_6595b64144ccf1df_6.0.19041.1110_none_60b5254171f9507e;c:\Users\student\.vscode\extensions\redhat.java-1.26.0-win32-x64\jre\17.0.9-win32-x86_64\bin\server

VM Arguments:
jvm_args: --add-modules=ALL-SYSTEM --add-opens=java.base/java.util=ALL-UNNAMED --add-opens=java.base/java.lang=ALL-UNNAMED --add-opens=java.base/sun.nio.fs=ALL-UNNAMED -Declipse.application=org.eclipse.jdt.ls.core.id1 -Dosgi.bundles.defaultStartLevel=4 -Declipse.product=org.eclipse.jdt.ls.core.product -Djava.import.generatesMetadataFilesAtProjectRoot=false -DDetectVMInstallationsJob.disabled=true -Dfile.encoding=utf8 -XX:+UseParallelGC -XX:GCTimeRatio=4 -XX:AdaptiveSizePolicyWeight=90 -Dsun.zip.disableMemoryMapping=true -Xmx1G -Xms100m -Xlog:disable -javaagent:c:\Users\student\.vscode\extensions\redhat.java-1.26.0-win32-x64\lombok\lombok-1.18.31-3454.jar 
java_command: c:\Users\student\.vscode\extensions\redhat.java-1.26.0-win32-x64\server\plugins\org.eclipse.equinox.launcher_1.6.700.v20231214-2017.jar -configuration c:\Users\student\AppData\Roaming\Code\User\globalStorage\redhat.java\1.26.0\config_ss_win -data c:\Users\student\AppData\Roaming\Code\User\workspaceStorage\56192d6a22a83b7aa0a710db2c3de7dd\redhat.java\ss_ws --stdio
java_class_path (initial): c:\Users\student\.vscode\extensions\redhat.java-1.26.0-win32-x64\server\plugins\org.eclipse.equinox.launcher_1.6.700.v20231214-2017.jar
Launcher Type: SUN_STANDARD

[Global flags]
    uintx AdaptiveSizePolicyWeight                 = 90                                        {product} {command line}
     intx CICompilerCount                          = 3                                         {product} {ergonomic}
    uintx GCTimeRatio                              = 4                                         {product} {command line}
   size_t InitialHeapSize                          = 104857600                                 {product} {command line}
   size_t MaxHeapSize                              = 1073741824                                {product} {command line}
   size_t MaxNewSize                               = 357564416                                 {product} {ergonomic}
   size_t MinHeapDeltaBytes                        = 524288                                    {product} {ergonomic}
   size_t MinHeapSize                              = 104857600                                 {product} {command line}
   size_t NewSize                                  = 34603008                                  {product} {ergonomic}
    uintx NonNMethodCodeHeapSize                   = 5832780                                {pd product} {ergonomic}
    uintx NonProfiledCodeHeapSize                  = 122912730                              {pd product} {ergonomic}
   size_t OldSize                                  = 70254592                                  {product} {ergonomic}
    uintx ProfiledCodeHeapSize                     = 122912730                              {pd product} {ergonomic}
    uintx ReservedCodeCacheSize                    = 251658240                              {pd product} {ergonomic}
     bool SegmentedCodeCache                       = true                                      {product} {ergonomic}
   size_t SoftMaxHeapSize                          = 1073741824                             {manageable} {ergonomic}
     bool UseCompressedClassPointers               = true                           {product lp64_product} {ergonomic}
     bool UseCompressedOops                        = true                           {product lp64_product} {ergonomic}
     bool UseLargePagesIndividualAllocation        = false                                  {pd product} {ergonomic}
     bool UseParallelGC                            = true                                      {product} {command line}

Logging:
Log output configuration:
 #0: stdout all=off uptime,level,tags
 #1: stderr all=off uptime,level,tags

Environment Variables:
PATH=C:\Program Files\Common Files\Oracle\Java\javapath;C:\Program Files (x86)\Common Files\Oracle\Java\javapath;C:\Windows\system32;C:\Windows;C:\Windows\System32\Wbem;C:\Windows\System32\WindowsPowerShell\v1.0\;C:\Windows\System32\OpenSSH\;C:\Program Files\Java\jdk1.8.0_291\bin;C:\Program Files\Git\cmd;C:\Users\student\AppData\Local\Microsoft\WindowsApps;;C:\Users\student\AppData\Local\Programs\Microsoft VS Code\bin
USERNAME=student
OS=Windows_NT
PROCESSOR_IDENTIFIER=Intel64 Family 6 Model 158 Stepping 10, GenuineIntel
TMP=C:\Users\student\AppData\Local\Temp
TEMP=C:\Users\student\AppData\Local\Temp



Periodic native trim disabled


---------------  S Y S T E M  ---------------

OS:
 Windows 10 , 64 bit Build 19041 (10.0.19041.3155)
OS uptime: 0 days 2:10 hours

CPU: total 6 (initial active 6) (6 cores per cpu, 1 threads per core) family 6 model 158 stepping 10 microcode 0xf0, cx8, cmov, fxsr, mmx, 3dnowpref, sse, sse2, sse3, ssse3, sse4.1, sse4.2, popcnt, lzcnt, tsc, tscinvbit, avx, avx2, aes, erms, clmul, bmi1, bmi2, rtm, adx, fma, vzeroupper, clflush, clflushopt
Processor Information for all 6 processors :
  Max Mhz: 3000, Current Mhz: 3000, Mhz Limit: 3000

Memory: 4k page, system-wide physical 8038M (847M free)
TotalPageFile size 32614M (AvailPageFile size 14M)
current process WorkingSet (physical memory assigned to process): 33M, peak: 33M
current process commit charge ("private bytes"): 179M, peak: 179M

vm_info: OpenJDK 64-Bit Server VM (17.0.9+9) for windows-amd64 JRE (17.0.9+9), built on Oct 26 2023 14:01:42 by "admin" with MS VC++ 16.10 / 16.11 (VS2019)

END.
