#
# There is insufficient memory for the Java Runtime Environment to continue.
# Native memory allocation (mmap) failed to map 65536 bytes for Failed to commit metaspace.
# Possible reasons:
#   The system is out of physical RAM or swap space
#   The process is running with CompressedOops enabled, and the Java Heap may be blocking the growth of the native heap
# Possible solutions:
#   Reduce memory load on the system
#   Increase physical memory or swap space
#   Check if swap backing store is full
#   Decrease Java heap size (-Xmx/-Xms)
#   Decrease number of Java threads
#   Decrease Java thread stack sizes (-Xss)
#   Set larger code cache with -XX:ReservedCodeCacheSize=
#   JVM is running with Unscaled Compressed Oops mode in which the Java heap is
#     placed in the first 4GB address space. The Java Heap base address is the
#     maximum limit for the native heap growth. Please use -XX:HeapBaseMinAddress
#     to set the Java Heap base and to place the Java Heap above 4GB virtual address.
# This output file may be truncated or incomplete.
#
#  Out of Memory Error (virtualSpaceNode.cpp:110), pid=19860, tid=11132
#
# JRE version: OpenJDK Runtime Environment Temurin-17.0.9+9 (17.0.9+9) (build 17.0.9+9)
# Java VM: OpenJDK 64-Bit Server VM Temurin-17.0.9+9 (17.0.9+9, mixed mode, tiered, compressed oops, compressed class ptrs, parallel gc, windows-amd64)
# No core dump will be written. Minidumps are not enabled by default on client versions of Windows
#

---------------  S U M M A R Y ------------

Command Line: --add-modules=ALL-SYSTEM --add-opens=java.base/java.util=ALL-UNNAMED --add-opens=java.base/java.lang=ALL-UNNAMED --add-opens=java.base/sun.nio.fs=ALL-UNNAMED -Declipse.application=org.eclipse.jdt.ls.core.id1 -Dosgi.bundles.defaultStartLevel=4 -Declipse.product=org.eclipse.jdt.ls.core.product -Djava.import.generatesMetadataFilesAtProjectRoot=false -DDetectVMInstallationsJob.disabled=true -Dfile.encoding=utf8 -XX:+UseParallelGC -XX:GCTimeRatio=4 -XX:AdaptiveSizePolicyWeight=90 -Dsun.zip.disableMemoryMapping=true -Xmx1G -Xms100m -Xlog:disable -javaagent:c:\Users\student\.vscode\extensions\redhat.java-1.26.0-win32-x64\lombok\lombok-1.18.31-3454.jar c:\Users\student\.vscode\extensions\redhat.java-1.26.0-win32-x64\server\plugins\org.eclipse.equinox.launcher_1.6.700.v20231214-2017.jar -configuration c:\Users\student\AppData\Roaming\Code\User\globalStorage\redhat.java\1.26.0\config_ss_win -data c:\Users\student\AppData\Roaming\Code\User\workspaceStorage\56192d6a22a83b7aa0a710db2c3de7dd\redhat.java\ss_ws --stdio

Host: Intel(R) Core(TM) i5-8500 CPU @ 3.00GHz, 6 cores, 7G,  Windows 10 , 64 bit Build 19041 (10.0.19041.3155)
Time: Tue Jan 16 10:04:34 2024 Mountain Standard Time elapsed time: 0.119733 seconds (0d 0h 0m 0s)

---------------  T H R E A D  ---------------

Current thread (0x000001edd49f5300):  JavaThread "main" [_thread_in_vm, id=11132, stack(0x000000ab9b400000,0x000000ab9b500000)]

Stack: [0x000000ab9b400000,0x000000ab9b500000]
Native frames: (J=compiled Java code, j=interpreted, Vv=VM code, C=native code)
V  [jvm.dll+0x67cf49]
V  [jvm.dll+0x83478a]
V  [jvm.dll+0x83624e]
V  [jvm.dll+0x8368b3]
V  [jvm.dll+0x247f1f]
V  [jvm.dll+0x83044b]
V  [jvm.dll+0x621776]
V  [jvm.dll+0x1c1fee]
V  [jvm.dll+0x6240d1]
V  [jvm.dll+0x622116]
V  [jvm.dll+0x23d836]
V  [jvm.dll+0x1eca2b]
V  [jvm.dll+0x1e23d1]
V  [jvm.dll+0x54305e]
V  [jvm.dll+0x7ae8fd]
V  [jvm.dll+0x7ae85a]
V  [jvm.dll+0x4117fe]
V  [jvm.dll+0x424f6c]
C  [java.dll+0x1657]

Java frames: (J=compiled Java code, j=interpreted, Vv=VM code)
j  java.lang.ClassLoader.defineClass0(Ljava/lang/ClassLoader;Ljava/lang/Class;Ljava/lang/String;[BIILjava/security/ProtectionDomain;ZILjava/lang/Object;)Ljava/lang/Class;+0 java.base@17.0.9
j  java.lang.System$2.defineClass(Ljava/lang/ClassLoader;Ljava/lang/Class;Ljava/lang/String;[BLjava/security/ProtectionDomain;ZILjava/lang/Object;)Ljava/lang/Class;+17 java.base@17.0.9
j  java.lang.invoke.MethodHandles$Lookup$ClassDefiner.defineClass(ZLjava/lang/Object;)Ljava/lang/Class;+54 java.base@17.0.9
j  java.lang.invoke.InvokerBytecodeGenerator.loadMethod([B)Ljava/lang/invoke/MemberName;+16 java.base@17.0.9
j  java.lang.invoke.InvokerBytecodeGenerator.generateCustomizedCode(Ljava/lang/invoke/LambdaForm;Ljava/lang/invoke/MethodType;)Ljava/lang/invoke/MemberName;+30 java.base@17.0.9
j  java.lang.invoke.LambdaForm.compileToBytecode()V+69 java.base@17.0.9
j  java.lang.invoke.LambdaForm.prepare()V+21 java.base@17.0.9
j  java.lang.invoke.MethodHandle.<init>(Ljava/lang/invoke/MethodType;Ljava/lang/invoke/LambdaForm;)V+33 java.base@17.0.9
j  java.lang.invoke.BoundMethodHandle.<init>(Ljava/lang/invoke/MethodType;Ljava/lang/invoke/LambdaForm;)V+3 java.base@17.0.9
j  java.lang.invoke.BoundMethodHandle$Species_L.<init>(Ljava/lang/invoke/MethodType;Ljava/lang/invoke/LambdaForm;Ljava/lang/Object;)V+3 java.base@17.0.9
j  java.lang.invoke.BoundMethodHandle$Species_L.make(Ljava/lang/invoke/MethodType;Ljava/lang/invoke/LambdaForm;Ljava/lang/Object;)Ljava/lang/invoke/BoundMethodHandle;+7 java.base@17.0.9
j  java.lang.invoke.BoundMethodHandle.bindSingle(Ljava/lang/invoke/MethodType;Ljava/lang/invoke/LambdaForm;Ljava/lang/Object;)Ljava/lang/invoke/BoundMethodHandle;+3 java.base@17.0.9
j  java.lang.invoke.SimpleMethodHandle.copyWithExtendL(Ljava/lang/invoke/MethodType;Ljava/lang/invoke/LambdaForm;Ljava/lang/Object;)Ljava/lang/invoke/BoundMethodHandle;+3 java.base@17.0.9
j  java.lang.invoke.LambdaFormEditor.bindArgumentL(Ljava/lang/invoke/BoundMethodHandle;ILjava/lang/Object;)Ljava/lang/invoke/BoundMethodHandle;+55 java.base@17.0.9
j  java.lang.invoke.BoundMethodHandle.bindArgumentL(ILjava/lang/Object;)Ljava/lang/invoke/BoundMethodHandle;+7 java.base@17.0.9
j  java.lang.invoke.MethodHandle.bindArgumentL(ILjava/lang/Object;)Ljava/lang/invoke/BoundMethodHandle;+6 java.base@17.0.9
j  java.lang.invoke.MethodHandle.bindTo(Ljava/lang/Object;)Ljava/lang/invoke/MethodHandle;+15 java.base@17.0.9
j  java.lang.invoke.MethodHandles.constant(Ljava/lang/Class;Ljava/lang/Object;)Ljava/lang/invoke/MethodHandle;+84 java.base@17.0.9
j  java.lang.invoke.InnerClassLambdaMetafactory.buildCallSite()Ljava/lang/invoke/CallSite;+143 java.base@17.0.9
j  java.lang.invoke.LambdaMetafactory.metafactory(Ljava/lang/invoke/MethodHandles$Lookup;Ljava/lang/String;Ljava/lang/invoke/MethodType;Ljava/lang/invoke/MethodType;Ljava/lang/invoke/MethodHandle;Ljava/lang/invoke/MethodType;)Ljava/lang/invoke/CallSite;+67 java.base@17.0.9
j  java.lang.invoke.DirectMethodHandle$Holder.invokeStatic(Ljava/lang/Object;Ljava/lang/Object;Ljava/lang/Object;Ljava/lang/Object;Ljava/lang/Object;Ljava/lang/Object;Ljava/lang/Object;)Ljava/lang/Object;+20 java.base@17.0.9
j  java.lang.invoke.Invokers$Holder.invokeExact_MT(Ljava/lang/Object;Ljava/lang/Object;Ljava/lang/Object;Ljava/lang/Object;Ljava/lang/Object;Ljava/lang/Object;Ljava/lang/Object;Ljava/lang/Object;)Ljava/lang/Object;+28 java.base@17.0.9
j  java.lang.invoke.BootstrapMethodInvoker.invoke(Ljava/lang/Class;Ljava/lang/invoke/MethodHandle;Ljava/lang/String;Ljava/lang/Object;Ljava/lang/Object;Ljava/lang/Class;)Ljava/lang/Object;+319 java.base@17.0.9
j  java.lang.invoke.CallSite.makeSite(Ljava/lang/invoke/MethodHandle;Ljava/lang/String;Ljava/lang/invoke/MethodType;Ljava/lang/Object;Ljava/lang/Class;)Ljava/lang/invoke/CallSite;+8 java.base@17.0.9
j  java.lang.invoke.MethodHandleNatives.linkCallSiteImpl(Ljava/lang/Class;Ljava/lang/invoke/MethodHandle;Ljava/lang/String;Ljava/lang/invoke/MethodType;Ljava/lang/Object;[Ljava/lang/Object;)Ljava/lang/invoke/MemberName;+6 java.base@17.0.9
j  java.lang.invoke.MethodHandleNatives.linkCallSite(Ljava/lang/Object;ILjava/lang/Object;Ljava/lang/Object;Ljava/lang/Object;Ljava/lang/Object;[Ljava/lang/Object;)Ljava/lang/invoke/MemberName;+46 java.base@17.0.9
v  ~StubRoutines::call_stub
j  jdk.internal.module.DefaultRoots.compute(Ljava/lang/module/ModuleFinder;Ljava/lang/module/ModuleFinder;)Ljava/util/Set;+11 java.base@17.0.9
j  jdk.internal.module.ModuleBootstrap.boot2()Ljava/lang/ModuleLayer;+727 java.base@17.0.9
j  jdk.internal.module.ModuleBootstrap.boot()Ljava/lang/ModuleLayer;+64 java.base@17.0.9
j  java.lang.System.initPhase2(ZZ)I+0 java.base@17.0.9
v  ~StubRoutines::call_stub

---------------  P R O C E S S  ---------------

Threads class SMR info:
_java_thread_list=0x000001ede8888510, length=10, elements={
0x000001edd49f5300, 0x000001ede887f750, 0x000001ede8881ae0, 0x000001ede8894180,
0x000001ede8895000, 0x000001ede8895e80, 0x000001ede8898850, 0x000001edee005890,
0x000001ede889d240, 0x000001ede889d760
}

Java Threads: ( => current thread )
=>0x000001edd49f5300 JavaThread "main" [_thread_in_vm, id=11132, stack(0x000000ab9b400000,0x000000ab9b500000)]
  0x000001ede887f750 JavaThread "Reference Handler" daemon [_thread_blocked, id=6388, stack(0x000000ab9b700000,0x000000ab9b800000)]
  0x000001ede8881ae0 JavaThread "Finalizer" daemon [_thread_blocked, id=22716, stack(0x000000ab9b800000,0x000000ab9b900000)]
  0x000001ede8894180 JavaThread "Signal Dispatcher" daemon [_thread_blocked, id=7852, stack(0x000000ab9b900000,0x000000ab9ba00000)]
  0x000001ede8895000 JavaThread "Attach Listener" daemon [_thread_blocked, id=9632, stack(0x000000ab9ba00000,0x000000ab9bb00000)]
  0x000001ede8895e80 JavaThread "Service Thread" daemon [_thread_blocked, id=22036, stack(0x000000ab9bb00000,0x000000ab9bc00000)]
  0x000001ede8898850 JavaThread "Monitor Deflation Thread" daemon [_thread_blocked, id=19108, stack(0x000000ab9bc00000,0x000000ab9bd00000)]
  0x000001edee005890 JavaThread "C2 CompilerThread0" daemon [_thread_blocked, id=8300, stack(0x000000ab9bd00000,0x000000ab9be00000)]
  0x000001ede889d240 JavaThread "C1 CompilerThread0" daemon [_thread_blocked, id=10104, stack(0x000000ab9be00000,0x000000ab9bf00000)]
  0x000001ede889d760 JavaThread "Sweeper thread" daemon [_thread_blocked, id=19048, stack(0x000000ab9bf00000,0x000000ab9c000000)]

Other Threads:
  0x000001ede8864f80 VMThread "VM Thread" [stack: 0x000000ab9b600000,0x000000ab9b700000] [id=2108]
  0x000001edd4a0b7a0 GCTaskThread "GC Thread#0" [stack: 0x000000ab9b500000,0x000000ab9b600000] [id=11568]

Threads with active compile tasks:

VM state: not at safepoint (normal execution)

VM Mutex/Monitor currently owned by a thread:  ([mutex/lock_event])
[0x000001edd49f1fa0] Metaspace_lock - owner thread: 0x000001edd49f5300

Heap address: 0x00000000c0000000, size: 1024 MB, Compressed Oops mode: 32-bit

CDS archive(s) not mapped
Compressed class space mapped at: 0x0000000100000000-0x0000000140000000, reserved size: 1073741824
Narrow klass base: 0x0000000000000000, Narrow klass shift: 3, Narrow klass range: 0x140000000

GC Precious Log:
 CPUs: 6 total, 6 available
 Memory: 8038M
 Large Page Support: Disabled
 NUMA Support: Disabled
 Compressed Oops: Enabled (32-bit)
 Alignments: Space 512K, Generation 512K, Heap 2M
 Heap Min Capacity: 100M
 Heap Initial Capacity: 100M
 Heap Max Capacity: 1G
 Pre-touch: Disabled
 Parallel Workers: 6

Heap:
 PSYoungGen      total 29696K, used 2048K [0x00000000eab00000, 0x00000000ecc00000, 0x0000000100000000)
  eden space 25600K, 8% used [0x00000000eab00000,0x00000000ead001e0,0x00000000ec400000)
  from space 4096K, 0% used [0x00000000ec800000,0x00000000ec800000,0x00000000ecc00000)
  to   space 4096K, 0% used [0x00000000ec400000,0x00000000ec400000,0x00000000ec800000)
 ParOldGen       total 68608K, used 0K [0x00000000c0000000, 0x00000000c4300000, 0x00000000eab00000)
  object space 68608K, 0% used [0x00000000c0000000,0x00000000c0000000,0x00000000c4300000)
 Metaspace       used 3970K, committed 4032K, reserved 1114112K
  class space    used 344K, committed 384K, reserved 1048576K

Card table byte_map: [0x000001edd43b0000,0x000001edd45c0000] _byte_map_base: 0x000001edd3db0000

Marking Bits: (ParMarkBitMap*) 0x00007fffffb0d0b0
 Begin Bits: [0x000001ede66a0000, 0x000001ede76a0000)
 End Bits:   [0x000001ede76a0000, 0x000001ede86a0000)

Polling page: 0x000001edd29f0000

Metaspace:

Usage:
  Non-class:      3.54 MB used.
      Class:    344.71 KB used.
       Both:      3.88 MB used.

Virtual space:
  Non-class space:       64.00 MB reserved,       3.56 MB (  6%) committed,  1 nodes.
      Class space:        1.00 GB reserved,     384.00 KB ( <1%) committed,  1 nodes.
             Both:        1.06 GB reserved,       3.94 MB ( <1%) committed. 

Chunk freelists:
   Non-Class:  12.00 MB
       Class:  15.62 MB
        Both:  27.62 MB

MaxMetaspaceSize: unlimited
CompressedClassSpaceSize: 1.00 GB
Initial GC threshold: 21.00 MB
Current GC threshold: 21.00 MB
CDS: off
MetaspaceReclaimPolicy: balanced
 - commit_granule_bytes: 65536.
 - commit_granule_words: 8192.
 - virtual_space_node_default_size: 8388608.
 - enlarge_chunks_in_place: 1.
 - new_chunks_are_fully_committed: 0.
 - uncommit_free_chunks: 1.
 - use_allocation_guard: 0.
 - handle_deallocations: 1.


Internal statistics:

num_allocs_failed_limit: 0.
num_arena_births: 4.
num_arena_deaths: 0.
num_vsnodes_births: 2.
num_vsnodes_deaths: 0.
num_space_committed: 63.
num_space_uncommitted: 0.
num_chunks_returned_to_freelist: 0.
num_chunks_taken_from_freelist: 4.
num_chunk_merges: 0.
num_chunk_splits: 3.
num_chunks_enlarged: 0.
num_inconsistent_stats: 0.

CodeHeap 'non-profiled nmethods': size=120000Kb used=15Kb max_used=15Kb free=119985Kb
 bounds [0x000001eddf170000, 0x000001eddf3e0000, 0x000001ede66a0000]
CodeHeap 'profiled nmethods': size=120000Kb used=47Kb max_used=47Kb free=119952Kb
 bounds [0x000001edd76a0000, 0x000001edd7910000, 0x000001eddebd0000]
CodeHeap 'non-nmethods': size=5760Kb used=1068Kb max_used=1068Kb free=4691Kb
 bounds [0x000001eddebd0000, 0x000001eddee40000, 0x000001eddf170000]
 total_blobs=383 nmethods=47 adapters=251
 compilation: enabled
              stopped_count=0, restarted_count=0
 full_count=0

Compilation events (20 events):
Event: 0.074 Thread 0x000001ede889d240   27       3       java.util.concurrent.ConcurrentHashMap::tabAt (22 bytes)
Event: 0.074 Thread 0x000001ede889d240 nmethod 27 0x000001edd76a7510 code [0x000001edd76a76c0, 0x000001edd76a7978]
Event: 0.074 Thread 0x000001ede889d240   28       3       jdk.internal.misc.Unsafe::getReferenceAcquire (7 bytes)
Event: 0.074 Thread 0x000001ede889d240 nmethod 28 0x000001edd76a7a90 code [0x000001edd76a7c20, 0x000001edd76a7d38]
Event: 0.074 Thread 0x000001ede889d240   29       3       java.util.concurrent.ConcurrentHashMap::spread (10 bytes)
Event: 0.074 Thread 0x000001ede889d240 nmethod 29 0x000001edd76a7e10 code [0x000001edd76a7fa0, 0x000001edd76a8098]
Event: 0.085 Thread 0x000001ede889d240   31       1       java.lang.Enum::ordinal (5 bytes)
Event: 0.085 Thread 0x000001ede889d240 nmethod 31 0x000001eddf170f90 code [0x000001eddf171120, 0x000001eddf1711f8]
Event: 0.086 Thread 0x000001ede889d240   34       3       java.util.concurrent.ConcurrentHashMap::addCount (279 bytes)
Event: 0.087 Thread 0x000001ede889d240 nmethod 34 0x000001edd76a8110 code [0x000001edd76a8360, 0x000001edd76a8ce8]
Event: 0.087 Thread 0x000001ede889d240   36   !   3       java.util.concurrent.ConcurrentHashMap::putVal (433 bytes)
Event: 0.089 Thread 0x000001ede889d240 nmethod 36 0x000001edd76a9010 code [0x000001edd76a9360, 0x000001edd76aac68]
Event: 0.089 Thread 0x000001ede889d240   37       3       java.util.concurrent.ConcurrentHashMap$Node::<init> (20 bytes)
Event: 0.089 Thread 0x000001ede889d240 nmethod 37 0x000001edd76ab610 code [0x000001edd76ab7a0, 0x000001edd76ab938]
Event: 0.107 Thread 0x000001ede889d240   43       1       java.lang.Class::getClassLoader0 (5 bytes)
Event: 0.107 Thread 0x000001ede889d240 nmethod 43 0x000001eddf173010 code [0x000001eddf1731a0, 0x000001eddf173278]
Event: 0.108 Thread 0x000001ede889d240   44       3       java.lang.String::isEmpty (14 bytes)
Event: 0.108 Thread 0x000001ede889d240 nmethod 44 0x000001edd76aba10 code [0x000001edd76abba0, 0x000001edd76abd18]
Event: 0.111 Thread 0x000001ede889d240   47       1       java.lang.invoke.MethodType::returnType (5 bytes)
Event: 0.111 Thread 0x000001ede889d240 nmethod 47 0x000001eddf173910 code [0x000001eddf173aa0, 0x000001eddf173b78]

GC Heap History (0 events):
No events

Dll operation events (1 events):
Event: 0.008 Loaded shared library c:\Users\student\.vscode\extensions\redhat.java-1.26.0-win32-x64\jre\17.0.9-win32-x86_64\bin\java.dll

Deoptimization events (0 events):
No events

Classes unloaded (0 events):
No events

Classes redefined (0 events):
No events

Internal exceptions (0 events):
No events

VM Operations (0 events):
No events

Events (20 events):
Event: 0.110 loading class sun/invoke/util/Wrapper$1
Event: 0.110 loading class sun/invoke/util/Wrapper$1 done
Event: 0.110 loading class java/lang/invoke/LambdaFormEditor
Event: 0.110 loading class java/lang/invoke/LambdaFormEditor done
Event: 0.110 loading class java/lang/invoke/LambdaFormEditor$TransformKey
Event: 0.110 loading class java/lang/invoke/LambdaFormEditor$TransformKey done
Event: 0.110 loading class java/lang/invoke/LambdaFormBuffer
Event: 0.110 loading class java/lang/invoke/LambdaFormBuffer done
Event: 0.111 loading class java/lang/invoke/LambdaFormEditor$Transform
Event: 0.111 loading class java/lang/invoke/LambdaFormEditor$Transform done
Event: 0.111 loading class jdk/internal/org/objectweb/asm/Frame
Event: 0.111 loading class jdk/internal/org/objectweb/asm/Frame done
Event: 0.111 loading class java/lang/invoke/InvokerBytecodeGenerator$ClassData
Event: 0.111 loading class java/lang/invoke/InvokerBytecodeGenerator$ClassData done
Event: 0.111 loading class java/util/ArrayList$Itr
Event: 0.112 loading class java/util/ArrayList$Itr done
Event: 0.112 loading class jdk/internal/org/objectweb/asm/FieldWriter
Event: 0.112 loading class jdk/internal/org/objectweb/asm/FieldVisitor
Event: 0.112 loading class jdk/internal/org/objectweb/asm/FieldVisitor done
Event: 0.112 loading class jdk/internal/org/objectweb/asm/FieldWriter done


Dynamic libraries:
0x00007ff70adb0000 - 0x00007ff70adbe000 	c:\Users\student\.vscode\extensions\redhat.java-1.26.0-win32-x64\jre\17.0.9-win32-x86_64\bin\java.exe
0x00007ff83fc70000 - 0x00007ff83fe68000 	C:\Windows\SYSTEM32\ntdll.dll
0x00007ff83e9a0000 - 0x00007ff83ea5f000 	C:\Windows\System32\KERNEL32.DLL
0x00007ff83d5e0000 - 0x00007ff83d8d6000 	C:\Windows\System32\KERNELBASE.dll
0x00007ff83d4e0000 - 0x00007ff83d5e0000 	C:\Windows\System32\ucrtbase.dll
0x00007ff826900000 - 0x00007ff826917000 	c:\Users\student\.vscode\extensions\redhat.java-1.26.0-win32-x64\jre\17.0.9-win32-x86_64\bin\jli.dll
0x00007ff83ecd0000 - 0x00007ff83ee6d000 	C:\Windows\System32\USER32.dll
0x00007ff83d350000 - 0x00007ff83d372000 	C:\Windows\System32\win32u.dll
0x00007ff83e970000 - 0x00007ff83e99c000 	C:\Windows\System32\GDI32.dll
0x00007ff83d950000 - 0x00007ff83da65000 	C:\Windows\System32\gdi32full.dll
0x00007ff83dc00000 - 0x00007ff83dc9d000 	C:\Windows\System32\msvcp_win.dll
0x00007ff823d90000 - 0x00007ff823dab000 	c:\Users\student\.vscode\extensions\redhat.java-1.26.0-win32-x64\jre\17.0.9-win32-x86_64\bin\VCRUNTIME140.dll
0x00007ff823f10000 - 0x00007ff8241aa000 	C:\Windows\WinSxS\amd64_microsoft.windows.common-controls_6595b64144ccf1df_6.0.19041.1110_none_60b5254171f9507e\COMCTL32.dll
0x00007ff83dea0000 - 0x00007ff83df3e000 	C:\Windows\System32\msvcrt.dll
0x00007ff83e8e0000 - 0x00007ff83e910000 	C:\Windows\System32\IMM32.DLL
0x00007ff8346a0000 - 0x00007ff8346ac000 	c:\Users\student\.vscode\extensions\redhat.java-1.26.0-win32-x64\jre\17.0.9-win32-x86_64\bin\vcruntime140_1.dll
0x00007ff819650000 - 0x00007ff8196dd000 	c:\Users\student\.vscode\extensions\redhat.java-1.26.0-win32-x64\jre\17.0.9-win32-x86_64\bin\msvcp140.dll
0x00007ffffef70000 - 0x00007fffffbd1000 	c:\Users\student\.vscode\extensions\redhat.java-1.26.0-win32-x64\jre\17.0.9-win32-x86_64\bin\server\jvm.dll
0x00007ff83e5c0000 - 0x00007ff83e66f000 	C:\Windows\System32\ADVAPI32.dll
0x00007ff83dcd0000 - 0x00007ff83dd6c000 	C:\Windows\System32\sechost.dll
0x00007ff83fa50000 - 0x00007ff83fb76000 	C:\Windows\System32\RPCRT4.dll
0x00007ff83d1b0000 - 0x00007ff83d1fb000 	C:\Windows\SYSTEM32\POWRPROF.dll
0x00007ff8337d0000 - 0x00007ff8337f7000 	C:\Windows\SYSTEM32\WINMM.dll
0x00007ff837cf0000 - 0x00007ff837cfa000 	C:\Windows\SYSTEM32\VERSION.dll
0x00007ff8229d0000 - 0x00007ff8229d9000 	C:\Windows\SYSTEM32\WSOCK32.dll
0x00007ff83e7c0000 - 0x00007ff83e82b000 	C:\Windows\System32\WS2_32.dll
0x00007ff83d190000 - 0x00007ff83d1a2000 	C:\Windows\SYSTEM32\UMPDC.dll
0x00007ff83b220000 - 0x00007ff83b232000 	C:\Windows\SYSTEM32\kernel.appcore.dll
0x00007ff8338f0000 - 0x00007ff8338fa000 	c:\Users\student\.vscode\extensions\redhat.java-1.26.0-win32-x64\jre\17.0.9-win32-x86_64\bin\jimage.dll
0x00007ff8234f0000 - 0x00007ff8236d4000 	C:\Windows\SYSTEM32\DBGHELP.DLL
0x00007ff8234b0000 - 0x00007ff8234e4000 	C:\Windows\SYSTEM32\dbgcore.DLL
0x00007ff83db20000 - 0x00007ff83dba2000 	C:\Windows\System32\bcryptPrimitives.dll
0x00007ff830d70000 - 0x00007ff830d7e000 	c:\Users\student\.vscode\extensions\redhat.java-1.26.0-win32-x64\jre\17.0.9-win32-x86_64\bin\instrument.dll
0x00007ff820990000 - 0x00007ff8209b5000 	c:\Users\student\.vscode\extensions\redhat.java-1.26.0-win32-x64\jre\17.0.9-win32-x86_64\bin\java.dll
0x00007ff822cc0000 - 0x00007ff822cd8000 	c:\Users\student\.vscode\extensions\redhat.java-1.26.0-win32-x64\jre\17.0.9-win32-x86_64\bin\zip.dll
0x00007ff83f300000 - 0x00007ff83fa44000 	C:\Windows\System32\SHELL32.dll
0x00007ff83b420000 - 0x00007ff83bbb4000 	C:\Windows\SYSTEM32\windows.storage.dll
0x00007ff83eed0000 - 0x00007ff83f224000 	C:\Windows\System32\combase.dll
0x00007ff83ccc0000 - 0x00007ff83ccee000 	C:\Windows\SYSTEM32\Wldp.dll
0x00007ff83e830000 - 0x00007ff83e8dd000 	C:\Windows\System32\SHCORE.dll
0x00007ff83e670000 - 0x00007ff83e6c5000 	C:\Windows\System32\shlwapi.dll
0x00007ff83d280000 - 0x00007ff83d2a5000 	C:\Windows\SYSTEM32\profapi.dll

dbghelp: loaded successfully - version: 4.0.5 - missing functions: none
symbol engine: initialized successfully - sym options: 0x614 - pdb path: .;c:\Users\student\.vscode\extensions\redhat.java-1.26.0-win32-x64\jre\17.0.9-win32-x86_64\bin;C:\Windows\SYSTEM32;C:\Windows\WinSxS\amd64_microsoft.windows.common-controls_6595b64144ccf1df_6.0.19041.1110_none_60b5254171f9507e;c:\Users\student\.vscode\extensions\redhat.java-1.26.0-win32-x64\jre\17.0.9-win32-x86_64\bin\server

VM Arguments:
jvm_args: --add-modules=ALL-SYSTEM --add-opens=java.base/java.util=ALL-UNNAMED --add-opens=java.base/java.lang=ALL-UNNAMED --add-opens=java.base/sun.nio.fs=ALL-UNNAMED -Declipse.application=org.eclipse.jdt.ls.core.id1 -Dosgi.bundles.defaultStartLevel=4 -Declipse.product=org.eclipse.jdt.ls.core.product -Djava.import.generatesMetadataFilesAtProjectRoot=false -DDetectVMInstallationsJob.disabled=true -Dfile.encoding=utf8 -XX:+UseParallelGC -XX:GCTimeRatio=4 -XX:AdaptiveSizePolicyWeight=90 -Dsun.zip.disableMemoryMapping=true -Xmx1G -Xms100m -Xlog:disable -javaagent:c:\Users\student\.vscode\extensions\redhat.java-1.26.0-win32-x64\lombok\lombok-1.18.31-3454.jar 
java_command: c:\Users\student\.vscode\extensions\redhat.java-1.26.0-win32-x64\server\plugins\org.eclipse.equinox.launcher_1.6.700.v20231214-2017.jar -configuration c:\Users\student\AppData\Roaming\Code\User\globalStorage\redhat.java\1.26.0\config_ss_win -data c:\Users\student\AppData\Roaming\Code\User\workspaceStorage\56192d6a22a83b7aa0a710db2c3de7dd\redhat.java\ss_ws --stdio
java_class_path (initial): c:\Users\student\.vscode\extensions\redhat.java-1.26.0-win32-x64\server\plugins\org.eclipse.equinox.launcher_1.6.700.v20231214-2017.jar
Launcher Type: SUN_STANDARD

[Global flags]
    uintx AdaptiveSizePolicyWeight                 = 90                                        {product} {command line}
     intx CICompilerCount                          = 3                                         {product} {ergonomic}
    uintx GCTimeRatio                              = 4                                         {product} {command line}
   size_t InitialHeapSize                          = 104857600                                 {product} {command line}
   size_t MaxHeapSize                              = 1073741824                                {product} {command line}
   size_t MaxNewSize                               = 357564416                                 {product} {ergonomic}
   size_t MinHeapDeltaBytes                        = 524288                                    {product} {ergonomic}
   size_t MinHeapSize                              = 104857600                                 {product} {command line}
   size_t NewSize                                  = 34603008                                  {product} {ergonomic}
    uintx NonNMethodCodeHeapSize                   = 5832780                                {pd product} {ergonomic}
    uintx NonProfiledCodeHeapSize                  = 122912730                              {pd product} {ergonomic}
   size_t OldSize                                  = 70254592                                  {product} {ergonomic}
    uintx ProfiledCodeHeapSize                     = 122912730                              {pd product} {ergonomic}
    uintx ReservedCodeCacheSize                    = 251658240                              {pd product} {ergonomic}
     bool SegmentedCodeCache                       = true                                      {product} {ergonomic}
   size_t SoftMaxHeapSize                          = 1073741824                             {manageable} {ergonomic}
     bool UseCompressedClassPointers               = true                           {product lp64_product} {ergonomic}
     bool UseCompressedOops                        = true                           {product lp64_product} {ergonomic}
     bool UseLargePagesIndividualAllocation        = false                                  {pd product} {ergonomic}
     bool UseParallelGC                            = true                                      {product} {command line}

Logging:
Log output configuration:
 #0: stdout all=off uptime,level,tags
 #1: stderr all=off uptime,level,tags

Environment Variables:
PATH=C:\Program Files\Common Files\Oracle\Java\javapath;C:\Program Files (x86)\Common Files\Oracle\Java\javapath;C:\Windows\system32;C:\Windows;C:\Windows\System32\Wbem;C:\Windows\System32\WindowsPowerShell\v1.0\;C:\Windows\System32\OpenSSH\;C:\Program Files\Java\jdk1.8.0_291\bin;C:\Program Files\Git\cmd;C:\Users\student\AppData\Local\Microsoft\WindowsApps;;C:\Users\student\AppData\Local\Programs\Microsoft VS Code\bin
USERNAME=student
OS=Windows_NT
PROCESSOR_IDENTIFIER=Intel64 Family 6 Model 158 Stepping 10, GenuineIntel
TMP=C:\Users\student\AppData\Local\Temp
TEMP=C:\Users\student\AppData\Local\Temp



Periodic native trim disabled


---------------  S Y S T E M  ---------------

OS:
 Windows 10 , 64 bit Build 19041 (10.0.19041.3155)
OS uptime: 0 days 2:10 hours

CPU: total 6 (initial active 6) (6 cores per cpu, 1 threads per core) family 6 model 158 stepping 10 microcode 0xf0, cx8, cmov, fxsr, mmx, 3dnowpref, sse, sse2, sse3, ssse3, sse4.1, sse4.2, popcnt, lzcnt, tsc, tscinvbit, avx, avx2, aes, erms, clmul, bmi1, bmi2, rtm, adx, fma, vzeroupper, clflush, clflushopt
Processor Information for all 6 processors :
  Max Mhz: 3000, Current Mhz: 3000, Mhz Limit: 3000

Memory: 4k page, system-wide physical 8038M (844M free)
TotalPageFile size 32614M (AvailPageFile size 144M)
current process WorkingSet (physical memory assigned to process): 26M, peak: 26M
current process commit charge ("private bytes"): 175M, peak: 175M

vm_info: OpenJDK 64-Bit Server VM (17.0.9+9) for windows-amd64 JRE (17.0.9+9), built on Oct 26 2023 14:01:42 by "admin" with MS VC++ 16.10 / 16.11 (VS2019)

END.
