#
# There is insufficient memory for the Java Runtime Environment to continue.
# Native memory allocation (malloc) failed to allocate 120656 bytes for Chunk::new
# Possible reasons:
#   The system is out of physical RAM or swap space
#   The process is running with CompressedOops enabled, and the Java Heap may be blocking the growth of the native heap
# Possible solutions:
#   Reduce memory load on the system
#   Increase physical memory or swap space
#   Check if swap backing store is full
#   Decrease Java heap size (-Xmx/-Xms)
#   Decrease number of Java threads
#   Decrease Java thread stack sizes (-Xss)
#   Set larger code cache with -XX:ReservedCodeCacheSize=
#   JVM is running with Unscaled Compressed Oops mode in which the Java heap is
#     placed in the first 4GB address space. The Java Heap base address is the
#     maximum limit for the native heap growth. Please use -XX:HeapBaseMinAddress
#     to set the Java Heap base and to place the Java Heap above 4GB virtual address.
# This output file may be truncated or incomplete.
#
#  Out of Memory Error (arena.cpp:191), pid=12148, tid=5752
#
# JRE version: OpenJDK Runtime Environment Temurin-17.0.9+9 (17.0.9+9) (build 17.0.9+9)
# Java VM: OpenJDK 64-Bit Server VM Temurin-17.0.9+9 (17.0.9+9, mixed mode, tiered, compressed oops, compressed class ptrs, parallel gc, windows-amd64)
# No core dump will be written. Minidumps are not enabled by default on client versions of Windows
#

---------------  S U M M A R Y ------------

Command Line: --add-modules=ALL-SYSTEM --add-opens=java.base/java.util=ALL-UNNAMED --add-opens=java.base/java.lang=ALL-UNNAMED --add-opens=java.base/sun.nio.fs=ALL-UNNAMED -Declipse.application=org.eclipse.jdt.ls.core.id1 -Dosgi.bundles.defaultStartLevel=4 -Declipse.product=org.eclipse.jdt.ls.core.product -Djava.import.generatesMetadataFilesAtProjectRoot=false -DDetectVMInstallationsJob.disabled=true -Dfile.encoding=utf8 -XX:+UseParallelGC -XX:GCTimeRatio=4 -XX:AdaptiveSizePolicyWeight=90 -Dsun.zip.disableMemoryMapping=true -Xmx1G -Xms100m -Xlog:disable -javaagent:c:\Users\student\.vscode\extensions\redhat.java-1.26.0-win32-x64\lombok\lombok-1.18.31-3454.jar c:\Users\student\.vscode\extensions\redhat.java-1.26.0-win32-x64\server\plugins\org.eclipse.equinox.launcher_1.6.700.v20231214-2017.jar -configuration c:\Users\student\AppData\Roaming\Code\User\globalStorage\redhat.java\1.26.0\config_ss_win -data c:\Users\student\AppData\Roaming\Code\User\workspaceStorage\56192d6a22a83b7aa0a710db2c3de7dd\redhat.java\ss_ws --stdio

Host: Intel(R) Core(TM) i5-8500 CPU @ 3.00GHz, 6 cores, 7G,  Windows 10 , 64 bit Build 19041 (10.0.19041.3155)
Time: Tue Jan 16 10:04:37 2024 Mountain Standard Time elapsed time: 0.493427 seconds (0d 0h 0m 0s)

---------------  T H R E A D  ---------------

Current thread (0x0000018bbd7e10a0):  JavaThread "C2 CompilerThread1" daemon [_thread_in_native, id=5752, stack(0x0000006925700000,0x0000006925800000)]


Current CompileTask:
C2:    493  590       4       lombok.patcher.PatchScript::classMatches (41 bytes)

Stack: [0x0000006925700000,0x0000006925800000]
Native frames: (J=compiled Java code, j=interpreted, Vv=VM code, C=native code)
V  [jvm.dll+0x67cf49]
V  [jvm.dll+0x83478a]
V  [jvm.dll+0x83624e]
V  [jvm.dll+0x8368b3]
V  [jvm.dll+0x247f1f]
V  [jvm.dll+0xac43c]
V  [jvm.dll+0xaca8c]
V  [jvm.dll+0x2af45f]
V  [jvm.dll+0x5853f7]
V  [jvm.dll+0x222f62]
V  [jvm.dll+0x21c15e]
V  [jvm.dll+0x2198c1]
V  [jvm.dll+0x1a57cd]
V  [jvm.dll+0x2297ae]
V  [jvm.dll+0x22797c]
V  [jvm.dll+0x7e9877]
V  [jvm.dll+0x7e3c3a]
V  [jvm.dll+0x67be35]
C  [ucrtbase.dll+0x21bb2]
C  [KERNEL32.DLL+0x17614]
C  [ntdll.dll+0x526b1]


---------------  P R O C E S S  ---------------

Threads class SMR info:
_java_thread_list=0x0000018bbd952fc0, length=13, elements={
0x0000018ba2034940, 0x0000018bb7e1c750, 0x0000018bb7e1dff0, 0x0000018bb7e3c040,
0x0000018bb7e3cec0, 0x0000018bb7e3dd40, 0x0000018bb7e3e700, 0x0000018bbd65c570,
0x0000018bbd66c390, 0x0000018bbd674d80, 0x0000018ba21063a0, 0x0000018bbd7e10a0,
0x0000018bbd99c010
}

Java Threads: ( => current thread )
  0x0000018ba2034940 JavaThread "main" [_thread_in_Java, id=6908, stack(0x0000006924a00000,0x0000006924b00000)]
  0x0000018bb7e1c750 JavaThread "Reference Handler" daemon [_thread_blocked, id=18772, stack(0x0000006924d00000,0x0000006924e00000)]
  0x0000018bb7e1dff0 JavaThread "Finalizer" daemon [_thread_blocked, id=10972, stack(0x0000006924e00000,0x0000006924f00000)]
  0x0000018bb7e3c040 JavaThread "Signal Dispatcher" daemon [_thread_blocked, id=16516, stack(0x0000006924f00000,0x0000006925000000)]
  0x0000018bb7e3cec0 JavaThread "Attach Listener" daemon [_thread_blocked, id=14780, stack(0x0000006925000000,0x0000006925100000)]
  0x0000018bb7e3dd40 JavaThread "Service Thread" daemon [_thread_blocked, id=21996, stack(0x0000006925100000,0x0000006925200000)]
  0x0000018bb7e3e700 JavaThread "Monitor Deflation Thread" daemon [_thread_blocked, id=17392, stack(0x0000006925200000,0x0000006925300000)]
  0x0000018bbd65c570 JavaThread "C2 CompilerThread0" daemon [_thread_in_native, id=17284, stack(0x0000006925300000,0x0000006925400000)]
  0x0000018bbd66c390 JavaThread "C1 CompilerThread0" daemon [_thread_blocked, id=16592, stack(0x0000006925400000,0x0000006925500000)]
  0x0000018bbd674d80 JavaThread "Sweeper thread" daemon [_thread_blocked, id=11116, stack(0x0000006925500000,0x0000006925600000)]
  0x0000018ba21063a0 JavaThread "Common-Cleaner" daemon [_thread_blocked, id=13724, stack(0x0000006925600000,0x0000006925700000)]
=>0x0000018bbd7e10a0 JavaThread "C2 CompilerThread1" daemon [_thread_in_native, id=5752, stack(0x0000006925700000,0x0000006925800000)]
  0x0000018bbd99c010 JavaThread "Notification Thread" daemon [_thread_blocked, id=22000, stack(0x0000006925800000,0x0000006925900000)]

Other Threads:
  0x0000018bb7e04b70 VMThread "VM Thread" [stack: 0x0000006924c00000,0x0000006924d00000] [id=18780]
  0x0000018bbda78030 WatcherThread [stack: 0x0000006925900000,0x0000006925a00000] [id=15668]
  0x0000018ba205cc30 GCTaskThread "GC Thread#0" [stack: 0x0000006924b00000,0x0000006924c00000] [id=7800]

Threads with active compile tasks:
C2 CompilerThread0      508  589       4       lombok.patcher.scripts.MethodLevelPatchScript::patch (21 bytes)
C2 CompilerThread1      508  590       4       lombok.patcher.PatchScript::classMatches (41 bytes)

VM state: not at safepoint (normal execution)

VM Mutex/Monitor currently owned by a thread: None

Heap address: 0x00000000c0000000, size: 1024 MB, Compressed Oops mode: 32-bit

CDS archive(s) not mapped
Compressed class space mapped at: 0x0000000100000000-0x0000000140000000, reserved size: 1073741824
Narrow klass base: 0x0000000000000000, Narrow klass shift: 3, Narrow klass range: 0x140000000

GC Precious Log:
 CPUs: 6 total, 6 available
 Memory: 8038M
 Large Page Support: Disabled
 NUMA Support: Disabled
 Compressed Oops: Enabled (32-bit)
 Alignments: Space 512K, Generation 512K, Heap 2M
 Heap Min Capacity: 100M
 Heap Initial Capacity: 100M
 Heap Max Capacity: 1G
 Pre-touch: Disabled
 Parallel Workers: 6

Heap:
 PSYoungGen      total 29696K, used 14469K [0x00000000eab00000, 0x00000000ecc00000, 0x0000000100000000)
  eden space 25600K, 56% used [0x00000000eab00000,0x00000000eb921720,0x00000000ec400000)
  from space 4096K, 0% used [0x00000000ec800000,0x00000000ec800000,0x00000000ecc00000)
  to   space 4096K, 0% used [0x00000000ec400000,0x00000000ec400000,0x00000000ec800000)
 ParOldGen       total 68608K, used 0K [0x00000000c0000000, 0x00000000c4300000, 0x00000000eab00000)
  object space 68608K, 0% used [0x00000000c0000000,0x00000000c0000000,0x00000000c4300000)
 Metaspace       used 9172K, committed 9344K, reserved 1114112K
  class space    used 909K, committed 960K, reserved 1048576K

Card table byte_map: [0x0000018bb56b0000,0x0000018bb58c0000] _byte_map_base: 0x0000018bb50b0000

Marking Bits: (ParMarkBitMap*) 0x00007fffffb0d0b0
 Begin Bits: [0x0000018bb5a20000, 0x0000018bb6a20000)
 End Bits:   [0x0000018bb6a20000, 0x0000018bb7a20000)

Polling page: 0x0000018ba2110000

Metaspace:

Usage:
  Non-class:      8.07 MB used.
      Class:    909.73 KB used.
       Both:      8.96 MB used.

Virtual space:
  Non-class space:       64.00 MB reserved,       8.19 MB ( 13%) committed,  1 nodes.
      Class space:        1.00 GB reserved,     960.00 KB ( <1%) committed,  1 nodes.
             Both:        1.06 GB reserved,       9.12 MB ( <1%) committed. 

Chunk freelists:
   Non-Class:  6.92 MB
       Class:  15.08 MB
        Both:  22.00 MB

MaxMetaspaceSize: unlimited
CompressedClassSpaceSize: 1.00 GB
Initial GC threshold: 21.00 MB
Current GC threshold: 21.00 MB
CDS: off
MetaspaceReclaimPolicy: balanced
 - commit_granule_bytes: 65536.
 - commit_granule_words: 8192.
 - virtual_space_node_default_size: 8388608.
 - enlarge_chunks_in_place: 1.
 - new_chunks_are_fully_committed: 0.
 - uncommit_free_chunks: 1.
 - use_allocation_guard: 0.
 - handle_deallocations: 1.


Internal statistics:

num_allocs_failed_limit: 0.
num_arena_births: 10.
num_arena_deaths: 0.
num_vsnodes_births: 2.
num_vsnodes_deaths: 0.
num_space_committed: 146.
num_space_uncommitted: 0.
num_chunks_returned_to_freelist: 0.
num_chunks_taken_from_freelist: 46.
num_chunk_merges: 0.
num_chunk_splits: 27.
num_chunks_enlarged: 25.
num_inconsistent_stats: 0.

CodeHeap 'non-profiled nmethods': size=120000Kb used=224Kb max_used=224Kb free=119775Kb
 bounds [0x0000018badfa0000, 0x0000018bae210000, 0x0000018bb54d0000]
CodeHeap 'profiled nmethods': size=120000Kb used=968Kb max_used=968Kb free=119031Kb
 bounds [0x0000018ba64d0000, 0x0000018ba6740000, 0x0000018bada00000]
CodeHeap 'non-nmethods': size=5760Kb used=1134Kb max_used=1167Kb free=4625Kb
 bounds [0x0000018bada00000, 0x0000018badc70000, 0x0000018badfa0000]
 total_blobs=1051 nmethods=628 adapters=338
 compilation: enabled
              stopped_count=0, restarted_count=0
 full_count=0

Compilation events (20 events):
Event: 0.476 Thread 0x0000018bbd66c390 nmethod 581 0x0000018ba659b590 code [0x0000018ba659b740, 0x0000018ba659b998]
Event: 0.476 Thread 0x0000018bbd66c390  582       3       jdk.internal.misc.Unsafe::getIntUnaligned (83 bytes)
Event: 0.476 Thread 0x0000018bbd66c390 nmethod 582 0x0000018ba659ba90 code [0x0000018ba659bc60, 0x0000018ba659c128]
Event: 0.476 Thread 0x0000018bbd66c390  587       3       java.lang.invoke.VarHandleGuards::guard_LI_I (78 bytes)
Event: 0.477 Thread 0x0000018bbd66c390 nmethod 587 0x0000018ba659c290 code [0x0000018ba659c5c0, 0x0000018ba659e0c8]
Event: 0.477 Thread 0x0000018bbd66c390  588       3       java.lang.invoke.VarHandleByteArrayAsInts$ArrayHandle::get (36 bytes)
Event: 0.477 Thread 0x0000018bbd66c390 nmethod 588 0x0000018ba659e910 code [0x0000018ba659eae0, 0x0000018ba659ef98]
Event: 0.477 Thread 0x0000018bbd66c390  595       3       java.security.Provider$ServiceKey::<init> (39 bytes)
Event: 0.478 Thread 0x0000018bbd66c390 nmethod 595 0x0000018ba659f190 code [0x0000018ba659f380, 0x0000018ba659f7c8]
Event: 0.478 Thread 0x0000018bbd66c390  594       3       java.util.Arrays::copyOf (40 bytes)
Event: 0.478 Thread 0x0000018bbd66c390 nmethod 594 0x0000018ba659f990 code [0x0000018ba659fb80, 0x0000018ba65a0228]
Event: 0.478 Thread 0x0000018bbd66c390  596       3       java.security.Provider$ServiceKey::hashCode (19 bytes)
Event: 0.478 Thread 0x0000018bbd66c390 nmethod 596 0x0000018ba65a0410 code [0x0000018ba65a05c0, 0x0000018ba65a0758]
Event: 0.478 Thread 0x0000018bbd66c390  597       1       java.security.Provider$UString::toString (5 bytes)
Event: 0.478 Thread 0x0000018bbd66c390 nmethod 597 0x0000018badfd6310 code [0x0000018badfd64a0, 0x0000018badfd6578]
Event: 0.478 Thread 0x0000018bbd66c390  598       1       java.security.Provider$Service::getProvider (5 bytes)
Event: 0.478 Thread 0x0000018bbd66c390 nmethod 598 0x0000018badfd6610 code [0x0000018badfd67a0, 0x0000018badfd6878]
Event: 0.478 Thread 0x0000018bbd66c390  599       3       sun.security.provider.SHA2::implCompress0 (490 bytes)
Event: 0.479 Thread 0x0000018bbd66c390 nmethod 599 0x0000018ba65a0890 code [0x0000018ba65a0a80, 0x0000018ba65a12e8]
Event: 0.479 Thread 0x0000018bbd66c390  600       3       sun.security.provider.ByteArrayAccess::b2iBig64 (231 bytes)

GC Heap History (0 events):
No events

Dll operation events (8 events):
Event: 0.025 Loaded shared library c:\Users\student\.vscode\extensions\redhat.java-1.26.0-win32-x64\jre\17.0.9-win32-x86_64\bin\java.dll
Event: 0.173 Loaded shared library c:\Users\student\.vscode\extensions\redhat.java-1.26.0-win32-x64\jre\17.0.9-win32-x86_64\bin\zip.dll
Event: 0.175 Loaded shared library C:\Users\student\.vscode\extensions\redhat.java-1.26.0-win32-x64\jre\17.0.9-win32-x86_64\bin\instrument.dll
Event: 0.185 Loaded shared library C:\Users\student\.vscode\extensions\redhat.java-1.26.0-win32-x64\jre\17.0.9-win32-x86_64\bin\net.dll
Event: 0.189 Loaded shared library C:\Users\student\.vscode\extensions\redhat.java-1.26.0-win32-x64\jre\17.0.9-win32-x86_64\bin\nio.dll
Event: 0.198 Loaded shared library C:\Users\student\.vscode\extensions\redhat.java-1.26.0-win32-x64\jre\17.0.9-win32-x86_64\bin\zip.dll
Event: 0.211 Loaded shared library C:\Users\student\.vscode\extensions\redhat.java-1.26.0-win32-x64\jre\17.0.9-win32-x86_64\bin\jimage.dll
Event: 0.264 Loaded shared library c:\Users\student\.vscode\extensions\redhat.java-1.26.0-win32-x64\jre\17.0.9-win32-x86_64\bin\verify.dll

Deoptimization events (20 events):
Event: 0.399 Thread 0x0000018ba2034940 Uncommon trap: trap_request=0xffffffde fr.pc=0x0000018badfc67bc relative=0x000000000000011c
Event: 0.399 Thread 0x0000018ba2034940 Uncommon trap: reason=class_check action=maybe_recompile pc=0x0000018badfc67bc method=jdk.internal.misc.Unsafe.allocateUninitializedArray(Ljava/lang/Class;I)Ljava/lang/Object; @ 51 c2
Event: 0.399 Thread 0x0000018ba2034940 DEOPT PACKING pc=0x0000018badfc67bc sp=0x0000006924afbc10
Event: 0.399 Thread 0x0000018ba2034940 DEOPT UNPACKING pc=0x0000018bada566a3 sp=0x0000006924afbb98 mode 2
Event: 0.399 Thread 0x0000018ba2034940 Uncommon trap: trap_request=0xffffffde fr.pc=0x0000018badfc67bc relative=0x000000000000011c
Event: 0.399 Thread 0x0000018ba2034940 Uncommon trap: reason=class_check action=maybe_recompile pc=0x0000018badfc67bc method=jdk.internal.misc.Unsafe.allocateUninitializedArray(Ljava/lang/Class;I)Ljava/lang/Object; @ 51 c2
Event: 0.399 Thread 0x0000018ba2034940 DEOPT PACKING pc=0x0000018badfc67bc sp=0x0000006924afbc50
Event: 0.399 Thread 0x0000018ba2034940 DEOPT UNPACKING pc=0x0000018bada566a3 sp=0x0000006924afbbd8 mode 2
Event: 0.412 Thread 0x0000018ba2034940 Uncommon trap: trap_request=0xffffff45 fr.pc=0x0000018badfb5cc4 relative=0x00000000000000c4
Event: 0.412 Thread 0x0000018ba2034940 Uncommon trap: reason=unstable_if action=reinterpret pc=0x0000018badfb5cc4 method=java.net.URI.match(CJJ)Z @ 45 c2
Event: 0.413 Thread 0x0000018ba2034940 DEOPT PACKING pc=0x0000018badfb5cc4 sp=0x0000006924afc660
Event: 0.413 Thread 0x0000018ba2034940 DEOPT UNPACKING pc=0x0000018bada566a3 sp=0x0000006924afc5e8 mode 2
Event: 0.419 Thread 0x0000018ba2034940 Uncommon trap: trap_request=0xffffff45 fr.pc=0x0000018badfc9128 relative=0x0000000000000628
Event: 0.419 Thread 0x0000018ba2034940 Uncommon trap: reason=unstable_if action=reinterpret pc=0x0000018badfc9128 method=java.lang.String.replace(Ljava/lang/CharSequence;Ljava/lang/CharSequence;)Ljava/lang/String; @ 48 c2
Event: 0.419 Thread 0x0000018ba2034940 DEOPT PACKING pc=0x0000018badfc9128 sp=0x0000006924afc5e0
Event: 0.419 Thread 0x0000018ba2034940 DEOPT UNPACKING pc=0x0000018bada566a3 sp=0x0000006924afc550 mode 2
Event: 0.455 Thread 0x0000018ba2034940 Uncommon trap: trap_request=0xffffff45 fr.pc=0x0000018badfb5904 relative=0x0000000000000304
Event: 0.455 Thread 0x0000018ba2034940 Uncommon trap: reason=unstable_if action=reinterpret pc=0x0000018badfb5904 method=java.lang.StringUTF16.compress([CI[BII)I @ 20 c2
Event: 0.455 Thread 0x0000018ba2034940 DEOPT PACKING pc=0x0000018badfb5904 sp=0x0000006924afb740
Event: 0.455 Thread 0x0000018ba2034940 DEOPT UNPACKING pc=0x0000018bada566a3 sp=0x0000006924afb6c0 mode 2

Classes unloaded (0 events):
No events

Classes redefined (0 events):
No events

Internal exceptions (2 events):
Event: 0.152 Thread 0x0000018ba2034940 Exception <a 'java/lang/NoSuchMethodError'{0x00000000eacb22d8}: 'void java.lang.invoke.DirectMethodHandle$Holder.invokeStatic(java.lang.Object, java.lang.Object, java.lang.Object)'> (0x00000000eacb22d8) 
thrown [s\src\hotspot\share\interpreter\linkResolver.cpp, line 759]
Event: 0.292 Thread 0x0000018ba2034940 Exception <a 'java/lang/reflect/InvocationTargetException'{0x00000000eafe4ad0}> (0x00000000eafe4ad0) 
thrown [s\src\hotspot\share\runtime\reflection.cpp, line 1121]

VM Operations (4 events):
Event: 0.157 Executing VM operation: HandshakeAllThreads
Event: 0.157 Executing VM operation: HandshakeAllThreads done
Event: 0.474 Executing VM operation: HandshakeAllThreads
Event: 0.474 Executing VM operation: HandshakeAllThreads done

Events (20 events):
Event: 0.472 loading class sun/security/util/KeyUtil
Event: 0.473 loading class sun/security/util/KeyUtil done
Event: 0.473 loading class sun/security/util/Length
Event: 0.473 loading class sun/security/util/Length done
Event: 0.473 loading class javax/crypto/SecretKey
Event: 0.473 loading class javax/crypto/SecretKey done
Event: 0.473 loading class java/util/LinkedHashMap$LinkedEntrySet
Event: 0.473 loading class java/util/LinkedHashMap$LinkedEntrySet done
Event: 0.473 loading class java/util/LinkedHashMap$LinkedEntryIterator
Event: 0.474 loading class java/util/LinkedHashMap$LinkedEntryIterator done
Event: 0.475 loading class java/util/Base64
Event: 0.475 loading class java/util/Base64 done
Event: 0.475 loading class java/util/Base64$Decoder
Event: 0.475 loading class java/util/Base64$Decoder done
Event: 0.475 loading class java/util/Base64$Encoder
Event: 0.475 loading class java/util/Base64$Encoder done
Event: 0.475 loading class java/util/jar/JarVerifier$VerifierStream
Event: 0.476 loading class java/util/jar/JarVerifier$VerifierStream done
Event: 0.476 loading class sun/security/util/ManifestEntryVerifier$SunProviderHolder
Event: 0.476 loading class sun/security/util/ManifestEntryVerifier$SunProviderHolder done


Dynamic libraries:
0x00007ff70adb0000 - 0x00007ff70adbe000 	c:\Users\student\.vscode\extensions\redhat.java-1.26.0-win32-x64\jre\17.0.9-win32-x86_64\bin\java.exe
0x00007ff83fc70000 - 0x00007ff83fe68000 	C:\Windows\SYSTEM32\ntdll.dll
0x00007ff83e9a0000 - 0x00007ff83ea5f000 	C:\Windows\System32\KERNEL32.DLL
0x00007ff83d5e0000 - 0x00007ff83d8d6000 	C:\Windows\System32\KERNELBASE.dll
0x00007ff83d4e0000 - 0x00007ff83d5e0000 	C:\Windows\System32\ucrtbase.dll
0x00007ff826900000 - 0x00007ff826917000 	c:\Users\student\.vscode\extensions\redhat.java-1.26.0-win32-x64\jre\17.0.9-win32-x86_64\bin\jli.dll
0x00007ff83ecd0000 - 0x00007ff83ee6d000 	C:\Windows\System32\USER32.dll
0x00007ff83d350000 - 0x00007ff83d372000 	C:\Windows\System32\win32u.dll
0x00007ff83e970000 - 0x00007ff83e99c000 	C:\Windows\System32\GDI32.dll
0x00007ff83d950000 - 0x00007ff83da65000 	C:\Windows\System32\gdi32full.dll
0x00007ff83dc00000 - 0x00007ff83dc9d000 	C:\Windows\System32\msvcp_win.dll
0x00007ff823d90000 - 0x00007ff823dab000 	c:\Users\student\.vscode\extensions\redhat.java-1.26.0-win32-x64\jre\17.0.9-win32-x86_64\bin\VCRUNTIME140.dll
0x00007ff823f10000 - 0x00007ff8241aa000 	C:\Windows\WinSxS\amd64_microsoft.windows.common-controls_6595b64144ccf1df_6.0.19041.1110_none_60b5254171f9507e\COMCTL32.dll
0x00007ff83dea0000 - 0x00007ff83df3e000 	C:\Windows\System32\msvcrt.dll
0x00007ff83e8e0000 - 0x00007ff83e910000 	C:\Windows\System32\IMM32.DLL
0x00007ff8338f0000 - 0x00007ff8338fc000 	c:\Users\student\.vscode\extensions\redhat.java-1.26.0-win32-x64\jre\17.0.9-win32-x86_64\bin\vcruntime140_1.dll
0x00007ff81d790000 - 0x00007ff81d81d000 	c:\Users\student\.vscode\extensions\redhat.java-1.26.0-win32-x64\jre\17.0.9-win32-x86_64\bin\msvcp140.dll
0x00007ffffef70000 - 0x00007fffffbd1000 	c:\Users\student\.vscode\extensions\redhat.java-1.26.0-win32-x64\jre\17.0.9-win32-x86_64\bin\server\jvm.dll
0x00007ff83e5c0000 - 0x00007ff83e66f000 	C:\Windows\System32\ADVAPI32.dll
0x00007ff83dcd0000 - 0x00007ff83dd6c000 	C:\Windows\System32\sechost.dll
0x00007ff83fa50000 - 0x00007ff83fb76000 	C:\Windows\System32\RPCRT4.dll
0x00007ff83d1b0000 - 0x00007ff83d1fb000 	C:\Windows\SYSTEM32\POWRPROF.dll
0x00007ff8229d0000 - 0x00007ff8229d9000 	C:\Windows\SYSTEM32\WSOCK32.dll
0x00007ff8337d0000 - 0x00007ff8337f7000 	C:\Windows\SYSTEM32\WINMM.dll
0x00007ff83e7c0000 - 0x00007ff83e82b000 	C:\Windows\System32\WS2_32.dll
0x00007ff837cf0000 - 0x00007ff837cfa000 	C:\Windows\SYSTEM32\VERSION.dll
0x00007ff83d190000 - 0x00007ff83d1a2000 	C:\Windows\SYSTEM32\UMPDC.dll
0x00007ff83b220000 - 0x00007ff83b232000 	C:\Windows\SYSTEM32\kernel.appcore.dll
0x00007ff830d70000 - 0x00007ff830d7a000 	c:\Users\student\.vscode\extensions\redhat.java-1.26.0-win32-x64\jre\17.0.9-win32-x86_64\bin\jimage.dll
0x00007ff8234f0000 - 0x00007ff8236d4000 	C:\Windows\SYSTEM32\DBGHELP.DLL
0x00007ff8234b0000 - 0x00007ff8234e4000 	C:\Windows\SYSTEM32\dbgcore.DLL
0x00007ff83db20000 - 0x00007ff83dba2000 	C:\Windows\System32\bcryptPrimitives.dll
0x00007ff827440000 - 0x00007ff82744e000 	c:\Users\student\.vscode\extensions\redhat.java-1.26.0-win32-x64\jre\17.0.9-win32-x86_64\bin\instrument.dll
0x00007ff820990000 - 0x00007ff8209b5000 	c:\Users\student\.vscode\extensions\redhat.java-1.26.0-win32-x64\jre\17.0.9-win32-x86_64\bin\java.dll
0x00007ff822cc0000 - 0x00007ff822cd8000 	c:\Users\student\.vscode\extensions\redhat.java-1.26.0-win32-x64\jre\17.0.9-win32-x86_64\bin\zip.dll
0x00007ff83f300000 - 0x00007ff83fa44000 	C:\Windows\System32\SHELL32.dll
0x00007ff83b420000 - 0x00007ff83bbb4000 	C:\Windows\SYSTEM32\windows.storage.dll
0x00007ff83eed0000 - 0x00007ff83f224000 	C:\Windows\System32\combase.dll
0x00007ff83ccc0000 - 0x00007ff83ccee000 	C:\Windows\SYSTEM32\Wldp.dll
0x00007ff83e830000 - 0x00007ff83e8dd000 	C:\Windows\System32\SHCORE.dll
0x00007ff83e670000 - 0x00007ff83e6c5000 	C:\Windows\System32\shlwapi.dll
0x00007ff83d280000 - 0x00007ff83d2a5000 	C:\Windows\SYSTEM32\profapi.dll
0x00007ff822c70000 - 0x00007ff822c89000 	C:\Users\student\.vscode\extensions\redhat.java-1.26.0-win32-x64\jre\17.0.9-win32-x86_64\bin\net.dll
0x00007ff837330000 - 0x00007ff83743a000 	C:\Windows\SYSTEM32\WINHTTP.dll
0x00007ff83ca20000 - 0x00007ff83ca8a000 	C:\Windows\system32\mswsock.dll
0x00007ff821300000 - 0x00007ff821316000 	C:\Users\student\.vscode\extensions\redhat.java-1.26.0-win32-x64\jre\17.0.9-win32-x86_64\bin\nio.dll
0x00007ff827280000 - 0x00007ff827290000 	c:\Users\student\.vscode\extensions\redhat.java-1.26.0-win32-x64\jre\17.0.9-win32-x86_64\bin\verify.dll

dbghelp: loaded successfully - version: 4.0.5 - missing functions: none
symbol engine: initialized successfully - sym options: 0x614 - pdb path: .;c:\Users\student\.vscode\extensions\redhat.java-1.26.0-win32-x64\jre\17.0.9-win32-x86_64\bin;C:\Windows\SYSTEM32;C:\Windows\WinSxS\amd64_microsoft.windows.common-controls_6595b64144ccf1df_6.0.19041.1110_none_60b5254171f9507e;c:\Users\student\.vscode\extensions\redhat.java-1.26.0-win32-x64\jre\17.0.9-win32-x86_64\bin\server

VM Arguments:
jvm_args: --add-modules=ALL-SYSTEM --add-opens=java.base/java.util=ALL-UNNAMED --add-opens=java.base/java.lang=ALL-UNNAMED --add-opens=java.base/sun.nio.fs=ALL-UNNAMED -Declipse.application=org.eclipse.jdt.ls.core.id1 -Dosgi.bundles.defaultStartLevel=4 -Declipse.product=org.eclipse.jdt.ls.core.product -Djava.import.generatesMetadataFilesAtProjectRoot=false -DDetectVMInstallationsJob.disabled=true -Dfile.encoding=utf8 -XX:+UseParallelGC -XX:GCTimeRatio=4 -XX:AdaptiveSizePolicyWeight=90 -Dsun.zip.disableMemoryMapping=true -Xmx1G -Xms100m -Xlog:disable -javaagent:c:\Users\student\.vscode\extensions\redhat.java-1.26.0-win32-x64\lombok\lombok-1.18.31-3454.jar 
java_command: c:\Users\student\.vscode\extensions\redhat.java-1.26.0-win32-x64\server\plugins\org.eclipse.equinox.launcher_1.6.700.v20231214-2017.jar -configuration c:\Users\student\AppData\Roaming\Code\User\globalStorage\redhat.java\1.26.0\config_ss_win -data c:\Users\student\AppData\Roaming\Code\User\workspaceStorage\56192d6a22a83b7aa0a710db2c3de7dd\redhat.java\ss_ws --stdio
java_class_path (initial): c:\Users\student\.vscode\extensions\redhat.java-1.26.0-win32-x64\server\plugins\org.eclipse.equinox.launcher_1.6.700.v20231214-2017.jar
Launcher Type: SUN_STANDARD

[Global flags]
    uintx AdaptiveSizePolicyWeight                 = 90                                        {product} {command line}
     intx CICompilerCount                          = 3                                         {product} {ergonomic}
    uintx GCTimeRatio                              = 4                                         {product} {command line}
   size_t InitialHeapSize                          = 104857600                                 {product} {command line}
   size_t MaxHeapSize                              = 1073741824                                {product} {command line}
   size_t MaxNewSize                               = 357564416                                 {product} {ergonomic}
   size_t MinHeapDeltaBytes                        = 524288                                    {product} {ergonomic}
   size_t MinHeapSize                              = 104857600                                 {product} {command line}
   size_t NewSize                                  = 34603008                                  {product} {ergonomic}
    uintx NonNMethodCodeHeapSize                   = 5832780                                {pd product} {ergonomic}
    uintx NonProfiledCodeHeapSize                  = 122912730                              {pd product} {ergonomic}
   size_t OldSize                                  = 70254592                                  {product} {ergonomic}
    uintx ProfiledCodeHeapSize                     = 122912730                              {pd product} {ergonomic}
    uintx ReservedCodeCacheSize                    = 251658240                              {pd product} {ergonomic}
     bool SegmentedCodeCache                       = true                                      {product} {ergonomic}
   size_t SoftMaxHeapSize                          = 1073741824                             {manageable} {ergonomic}
     bool UseCompressedClassPointers               = true                           {product lp64_product} {ergonomic}
     bool UseCompressedOops                        = true                           {product lp64_product} {ergonomic}
     bool UseLargePagesIndividualAllocation        = false                                  {pd product} {ergonomic}
     bool UseParallelGC                            = true                                      {product} {command line}

Logging:
Log output configuration:
 #0: stdout all=off uptime,level,tags
 #1: stderr all=off uptime,level,tags

Environment Variables:
PATH=C:\Program Files\Common Files\Oracle\Java\javapath;C:\Program Files (x86)\Common Files\Oracle\Java\javapath;C:\Windows\system32;C:\Windows;C:\Windows\System32\Wbem;C:\Windows\System32\WindowsPowerShell\v1.0\;C:\Windows\System32\OpenSSH\;C:\Program Files\Java\jdk1.8.0_291\bin;C:\Program Files\Git\cmd;C:\Users\student\AppData\Local\Microsoft\WindowsApps;;C:\Users\student\AppData\Local\Programs\Microsoft VS Code\bin
USERNAME=student
OS=Windows_NT
PROCESSOR_IDENTIFIER=Intel64 Family 6 Model 158 Stepping 10, GenuineIntel
TMP=C:\Users\student\AppData\Local\Temp
TEMP=C:\Users\student\AppData\Local\Temp



Periodic native trim disabled


---------------  S Y S T E M  ---------------

OS:
 Windows 10 , 64 bit Build 19041 (10.0.19041.3155)
OS uptime: 0 days 2:10 hours

CPU: total 6 (initial active 6) (6 cores per cpu, 1 threads per core) family 6 model 158 stepping 10 microcode 0xf0, cx8, cmov, fxsr, mmx, 3dnowpref, sse, sse2, sse3, ssse3, sse4.1, sse4.2, popcnt, lzcnt, tsc, tscinvbit, avx, avx2, aes, erms, clmul, bmi1, bmi2, rtm, adx, fma, vzeroupper, clflush, clflushopt
Processor Information for all 6 processors :
  Max Mhz: 3000, Current Mhz: 3000, Mhz Limit: 3000

Memory: 4k page, system-wide physical 8038M (697M free)
TotalPageFile size 32614M (AvailPageFile size 1M)
current process WorkingSet (physical memory assigned to process): 57M, peak: 57M
current process commit charge ("private bytes"): 189M, peak: 189M

vm_info: OpenJDK 64-Bit Server VM (17.0.9+9) for windows-amd64 JRE (17.0.9+9), built on Oct 26 2023 14:01:42 by "admin" with MS VC++ 16.10 / 16.11 (VS2019)

END.
