#
# There is insufficient memory for the Java Runtime Environment to continue.
# Native memory allocation (malloc) failed to allocate 635728 bytes for Chunk::new
# Possible reasons:
#   The system is out of physical RAM or swap space
#   The process is running with CompressedOops enabled, and the Java Heap may be blocking the growth of the native heap
# Possible solutions:
#   Reduce memory load on the system
#   Increase physical memory or swap space
#   Check if swap backing store is full
#   Decrease Java heap size (-Xmx/-Xms)
#   Decrease number of Java threads
#   Decrease Java thread stack sizes (-Xss)
#   Set larger code cache with -XX:ReservedCodeCacheSize=
#   JVM is running with Unscaled Compressed Oops mode in which the Java heap is
#     placed in the first 4GB address space. The Java Heap base address is the
#     maximum limit for the native heap growth. Please use -XX:HeapBaseMinAddress
#     to set the Java Heap base and to place the Java Heap above 4GB virtual address.
# This output file may be truncated or incomplete.
#
#  Out of Memory Error (arena.cpp:191), pid=18920, tid=15516
#
# JRE version: OpenJDK Runtime Environment Temurin-17.0.9+9 (17.0.9+9) (build 17.0.9+9)
# Java VM: OpenJDK 64-Bit Server VM Temurin-17.0.9+9 (17.0.9+9, mixed mode, tiered, compressed oops, compressed class ptrs, parallel gc, windows-amd64)
# No core dump will be written. Minidumps are not enabled by default on client versions of Windows
#

---------------  S U M M A R Y ------------

Command Line: --add-modules=ALL-SYSTEM --add-opens=java.base/java.util=ALL-UNNAMED --add-opens=java.base/java.lang=ALL-UNNAMED --add-opens=java.base/sun.nio.fs=ALL-UNNAMED -Declipse.application=org.eclipse.jdt.ls.core.id1 -Dosgi.bundles.defaultStartLevel=4 -Declipse.product=org.eclipse.jdt.ls.core.product -Djava.import.generatesMetadataFilesAtProjectRoot=false -DDetectVMInstallationsJob.disabled=true -Dfile.encoding=utf8 -XX:+UseParallelGC -XX:GCTimeRatio=4 -XX:AdaptiveSizePolicyWeight=90 -Dsun.zip.disableMemoryMapping=true -Xmx1G -Xms100m -Xlog:disable -javaagent:c:\Users\student\.vscode\extensions\redhat.java-1.26.0-win32-x64\lombok\lombok-1.18.31-3454.jar -XX:+HeapDumpOnOutOfMemoryError -XX:HeapDumpPath=c:\Users\student\AppData\Roaming\Code\User\workspaceStorage\56192d6a22a83b7aa0a710db2c3de7dd\redhat.java -Daether.dependencyCollector.impl=bf c:\Users\student\.vscode\extensions\redhat.java-1.26.0-win32-x64\server\plugins\org.eclipse.equinox.launcher_1.6.700.v20231214-2017.jar -configuration c:\Users\student\AppData\Roaming\Code\User\globalStorage\redhat.java\1.26.0\config_win -data c:\Users\student\AppData\Roaming\Code\User\workspaceStorage\56192d6a22a83b7aa0a710db2c3de7dd\redhat.java\jdt_ws --stdio

Host: Intel(R) Core(TM) i5-8500 CPU @ 3.00GHz, 6 cores, 7G,  Windows 10 , 64 bit Build 19041 (10.0.19041.3155)
Time: Tue Jan 16 10:04:37 2024 Mountain Standard Time elapsed time: 1.496862 seconds (0d 0h 0m 1s)

---------------  T H R E A D  ---------------

Current thread (0x0000015ca3df66e0):  JavaThread "C2 CompilerThread0" daemon [_thread_in_native, id=15516, stack(0x00000028c5000000,0x00000028c5100000)]


Current CompileTask:
C2:   1496 2051   !   4       java.util.jar.Attributes::read (498 bytes)

Stack: [0x00000028c5000000,0x00000028c5100000]
Native frames: (J=compiled Java code, j=interpreted, Vv=VM code, C=native code)
V  [jvm.dll+0x67cf49]
V  [jvm.dll+0x83478a]
V  [jvm.dll+0x83624e]
V  [jvm.dll+0x8368b3]
V  [jvm.dll+0x247f1f]
V  [jvm.dll+0xac43c]
V  [jvm.dll+0xaca8c]
V  [jvm.dll+0x367067]
V  [jvm.dll+0x3313ba]
V  [jvm.dll+0x33085a]
V  [jvm.dll+0x21a5b1]
V  [jvm.dll+0x2199d1]
V  [jvm.dll+0x1a57cd]
V  [jvm.dll+0x2297ae]
V  [jvm.dll+0x22797c]
V  [jvm.dll+0x7e9877]
V  [jvm.dll+0x7e3c3a]
V  [jvm.dll+0x67be35]
C  [ucrtbase.dll+0x21bb2]
C  [KERNEL32.DLL+0x17614]
C  [ntdll.dll+0x526b1]


---------------  P R O C E S S  ---------------

Threads class SMR info:
_java_thread_list=0x0000015caa89b000, length=18, elements={
0x0000015c8ff578a0, 0x0000015c9001c600, 0x0000015ca3de04f0, 0x0000015ca3df0d20,
0x0000015ca3df1ba0, 0x0000015ca3df2a20, 0x0000015ca3df35e0, 0x0000015ca3df66e0,
0x0000015ca96bb530, 0x0000015ca3dfe530, 0x0000015c8ffba510, 0x0000015ca97e53b0,
0x0000015ca9979770, 0x0000015caa1f34b0, 0x0000015caa87f180, 0x0000015caa573170,
0x0000015caa60b070, 0x0000015caa43b920
}

Java Threads: ( => current thread )
  0x0000015c8ff578a0 JavaThread "main" [_thread_blocked, id=21176, stack(0x00000028c4700000,0x00000028c4800000)]
  0x0000015c9001c600 JavaThread "Reference Handler" daemon [_thread_blocked, id=10716, stack(0x00000028c4a00000,0x00000028c4b00000)]
  0x0000015ca3de04f0 JavaThread "Finalizer" daemon [_thread_blocked, id=20972, stack(0x00000028c4b00000,0x00000028c4c00000)]
  0x0000015ca3df0d20 JavaThread "Signal Dispatcher" daemon [_thread_blocked, id=9288, stack(0x00000028c4c00000,0x00000028c4d00000)]
  0x0000015ca3df1ba0 JavaThread "Attach Listener" daemon [_thread_blocked, id=19344, stack(0x00000028c4d00000,0x00000028c4e00000)]
  0x0000015ca3df2a20 JavaThread "Service Thread" daemon [_thread_blocked, id=3008, stack(0x00000028c4e00000,0x00000028c4f00000)]
  0x0000015ca3df35e0 JavaThread "Monitor Deflation Thread" daemon [_thread_blocked, id=16952, stack(0x00000028c4f00000,0x00000028c5000000)]
=>0x0000015ca3df66e0 JavaThread "C2 CompilerThread0" daemon [_thread_in_native, id=15516, stack(0x00000028c5000000,0x00000028c5100000)]
  0x0000015ca96bb530 JavaThread "C1 CompilerThread0" daemon [_thread_blocked, id=8128, stack(0x00000028c5100000,0x00000028c5200000)]
  0x0000015ca3dfe530 JavaThread "Sweeper thread" daemon [_thread_blocked, id=12060, stack(0x00000028c5200000,0x00000028c5300000)]
  0x0000015c8ffba510 JavaThread "Common-Cleaner" daemon [_thread_blocked, id=5944, stack(0x00000028c5300000,0x00000028c5400000)]
  0x0000015ca97e53b0 JavaThread "C2 CompilerThread1" daemon [_thread_blocked, id=9748, stack(0x00000028c5400000,0x00000028c5500000)]
  0x0000015ca9979770 JavaThread "Notification Thread" daemon [_thread_blocked, id=6176, stack(0x00000028c5500000,0x00000028c5600000)]
  0x0000015caa1f34b0 JavaThread "Active Thread: Equinox Container: 54e55c64-6729-488e-99ee-df4f47c925d1" [_thread_blocked, id=11568, stack(0x00000028c5c00000,0x00000028c5d00000)]
  0x0000015caa87f180 JavaThread "Framework Event Dispatcher: Equinox Container: 54e55c64-6729-488e-99ee-df4f47c925d1" daemon [_thread_blocked, id=12092, stack(0x00000028c5d00000,0x00000028c5e00000)]
  0x0000015caa573170 JavaThread "Start Level: Equinox Container: 54e55c64-6729-488e-99ee-df4f47c925d1" daemon [_thread_in_Java, id=2452, stack(0x00000028c5e00000,0x00000028c5f00000)]
  0x0000015caa60b070 JavaThread "Bundle File Closer" daemon [_thread_blocked, id=22472, stack(0x00000028c5f00000,0x00000028c6000000)]
  0x0000015caa43b920 JavaThread "SCR Component Actor" daemon [_thread_blocked, id=10136, stack(0x00000028c6000000,0x00000028c6100000)]

Other Threads:
  0x0000015ca3dcd310 VMThread "VM Thread" [stack: 0x00000028c4900000,0x00000028c4a00000] [id=23496]
  0x0000015ca9979c50 WatcherThread [stack: 0x00000028c5600000,0x00000028c5700000] [id=2296]
  0x0000015c8ff6ff20 GCTaskThread "GC Thread#0" [stack: 0x00000028c4800000,0x00000028c4900000] [id=10000]
  0x0000015caa21e330 GCTaskThread "GC Thread#1" [stack: 0x00000028c5700000,0x00000028c5800000] [id=14680]
  0x0000015caa21ea00 GCTaskThread "GC Thread#2" [stack: 0x00000028c5800000,0x00000028c5900000] [id=8924]
  0x0000015ca9e2dff0 GCTaskThread "GC Thread#3" [stack: 0x00000028c5900000,0x00000028c5a00000] [id=4072]
  0x0000015ca9e2e2b0 GCTaskThread "GC Thread#4" [stack: 0x00000028c5a00000,0x00000028c5b00000] [id=15292]
  0x0000015ca9e2e570 GCTaskThread "GC Thread#5" [stack: 0x00000028c5b00000,0x00000028c5c00000] [id=14412]

Threads with active compile tasks:
C2 CompilerThread0     1513 2051   !   4       java.util.jar.Attributes::read (498 bytes)

VM state: not at safepoint (normal execution)

VM Mutex/Monitor currently owned by a thread:  ([mutex/lock_event])
[0x0000015c8ff53660] MethodCompileQueue_lock - owner thread: 0x0000000000000000

Heap address: 0x00000000c0000000, size: 1024 MB, Compressed Oops mode: 32-bit

CDS archive(s) not mapped
Compressed class space mapped at: 0x0000000100000000-0x0000000140000000, reserved size: 1073741824
Narrow klass base: 0x0000000000000000, Narrow klass shift: 3, Narrow klass range: 0x140000000

GC Precious Log:
 CPUs: 6 total, 6 available
 Memory: 8038M
 Large Page Support: Disabled
 NUMA Support: Disabled
 Compressed Oops: Enabled (32-bit)
 Alignments: Space 512K, Generation 512K, Heap 2M
 Heap Min Capacity: 100M
 Heap Initial Capacity: 100M
 Heap Max Capacity: 1G
 Pre-touch: Disabled
 Parallel Workers: 6

Heap:
 PSYoungGen      total 29696K, used 28439K [0x00000000eab00000, 0x00000000ecc00000, 0x0000000100000000)
  eden space 25600K, 95% used [0x00000000eab00000,0x00000000ec2c6770,0x00000000ec400000)
  from space 4096K, 99% used [0x00000000ec800000,0x00000000ecbff4d8,0x00000000ecc00000)
  to   space 4096K, 0% used [0x00000000ec400000,0x00000000ec400000,0x00000000ec800000)
 ParOldGen       total 68608K, used 1462K [0x00000000c0000000, 0x00000000c4300000, 0x00000000eab00000)
  object space 68608K, 2% used [0x00000000c0000000,0x00000000c016da50,0x00000000c4300000)
 Metaspace       used 16240K, committed 16512K, reserved 1114112K
  class space    used 1625K, committed 1728K, reserved 1048576K

Card table byte_map: [0x0000015c8f900000,0x0000015c8fb10000] _byte_map_base: 0x0000015c8f300000

Marking Bits: (ParMarkBitMap*) 0x00007fffffb0d0b0
 Begin Bits: [0x0000015ca1c00000, 0x0000015ca2c00000)
 End Bits:   [0x0000015ca2c00000, 0x0000015ca3c00000)

Polling page: 0x0000015c8dee0000

Metaspace:

Usage:
  Non-class:     14.27 MB used.
      Class:      1.59 MB used.
       Both:     15.86 MB used.

Virtual space:
  Non-class space:       64.00 MB reserved,      14.44 MB ( 23%) committed,  1 nodes.
      Class space:        1.00 GB reserved,       1.69 MB ( <1%) committed,  1 nodes.
             Both:        1.06 GB reserved,      16.12 MB (  1%) committed. 

Chunk freelists:
   Non-Class:  1.61 MB
       Class:  14.33 MB
        Both:  15.94 MB

MaxMetaspaceSize: unlimited
CompressedClassSpaceSize: 1.00 GB
Initial GC threshold: 21.00 MB
Current GC threshold: 21.00 MB
CDS: off
MetaspaceReclaimPolicy: balanced
 - commit_granule_bytes: 65536.
 - commit_granule_words: 8192.
 - virtual_space_node_default_size: 8388608.
 - enlarge_chunks_in_place: 1.
 - new_chunks_are_fully_committed: 0.
 - uncommit_free_chunks: 1.
 - use_allocation_guard: 0.
 - handle_deallocations: 1.


Internal statistics:

num_allocs_failed_limit: 0.
num_arena_births: 110.
num_arena_deaths: 0.
num_vsnodes_births: 2.
num_vsnodes_deaths: 0.
num_space_committed: 258.
num_space_uncommitted: 0.
num_chunks_returned_to_freelist: 0.
num_chunks_taken_from_freelist: 353.
num_chunk_merges: 0.
num_chunk_splits: 223.
num_chunks_enlarged: 169.
num_inconsistent_stats: 0.

CodeHeap 'non-profiled nmethods': size=120000Kb used=943Kb max_used=943Kb free=119056Kb
 bounds [0x0000015c9a6d0000, 0x0000015c9a940000, 0x0000015ca1c00000]
CodeHeap 'profiled nmethods': size=120000Kb used=3916Kb max_used=3916Kb free=116083Kb
 bounds [0x0000015c92c00000, 0x0000015c92fe0000, 0x0000015c9a130000]
CodeHeap 'non-nmethods': size=5760Kb used=1167Kb max_used=1194Kb free=4592Kb
 bounds [0x0000015c9a130000, 0x0000015c9a3a0000, 0x0000015c9a6d0000]
 total_blobs=2563 nmethods=2100 adapters=377
 compilation: enabled
              stopped_count=0, restarted_count=0
 full_count=0

Compilation events (20 events):
Event: 1.480 Thread 0x0000015ca96bb530 nmethod 2075 0x0000015c92fb7e10 code [0x0000015c92fb8040, 0x0000015c92fb89f8]
Event: 1.480 Thread 0x0000015ca96bb530 2077       3       org.eclipse.osgi.container.ModuleRevision::getBundle (8 bytes)
Event: 1.480 Thread 0x0000015ca96bb530 nmethod 2077 0x0000015c92fb8d10 code [0x0000015c92fb8ec0, 0x0000015c92fb90e8]
Event: 1.480 Thread 0x0000015ca96bb530 2076       1       org.eclipse.osgi.internal.loader.classpath.ClasspathManager::getClassLoader (5 bytes)
Event: 1.480 Thread 0x0000015ca96bb530 nmethod 2076 0x0000015c9a7baf90 code [0x0000015c9a7bb120, 0x0000015c9a7bb1f8]
Event: 1.482 Thread 0x0000015ca96bb530 2078       3       java.util.concurrent.locks.ReentrantLock::tryLock (13 bytes)
Event: 1.482 Thread 0x0000015ca96bb530 nmethod 2078 0x0000015c92fb9210 code [0x0000015c92fb93c0, 0x0000015c92fb9558]
Event: 1.482 Thread 0x0000015ca96bb530 2079       3       java.util.WeakHashMap::containsKey (14 bytes)
Event: 1.482 Thread 0x0000015ca96bb530 nmethod 2079 0x0000015c92fb9690 code [0x0000015c92fb9840, 0x0000015c92fb99e8]
Event: 1.486 Thread 0x0000015ca96bb530 2080       3       org.eclipse.osgi.internal.framework.FilterImpl$Parser::skipWhiteSpace (43 bytes)
Event: 1.486 Thread 0x0000015ca96bb530 nmethod 2080 0x0000015c92fb9a90 code [0x0000015c92fb9c60, 0x0000015c92fba078]
Event: 1.488 Thread 0x0000015ca96bb530 2081   !   3       org.eclipse.osgi.internal.framework.EquinoxContainer::getContextFinder (17 bytes)
Event: 1.488 Thread 0x0000015ca96bb530 nmethod 2081 0x0000015c92fba290 code [0x0000015c92fba420, 0x0000015c92fba618]
Event: 1.488 Thread 0x0000015ca96bb530 2082       3       org.eclipse.osgi.internal.framework.BundleContextImpl::setContextFinder (56 bytes)
Event: 1.489 Thread 0x0000015ca96bb530 nmethod 2082 0x0000015c92fba710 code [0x0000015c92fba9a0, 0x0000015c92fbb908]
Event: 1.489 Thread 0x0000015ca96bb530 2083   !   3       org.eclipse.osgi.internal.framework.BundleContextImpl::dispatchEvent (558 bytes)
Event: 1.490 Thread 0x0000015ca97e53b0 2086       4       java.lang.CharacterDataLatin1::isWhitespace (23 bytes)
Event: 1.491 Thread 0x0000015ca97e53b0 nmethod 2086 0x0000015c9a7bb290 code [0x0000015c9a7bb400, 0x0000015c9a7bb4b8]
Event: 1.491 Thread 0x0000015ca97e53b0 2087       4       java.lang.Object::equals (11 bytes)
Event: 1.491 Thread 0x0000015ca97e53b0 nmethod 2087 0x0000015c9a7bb590 code [0x0000015c9a7bb700, 0x0000015c9a7bb798]

GC Heap History (4 events):
Event: 0.660 GC heap before
{Heap before GC invocations=1 (full 0):
 PSYoungGen      total 29696K, used 25600K [0x00000000eab00000, 0x00000000ecc00000, 0x0000000100000000)
  eden space 25600K, 100% used [0x00000000eab00000,0x00000000ec400000,0x00000000ec400000)
  from space 4096K, 0% used [0x00000000ec800000,0x00000000ec800000,0x00000000ecc00000)
  to   space 4096K, 0% used [0x00000000ec400000,0x00000000ec400000,0x00000000ec800000)
 ParOldGen       total 68608K, used 0K [0x00000000c0000000, 0x00000000c4300000, 0x00000000eab00000)
  object space 68608K, 0% used [0x00000000c0000000,0x00000000c0000000,0x00000000c4300000)
 Metaspace       used 10990K, committed 11200K, reserved 1114112K
  class space    used 1097K, committed 1216K, reserved 1048576K
}
Event: 0.666 GC heap after
{Heap after GC invocations=1 (full 0):
 PSYoungGen      total 29696K, used 3188K [0x00000000eab00000, 0x00000000ecc00000, 0x0000000100000000)
  eden space 25600K, 0% used [0x00000000eab00000,0x00000000eab00000,0x00000000ec400000)
  from space 4096K, 77% used [0x00000000ec400000,0x00000000ec71d060,0x00000000ec800000)
  to   space 4096K, 0% used [0x00000000ec800000,0x00000000ec800000,0x00000000ecc00000)
 ParOldGen       total 68608K, used 16K [0x00000000c0000000, 0x00000000c4300000, 0x00000000eab00000)
  object space 68608K, 0% used [0x00000000c0000000,0x00000000c0004000,0x00000000c4300000)
 Metaspace       used 10990K, committed 11200K, reserved 1114112K
  class space    used 1097K, committed 1216K, reserved 1048576K
}
Event: 1.128 GC heap before
{Heap before GC invocations=2 (full 0):
 PSYoungGen      total 29696K, used 28788K [0x00000000eab00000, 0x00000000ecc00000, 0x0000000100000000)
  eden space 25600K, 100% used [0x00000000eab00000,0x00000000ec400000,0x00000000ec400000)
  from space 4096K, 77% used [0x00000000ec400000,0x00000000ec71d060,0x00000000ec800000)
  to   space 4096K, 0% used [0x00000000ec800000,0x00000000ec800000,0x00000000ecc00000)
 ParOldGen       total 68608K, used 16K [0x00000000c0000000, 0x00000000c4300000, 0x00000000eab00000)
  object space 68608K, 0% used [0x00000000c0000000,0x00000000c0004000,0x00000000c4300000)
 Metaspace       used 14702K, committed 14976K, reserved 1114112K
  class space    used 1471K, committed 1600K, reserved 1048576K
}
Event: 1.133 GC heap after
{Heap after GC invocations=2 (full 0):
 PSYoungGen      total 29696K, used 4093K [0x00000000eab00000, 0x00000000ecc00000, 0x0000000100000000)
  eden space 25600K, 0% used [0x00000000eab00000,0x00000000eab00000,0x00000000ec400000)
  from space 4096K, 99% used [0x00000000ec800000,0x00000000ecbff4d8,0x00000000ecc00000)
  to   space 4096K, 0% used [0x00000000ec400000,0x00000000ec400000,0x00000000ec800000)
 ParOldGen       total 68608K, used 1462K [0x00000000c0000000, 0x00000000c4300000, 0x00000000eab00000)
  object space 68608K, 2% used [0x00000000c0000000,0x00000000c016da50,0x00000000c4300000)
 Metaspace       used 14702K, committed 14976K, reserved 1114112K
  class space    used 1471K, committed 1600K, reserved 1048576K
}

Dll operation events (9 events):
Event: 0.008 Loaded shared library c:\Users\student\.vscode\extensions\redhat.java-1.26.0-win32-x64\jre\17.0.9-win32-x86_64\bin\java.dll
Event: 0.132 Loaded shared library c:\Users\student\.vscode\extensions\redhat.java-1.26.0-win32-x64\jre\17.0.9-win32-x86_64\bin\zip.dll
Event: 0.135 Loaded shared library C:\Users\student\.vscode\extensions\redhat.java-1.26.0-win32-x64\jre\17.0.9-win32-x86_64\bin\instrument.dll
Event: 0.144 Loaded shared library C:\Users\student\.vscode\extensions\redhat.java-1.26.0-win32-x64\jre\17.0.9-win32-x86_64\bin\net.dll
Event: 0.146 Loaded shared library C:\Users\student\.vscode\extensions\redhat.java-1.26.0-win32-x64\jre\17.0.9-win32-x86_64\bin\nio.dll
Event: 0.151 Loaded shared library C:\Users\student\.vscode\extensions\redhat.java-1.26.0-win32-x64\jre\17.0.9-win32-x86_64\bin\zip.dll
Event: 0.161 Loaded shared library C:\Users\student\.vscode\extensions\redhat.java-1.26.0-win32-x64\jre\17.0.9-win32-x86_64\bin\jimage.dll
Event: 0.207 Loaded shared library c:\Users\student\.vscode\extensions\redhat.java-1.26.0-win32-x64\jre\17.0.9-win32-x86_64\bin\verify.dll
Event: 1.044 Loaded shared library C:\Users\student\AppData\Roaming\Code\User\globalStorage\redhat.java\1.26.0\config_win\org.eclipse.equinox.launcher\org.eclipse.equinox.launcher.win32.win32.x86_64_1.2.800.v20231003-1442\eclipse_11802.dll

Deoptimization events (20 events):
Event: 1.381 Thread 0x0000015caa573170 DEOPT PACKING pc=0x0000015c92f74ad6 sp=0x00000028c5efcf80
Event: 1.381 Thread 0x0000015caa573170 DEOPT UNPACKING pc=0x0000015c9a186e43 sp=0x00000028c5efc408 mode 0
Event: 1.387 Thread 0x0000015caa573170 DEOPT PACKING pc=0x0000015c92f74ad6 sp=0x00000028c5efcf80
Event: 1.387 Thread 0x0000015caa573170 DEOPT UNPACKING pc=0x0000015c9a186e43 sp=0x00000028c5efc408 mode 0
Event: 1.391 Thread 0x0000015caa573170 DEOPT PACKING pc=0x0000015c92f74ad6 sp=0x00000028c5efcff0
Event: 1.391 Thread 0x0000015caa573170 DEOPT UNPACKING pc=0x0000015c9a186e43 sp=0x00000028c5efc478 mode 0
Event: 1.398 Thread 0x0000015caa573170 DEOPT PACKING pc=0x0000015c92f74ad6 sp=0x00000028c5efcff0
Event: 1.398 Thread 0x0000015caa573170 DEOPT UNPACKING pc=0x0000015c9a186e43 sp=0x00000028c5efc478 mode 0
Event: 1.399 Thread 0x0000015caa573170 Uncommon trap: trap_request=0xffffff45 fr.pc=0x0000015c9a73121c relative=0x000000000000017c
Event: 1.399 Thread 0x0000015caa573170 Uncommon trap: reason=unstable_if action=reinterpret pc=0x0000015c9a73121c method=java.lang.String.startsWith(Ljava/lang/String;I)Z @ 50 c2
Event: 1.399 Thread 0x0000015caa573170 DEOPT PACKING pc=0x0000015c9a73121c sp=0x00000028c5efded0
Event: 1.399 Thread 0x0000015caa573170 DEOPT UNPACKING pc=0x0000015c9a1866a3 sp=0x00000028c5efddd8 mode 2
Event: 1.408 Thread 0x0000015caa573170 DEOPT PACKING pc=0x0000015c92f74ad6 sp=0x00000028c5efd2f0
Event: 1.408 Thread 0x0000015caa573170 DEOPT UNPACKING pc=0x0000015c9a186e43 sp=0x00000028c5efc790 mode 0
Event: 1.408 Thread 0x0000015caa573170 DEOPT PACKING pc=0x0000015c92ce8c9c sp=0x00000028c5efda70
Event: 1.408 Thread 0x0000015caa573170 DEOPT UNPACKING pc=0x0000015c9a186e43 sp=0x00000028c5efcf58 mode 0
Event: 1.480 Thread 0x0000015caa573170 Uncommon trap: trap_request=0xffffff45 fr.pc=0x0000015c9a7b6064 relative=0x0000000000000c64
Event: 1.480 Thread 0x0000015caa573170 Uncommon trap: reason=unstable_if action=reinterpret pc=0x0000015c9a7b6064 method=org.eclipse.osgi.framework.util.CaseInsensitiveDictionaryMap.findCommonKeyIndex(Ljava/lang/String;)Lorg/eclipse/osgi/framework/util/CaseInsensitiveDictionaryMap$CaseInsensit
Event: 1.480 Thread 0x0000015caa573170 DEOPT PACKING pc=0x0000015c9a7b6064 sp=0x00000028c5efdf20
Event: 1.480 Thread 0x0000015caa573170 DEOPT UNPACKING pc=0x0000015c9a1866a3 sp=0x00000028c5efdec0 mode 2

Classes unloaded (0 events):
No events

Classes redefined (0 events):
No events

Internal exceptions (20 events):
Event: 0.572 Thread 0x0000015c8ff578a0 Exception <a 'java/lang/ClassNotFoundException'{0x00000000ec0bb630}: sun/net/www/protocol/c/Handler> (0x00000000ec0bb630) 
thrown [s\src\hotspot\share\classfile\systemDictionary.cpp, line 256]
Event: 0.578 Thread 0x0000015c8ff578a0 Exception <a 'java/io/FileNotFoundException'{0x00000000ec0e24d8}> (0x00000000ec0e24d8) 
thrown [s\src\hotspot\share\prims\jni.cpp, line 516]
Event: 0.612 Thread 0x0000015c8ff578a0 Implicit null exception at 0x0000015c9a7235e0 to 0x0000015c9a72367a
Event: 0.612 Thread 0x0000015c8ff578a0 Implicit null exception at 0x0000015c9a71a0ec to 0x0000015c9a71a2dc
Event: 0.612 Thread 0x0000015c8ff578a0 Implicit null exception at 0x0000015c9a719a6c to 0x0000015c9a719c58
Event: 0.612 Thread 0x0000015c8ff578a0 Implicit null exception at 0x0000015c9a71000f to 0x0000015c9a710089
Event: 0.651 Thread 0x0000015c8ff578a0 Exception <a 'java/lang/NoSuchMethodError'{0x00000000ec3addf8}: 'int java.lang.invoke.DirectMethodHandle$Holder.invokeStaticInit(java.lang.Object, java.lang.Object, java.lang.Object, java.lang.Object)'> (0x00000000ec3addf8) 
thrown [s\src\hotspot\share\interpreter\linkResolver.cpp, line 759]
Event: 0.652 Thread 0x0000015c8ff578a0 Exception <a 'java/lang/NoSuchMethodError'{0x00000000ec3b8468}: 'java.lang.Object java.lang.invoke.DirectMethodHandle$Holder.invokeInterface(java.lang.Object, java.lang.Object)'> (0x00000000ec3b8468) 
thrown [s\src\hotspot\share\interpreter\linkResolver.cpp, line 759]
Event: 0.652 Thread 0x0000015c8ff578a0 Exception <a 'java/lang/IncompatibleClassChangeError'{0x00000000ec3bbc60}: Found class java.lang.Object, but interface was expected> (0x00000000ec3bbc60) 
thrown [s\src\hotspot\share\interpreter\linkResolver.cpp, line 826]
Event: 0.653 Thread 0x0000015c8ff578a0 Exception <a 'java/lang/NoSuchMethodError'{0x00000000ec3c0150}: 'void java.lang.invoke.DirectMethodHandle$Holder.invokeStatic(java.lang.Object, java.lang.Object)'> (0x00000000ec3c0150) 
thrown [s\src\hotspot\share\interpreter\linkResolver.cpp, line 759]
Event: 0.653 Thread 0x0000015c8ff578a0 Exception <a 'java/lang/NoSuchMethodError'{0x00000000ec3c3950}: 'void java.lang.invoke.DirectMethodHandle$Holder.invokeStaticInit(java.lang.Object, java.lang.Object)'> (0x00000000ec3c3950) 
thrown [s\src\hotspot\share\interpreter\linkResolver.cpp, line 759]
Event: 0.654 Thread 0x0000015c8ff578a0 Exception <a 'java/lang/NoSuchMethodError'{0x00000000ec3cade0}: 'int java.lang.invoke.DirectMethodHandle$Holder.invokeStaticInit(java.lang.Object, java.lang.Object)'> (0x00000000ec3cade0) 
thrown [s\src\hotspot\share\interpreter\linkResolver.cpp, line 759]
Event: 0.708 Thread 0x0000015c8ff578a0 Exception <a 'java/lang/NoSuchMethodError'{0x00000000eac540b8}: 'void java.lang.invoke.DirectMethodHandle$Holder.invokeSpecial(java.lang.Object, java.lang.Object, java.lang.Object)'> (0x00000000eac540b8) 
thrown [s\src\hotspot\share\interpreter\linkResolver.cpp, line 759]
Event: 0.907 Thread 0x0000015c8ff578a0 Exception <a 'java/lang/NoSuchMethodError'{0x00000000eb9f98b8}: 'java.lang.Object java.lang.invoke.DirectMethodHandle$Holder.newInvokeSpecial(java.lang.Object, int, java.lang.Object)'> (0x00000000eb9f98b8) 
thrown [s\src\hotspot\share\interpreter\linkResolver.cpp, line 759]
Event: 1.043 Thread 0x0000015c8ff578a0 Exception <a 'java/lang/UnsatisfiedLinkError'{0x00000000ebfd2970}: 'void org.eclipse.equinox.launcher.JNIBridge._update_splash()'> (0x00000000ebfd2970) 
thrown [s\src\hotspot\share\prims\nativeLookup.cpp, line 543]
Event: 1.105 Thread 0x0000015caa573170 Exception <a 'java/lang/NoSuchMethodError'{0x00000000ec30e420}: 'java.lang.Object java.lang.invoke.DirectMethodHandle$Holder.invokeStaticInit(java.lang.Object)'> (0x00000000ec30e420) 
thrown [s\src\hotspot\share\interpreter\linkResolver.cpp, line 759]
Event: 1.124 Thread 0x0000015caa573170 Exception <a 'java/lang/NoSuchMethodError'{0x00000000ec3d4db0}: 'java.lang.Object java.lang.invoke.DirectMethodHandle$Holder.newInvokeSpecial(java.lang.Object, java.lang.Object, int, java.lang.Object)'> (0x00000000ec3d4db0) 
thrown [s\src\hotspot\share\interpreter\linkResolver.cpp, line 759]
Event: 1.125 Thread 0x0000015caa573170 Exception <a 'java/lang/NoSuchMethodError'{0x00000000ec3d9098}: 'java.lang.Object java.lang.invoke.DirectMethodHandle$Holder.invokeSpecial(java.lang.Object, java.lang.Object, java.lang.Object, int, java.lang.Object)'> (0x00000000ec3d9098) 
thrown [s\src\hotspot\share\interpreter\linkResolver.cpp, line 759]
Event: 1.163 Thread 0x0000015caa573170 Exception <a 'java/lang/NoSuchMethodError'{0x00000000ead0e3c8}: 'java.lang.Object java.lang.invoke.DirectMethodHandle$Holder.invokeStatic(java.lang.Object, int, java.lang.Object)'> (0x00000000ead0e3c8) 
thrown [s\src\hotspot\share\interpreter\linkResolver.cpp, line 759]
Event: 1.184 Thread 0x0000015caa573170 Exception <a 'java/lang/ClassNotFoundException'{0x00000000eadd38d0}: sun/util/logging/resources/spi/loggingProvider> (0x00000000eadd38d0) 
thrown [s\src\hotspot\share\classfile\systemDictionary.cpp, line 256]

VM Operations (20 events):
Event: 0.660 Executing VM operation: ParallelGCFailedAllocation
Event: 0.666 Executing VM operation: ParallelGCFailedAllocation done
Event: 0.884 Executing VM operation: HandshakeAllThreads
Event: 0.884 Executing VM operation: HandshakeAllThreads done
Event: 0.884 Executing VM operation: HandshakeAllThreads
Event: 0.884 Executing VM operation: HandshakeAllThreads done
Event: 0.889 Executing VM operation: HandshakeAllThreads
Event: 0.889 Executing VM operation: HandshakeAllThreads done
Event: 0.901 Executing VM operation: HandshakeAllThreads
Event: 0.901 Executing VM operation: HandshakeAllThreads done
Event: 1.095 Executing VM operation: HandshakeAllThreads
Event: 1.095 Executing VM operation: HandshakeAllThreads done
Event: 1.128 Executing VM operation: ParallelGCFailedAllocation
Event: 1.133 Executing VM operation: ParallelGCFailedAllocation done
Event: 1.156 Executing VM operation: HandshakeAllThreads
Event: 1.156 Executing VM operation: HandshakeAllThreads done
Event: 1.195 Executing VM operation: HandshakeAllThreads
Event: 1.195 Executing VM operation: HandshakeAllThreads done
Event: 1.208 Executing VM operation: HandshakeAllThreads
Event: 1.208 Executing VM operation: HandshakeAllThreads done

Events (20 events):
Event: 1.198 loading class sun/text/resources/cldr/FormatData
Event: 1.198 loading class sun/text/resources/cldr/FormatData done
Event: 1.198 loading class sun/util/resources/Bundles$BundleReference
Event: 1.198 loading class sun/util/resources/Bundles$CacheKeyReference
Event: 1.198 loading class sun/util/resources/Bundles$CacheKeyReference done
Event: 1.198 loading class sun/util/resources/Bundles$BundleReference done
Event: 1.198 loading class sun/text/resources/cldr/FormatData_en
Event: 1.199 loading class sun/text/resources/cldr/FormatData_en done
Event: 1.199 loading class sun/text/resources/cldr/FormatData_en_US
Event: 1.199 loading class sun/text/resources/cldr/FormatData_en_US done
Event: 1.199 loading class java/time/LocalTime$1
Event: 1.199 loading class java/time/LocalTime$1 done
Event: 1.200 loading class java/util/Formattable
Event: 1.200 loading class java/util/Formattable done
Event: 1.362 Thread 0x0000015caa60b070 Thread added: 0x0000015caa60b070
Event: 1.467 loading class java/lang/IllegalAccessError
Event: 1.467 loading class java/lang/IllegalAccessError done
Event: 1.476 loading class java/util/TimerTask
Event: 1.476 loading class java/util/TimerTask done
Event: 1.481 Thread 0x0000015caa43b920 Thread added: 0x0000015caa43b920


Dynamic libraries:
0x00007ff70adb0000 - 0x00007ff70adbe000 	c:\Users\student\.vscode\extensions\redhat.java-1.26.0-win32-x64\jre\17.0.9-win32-x86_64\bin\java.exe
0x00007ff83fc70000 - 0x00007ff83fe68000 	C:\Windows\SYSTEM32\ntdll.dll
0x00007ff83e9a0000 - 0x00007ff83ea5f000 	C:\Windows\System32\KERNEL32.DLL
0x00007ff83d5e0000 - 0x00007ff83d8d6000 	C:\Windows\System32\KERNELBASE.dll
0x00007ff83d4e0000 - 0x00007ff83d5e0000 	C:\Windows\System32\ucrtbase.dll
0x00007ff826900000 - 0x00007ff826917000 	c:\Users\student\.vscode\extensions\redhat.java-1.26.0-win32-x64\jre\17.0.9-win32-x86_64\bin\jli.dll
0x00007ff83ecd0000 - 0x00007ff83ee6d000 	C:\Windows\System32\USER32.dll
0x00007ff83d350000 - 0x00007ff83d372000 	C:\Windows\System32\win32u.dll
0x00007ff83e970000 - 0x00007ff83e99c000 	C:\Windows\System32\GDI32.dll
0x00007ff83d950000 - 0x00007ff83da65000 	C:\Windows\System32\gdi32full.dll
0x00007ff83dc00000 - 0x00007ff83dc9d000 	C:\Windows\System32\msvcp_win.dll
0x00007ff823d90000 - 0x00007ff823dab000 	c:\Users\student\.vscode\extensions\redhat.java-1.26.0-win32-x64\jre\17.0.9-win32-x86_64\bin\VCRUNTIME140.dll
0x00007ff823f10000 - 0x00007ff8241aa000 	C:\Windows\WinSxS\amd64_microsoft.windows.common-controls_6595b64144ccf1df_6.0.19041.1110_none_60b5254171f9507e\COMCTL32.dll
0x00007ff83dea0000 - 0x00007ff83df3e000 	C:\Windows\System32\msvcrt.dll
0x00007ff83e8e0000 - 0x00007ff83e910000 	C:\Windows\System32\IMM32.DLL
0x00007ff8338f0000 - 0x00007ff8338fc000 	c:\Users\student\.vscode\extensions\redhat.java-1.26.0-win32-x64\jre\17.0.9-win32-x86_64\bin\vcruntime140_1.dll
0x00007ff81d790000 - 0x00007ff81d81d000 	c:\Users\student\.vscode\extensions\redhat.java-1.26.0-win32-x64\jre\17.0.9-win32-x86_64\bin\msvcp140.dll
0x00007ffffef70000 - 0x00007fffffbd1000 	c:\Users\student\.vscode\extensions\redhat.java-1.26.0-win32-x64\jre\17.0.9-win32-x86_64\bin\server\jvm.dll
0x00007ff83e5c0000 - 0x00007ff83e66f000 	C:\Windows\System32\ADVAPI32.dll
0x00007ff83dcd0000 - 0x00007ff83dd6c000 	C:\Windows\System32\sechost.dll
0x00007ff83fa50000 - 0x00007ff83fb76000 	C:\Windows\System32\RPCRT4.dll
0x00007ff83d1b0000 - 0x00007ff83d1fb000 	C:\Windows\SYSTEM32\POWRPROF.dll
0x00007ff8229d0000 - 0x00007ff8229d9000 	C:\Windows\SYSTEM32\WSOCK32.dll
0x00007ff83e7c0000 - 0x00007ff83e82b000 	C:\Windows\System32\WS2_32.dll
0x00007ff8337d0000 - 0x00007ff8337f7000 	C:\Windows\SYSTEM32\WINMM.dll
0x00007ff837cf0000 - 0x00007ff837cfa000 	C:\Windows\SYSTEM32\VERSION.dll
0x00007ff83d190000 - 0x00007ff83d1a2000 	C:\Windows\SYSTEM32\UMPDC.dll
0x00007ff83b220000 - 0x00007ff83b232000 	C:\Windows\SYSTEM32\kernel.appcore.dll
0x00007ff830d70000 - 0x00007ff830d7a000 	c:\Users\student\.vscode\extensions\redhat.java-1.26.0-win32-x64\jre\17.0.9-win32-x86_64\bin\jimage.dll
0x00007ff8234f0000 - 0x00007ff8236d4000 	C:\Windows\SYSTEM32\DBGHELP.DLL
0x00007ff8234b0000 - 0x00007ff8234e4000 	C:\Windows\SYSTEM32\dbgcore.DLL
0x00007ff83db20000 - 0x00007ff83dba2000 	C:\Windows\System32\bcryptPrimitives.dll
0x00007ff827440000 - 0x00007ff82744e000 	c:\Users\student\.vscode\extensions\redhat.java-1.26.0-win32-x64\jre\17.0.9-win32-x86_64\bin\instrument.dll
0x00007ff820990000 - 0x00007ff8209b5000 	c:\Users\student\.vscode\extensions\redhat.java-1.26.0-win32-x64\jre\17.0.9-win32-x86_64\bin\java.dll
0x00007ff822cc0000 - 0x00007ff822cd8000 	c:\Users\student\.vscode\extensions\redhat.java-1.26.0-win32-x64\jre\17.0.9-win32-x86_64\bin\zip.dll
0x00007ff83f300000 - 0x00007ff83fa44000 	C:\Windows\System32\SHELL32.dll
0x00007ff83b420000 - 0x00007ff83bbb4000 	C:\Windows\SYSTEM32\windows.storage.dll
0x00007ff83eed0000 - 0x00007ff83f224000 	C:\Windows\System32\combase.dll
0x00007ff83ccc0000 - 0x00007ff83ccee000 	C:\Windows\SYSTEM32\Wldp.dll
0x00007ff83e830000 - 0x00007ff83e8dd000 	C:\Windows\System32\SHCORE.dll
0x00007ff83e670000 - 0x00007ff83e6c5000 	C:\Windows\System32\shlwapi.dll
0x00007ff83d280000 - 0x00007ff83d2a5000 	C:\Windows\SYSTEM32\profapi.dll
0x00007ff822c70000 - 0x00007ff822c89000 	C:\Users\student\.vscode\extensions\redhat.java-1.26.0-win32-x64\jre\17.0.9-win32-x86_64\bin\net.dll
0x00007ff837330000 - 0x00007ff83743a000 	C:\Windows\SYSTEM32\WINHTTP.dll
0x00007ff83ca20000 - 0x00007ff83ca8a000 	C:\Windows\system32\mswsock.dll
0x00007ff821300000 - 0x00007ff821316000 	C:\Users\student\.vscode\extensions\redhat.java-1.26.0-win32-x64\jre\17.0.9-win32-x86_64\bin\nio.dll
0x00007ff827280000 - 0x00007ff827290000 	c:\Users\student\.vscode\extensions\redhat.java-1.26.0-win32-x64\jre\17.0.9-win32-x86_64\bin\verify.dll
0x00007ff81e310000 - 0x00007ff81e34e000 	C:\Users\student\AppData\Roaming\Code\User\globalStorage\redhat.java\1.26.0\config_win\org.eclipse.equinox.launcher\org.eclipse.equinox.launcher.win32.win32.x86_64_1.2.800.v20231003-1442\eclipse_11802.dll
0x00007ff83dd70000 - 0x00007ff83de9a000 	C:\Windows\System32\ole32.dll

dbghelp: loaded successfully - version: 4.0.5 - missing functions: none
symbol engine: initialized successfully - sym options: 0x614 - pdb path: .;c:\Users\student\.vscode\extensions\redhat.java-1.26.0-win32-x64\jre\17.0.9-win32-x86_64\bin;C:\Windows\SYSTEM32;C:\Windows\WinSxS\amd64_microsoft.windows.common-controls_6595b64144ccf1df_6.0.19041.1110_none_60b5254171f9507e;c:\Users\student\.vscode\extensions\redhat.java-1.26.0-win32-x64\jre\17.0.9-win32-x86_64\bin\server;C:\Users\student\AppData\Roaming\Code\User\globalStorage\redhat.java\1.26.0\config_win\org.eclipse.equinox.launcher\org.eclipse.equinox.launcher.win32.win32.x86_64_1.2.800.v20231003-1442

VM Arguments:
jvm_args: --add-modules=ALL-SYSTEM --add-opens=java.base/java.util=ALL-UNNAMED --add-opens=java.base/java.lang=ALL-UNNAMED --add-opens=java.base/sun.nio.fs=ALL-UNNAMED -Declipse.application=org.eclipse.jdt.ls.core.id1 -Dosgi.bundles.defaultStartLevel=4 -Declipse.product=org.eclipse.jdt.ls.core.product -Djava.import.generatesMetadataFilesAtProjectRoot=false -DDetectVMInstallationsJob.disabled=true -Dfile.encoding=utf8 -XX:+UseParallelGC -XX:GCTimeRatio=4 -XX:AdaptiveSizePolicyWeight=90 -Dsun.zip.disableMemoryMapping=true -Xmx1G -Xms100m -Xlog:disable -javaagent:c:\Users\student\.vscode\extensions\redhat.java-1.26.0-win32-x64\lombok\lombok-1.18.31-3454.jar -XX:+HeapDumpOnOutOfMemoryError -XX:HeapDumpPath=c:\Users\student\AppData\Roaming\Code\User\workspaceStorage\56192d6a22a83b7aa0a710db2c3de7dd\redhat.java -Daether.dependencyCollector.impl=bf 
java_command: c:\Users\student\.vscode\extensions\redhat.java-1.26.0-win32-x64\server\plugins\org.eclipse.equinox.launcher_1.6.700.v20231214-2017.jar -configuration c:\Users\student\AppData\Roaming\Code\User\globalStorage\redhat.java\1.26.0\config_win -data c:\Users\student\AppData\Roaming\Code\User\workspaceStorage\56192d6a22a83b7aa0a710db2c3de7dd\redhat.java\jdt_ws --stdio
java_class_path (initial): c:\Users\student\.vscode\extensions\redhat.java-1.26.0-win32-x64\server\plugins\org.eclipse.equinox.launcher_1.6.700.v20231214-2017.jar
Launcher Type: SUN_STANDARD

[Global flags]
    uintx AdaptiveSizePolicyWeight                 = 90                                        {product} {command line}
     intx CICompilerCount                          = 3                                         {product} {ergonomic}
    uintx GCTimeRatio                              = 4                                         {product} {command line}
     bool HeapDumpOnOutOfMemoryError               = true                                   {manageable} {command line}
    ccstr HeapDumpPath                             = c:\Users\student\AppData\Roaming\Code\User\workspaceStorage\56192d6a22a83b7aa0a710db2c3de7dd\redhat.java         {manageable} {command line}
   size_t InitialHeapSize                          = 104857600                                 {product} {command line}
   size_t MaxHeapSize                              = 1073741824                                {product} {command line}
   size_t MaxNewSize                               = 357564416                                 {product} {ergonomic}
   size_t MinHeapDeltaBytes                        = 524288                                    {product} {ergonomic}
   size_t MinHeapSize                              = 104857600                                 {product} {command line}
   size_t NewSize                                  = 34603008                                  {product} {ergonomic}
    uintx NonNMethodCodeHeapSize                   = 5832780                                {pd product} {ergonomic}
    uintx NonProfiledCodeHeapSize                  = 122912730                              {pd product} {ergonomic}
   size_t OldSize                                  = 70254592                                  {product} {ergonomic}
    uintx ProfiledCodeHeapSize                     = 122912730                              {pd product} {ergonomic}
    uintx ReservedCodeCacheSize                    = 251658240                              {pd product} {ergonomic}
     bool SegmentedCodeCache                       = true                                      {product} {ergonomic}
   size_t SoftMaxHeapSize                          = 1073741824                             {manageable} {ergonomic}
     bool UseCompressedClassPointers               = true                           {product lp64_product} {ergonomic}
     bool UseCompressedOops                        = true                           {product lp64_product} {ergonomic}
     bool UseLargePagesIndividualAllocation        = false                                  {pd product} {ergonomic}
     bool UseParallelGC                            = true                                      {product} {command line}

Logging:
Log output configuration:
 #0: stdout all=off uptime,level,tags
 #1: stderr all=off uptime,level,tags

Environment Variables:
PATH=C:\Program Files\Common Files\Oracle\Java\javapath;C:\Program Files (x86)\Common Files\Oracle\Java\javapath;C:\Windows\system32;C:\Windows;C:\Windows\System32\Wbem;C:\Windows\System32\WindowsPowerShell\v1.0\;C:\Windows\System32\OpenSSH\;C:\Program Files\Java\jdk1.8.0_291\bin;C:\Program Files\Git\cmd;C:\Users\student\AppData\Local\Microsoft\WindowsApps;;C:\Users\student\AppData\Local\Programs\Microsoft VS Code\bin
USERNAME=student
OS=Windows_NT
PROCESSOR_IDENTIFIER=Intel64 Family 6 Model 158 Stepping 10, GenuineIntel
TMP=C:\Users\student\AppData\Local\Temp
TEMP=C:\Users\student\AppData\Local\Temp



Periodic native trim disabled


---------------  S Y S T E M  ---------------

OS:
 Windows 10 , 64 bit Build 19041 (10.0.19041.3155)
OS uptime: 0 days 2:10 hours

CPU: total 6 (initial active 6) (6 cores per cpu, 1 threads per core) family 6 model 158 stepping 10 microcode 0xf0, cx8, cmov, fxsr, mmx, 3dnowpref, sse, sse2, sse3, ssse3, sse4.1, sse4.2, popcnt, lzcnt, tsc, tscinvbit, avx, avx2, aes, erms, clmul, bmi1, bmi2, rtm, adx, fma, vzeroupper, clflush, clflushopt
Processor Information for all 6 processors :
  Max Mhz: 3000, Current Mhz: 3000, Mhz Limit: 3000

Memory: 4k page, system-wide physical 8038M (706M free)
TotalPageFile size 32614M (AvailPageFile size 0M)
current process WorkingSet (physical memory assigned to process): 99M, peak: 99M
current process commit charge ("private bytes"): 208M, peak: 208M

vm_info: OpenJDK 64-Bit Server VM (17.0.9+9) for windows-amd64 JRE (17.0.9+9), built on Oct 26 2023 14:01:42 by "admin" with MS VC++ 16.10 / 16.11 (VS2019)

END.
