#
# There is insufficient memory for the Java Runtime Environment to continue.
# Native memory allocation (malloc) failed to allocate 247376 bytes for Chunk::new
# Possible reasons:
#   The system is out of physical RAM or swap space
#   The process is running with CompressedOops enabled, and the Java Heap may be blocking the growth of the native heap
# Possible solutions:
#   Reduce memory load on the system
#   Increase physical memory or swap space
#   Check if swap backing store is full
#   Decrease Java heap size (-Xmx/-Xms)
#   Decrease number of Java threads
#   Decrease Java thread stack sizes (-Xss)
#   Set larger code cache with -XX:ReservedCodeCacheSize=
#   JVM is running with Unscaled Compressed Oops mode in which the Java heap is
#     placed in the first 4GB address space. The Java Heap base address is the
#     maximum limit for the native heap growth. Please use -XX:HeapBaseMinAddress
#     to set the Java Heap base and to place the Java Heap above 4GB virtual address.
# This output file may be truncated or incomplete.
#
#  Out of Memory Error (arena.cpp:191), pid=15708, tid=18120
#
# JRE version: OpenJDK Runtime Environment Temurin-17.0.9+9 (17.0.9+9) (build 17.0.9+9)
# Java VM: OpenJDK 64-Bit Server VM Temurin-17.0.9+9 (17.0.9+9, mixed mode, tiered, compressed oops, compressed class ptrs, parallel gc, windows-amd64)
# No core dump will be written. Minidumps are not enabled by default on client versions of Windows
#

---------------  S U M M A R Y ------------

Command Line: --add-modules=ALL-SYSTEM --add-opens=java.base/java.util=ALL-UNNAMED --add-opens=java.base/java.lang=ALL-UNNAMED --add-opens=java.base/sun.nio.fs=ALL-UNNAMED -Declipse.application=org.eclipse.jdt.ls.core.id1 -Dosgi.bundles.defaultStartLevel=4 -Declipse.product=org.eclipse.jdt.ls.core.product -Djava.import.generatesMetadataFilesAtProjectRoot=false -DDetectVMInstallationsJob.disabled=true -Dfile.encoding=utf8 -XX:+UseParallelGC -XX:GCTimeRatio=4 -XX:AdaptiveSizePolicyWeight=90 -Dsun.zip.disableMemoryMapping=true -Xmx1G -Xms100m -Xlog:disable -javaagent:c:\Users\student\.vscode\extensions\redhat.java-1.26.0-win32-x64\lombok\lombok-1.18.31-3454.jar -XX:+HeapDumpOnOutOfMemoryError -XX:HeapDumpPath=c:\Users\student\AppData\Roaming\Code\User\workspaceStorage\56192d6a22a83b7aa0a710db2c3de7dd\redhat.java -Daether.dependencyCollector.impl=bf c:\Users\student\.vscode\extensions\redhat.java-1.26.0-win32-x64\server\plugins\org.eclipse.equinox.launcher_1.6.700.v20231214-2017.jar -configuration c:\Users\student\AppData\Roaming\Code\User\globalStorage\redhat.java\1.26.0\config_win -data c:\Users\student\AppData\Roaming\Code\User\workspaceStorage\56192d6a22a83b7aa0a710db2c3de7dd\redhat.java\jdt_ws --stdio

Host: Intel(R) Core(TM) i5-8500 CPU @ 3.00GHz, 6 cores, 7G,  Windows 10 , 64 bit Build 19041 (10.0.19041.3155)
Time: Tue Jan 16 10:03:01 2024 Mountain Standard Time elapsed time: 37.776529 seconds (0d 0h 0m 37s)

---------------  T H R E A D  ---------------

Current thread (0x000001c9dc789730):  JavaThread "C2 CompilerThread0" daemon [_thread_in_native, id=18120, stack(0x0000008048a00000,0x0000008048b00000)]


Current CompileTask:
C2:  37776 10187       4       org.eclipse.jdt.core.dom.ASTNode::accept (40 bytes)

Stack: [0x0000008048a00000,0x0000008048b00000]
Native frames: (J=compiled Java code, j=interpreted, Vv=VM code, C=native code)
V  [jvm.dll+0x67cf49]
V  [jvm.dll+0x83478a]
V  [jvm.dll+0x83624e]
V  [jvm.dll+0x8368b3]
V  [jvm.dll+0x247f1f]
V  [jvm.dll+0xac43c]
V  [jvm.dll+0xaca8c]
V  [jvm.dll+0x2af45f]
V  [jvm.dll+0x5853f7]
V  [jvm.dll+0x222f62]
V  [jvm.dll+0x22334f]
V  [jvm.dll+0x21c476]
V  [jvm.dll+0x2198c1]
V  [jvm.dll+0x1a57cd]
V  [jvm.dll+0x2297ae]
V  [jvm.dll+0x22797c]
V  [jvm.dll+0x7e9877]
V  [jvm.dll+0x7e3c3a]
V  [jvm.dll+0x67be35]
C  [ucrtbase.dll+0x21bb2]
C  [KERNEL32.DLL+0x17614]
C  [ntdll.dll+0x526b1]


---------------  P R O C E S S  ---------------

Threads class SMR info:
_java_thread_list=0x000001c9dfdbb2e0, length=40, elements={
0x000001c9c30988f0, 0x000001c9c315c260, 0x000001c9d6f20130, 0x000001c9d6f33940,
0x000001c9d6f346d0, 0x000001c9d6f35460, 0x000001c9d6f36330, 0x000001c9dc789730,
0x000001c9dc7a50a0, 0x000001c9dc7b0150, 0x000001c9c30fd820, 0x000001c9dcabf630,
0x000001c9dd2cac20, 0x000001c9dd0b93a0, 0x000001c9dd0aea10, 0x000001c9dd505920,
0x000001c9dd70ac00, 0x000001c9dd5749a0, 0x000001c9dd571c10, 0x000001c9dd573560,
0x000001c9dd571700, 0x000001c9dd572630, 0x000001c9dd5711f0, 0x000001c9dd574490,
0x000001c9dd573a70, 0x000001c9dd573f80, 0x000001c9dfe10690, 0x000001c9dfe0fc70,
0x000001c9dfe11fe0, 0x000001c9dfe11ad0, 0x000001c9dfe12a00, 0x000001c9dfe12f10,
0x000001c9dfe124f0, 0x000001c9dfe110b0, 0x000001c9dfe0bfb0, 0x000001c9dfe0c4c0,
0x000001c9dfe115c0, 0x000001c9dfe0de10, 0x000001c9dfe13930, 0x000001c9e002b530
}

Java Threads: ( => current thread )
  0x000001c9c30988f0 JavaThread "main" [_thread_blocked, id=16088, stack(0x0000008048100000,0x0000008048200000)]
  0x000001c9c315c260 JavaThread "Reference Handler" daemon [_thread_blocked, id=9760, stack(0x0000008048400000,0x0000008048500000)]
  0x000001c9d6f20130 JavaThread "Finalizer" daemon [_thread_blocked, id=10112, stack(0x0000008048500000,0x0000008048600000)]
  0x000001c9d6f33940 JavaThread "Signal Dispatcher" daemon [_thread_blocked, id=20004, stack(0x0000008048600000,0x0000008048700000)]
  0x000001c9d6f346d0 JavaThread "Attach Listener" daemon [_thread_blocked, id=23148, stack(0x0000008048700000,0x0000008048800000)]
  0x000001c9d6f35460 JavaThread "Service Thread" daemon [_thread_blocked, id=15352, stack(0x0000008048800000,0x0000008048900000)]
  0x000001c9d6f36330 JavaThread "Monitor Deflation Thread" daemon [_thread_blocked, id=9772, stack(0x0000008048900000,0x0000008048a00000)]
=>0x000001c9dc789730 JavaThread "C2 CompilerThread0" daemon [_thread_in_native, id=18120, stack(0x0000008048a00000,0x0000008048b00000)]
  0x000001c9dc7a50a0 JavaThread "C1 CompilerThread0" daemon [_thread_blocked, id=6940, stack(0x0000008048b00000,0x0000008048c00000)]
  0x000001c9dc7b0150 JavaThread "Sweeper thread" daemon [_thread_blocked, id=13836, stack(0x0000008048c00000,0x0000008048d00000)]
  0x000001c9c30fd820 JavaThread "Common-Cleaner" daemon [_thread_blocked, id=22560, stack(0x0000008048d00000,0x0000008048e00000)]
  0x000001c9dcabf630 JavaThread "Notification Thread" daemon [_thread_blocked, id=9300, stack(0x0000008048f00000,0x0000008049000000)]
  0x000001c9dd2cac20 JavaThread "Active Thread: Equinox Container: c04e381c-fe83-4c08-848b-98f6864d6c4b" [_thread_blocked, id=11196, stack(0x0000008049600000,0x0000008049700000)]
  0x000001c9dd0b93a0 JavaThread "Framework Event Dispatcher: Equinox Container: c04e381c-fe83-4c08-848b-98f6864d6c4b" daemon [_thread_blocked, id=7016, stack(0x0000008049700000,0x0000008049800000)]
  0x000001c9dd0aea10 JavaThread "Start Level: Equinox Container: c04e381c-fe83-4c08-848b-98f6864d6c4b" daemon [_thread_blocked, id=6008, stack(0x0000008049800000,0x0000008049900000)]
  0x000001c9dd505920 JavaThread "Bundle File Closer" daemon [_thread_blocked, id=9640, stack(0x0000008049900000,0x0000008049a00000)]
  0x000001c9dd70ac00 JavaThread "SCR Component Actor" daemon [_thread_blocked, id=4644, stack(0x0000008049a00000,0x0000008049b00000)]
  0x000001c9dd5749a0 JavaThread "Worker-JM" [_thread_blocked, id=18768, stack(0x0000008049c00000,0x0000008049d00000)]
  0x000001c9dd571c10 JavaThread "Worker-0" [_thread_blocked, id=7716, stack(0x0000008049500000,0x0000008049600000)]
  0x000001c9dd573560 JavaThread "Worker-1" [_thread_blocked, id=19720, stack(0x0000008049d00000,0x0000008049e00000)]
  0x000001c9dd571700 JavaThread "Java indexing" daemon [_thread_blocked, id=9444, stack(0x0000008049f00000,0x000000804a000000)]
  0x000001c9dd572630 JavaThread "JNA Cleaner" daemon [_thread_blocked, id=22148, stack(0x000000804a000000,0x000000804a100000)]
  0x000001c9dd5711f0 JavaThread "pool-2-thread-1" [_thread_blocked, id=9860, stack(0x000000804a300000,0x000000804a400000)]
  0x000001c9dd574490 JavaThread "WorkspaceEventsHandler" [_thread_blocked, id=18572, stack(0x000000804a400000,0x000000804a500000)]
  0x000001c9dd573a70 JavaThread "pool-1-thread-1" [_thread_in_native, id=3056, stack(0x000000804a500000,0x000000804a600000)]
  0x000001c9dd573f80 JavaThread "Worker-2" [_thread_blocked, id=6960, stack(0x000000804a600000,0x000000804a700000)]
  0x000001c9dfe10690 JavaThread "Worker-3" [_thread_blocked, id=16884, stack(0x000000804a700000,0x000000804a800000)]
  0x000001c9dfe0fc70 JavaThread "ForkJoinPool.commonPool-worker-1" daemon [_thread_blocked, id=6520, stack(0x000000804a800000,0x000000804a900000)]
  0x000001c9dfe11fe0 JavaThread "ForkJoinPool.commonPool-worker-2" daemon [_thread_blocked, id=10080, stack(0x000000804a900000,0x000000804aa00000)]
  0x000001c9dfe11ad0 JavaThread "ForkJoinPool.commonPool-worker-3" daemon [_thread_blocked, id=18608, stack(0x0000008049b00000,0x0000008049c00000)]
  0x000001c9dfe12a00 JavaThread "ForkJoinPool.commonPool-worker-4" daemon [_thread_blocked, id=9932, stack(0x000000804aa00000,0x000000804ab00000)]
  0x000001c9dfe12f10 JavaThread "ForkJoinPool.commonPool-worker-5" daemon [_thread_blocked, id=6148, stack(0x000000804ab00000,0x000000804ac00000)]
  0x000001c9dfe124f0 JavaThread "Worker-4" [_thread_blocked, id=18040, stack(0x000000804ad00000,0x000000804ae00000)]
  0x000001c9dfe110b0 JavaThread "Java Debug Server" daemon [_thread_in_native, id=11824, stack(0x0000008047e00000,0x0000008047f00000)]
  0x000001c9dfe0bfb0 JavaThread "pool-3-thread-1" [_thread_in_native, id=21916, stack(0x0000008049e00000,0x0000008049f00000)]
  0x000001c9dfe0c4c0 JavaThread "RxSchedulerPurge-1" daemon [_thread_blocked, id=20844, stack(0x000000804ac00000,0x000000804ad00000)]
  0x000001c9dfe115c0 JavaThread "RxCachedWorkerPoolEvictor-1" daemon [_thread_blocked, id=6484, stack(0x000000804ae00000,0x000000804af00000)]
  0x000001c9dfe0de10 JavaThread "RxNewThreadScheduler-1" daemon [_thread_blocked, id=23072, stack(0x000000804b000000,0x000000804b100000)]
  0x000001c9dfe13930 JavaThread "process reaper (pid 3784)" daemon [_thread_in_native, id=6740, stack(0x0000008047b30000,0x0000008047b50000)]
  0x000001c9e002b530 JavaThread "C2 CompilerThread1" daemon [_thread_blocked, id=14200, stack(0x000000804af00000,0x000000804b000000)]

Other Threads:
  0x000001c9d6f0ead0 VMThread "VM Thread" [stack: 0x0000008048300000,0x0000008048400000] [id=9536]
  0x000001c9dc9e3ef0 WatcherThread [stack: 0x0000008049000000,0x0000008049100000] [id=10132]
  0x000001c9c30b0ea0 GCTaskThread "GC Thread#0" [stack: 0x0000008048200000,0x0000008048300000] [id=7472]
  0x000001c9dcc381a0 GCTaskThread "GC Thread#1" [stack: 0x0000008048e00000,0x0000008048f00000] [id=10176]
  0x000001c9dd0e3120 GCTaskThread "GC Thread#2" [stack: 0x0000008049100000,0x0000008049200000] [id=14284]
  0x000001c9dd0e33e0 GCTaskThread "GC Thread#3" [stack: 0x0000008049200000,0x0000008049300000] [id=9748]
  0x000001c9dcf70e60 GCTaskThread "GC Thread#4" [stack: 0x0000008049300000,0x0000008049400000] [id=9756]
  0x000001c9dcf71120 GCTaskThread "GC Thread#5" [stack: 0x0000008049400000,0x0000008049500000] [id=9764]

Threads with active compile tasks:
C2 CompilerThread0    37806 10187       4       org.eclipse.jdt.core.dom.ASTNode::accept (40 bytes)

VM state: not at safepoint (normal execution)

VM Mutex/Monitor currently owned by a thread: None

Heap address: 0x00000000c0000000, size: 1024 MB, Compressed Oops mode: 32-bit

CDS archive(s) not mapped
Compressed class space mapped at: 0x0000000100000000-0x0000000140000000, reserved size: 1073741824
Narrow klass base: 0x0000000000000000, Narrow klass shift: 3, Narrow klass range: 0x140000000

GC Precious Log:
 CPUs: 6 total, 6 available
 Memory: 8038M
 Large Page Support: Disabled
 NUMA Support: Disabled
 Compressed Oops: Enabled (32-bit)
 Alignments: Space 512K, Generation 512K, Heap 2M
 Heap Min Capacity: 100M
 Heap Initial Capacity: 100M
 Heap Max Capacity: 1G
 Pre-touch: Disabled
 Parallel Workers: 6

Heap:
 PSYoungGen      total 16896K, used 16856K [0x00000000eab00000, 0x00000000ec300000, 0x0000000100000000)
  eden space 12288K, 99% used [0x00000000eab00000,0x00000000eb6f7ef0,0x00000000eb700000)
  from space 4608K, 99% used [0x00000000ebd80000,0x00000000ec1fe3d0,0x00000000ec200000)
  to   space 6144K, 0% used [0x00000000eb700000,0x00000000eb700000,0x00000000ebd00000)
 ParOldGen       total 119808K, used 94973K [0x00000000c0000000, 0x00000000c7500000, 0x00000000eab00000)
  object space 119808K, 79% used [0x00000000c0000000,0x00000000c5cbf400,0x00000000c7500000)
 Metaspace       used 74479K, committed 75840K, reserved 1179648K
  class space    used 7900K, committed 8512K, reserved 1048576K

Card table byte_map: [0x000001c9c2a40000,0x000001c9c2c50000] _byte_map_base: 0x000001c9c2440000

Marking Bits: (ParMarkBitMap*) 0x00007fffffb0d0b0
 Begin Bits: [0x000001c9d4d40000, 0x000001c9d5d40000)
 End Bits:   [0x000001c9d5d40000, 0x000001c9d6d40000)

Polling page: 0x000001c9c0fc0000

Metaspace:

Usage:
  Non-class:     65.02 MB used.
      Class:      7.72 MB used.
       Both:     72.73 MB used.

Virtual space:
  Non-class space:      128.00 MB reserved,      65.75 MB ( 51%) committed,  2 nodes.
      Class space:        1.00 GB reserved,       8.31 MB ( <1%) committed,  1 nodes.
             Both:        1.12 GB reserved,      74.06 MB (  6%) committed. 

Chunk freelists:
   Non-Class:  14.06 MB
       Class:  7.54 MB
        Both:  21.60 MB

MaxMetaspaceSize: unlimited
CompressedClassSpaceSize: 1.00 GB
Initial GC threshold: 21.00 MB
Current GC threshold: 117.31 MB
CDS: off
MetaspaceReclaimPolicy: balanced
 - commit_granule_bytes: 65536.
 - commit_granule_words: 8192.
 - virtual_space_node_default_size: 8388608.
 - enlarge_chunks_in_place: 1.
 - new_chunks_are_fully_committed: 0.
 - uncommit_free_chunks: 1.
 - use_allocation_guard: 0.
 - handle_deallocations: 1.


Internal statistics:

num_allocs_failed_limit: 9.
num_arena_births: 748.
num_arena_deaths: 14.
num_vsnodes_births: 3.
num_vsnodes_deaths: 0.
num_space_committed: 1185.
num_space_uncommitted: 0.
num_chunks_returned_to_freelist: 23.
num_chunks_taken_from_freelist: 3746.
num_chunk_merges: 15.
num_chunk_splits: 2411.
num_chunks_enlarged: 1521.
num_inconsistent_stats: 0.

CodeHeap 'non-profiled nmethods': size=120000Kb used=4443Kb max_used=4774Kb free=115556Kb
 bounds [0x000001c9cd810000, 0x000001c9cdcc0000, 0x000001c9d4d40000]
CodeHeap 'profiled nmethods': size=120000Kb used=17109Kb max_used=19129Kb free=102890Kb
 bounds [0x000001c9c5d40000, 0x000001c9c6ff0000, 0x000001c9cd270000]
CodeHeap 'non-nmethods': size=5760Kb used=1393Kb max_used=1517Kb free=4366Kb
 bounds [0x000001c9cd270000, 0x000001c9cd4e0000, 0x000001c9cd810000]
 total_blobs=8946 nmethods=8200 adapters=657
 compilation: enabled
              stopped_count=0, restarted_count=0
 full_count=0

Compilation events (20 events):
Event: 37.742 Thread 0x000001c9dc7a50a0 nmethod 10193 0x000001c9c6ae8610 code [0x000001c9c6ae8860, 0x000001c9c6ae8ea8]
Event: 37.742 Thread 0x000001c9dc7a50a0 10194       3       org.eclipse.core.runtime.Path::makeRelative (32 bytes)
Event: 37.742 Thread 0x000001c9dc7a50a0 nmethod 10194 0x000001c9c6a4ba10 code [0x000001c9c6a4bbc0, 0x000001c9c6a4bea8]
Event: 37.742 Thread 0x000001c9dc7a50a0 10196       3       org.eclipse.core.filesystem.provider.FileInfo::isDirectory (6 bytes)
Event: 37.743 Thread 0x000001c9dc7a50a0 nmethod 10196 0x000001c9c6c89290 code [0x000001c9c6c89420, 0x000001c9c6c895f8]
Event: 37.743 Thread 0x000001c9dc7a50a0 10197   !   3       org.eclipse.jdt.internal.core.AbstractClassFile::validateClassFile (66 bytes)
Event: 37.743 Thread 0x000001c9dc7a50a0 nmethod 10197 0x000001c9c6aa9c10 code [0x000001c9c6aa9fe0, 0x000001c9c6aabc38]
Event: 37.744 Thread 0x000001c9dc7a50a0 10200       3       org.eclipse.jdt.internal.compiler.lookup.ReferenceBinding::signature (29 bytes)
Event: 37.744 Thread 0x000001c9dc7a50a0 nmethod 10200 0x000001c9c6a69b90 code [0x000001c9c6a69d40, 0x000001c9c6a69fd8]
Event: 37.744 Thread 0x000001c9e002b530 10199   !   4       org.eclipse.jdt.internal.core.JavaModelManager::getPerProjectInfo (62 bytes)
Event: 37.744 Thread 0x000001c9dc7a50a0 10198       3       org.eclipse.jdt.core.dom.ASTVisitor::endVisit (1 bytes)
Event: 37.744 Thread 0x000001c9dc7a50a0 nmethod 10198 0x000001c9c6aca410 code [0x000001c9c6aca5a0, 0x000001c9c6aca6b8]
Event: 37.744 Thread 0x000001c9dc7a50a0 10201       1       org.eclipse.jdt.internal.core.PackageFragmentRootInfo::getSourceMapper (5 bytes)
Event: 37.744 Thread 0x000001c9dc7a50a0 nmethod 10201 0x000001c9cdbc5410 code [0x000001c9cdbc55a0, 0x000001c9cdbc5678]
Event: 37.748 Thread 0x000001c9e002b530 nmethod 10199 0x000001c9cd9bb510 code [0x000001c9cd9bb6c0, 0x000001c9cd9bbdf8]
Event: 37.748 Thread 0x000001c9e002b530 10186       4       lombok.launch.PatchFixesHider$PatchFixes::isBlockedVisitorAndGenerated (59 bytes)
Event: 37.766 Thread 0x000001c9dc789730 nmethod 10190 0x000001c9cd9b4e90 code [0x000001c9cd9b5120, 0x000001c9cd9b9ab8]
Event: 37.766 Thread 0x000001c9dc789730 10187       4       org.eclipse.jdt.core.dom.ASTNode::accept (40 bytes)
Event: 37.772 Thread 0x000001c9e002b530 nmethod 10186 0x000001c9cd9b3390 code [0x000001c9cd9b35c0, 0x000001c9cd9b4450]
Event: 37.772 Thread 0x000001c9e002b530 10195   !   4       java.util.regex.Pattern::matcher (44 bytes)

GC Heap History (20 events):
Event: 25.092 GC heap before
{Heap before GC invocations=118 (full 6):
 PSYoungGen      total 12288K, used 12000K [0x00000000eab00000, 0x00000000eba00000, 0x0000000100000000)
  eden space 10752K, 100% used [0x00000000eab00000,0x00000000eb580000,0x00000000eb580000)
  from space 1536K, 81% used [0x00000000eb880000,0x00000000eb9b8040,0x00000000eba00000)
  to   space 2048K, 0% used [0x00000000eb600000,0x00000000eb600000,0x00000000eb800000)
 ParOldGen       total 119808K, used 83153K [0x00000000c0000000, 0x00000000c7500000, 0x00000000eab00000)
  object space 119808K, 69% used [0x00000000c0000000,0x00000000c51344d0,0x00000000c7500000)
 Metaspace       used 71027K, committed 72256K, reserved 1114112K
  class space    used 7411K, committed 7936K, reserved 1048576K
}
Event: 25.093 GC heap after
{Heap after GC invocations=118 (full 6):
 PSYoungGen      total 12288K, used 1392K [0x00000000eab00000, 0x00000000eb900000, 0x0000000100000000)
  eden space 10752K, 0% used [0x00000000eab00000,0x00000000eab00000,0x00000000eb580000)
  from space 1536K, 90% used [0x00000000eb600000,0x00000000eb75c230,0x00000000eb780000)
  to   space 1536K, 0% used [0x00000000eb780000,0x00000000eb780000,0x00000000eb900000)
 ParOldGen       total 119808K, used 85023K [0x00000000c0000000, 0x00000000c7500000, 0x00000000eab00000)
  object space 119808K, 70% used [0x00000000c0000000,0x00000000c5307f70,0x00000000c7500000)
 Metaspace       used 71027K, committed 72256K, reserved 1114112K
  class space    used 7411K, committed 7936K, reserved 1048576K
}
Event: 25.107 GC heap before
{Heap before GC invocations=119 (full 6):
 PSYoungGen      total 12288K, used 11101K [0x00000000eab00000, 0x00000000eb900000, 0x0000000100000000)
  eden space 10752K, 90% used [0x00000000eab00000,0x00000000eb47b2e8,0x00000000eb580000)
  from space 1536K, 90% used [0x00000000eb600000,0x00000000eb75c230,0x00000000eb780000)
  to   space 1536K, 0% used [0x00000000eb780000,0x00000000eb780000,0x00000000eb900000)
 ParOldGen       total 119808K, used 85023K [0x00000000c0000000, 0x00000000c7500000, 0x00000000eab00000)
  object space 119808K, 70% used [0x00000000c0000000,0x00000000c5307f70,0x00000000c7500000)
 Metaspace       used 71030K, committed 72256K, reserved 1114112K
  class space    used 7411K, committed 7936K, reserved 1048576K
}
Event: 25.109 GC heap after
{Heap after GC invocations=119 (full 6):
 PSYoungGen      total 11776K, used 1505K [0x00000000eab00000, 0x00000000eba80000, 0x0000000100000000)
  eden space 10240K, 0% used [0x00000000eab00000,0x00000000eab00000,0x00000000eb500000)
  from space 1536K, 98% used [0x00000000eb780000,0x00000000eb8f85e0,0x00000000eb900000)
  to   space 2560K, 0% used [0x00000000eb500000,0x00000000eb500000,0x00000000eb780000)
 ParOldGen       total 119808K, used 85783K [0x00000000c0000000, 0x00000000c7500000, 0x00000000eab00000)
  object space 119808K, 71% used [0x00000000c0000000,0x00000000c53c5f70,0x00000000c7500000)
 Metaspace       used 71030K, committed 72256K, reserved 1114112K
  class space    used 7411K, committed 7936K, reserved 1048576K
}
Event: 25.137 GC heap before
{Heap before GC invocations=120 (full 6):
 PSYoungGen      total 11776K, used 11745K [0x00000000eab00000, 0x00000000eba80000, 0x0000000100000000)
  eden space 10240K, 100% used [0x00000000eab00000,0x00000000eb500000,0x00000000eb500000)
  from space 1536K, 98% used [0x00000000eb780000,0x00000000eb8f85e0,0x00000000eb900000)
  to   space 2560K, 0% used [0x00000000eb500000,0x00000000eb500000,0x00000000eb780000)
 ParOldGen       total 119808K, used 85783K [0x00000000c0000000, 0x00000000c7500000, 0x00000000eab00000)
  object space 119808K, 71% used [0x00000000c0000000,0x00000000c53c5f70,0x00000000c7500000)
 Metaspace       used 71035K, committed 72256K, reserved 1114112K
  class space    used 7411K, committed 7936K, reserved 1048576K
}
Event: 25.138 GC heap after
{Heap after GC invocations=120 (full 6):
 PSYoungGen      total 12800K, used 2542K [0x00000000eab00000, 0x00000000ebd00000, 0x0000000100000000)
  eden space 10240K, 0% used [0x00000000eab00000,0x00000000eab00000,0x00000000eb500000)
  from space 2560K, 99% used [0x00000000eb500000,0x00000000eb77b8a0,0x00000000eb780000)
  to   space 4096K, 0% used [0x00000000eb900000,0x00000000eb900000,0x00000000ebd00000)
 ParOldGen       total 119808K, used 86995K [0x00000000c0000000, 0x00000000c7500000, 0x00000000eab00000)
  object space 119808K, 72% used [0x00000000c0000000,0x00000000c54f4f70,0x00000000c7500000)
 Metaspace       used 71035K, committed 72256K, reserved 1114112K
  class space    used 7411K, committed 7936K, reserved 1048576K
}
Event: 25.161 GC heap before
{Heap before GC invocations=121 (full 6):
 PSYoungGen      total 12800K, used 12782K [0x00000000eab00000, 0x00000000ebd00000, 0x0000000100000000)
  eden space 10240K, 100% used [0x00000000eab00000,0x00000000eb500000,0x00000000eb500000)
  from space 2560K, 99% used [0x00000000eb500000,0x00000000eb77b8a0,0x00000000eb780000)
  to   space 4096K, 0% used [0x00000000eb900000,0x00000000eb900000,0x00000000ebd00000)
 ParOldGen       total 119808K, used 86995K [0x00000000c0000000, 0x00000000c7500000, 0x00000000eab00000)
  object space 119808K, 72% used [0x00000000c0000000,0x00000000c54f4f70,0x00000000c7500000)
 Metaspace       used 71054K, committed 72320K, reserved 1114112K
  class space    used 7411K, committed 7936K, reserved 1048576K
}
Event: 25.162 GC heap after
{Heap after GC invocations=121 (full 6):
 PSYoungGen      total 13312K, used 2856K [0x00000000eab00000, 0x00000000ebc00000, 0x0000000100000000)
  eden space 10240K, 0% used [0x00000000eab00000,0x00000000eab00000,0x00000000eb500000)
  from space 3072K, 92% used [0x00000000eb900000,0x00000000ebbca018,0x00000000ebc00000)
  to   space 3584K, 0% used [0x00000000eb500000,0x00000000eb500000,0x00000000eb880000)
 ParOldGen       total 119808K, used 87059K [0x00000000c0000000, 0x00000000c7500000, 0x00000000eab00000)
  object space 119808K, 72% used [0x00000000c0000000,0x00000000c5504f70,0x00000000c7500000)
 Metaspace       used 71054K, committed 72320K, reserved 1114112K
  class space    used 7411K, committed 7936K, reserved 1048576K
}
Event: 25.170 GC heap before
{Heap before GC invocations=122 (full 6):
 PSYoungGen      total 13312K, used 11913K [0x00000000eab00000, 0x00000000ebc00000, 0x0000000100000000)
  eden space 10240K, 88% used [0x00000000eab00000,0x00000000eb3d8720,0x00000000eb500000)
  from space 3072K, 92% used [0x00000000eb900000,0x00000000ebbca018,0x00000000ebc00000)
  to   space 3584K, 0% used [0x00000000eb500000,0x00000000eb500000,0x00000000eb880000)
 ParOldGen       total 119808K, used 87059K [0x00000000c0000000, 0x00000000c7500000, 0x00000000eab00000)
  object space 119808K, 72% used [0x00000000c0000000,0x00000000c5504f70,0x00000000c7500000)
 Metaspace       used 71055K, committed 72320K, reserved 1114112K
  class space    used 7411K, committed 7936K, reserved 1048576K
}
Event: 25.172 GC heap after
{Heap after GC invocations=122 (full 6):
 PSYoungGen      total 13824K, used 3569K [0x00000000eab00000, 0x00000000ebf00000, 0x0000000100000000)
  eden space 10240K, 0% used [0x00000000eab00000,0x00000000eab00000,0x00000000eb500000)
  from space 3584K, 99% used [0x00000000eb500000,0x00000000eb87c508,0x00000000eb880000)
  to   space 5120K, 0% used [0x00000000eba00000,0x00000000eba00000,0x00000000ebf00000)
 ParOldGen       total 119808K, used 88215K [0x00000000c0000000, 0x00000000c7500000, 0x00000000eab00000)
  object space 119808K, 73% used [0x00000000c0000000,0x00000000c5625c80,0x00000000c7500000)
 Metaspace       used 71055K, committed 72320K, reserved 1114112K
  class space    used 7411K, committed 7936K, reserved 1048576K
}
Event: 25.183 GC heap before
{Heap before GC invocations=123 (full 6):
 PSYoungGen      total 13824K, used 13799K [0x00000000eab00000, 0x00000000ebf00000, 0x0000000100000000)
  eden space 10240K, 99% used [0x00000000eab00000,0x00000000eb4fd758,0x00000000eb500000)
  from space 3584K, 99% used [0x00000000eb500000,0x00000000eb87c508,0x00000000eb880000)
  to   space 5120K, 0% used [0x00000000eba00000,0x00000000eba00000,0x00000000ebf00000)
 ParOldGen       total 119808K, used 88215K [0x00000000c0000000, 0x00000000c7500000, 0x00000000eab00000)
  object space 119808K, 73% used [0x00000000c0000000,0x00000000c5625c80,0x00000000c7500000)
 Metaspace       used 71055K, committed 72320K, reserved 1114112K
  class space    used 7411K, committed 7936K, reserved 1048576K
}
Event: 25.186 GC heap after
{Heap after GC invocations=123 (full 6):
 PSYoungGen      total 14848K, used 4347K [0x00000000eab00000, 0x00000000ebe80000, 0x0000000100000000)
  eden space 10240K, 0% used [0x00000000eab00000,0x00000000eab00000,0x00000000eb500000)
  from space 4608K, 94% used [0x00000000eba00000,0x00000000ebe3efb0,0x00000000ebe80000)
  to   space 4608K, 0% used [0x00000000eb580000,0x00000000eb580000,0x00000000eba00000)
 ParOldGen       total 119808K, used 88247K [0x00000000c0000000, 0x00000000c7500000, 0x00000000eab00000)
  object space 119808K, 73% used [0x00000000c0000000,0x00000000c562dc80,0x00000000c7500000)
 Metaspace       used 71055K, committed 72320K, reserved 1114112K
  class space    used 7411K, committed 7936K, reserved 1048576K
}
Event: 25.198 GC heap before
{Heap before GC invocations=124 (full 6):
 PSYoungGen      total 14848K, used 14395K [0x00000000eab00000, 0x00000000ebe80000, 0x0000000100000000)
  eden space 10240K, 98% used [0x00000000eab00000,0x00000000eb4cfff0,0x00000000eb500000)
  from space 4608K, 94% used [0x00000000eba00000,0x00000000ebe3efb0,0x00000000ebe80000)
  to   space 4608K, 0% used [0x00000000eb580000,0x00000000eb580000,0x00000000eba00000)
 ParOldGen       total 119808K, used 88247K [0x00000000c0000000, 0x00000000c7500000, 0x00000000eab00000)
  object space 119808K, 73% used [0x00000000c0000000,0x00000000c562dc80,0x00000000c7500000)
 Metaspace       used 71061K, committed 72320K, reserved 1114112K
  class space    used 7411K, committed 7936K, reserved 1048576K
}
Event: 25.201 GC heap after
{Heap after GC invocations=124 (full 6):
 PSYoungGen      total 15360K, used 4603K [0x00000000eab00000, 0x00000000ecc80000, 0x0000000100000000)
  eden space 10752K, 0% used [0x00000000eab00000,0x00000000eab00000,0x00000000eb580000)
  from space 4608K, 99% used [0x00000000eb580000,0x00000000eb9fed90,0x00000000eba00000)
  to   space 11264K, 0% used [0x00000000ec180000,0x00000000ec180000,0x00000000ecc80000)
 ParOldGen       total 119808K, used 93883K [0x00000000c0000000, 0x00000000c7500000, 0x00000000eab00000)
  object space 119808K, 78% used [0x00000000c0000000,0x00000000c5baec60,0x00000000c7500000)
 Metaspace       used 71061K, committed 72320K, reserved 1114112K
  class space    used 7411K, committed 7936K, reserved 1048576K
}
Event: 25.217 GC heap before
{Heap before GC invocations=125 (full 6):
 PSYoungGen      total 15360K, used 14555K [0x00000000eab00000, 0x00000000ecc80000, 0x0000000100000000)
  eden space 10752K, 92% used [0x00000000eab00000,0x00000000eb4b7f90,0x00000000eb580000)
  from space 4608K, 99% used [0x00000000eb580000,0x00000000eb9fed90,0x00000000eba00000)
  to   space 11264K, 0% used [0x00000000ec180000,0x00000000ec180000,0x00000000ecc80000)
 ParOldGen       total 119808K, used 93883K [0x00000000c0000000, 0x00000000c7500000, 0x00000000eab00000)
  object space 119808K, 78% used [0x00000000c0000000,0x00000000c5baec60,0x00000000c7500000)
 Metaspace       used 71067K, committed 72320K, reserved 1114112K
  class space    used 7411K, committed 7936K, reserved 1048576K
}
Event: 25.220 GC heap after
{Heap after GC invocations=125 (full 6):
 PSYoungGen      total 17408K, used 4646K [0x00000000eab00000, 0x00000000ec680000, 0x0000000100000000)
  eden space 12288K, 0% used [0x00000000eab00000,0x00000000eab00000,0x00000000eb700000)
  from space 5120K, 90% used [0x00000000ec180000,0x00000000ec609a18,0x00000000ec680000)
  to   space 7168K, 0% used [0x00000000eb880000,0x00000000eb880000,0x00000000ebf80000)
 ParOldGen       total 119808K, used 93915K [0x00000000c0000000, 0x00000000c7500000, 0x00000000eab00000)
  object space 119808K, 78% used [0x00000000c0000000,0x00000000c5bb6c60,0x00000000c7500000)
 Metaspace       used 71067K, committed 72320K, reserved 1114112K
  class space    used 7411K, committed 7936K, reserved 1048576K
}
Event: 33.468 GC heap before
{Heap before GC invocations=126 (full 6):
 PSYoungGen      total 17408K, used 16934K [0x00000000eab00000, 0x00000000ec680000, 0x0000000100000000)
  eden space 12288K, 100% used [0x00000000eab00000,0x00000000eb700000,0x00000000eb700000)
  from space 5120K, 90% used [0x00000000ec180000,0x00000000ec609a18,0x00000000ec680000)
  to   space 7168K, 0% used [0x00000000eb880000,0x00000000eb880000,0x00000000ebf80000)
 ParOldGen       total 119808K, used 93915K [0x00000000c0000000, 0x00000000c7500000, 0x00000000eab00000)
  object space 119808K, 78% used [0x00000000c0000000,0x00000000c5bb6c60,0x00000000c7500000)
 Metaspace       used 71471K, committed 72832K, reserved 1114112K
  class space    used 7482K, committed 8064K, reserved 1048576K
}
Event: 33.471 GC heap after
{Heap after GC invocations=126 (full 6):
 PSYoungGen      total 16384K, used 3916K [0x00000000eab00000, 0x00000000ec200000, 0x0000000100000000)
  eden space 12288K, 0% used [0x00000000eab00000,0x00000000eab00000,0x00000000eb700000)
  from space 4096K, 95% used [0x00000000eb880000,0x00000000ebc53220,0x00000000ebc80000)
  to   space 4608K, 0% used [0x00000000ebd80000,0x00000000ebd80000,0x00000000ec200000)
 ParOldGen       total 119808K, used 93971K [0x00000000c0000000, 0x00000000c7500000, 0x00000000eab00000)
  object space 119808K, 78% used [0x00000000c0000000,0x00000000c5bc4c60,0x00000000c7500000)
 Metaspace       used 71471K, committed 72832K, reserved 1114112K
  class space    used 7482K, committed 8064K, reserved 1048576K
}
Event: 33.608 GC heap before
{Heap before GC invocations=127 (full 6):
 PSYoungGen      total 16384K, used 16204K [0x00000000eab00000, 0x00000000ec200000, 0x0000000100000000)
  eden space 12288K, 100% used [0x00000000eab00000,0x00000000eb700000,0x00000000eb700000)
  from space 4096K, 95% used [0x00000000eb880000,0x00000000ebc53220,0x00000000ebc80000)
  to   space 4608K, 0% used [0x00000000ebd80000,0x00000000ebd80000,0x00000000ec200000)
 ParOldGen       total 119808K, used 93971K [0x00000000c0000000, 0x00000000c7500000, 0x00000000eab00000)
  object space 119808K, 78% used [0x00000000c0000000,0x00000000c5bc4c60,0x00000000c7500000)
 Metaspace       used 73235K, committed 74496K, reserved 1179648K
  class space    used 7688K, committed 8192K, reserved 1048576K
}
Event: 33.610 GC heap after
{Heap after GC invocations=127 (full 6):
 PSYoungGen      total 16896K, used 4600K [0x00000000eab00000, 0x00000000ec300000, 0x0000000100000000)
  eden space 12288K, 0% used [0x00000000eab00000,0x00000000eab00000,0x00000000eb700000)
  from space 4608K, 99% used [0x00000000ebd80000,0x00000000ec1fe3d0,0x00000000ec200000)
  to   space 6144K, 0% used [0x00000000eb700000,0x00000000eb700000,0x00000000ebd00000)
 ParOldGen       total 119808K, used 94973K [0x00000000c0000000, 0x00000000c7500000, 0x00000000eab00000)
  object space 119808K, 79% used [0x00000000c0000000,0x00000000c5cbf400,0x00000000c7500000)
 Metaspace       used 73235K, committed 74496K, reserved 1179648K
  class space    used 7688K, committed 8192K, reserved 1048576K
}

Dll operation events (10 events):
Event: 0.009 Loaded shared library c:\Users\student\.vscode\extensions\redhat.java-1.26.0-win32-x64\jre\17.0.9-win32-x86_64\bin\java.dll
Event: 0.250 Loaded shared library c:\Users\student\.vscode\extensions\redhat.java-1.26.0-win32-x64\jre\17.0.9-win32-x86_64\bin\zip.dll
Event: 0.259 Loaded shared library C:\Users\student\.vscode\extensions\redhat.java-1.26.0-win32-x64\jre\17.0.9-win32-x86_64\bin\instrument.dll
Event: 0.283 Loaded shared library C:\Users\student\.vscode\extensions\redhat.java-1.26.0-win32-x64\jre\17.0.9-win32-x86_64\bin\net.dll
Event: 0.295 Loaded shared library C:\Users\student\.vscode\extensions\redhat.java-1.26.0-win32-x64\jre\17.0.9-win32-x86_64\bin\nio.dll
Event: 0.301 Loaded shared library C:\Users\student\.vscode\extensions\redhat.java-1.26.0-win32-x64\jre\17.0.9-win32-x86_64\bin\zip.dll
Event: 0.322 Loaded shared library C:\Users\student\.vscode\extensions\redhat.java-1.26.0-win32-x64\jre\17.0.9-win32-x86_64\bin\jimage.dll
Event: 0.401 Loaded shared library c:\Users\student\.vscode\extensions\redhat.java-1.26.0-win32-x64\jre\17.0.9-win32-x86_64\bin\verify.dll
Event: 1.943 Loaded shared library C:\Users\student\AppData\Roaming\Code\User\globalStorage\redhat.java\1.26.0\config_win\org.eclipse.equinox.launcher\org.eclipse.equinox.launcher.win32.win32.x86_64_1.2.800.v20231003-1442\eclipse_11802.dll
Event: 4.141 Loaded shared library C:\Users\student\AppData\Local\Temp\jna--1879145925\jna13613344308225185807.dll

Deoptimization events (20 events):
Event: 33.693 Thread 0x000001c9dfe0de10 Uncommon trap: trap_request=0xffffffde fr.pc=0x000001c9cdac02b8 relative=0x0000000000003838
Event: 33.693 Thread 0x000001c9dfe0de10 Uncommon trap: reason=class_check action=maybe_recompile pc=0x000001c9cdac02b8 method=com.google.gson.internal.bind.ArrayTypeAdapter.read(Lcom/google/gson/stream/JsonReader;)Ljava/lang/Object; @ 1 c2
Event: 33.693 Thread 0x000001c9dfe0de10 DEOPT PACKING pc=0x000001c9cdac02b8 sp=0x000000804b0fec70
Event: 33.693 Thread 0x000001c9dfe0de10 DEOPT UNPACKING pc=0x000001c9cd2c66a3 sp=0x000000804b0fecf0 mode 2
Event: 33.693 Thread 0x000001c9dfe0de10 Uncommon trap: trap_request=0xffffffde fr.pc=0x000001c9cd9a7ff8 relative=0x0000000000000218
Event: 33.693 Thread 0x000001c9dfe0de10 Uncommon trap: reason=class_check action=maybe_recompile pc=0x000001c9cd9a7ff8 method=com.google.gson.internal.bind.TypeAdapters$15.read(Lcom/google/gson/stream/JsonReader;)Ljava/lang/String; @ 1 c2
Event: 33.693 Thread 0x000001c9dfe0de10 DEOPT PACKING pc=0x000001c9cd9a7ff8 sp=0x000000804b0fece0
Event: 33.693 Thread 0x000001c9dfe0de10 DEOPT UNPACKING pc=0x000001c9cd2c66a3 sp=0x000000804b0feba8 mode 2
Event: 33.701 Thread 0x000001c9dfe0de10 Uncommon trap: trap_request=0xffffffde fr.pc=0x000001c9cd9961bc relative=0x000000000000003c
Event: 33.701 Thread 0x000001c9dfe0de10 Uncommon trap: reason=class_check action=maybe_recompile pc=0x000001c9cd9961bc method=java.lang.StringConcatHelper.stringOf(Ljava/lang/Object;)Ljava/lang/String; @ 5 c2
Event: 33.701 Thread 0x000001c9dfe0de10 DEOPT PACKING pc=0x000001c9cd9961bc sp=0x000000804b0feaa0
Event: 33.701 Thread 0x000001c9dfe0de10 DEOPT UNPACKING pc=0x000001c9cd2c66a3 sp=0x000000804b0fea30 mode 2
Event: 33.701 Thread 0x000001c9dfe0de10 Uncommon trap: trap_request=0xffffffde fr.pc=0x000001c9cd9961bc relative=0x000000000000003c
Event: 33.701 Thread 0x000001c9dfe0de10 Uncommon trap: reason=class_check action=maybe_recompile pc=0x000001c9cd9961bc method=java.lang.StringConcatHelper.stringOf(Ljava/lang/Object;)Ljava/lang/String; @ 5 c2
Event: 33.701 Thread 0x000001c9dfe0de10 DEOPT PACKING pc=0x000001c9cd9961bc sp=0x000000804b0feaa0
Event: 33.701 Thread 0x000001c9dfe0de10 DEOPT UNPACKING pc=0x000001c9cd2c66a3 sp=0x000000804b0fea30 mode 2
Event: 33.701 Thread 0x000001c9dfe0de10 Uncommon trap: trap_request=0xffffffde fr.pc=0x000001c9cd9961bc relative=0x000000000000003c
Event: 33.701 Thread 0x000001c9dfe0de10 Uncommon trap: reason=class_check action=maybe_recompile pc=0x000001c9cd9961bc method=java.lang.StringConcatHelper.stringOf(Ljava/lang/Object;)Ljava/lang/String; @ 5 c2
Event: 33.701 Thread 0x000001c9dfe0de10 DEOPT PACKING pc=0x000001c9cd9961bc sp=0x000000804b0feaa0
Event: 33.701 Thread 0x000001c9dfe0de10 DEOPT UNPACKING pc=0x000001c9cd2c66a3 sp=0x000000804b0fea30 mode 2

Classes unloaded (7 events):
Event: 3.067 Thread 0x000001c9d6f0ead0 Unloading class 0x000000010024e400 'java/lang/invoke/LambdaForm$MH+0x000000010024e400'
Event: 3.067 Thread 0x000001c9d6f0ead0 Unloading class 0x000000010024e000 'java/lang/invoke/LambdaForm$MH+0x000000010024e000'
Event: 3.067 Thread 0x000001c9d6f0ead0 Unloading class 0x000000010024dc00 'java/lang/invoke/LambdaForm$MH+0x000000010024dc00'
Event: 3.067 Thread 0x000001c9d6f0ead0 Unloading class 0x000000010024d800 'java/lang/invoke/LambdaForm$MH+0x000000010024d800'
Event: 3.067 Thread 0x000001c9d6f0ead0 Unloading class 0x000000010024d400 'java/lang/invoke/LambdaForm$BMH+0x000000010024d400'
Event: 3.067 Thread 0x000001c9d6f0ead0 Unloading class 0x000000010024d000 'java/lang/invoke/LambdaForm$DMH+0x000000010024d000'
Event: 3.067 Thread 0x000001c9d6f0ead0 Unloading class 0x0000000100248400 'java/lang/invoke/LambdaForm$DMH+0x0000000100248400'

Classes redefined (0 events):
No events

Internal exceptions (20 events):
Event: 33.710 Thread 0x000001c9dfe0de10 Exception <a 'sun/nio/fs/WindowsException'{0x00000000eb481518}> (0x00000000eb481518) 
thrown [s\src\hotspot\share\prims\jni.cpp, line 516]
Event: 33.710 Thread 0x000001c9dfe0de10 Exception <a 'sun/nio/fs/WindowsException'{0x00000000eb481e78}> (0x00000000eb481e78) 
thrown [s\src\hotspot\share\prims\jni.cpp, line 516]
Event: 33.711 Thread 0x000001c9dfe0de10 Exception <a 'sun/nio/fs/WindowsException'{0x00000000eb482a80}> (0x00000000eb482a80) 
thrown [s\src\hotspot\share\prims\jni.cpp, line 516]
Event: 33.711 Thread 0x000001c9dfe0de10 Exception <a 'sun/nio/fs/WindowsException'{0x00000000eb4833e0}> (0x00000000eb4833e0) 
thrown [s\src\hotspot\share\prims\jni.cpp, line 516]
Event: 33.711 Thread 0x000001c9dfe0de10 Exception <a 'sun/nio/fs/WindowsException'{0x00000000eb483d40}> (0x00000000eb483d40) 
thrown [s\src\hotspot\share\prims\jni.cpp, line 516]
Event: 33.711 Thread 0x000001c9dfe0de10 Exception <a 'sun/nio/fs/WindowsException'{0x00000000eb4846a0}> (0x00000000eb4846a0) 
thrown [s\src\hotspot\share\prims\jni.cpp, line 516]
Event: 33.711 Thread 0x000001c9dfe0de10 Exception <a 'sun/nio/fs/WindowsException'{0x00000000eb485000}> (0x00000000eb485000) 
thrown [s\src\hotspot\share\prims\jni.cpp, line 516]
Event: 33.711 Thread 0x000001c9dfe0de10 Exception <a 'sun/nio/fs/WindowsException'{0x00000000eb485960}> (0x00000000eb485960) 
thrown [s\src\hotspot\share\prims\jni.cpp, line 516]
Event: 33.711 Thread 0x000001c9dfe0de10 Exception <a 'sun/nio/fs/WindowsException'{0x00000000eb4862c0}> (0x00000000eb4862c0) 
thrown [s\src\hotspot\share\prims\jni.cpp, line 516]
Event: 33.711 Thread 0x000001c9dfe0de10 Exception <a 'sun/nio/fs/WindowsException'{0x00000000eb486c20}> (0x00000000eb486c20) 
thrown [s\src\hotspot\share\prims\jni.cpp, line 516]
Event: 33.712 Thread 0x000001c9dfe0de10 Exception <a 'sun/nio/fs/WindowsException'{0x00000000eb487580}> (0x00000000eb487580) 
thrown [s\src\hotspot\share\prims\jni.cpp, line 516]
Event: 33.712 Thread 0x000001c9dfe0de10 Exception <a 'sun/nio/fs/WindowsException'{0x00000000eb487ee0}> (0x00000000eb487ee0) 
thrown [s\src\hotspot\share\prims\jni.cpp, line 516]
Event: 33.712 Thread 0x000001c9dfe0de10 Exception <a 'sun/nio/fs/WindowsException'{0x00000000eb488840}> (0x00000000eb488840) 
thrown [s\src\hotspot\share\prims\jni.cpp, line 516]
Event: 33.712 Thread 0x000001c9dfe0de10 Exception <a 'sun/nio/fs/WindowsException'{0x00000000eb4891a0}> (0x00000000eb4891a0) 
thrown [s\src\hotspot\share\prims\jni.cpp, line 516]
Event: 33.712 Thread 0x000001c9dfe0de10 Exception <a 'sun/nio/fs/WindowsException'{0x00000000eb489b00}> (0x00000000eb489b00) 
thrown [s\src\hotspot\share\prims\jni.cpp, line 516]
Event: 33.724 Thread 0x000001c9dfe0de10 Exception <a 'sun/nio/fs/WindowsException'{0x00000000eb48a460}> (0x00000000eb48a460) 
thrown [s\src\hotspot\share\prims\jni.cpp, line 516]
Event: 33.724 Thread 0x000001c9dfe0de10 Exception <a 'sun/nio/fs/WindowsException'{0x00000000eb48ab90}> (0x00000000eb48ab90) 
thrown [s\src\hotspot\share\prims\jni.cpp, line 516]
Event: 33.724 Thread 0x000001c9dfe0de10 Exception <a 'sun/nio/fs/WindowsException'{0x00000000eb48ae60}> (0x00000000eb48ae60) 
thrown [s\src\hotspot\share\prims\jni.cpp, line 516]
Event: 33.727 Thread 0x000001c9dfe0de10 Exception <a 'sun/nio/fs/WindowsException'{0x00000000eb4a5388}> (0x00000000eb4a5388) 
thrown [s\src\hotspot\share\prims\jni.cpp, line 516]
Event: 33.727 Thread 0x000001c9dfe0de10 Exception <a 'sun/nio/fs/WindowsException'{0x00000000eb4a5658}> (0x00000000eb4a5658) 
thrown [s\src\hotspot\share\prims\jni.cpp, line 516]

VM Operations (20 events):
Event: 33.598 Executing VM operation: HandshakeAllThreads
Event: 33.598 Executing VM operation: HandshakeAllThreads done
Event: 33.608 Executing VM operation: ParallelGCFailedAllocation
Event: 33.610 Executing VM operation: ParallelGCFailedAllocation done
Event: 33.643 Executing VM operation: HandshakeAllThreads
Event: 33.643 Executing VM operation: HandshakeAllThreads done
Event: 33.684 Executing VM operation: HandshakeAllThreads
Event: 33.684 Executing VM operation: HandshakeAllThreads done
Event: 33.733 Executing VM operation: HandshakeAllThreads
Event: 33.733 Executing VM operation: HandshakeAllThreads done
Event: 33.735 Executing VM operation: HandshakeAllThreads
Event: 33.735 Executing VM operation: HandshakeAllThreads done
Event: 33.737 Executing VM operation: HandshakeAllThreads
Event: 33.738 Executing VM operation: HandshakeAllThreads done
Event: 34.745 Executing VM operation: Cleanup
Event: 34.745 Executing VM operation: Cleanup done
Event: 35.758 Executing VM operation: Cleanup
Event: 35.758 Executing VM operation: Cleanup done
Event: 37.771 Executing VM operation: Cleanup
Event: 37.771 Executing VM operation: Cleanup done

Events (20 events):
Event: 35.223 Thread 0x000001c9dfe13930 Thread exited: 0x000001c9dfe13930
Event: 35.224 loading class jdk/internal/reflect/UnsafeLongFieldAccessorImpl
Event: 35.224 loading class jdk/internal/reflect/UnsafeLongFieldAccessorImpl done
Event: 35.243 loading class java/util/stream/IntPipeline$1
Event: 35.243 loading class java/util/stream/IntPipeline$1 done
Event: 35.243 loading class java/util/stream/IntPipeline$1$1
Event: 35.243 loading class java/util/stream/IntPipeline$1$1 done
Event: 35.522 loading class java/util/stream/Streams$RangeIntSpliterator
Event: 35.523 loading class java/util/stream/Streams$RangeIntSpliterator done
Event: 35.524 loading class java/lang/ProcessHandleImpl$ExitCompletion
Event: 35.525 loading class java/lang/ProcessHandleImpl$ExitCompletion done
Event: 35.525 loading class java/lang/ProcessHandleImpl$1
Event: 35.525 loading class java/lang/ProcessHandleImpl$1 done
Event: 35.525 Thread 0x000001c9dfe13930 Thread added: 0x000001c9dfe13930
Event: 35.525 loading class java/util/concurrent/CompletableFuture$UniHandle
Event: 35.525 loading class java/util/concurrent/CompletableFuture$UniHandle done
Event: 35.528 Thread 0x000001c9dfe10180 Thread exited: 0x000001c9dfe10180
Event: 35.569 Thread 0x000001c9e0029000 Thread added: 0x000001c9e0029000
Event: 37.695 Thread 0x000001c9e0029000 Thread exited: 0x000001c9e0029000
Event: 37.744 Thread 0x000001c9e002b530 Thread added: 0x000001c9e002b530


Dynamic libraries:
0x00007ff70adb0000 - 0x00007ff70adbe000 	c:\Users\student\.vscode\extensions\redhat.java-1.26.0-win32-x64\jre\17.0.9-win32-x86_64\bin\java.exe
0x00007ff83fc70000 - 0x00007ff83fe68000 	C:\Windows\SYSTEM32\ntdll.dll
0x00007ff83e9a0000 - 0x00007ff83ea5f000 	C:\Windows\System32\KERNEL32.DLL
0x00007ff83d5e0000 - 0x00007ff83d8d6000 	C:\Windows\System32\KERNELBASE.dll
0x00007ff83d4e0000 - 0x00007ff83d5e0000 	C:\Windows\System32\ucrtbase.dll
0x00007ff822cc0000 - 0x00007ff822cdb000 	c:\Users\student\.vscode\extensions\redhat.java-1.26.0-win32-x64\jre\17.0.9-win32-x86_64\bin\VCRUNTIME140.dll
0x00007ff823d90000 - 0x00007ff823da7000 	c:\Users\student\.vscode\extensions\redhat.java-1.26.0-win32-x64\jre\17.0.9-win32-x86_64\bin\jli.dll
0x00007ff83ecd0000 - 0x00007ff83ee6d000 	C:\Windows\System32\USER32.dll
0x00007ff83d350000 - 0x00007ff83d372000 	C:\Windows\System32\win32u.dll
0x00007ff823f10000 - 0x00007ff8241aa000 	C:\Windows\WinSxS\amd64_microsoft.windows.common-controls_6595b64144ccf1df_6.0.19041.1110_none_60b5254171f9507e\COMCTL32.dll
0x00007ff83e970000 - 0x00007ff83e99c000 	C:\Windows\System32\GDI32.dll
0x00007ff83dea0000 - 0x00007ff83df3e000 	C:\Windows\System32\msvcrt.dll
0x00007ff83d950000 - 0x00007ff83da65000 	C:\Windows\System32\gdi32full.dll
0x00007ff83dc00000 - 0x00007ff83dc9d000 	C:\Windows\System32\msvcp_win.dll
0x00007ff83e8e0000 - 0x00007ff83e910000 	C:\Windows\System32\IMM32.DLL
0x00007ff8346a0000 - 0x00007ff8346ac000 	c:\Users\student\.vscode\extensions\redhat.java-1.26.0-win32-x64\jre\17.0.9-win32-x86_64\bin\vcruntime140_1.dll
0x00007ff819650000 - 0x00007ff8196dd000 	c:\Users\student\.vscode\extensions\redhat.java-1.26.0-win32-x64\jre\17.0.9-win32-x86_64\bin\msvcp140.dll
0x00007ffffef70000 - 0x00007fffffbd1000 	c:\Users\student\.vscode\extensions\redhat.java-1.26.0-win32-x64\jre\17.0.9-win32-x86_64\bin\server\jvm.dll
0x00007ff83e5c0000 - 0x00007ff83e66f000 	C:\Windows\System32\ADVAPI32.dll
0x00007ff83dcd0000 - 0x00007ff83dd6c000 	C:\Windows\System32\sechost.dll
0x00007ff83fa50000 - 0x00007ff83fb76000 	C:\Windows\System32\RPCRT4.dll
0x00007ff83d1b0000 - 0x00007ff83d1fb000 	C:\Windows\SYSTEM32\POWRPROF.dll
0x00007ff8229d0000 - 0x00007ff8229d9000 	C:\Windows\SYSTEM32\WSOCK32.dll
0x00007ff8337d0000 - 0x00007ff8337f7000 	C:\Windows\SYSTEM32\WINMM.dll
0x00007ff83e7c0000 - 0x00007ff83e82b000 	C:\Windows\System32\WS2_32.dll
0x00007ff837cf0000 - 0x00007ff837cfa000 	C:\Windows\SYSTEM32\VERSION.dll
0x00007ff83d190000 - 0x00007ff83d1a2000 	C:\Windows\SYSTEM32\UMPDC.dll
0x00007ff83b220000 - 0x00007ff83b232000 	C:\Windows\SYSTEM32\kernel.appcore.dll
0x00007ff8338f0000 - 0x00007ff8338fa000 	c:\Users\student\.vscode\extensions\redhat.java-1.26.0-win32-x64\jre\17.0.9-win32-x86_64\bin\jimage.dll
0x00007ff8234f0000 - 0x00007ff8236d4000 	C:\Windows\SYSTEM32\DBGHELP.DLL
0x00007ff8234b0000 - 0x00007ff8234e4000 	C:\Windows\SYSTEM32\dbgcore.DLL
0x00007ff83db20000 - 0x00007ff83dba2000 	C:\Windows\System32\bcryptPrimitives.dll
0x00007ff830d70000 - 0x00007ff830d7e000 	c:\Users\student\.vscode\extensions\redhat.java-1.26.0-win32-x64\jre\17.0.9-win32-x86_64\bin\instrument.dll
0x00007ff820960000 - 0x00007ff820985000 	c:\Users\student\.vscode\extensions\redhat.java-1.26.0-win32-x64\jre\17.0.9-win32-x86_64\bin\java.dll
0x00007ff822c70000 - 0x00007ff822c88000 	c:\Users\student\.vscode\extensions\redhat.java-1.26.0-win32-x64\jre\17.0.9-win32-x86_64\bin\zip.dll
0x00007ff83f300000 - 0x00007ff83fa44000 	C:\Windows\System32\SHELL32.dll
0x00007ff83b420000 - 0x00007ff83bbb4000 	C:\Windows\SYSTEM32\windows.storage.dll
0x00007ff83eed0000 - 0x00007ff83f224000 	C:\Windows\System32\combase.dll
0x00007ff83ccc0000 - 0x00007ff83ccee000 	C:\Windows\SYSTEM32\Wldp.dll
0x00007ff83e830000 - 0x00007ff83e8dd000 	C:\Windows\System32\SHCORE.dll
0x00007ff83e670000 - 0x00007ff83e6c5000 	C:\Windows\System32\shlwapi.dll
0x00007ff83d280000 - 0x00007ff83d2a5000 	C:\Windows\SYSTEM32\profapi.dll
0x00007ff81f330000 - 0x00007ff81f349000 	C:\Users\student\.vscode\extensions\redhat.java-1.26.0-win32-x64\jre\17.0.9-win32-x86_64\bin\net.dll
0x00007ff837330000 - 0x00007ff83743a000 	C:\Windows\SYSTEM32\WINHTTP.dll
0x00007ff83ca20000 - 0x00007ff83ca8a000 	C:\Windows\system32\mswsock.dll
0x00007ff81e820000 - 0x00007ff81e836000 	C:\Users\student\.vscode\extensions\redhat.java-1.26.0-win32-x64\jre\17.0.9-win32-x86_64\bin\nio.dll
0x00007ff827440000 - 0x00007ff827450000 	c:\Users\student\.vscode\extensions\redhat.java-1.26.0-win32-x64\jre\17.0.9-win32-x86_64\bin\verify.dll
0x00007ff81feb0000 - 0x00007ff81feee000 	C:\Users\student\AppData\Roaming\Code\User\globalStorage\redhat.java\1.26.0\config_win\org.eclipse.equinox.launcher\org.eclipse.equinox.launcher.win32.win32.x86_64_1.2.800.v20231003-1442\eclipse_11802.dll
0x00007ff83dd70000 - 0x00007ff83de9a000 	C:\Windows\System32\ole32.dll
0x00007ff83cc10000 - 0x00007ff83cc28000 	C:\Windows\SYSTEM32\CRYPTSP.dll
0x00007ff83c340000 - 0x00007ff83c374000 	C:\Windows\system32\rsaenh.dll
0x00007ff83dca0000 - 0x00007ff83dcc7000 	C:\Windows\System32\bcrypt.dll
0x00007ff83d240000 - 0x00007ff83d26e000 	C:\Windows\SYSTEM32\USERENV.dll
0x00007ff83cc30000 - 0x00007ff83cc3c000 	C:\Windows\SYSTEM32\CRYPTBASE.dll
0x00007ff83c710000 - 0x00007ff83c74c000 	C:\Windows\SYSTEM32\IPHLPAPI.DLL
0x00007ff83e020000 - 0x00007ff83e028000 	C:\Windows\System32\NSI.dll
0x00007ff836f90000 - 0x00007ff836fa7000 	C:\Windows\SYSTEM32\dhcpcsvc6.DLL
0x00007ff836f70000 - 0x00007ff836f8d000 	C:\Windows\SYSTEM32\dhcpcsvc.DLL
0x00007ff83c750000 - 0x00007ff83c81a000 	C:\Windows\SYSTEM32\DNSAPI.dll
0x00007ff81d770000 - 0x00007ff81d7b5000 	C:\Users\student\AppData\Local\Temp\jna--1879145925\jna13613344308225185807.dll
0x00007ff83fb80000 - 0x00007ff83fb88000 	C:\Windows\System32\PSAPI.DLL

dbghelp: loaded successfully - version: 4.0.5 - missing functions: none
symbol engine: initialized successfully - sym options: 0x614 - pdb path: .;c:\Users\student\.vscode\extensions\redhat.java-1.26.0-win32-x64\jre\17.0.9-win32-x86_64\bin;C:\Windows\SYSTEM32;C:\Windows\WinSxS\amd64_microsoft.windows.common-controls_6595b64144ccf1df_6.0.19041.1110_none_60b5254171f9507e;c:\Users\student\.vscode\extensions\redhat.java-1.26.0-win32-x64\jre\17.0.9-win32-x86_64\bin\server;C:\Users\student\AppData\Roaming\Code\User\globalStorage\redhat.java\1.26.0\config_win\org.eclipse.equinox.launcher\org.eclipse.equinox.launcher.win32.win32.x86_64_1.2.800.v20231003-1442;C:\Users\student\AppData\Local\Temp\jna--1879145925

VM Arguments:
jvm_args: --add-modules=ALL-SYSTEM --add-opens=java.base/java.util=ALL-UNNAMED --add-opens=java.base/java.lang=ALL-UNNAMED --add-opens=java.base/sun.nio.fs=ALL-UNNAMED -Declipse.application=org.eclipse.jdt.ls.core.id1 -Dosgi.bundles.defaultStartLevel=4 -Declipse.product=org.eclipse.jdt.ls.core.product -Djava.import.generatesMetadataFilesAtProjectRoot=false -DDetectVMInstallationsJob.disabled=true -Dfile.encoding=utf8 -XX:+UseParallelGC -XX:GCTimeRatio=4 -XX:AdaptiveSizePolicyWeight=90 -Dsun.zip.disableMemoryMapping=true -Xmx1G -Xms100m -Xlog:disable -javaagent:c:\Users\student\.vscode\extensions\redhat.java-1.26.0-win32-x64\lombok\lombok-1.18.31-3454.jar -XX:+HeapDumpOnOutOfMemoryError -XX:HeapDumpPath=c:\Users\student\AppData\Roaming\Code\User\workspaceStorage\56192d6a22a83b7aa0a710db2c3de7dd\redhat.java -Daether.dependencyCollector.impl=bf 
java_command: c:\Users\student\.vscode\extensions\redhat.java-1.26.0-win32-x64\server\plugins\org.eclipse.equinox.launcher_1.6.700.v20231214-2017.jar -configuration c:\Users\student\AppData\Roaming\Code\User\globalStorage\redhat.java\1.26.0\config_win -data c:\Users\student\AppData\Roaming\Code\User\workspaceStorage\56192d6a22a83b7aa0a710db2c3de7dd\redhat.java\jdt_ws --stdio
java_class_path (initial): c:\Users\student\.vscode\extensions\redhat.java-1.26.0-win32-x64\server\plugins\org.eclipse.equinox.launcher_1.6.700.v20231214-2017.jar
Launcher Type: SUN_STANDARD

[Global flags]
    uintx AdaptiveSizePolicyWeight                 = 90                                        {product} {command line}
     intx CICompilerCount                          = 3                                         {product} {ergonomic}
    uintx GCTimeRatio                              = 4                                         {product} {command line}
     bool HeapDumpOnOutOfMemoryError               = true                                   {manageable} {command line}
    ccstr HeapDumpPath                             = c:\Users\student\AppData\Roaming\Code\User\workspaceStorage\56192d6a22a83b7aa0a710db2c3de7dd\redhat.java         {manageable} {command line}
   size_t InitialHeapSize                          = 104857600                                 {product} {command line}
   size_t MaxHeapSize                              = 1073741824                                {product} {command line}
   size_t MaxNewSize                               = 357564416                                 {product} {ergonomic}
   size_t MinHeapDeltaBytes                        = 524288                                    {product} {ergonomic}
   size_t MinHeapSize                              = 104857600                                 {product} {command line}
   size_t NewSize                                  = 34603008                                  {product} {ergonomic}
    uintx NonNMethodCodeHeapSize                   = 5832780                                {pd product} {ergonomic}
    uintx NonProfiledCodeHeapSize                  = 122912730                              {pd product} {ergonomic}
   size_t OldSize                                  = 70254592                                  {product} {ergonomic}
    uintx ProfiledCodeHeapSize                     = 122912730                              {pd product} {ergonomic}
    uintx ReservedCodeCacheSize                    = 251658240                              {pd product} {ergonomic}
     bool SegmentedCodeCache                       = true                                      {product} {ergonomic}
   size_t SoftMaxHeapSize                          = 1073741824                             {manageable} {ergonomic}
     bool UseCompressedClassPointers               = true                           {product lp64_product} {ergonomic}
     bool UseCompressedOops                        = true                           {product lp64_product} {ergonomic}
     bool UseLargePagesIndividualAllocation        = false                                  {pd product} {ergonomic}
     bool UseParallelGC                            = true                                      {product} {command line}

Logging:
Log output configuration:
 #0: stdout all=off uptime,level,tags
 #1: stderr all=off uptime,level,tags

Environment Variables:
PATH=C:\Program Files\Common Files\Oracle\Java\javapath;C:\Program Files (x86)\Common Files\Oracle\Java\javapath;C:\Windows\system32;C:\Windows;C:\Windows\System32\Wbem;C:\Windows\System32\WindowsPowerShell\v1.0\;C:\Windows\System32\OpenSSH\;C:\Program Files\Java\jdk1.8.0_291\bin;C:\Program Files\Git\cmd;C:\Users\student\AppData\Local\Microsoft\WindowsApps;;C:\Users\student\AppData\Local\Programs\Microsoft VS Code\bin
USERNAME=student
OS=Windows_NT
PROCESSOR_IDENTIFIER=Intel64 Family 6 Model 158 Stepping 10, GenuineIntel
TMP=C:\Users\student\AppData\Local\Temp
TEMP=C:\Users\student\AppData\Local\Temp



Periodic native trim disabled


---------------  S Y S T E M  ---------------

OS:
 Windows 10 , 64 bit Build 19041 (10.0.19041.3155)
OS uptime: 0 days 2:09 hours

CPU: total 6 (initial active 6) (6 cores per cpu, 1 threads per core) family 6 model 158 stepping 10 microcode 0xf0, cx8, cmov, fxsr, mmx, 3dnowpref, sse, sse2, sse3, ssse3, sse4.1, sse4.2, popcnt, lzcnt, tsc, tscinvbit, avx, avx2, aes, erms, clmul, bmi1, bmi2, rtm, adx, fma, vzeroupper, clflush, clflushopt
Processor Information for all 6 processors :
  Max Mhz: 3000, Current Mhz: 3000, Mhz Limit: 3000

Memory: 4k page, system-wide physical 8038M (725M free)
TotalPageFile size 32614M (AvailPageFile size 6M)
current process WorkingSet (physical memory assigned to process): 316M, peak: 364M
current process commit charge ("private bytes"): 357M, peak: 413M

vm_info: OpenJDK 64-Bit Server VM (17.0.9+9) for windows-amd64 JRE (17.0.9+9), built on Oct 26 2023 14:01:42 by "admin" with MS VC++ 16.10 / 16.11 (VS2019)

END.
