#
# There is insufficient memory for the Java Runtime Environment to continue.
# Native memory allocation (malloc) failed to allocate 1048576 bytes for AllocateHeap
# Possible reasons:
#   The system is out of physical RAM or swap space
#   The process is running with CompressedOops enabled, and the Java Heap may be blocking the growth of the native heap
# Possible solutions:
#   Reduce memory load on the system
#   Increase physical memory or swap space
#   Check if swap backing store is full
#   Decrease Java heap size (-Xmx/-Xms)
#   Decrease number of Java threads
#   Decrease Java thread stack sizes (-Xss)
#   Set larger code cache with -XX:ReservedCodeCacheSize=
#   JVM is running with Unscaled Compressed Oops mode in which the Java heap is
#     placed in the first 4GB address space. The Java Heap base address is the
#     maximum limit for the native heap growth. Please use -XX:HeapBaseMinAddress
#     to set the Java Heap base and to place the Java Heap above 4GB virtual address.
# This output file may be truncated or incomplete.
#
#  Out of Memory Error (allocation.cpp:44), pid=10088, tid=7616
#
# JRE version:  (17.0.9+9) (build )
# Java VM: OpenJDK 64-Bit Server VM (17.0.9+9, mixed mode, tiered, compressed oops, compressed class ptrs, parallel gc, windows-amd64)
# No core dump will be written. Minidumps are not enabled by default on client versions of Windows
#

---------------  S U M M A R Y ------------

Command Line: --add-modules=ALL-SYSTEM --add-opens=java.base/java.util=ALL-UNNAMED --add-opens=java.base/java.lang=ALL-UNNAMED --add-opens=java.base/sun.nio.fs=ALL-UNNAMED -Declipse.application=org.eclipse.jdt.ls.core.id1 -Dosgi.bundles.defaultStartLevel=4 -Declipse.product=org.eclipse.jdt.ls.core.product -Djava.import.generatesMetadataFilesAtProjectRoot=false -DDetectVMInstallationsJob.disabled=true -Dfile.encoding=utf8 -XX:+UseParallelGC -XX:GCTimeRatio=4 -XX:AdaptiveSizePolicyWeight=90 -Dsun.zip.disableMemoryMapping=true -Xmx1G -Xms100m -Xlog:disable -javaagent:c:\Users\student\.vscode\extensions\redhat.java-1.26.0-win32-x64\lombok\lombok-1.18.31-3454.jar -XX:+HeapDumpOnOutOfMemoryError -XX:HeapDumpPath=c:\Users\student\AppData\Roaming\Code\User\workspaceStorage\56192d6a22a83b7aa0a710db2c3de7dd\redhat.java -Daether.dependencyCollector.impl=bf c:\Users\student\.vscode\extensions\redhat.java-1.26.0-win32-x64\server\plugins\org.eclipse.equinox.launcher_1.6.700.v20231214-2017.jar -configuration c:\Users\student\AppData\Roaming\Code\User\globalStorage\redhat.java\1.26.0\config_win -data c:\Users\student\AppData\Roaming\Code\User\workspaceStorage\56192d6a22a83b7aa0a710db2c3de7dd\redhat.java\jdt_ws --stdio

Host: Intel(R) Core(TM) i5-8500 CPU @ 3.00GHz, 6 cores, 7G,  Windows 10 , 64 bit Build 19041 (10.0.19041.3155)
Time: Tue Jan 16 10:04:37 2024 Mountain Standard Time elapsed time: 0.030817 seconds (0d 0h 0m 0s)

---------------  T H R E A D  ---------------

Current thread (0x00000172fa8cbb60):  JavaThread "Unknown thread" [_thread_in_vm, id=7616, stack(0x0000006d12a00000,0x0000006d12b00000)]

Stack: [0x0000006d12a00000,0x0000006d12b00000]
Native frames: (J=compiled Java code, j=interpreted, Vv=VM code, C=native code)
V  [jvm.dll+0x67cf49]
V  [jvm.dll+0x83478a]
V  [jvm.dll+0x83624e]
V  [jvm.dll+0x8368b3]
V  [jvm.dll+0x247f1f]
V  [jvm.dll+0xa6b4b]
V  [jvm.dll+0x6afa7a]
V  [jvm.dll+0x6b076f]
V  [jvm.dll+0x689683]
V  [jvm.dll+0x80674b]
V  [jvm.dll+0x36cfb4]
V  [jvm.dll+0x7e4aac]
V  [jvm.dll+0x3f07af]
V  [jvm.dll+0x3f23e1]
C  [jli.dll+0x528f]
C  [ucrtbase.dll+0x21bb2]
C  [KERNEL32.DLL+0x17614]
C  [ntdll.dll+0x526b1]


---------------  P R O C E S S  ---------------

Threads class SMR info:
_java_thread_list=0x00007fffffa9ee98, length=0, elements={
}

Java Threads: ( => current thread )

Other Threads:
  0x00000172fa8e2d50 GCTaskThread "GC Thread#0" [stack: 0x0000006d12b00000,0x0000006d12c00000] [id=10836]

=>0x00000172fa8cbb60 (exited) JavaThread "Unknown thread" [_thread_in_vm, id=7616, stack(0x0000006d12a00000,0x0000006d12b00000)]

Threads with active compile tasks:

VM state: not at safepoint (normal execution)

VM Mutex/Monitor currently owned by a thread: None

Heap address: 0x00000000c0000000, size: 1024 MB, Compressed Oops mode: 32-bit

CDS archive(s) not mapped
Compressed class space mapped at: 0x0000000100000000-0x0000000140000000, reserved size: 1073741824
Narrow klass base: 0x0000000000000000, Narrow klass shift: 3, Narrow klass range: 0x140000000

GC Precious Log:
 CPUs: 6 total, 6 available
 Memory: 8038M
 Large Page Support: Disabled
 NUMA Support: Disabled
 Compressed Oops: Enabled (32-bit)
 Alignments: Space 512K, Generation 512K, Heap 2M
 Heap Min Capacity: 100M
 Heap Initial Capacity: 100M
 Heap Max Capacity: 1G
 Pre-touch: Disabled
 Parallel Workers: 6

Heap:
 PSYoungGen      total 29696K, used 512K [0x00000000eab00000, 0x00000000ecc00000, 0x0000000100000000)
  eden space 25600K, 2% used [0x00000000eab00000,0x00000000eab80070,0x00000000ec400000)
  from space 4096K, 0% used [0x00000000ec800000,0x00000000ec800000,0x00000000ecc00000)
  to   space 4096K, 0% used [0x00000000ec400000,0x00000000ec400000,0x00000000ec800000)
 ParOldGen       total 68608K, used 0K [0x00000000c0000000, 0x00000000c4300000, 0x00000000eab00000)
  object space 68608K, 0% used [0x00000000c0000000,0x00000000c0000000,0x00000000c4300000)
 Metaspace       used 1149K, committed 1216K, reserved 1114112K
  class space    used 101K, committed 128K, reserved 1048576K

Card table byte_map: [0x00000172fa270000,0x00000172fa480000] _byte_map_base: 0x00000172f9c70000

Marking Bits: (ParMarkBitMap*) 0x00007fffffb0d0b0
 Begin Bits: [0x00000172fd570000, 0x00000172fe570000)
 End Bits:   [0x00000172fe570000, 0x00000172ff570000)

Polling page: 0x00000172f8740000

Metaspace:

Usage:
  Non-class:      1.02 MB used.
      Class:    101.05 KB used.
       Both:      1.12 MB used.

Virtual space:
  Non-class space:       64.00 MB reserved,       1.06 MB (  2%) committed,  1 nodes.
      Class space:        1.00 GB reserved,     128.00 KB ( <1%) committed,  1 nodes.
             Both:        1.06 GB reserved,       1.19 MB ( <1%) committed. 

Chunk freelists:
   Non-Class:  12.00 MB
       Class:  15.75 MB
        Both:  27.75 MB

MaxMetaspaceSize: unlimited
CompressedClassSpaceSize: 1.00 GB
Initial GC threshold: 21.00 MB
Current GC threshold: 17179869184.00 GB
CDS: off
MetaspaceReclaimPolicy: balanced
 - commit_granule_bytes: 65536.
 - commit_granule_words: 8192.
 - virtual_space_node_default_size: 8388608.
 - enlarge_chunks_in_place: 1.
 - new_chunks_are_fully_committed: 0.
 - uncommit_free_chunks: 1.
 - use_allocation_guard: 0.
 - handle_deallocations: 1.


Internal statistics:

num_allocs_failed_limit: 0.
num_arena_births: 2.
num_arena_deaths: 0.
num_vsnodes_births: 2.
num_vsnodes_deaths: 0.
num_space_committed: 19.
num_space_uncommitted: 0.
num_chunks_returned_to_freelist: 0.
num_chunks_taken_from_freelist: 3.
num_chunk_merges: 0.
num_chunk_splits: 2.
num_chunks_enlarged: 0.
num_inconsistent_stats: 0.

CodeHeap 'non-profiled nmethods': size=120000Kb used=0Kb max_used=0Kb free=120000Kb
 bounds [0x0000017287ad0000, 0x0000017287d40000, 0x000001728f000000]
CodeHeap 'profiled nmethods': size=120000Kb used=0Kb max_used=0Kb free=120000Kb
 bounds [0x0000017280000000, 0x0000017280270000, 0x0000017287530000]
CodeHeap 'non-nmethods': size=5760Kb used=202Kb max_used=353Kb free=5557Kb
 bounds [0x0000017287530000, 0x00000172877a0000, 0x0000017287ad0000]
 total_blobs=66 nmethods=0 adapters=47
 compilation: enabled
              stopped_count=0, restarted_count=0
 full_count=0

Compilation events (0 events):
No events

GC Heap History (0 events):
No events

Dll operation events (1 events):
Event: 0.007 Loaded shared library c:\Users\student\.vscode\extensions\redhat.java-1.26.0-win32-x64\jre\17.0.9-win32-x86_64\bin\java.dll

Deoptimization events (0 events):
No events

Classes unloaded (0 events):
No events

Classes redefined (0 events):
No events

Internal exceptions (0 events):
No events

VM Operations (0 events):
No events

Events (20 events):
Event: 0.025 loading class java/lang/Long
Event: 0.025 loading class java/lang/Long done
Event: 0.025 loading class java/util/Iterator
Event: 0.025 loading class java/util/Iterator done
Event: 0.025 loading class java/lang/reflect/RecordComponent
Event: 0.025 loading class java/lang/reflect/RecordComponent done
Event: 0.025 loading class jdk/internal/vm/vector/VectorSupport
Event: 0.025 loading class jdk/internal/vm/vector/VectorSupport done
Event: 0.025 loading class jdk/internal/vm/vector/VectorSupport$VectorPayload
Event: 0.025 loading class jdk/internal/vm/vector/VectorSupport$VectorPayload done
Event: 0.025 loading class jdk/internal/vm/vector/VectorSupport$Vector
Event: 0.025 loading class jdk/internal/vm/vector/VectorSupport$Vector done
Event: 0.025 loading class jdk/internal/vm/vector/VectorSupport$VectorMask
Event: 0.025 loading class jdk/internal/vm/vector/VectorSupport$VectorMask done
Event: 0.025 loading class jdk/internal/vm/vector/VectorSupport$VectorShuffle
Event: 0.025 loading class jdk/internal/vm/vector/VectorSupport$VectorShuffle done
Event: 0.027 loading class java/lang/NullPointerException
Event: 0.027 loading class java/lang/NullPointerException done
Event: 0.027 loading class java/lang/ArithmeticException
Event: 0.027 loading class java/lang/ArithmeticException done


Dynamic libraries:
0x00007ff70adb0000 - 0x00007ff70adbe000 	c:\Users\student\.vscode\extensions\redhat.java-1.26.0-win32-x64\jre\17.0.9-win32-x86_64\bin\java.exe
0x00007ff83fc70000 - 0x00007ff83fe68000 	C:\Windows\SYSTEM32\ntdll.dll
0x00007ff83e9a0000 - 0x00007ff83ea5f000 	C:\Windows\System32\KERNEL32.DLL
0x00007ff83d5e0000 - 0x00007ff83d8d6000 	C:\Windows\System32\KERNELBASE.dll
0x00007ff83d4e0000 - 0x00007ff83d5e0000 	C:\Windows\System32\ucrtbase.dll
0x00007ff826900000 - 0x00007ff826917000 	c:\Users\student\.vscode\extensions\redhat.java-1.26.0-win32-x64\jre\17.0.9-win32-x86_64\bin\jli.dll
0x00007ff83ecd0000 - 0x00007ff83ee6d000 	C:\Windows\System32\USER32.dll
0x00007ff83d350000 - 0x00007ff83d372000 	C:\Windows\System32\win32u.dll
0x00007ff83e970000 - 0x00007ff83e99c000 	C:\Windows\System32\GDI32.dll
0x00007ff83d950000 - 0x00007ff83da65000 	C:\Windows\System32\gdi32full.dll
0x00007ff83dc00000 - 0x00007ff83dc9d000 	C:\Windows\System32\msvcp_win.dll
0x00007ff823d90000 - 0x00007ff823dab000 	c:\Users\student\.vscode\extensions\redhat.java-1.26.0-win32-x64\jre\17.0.9-win32-x86_64\bin\VCRUNTIME140.dll
0x00007ff823f10000 - 0x00007ff8241aa000 	C:\Windows\WinSxS\amd64_microsoft.windows.common-controls_6595b64144ccf1df_6.0.19041.1110_none_60b5254171f9507e\COMCTL32.dll
0x00007ff83dea0000 - 0x00007ff83df3e000 	C:\Windows\System32\msvcrt.dll
0x00007ff83e8e0000 - 0x00007ff83e910000 	C:\Windows\System32\IMM32.DLL
0x00007ff8338f0000 - 0x00007ff8338fc000 	c:\Users\student\.vscode\extensions\redhat.java-1.26.0-win32-x64\jre\17.0.9-win32-x86_64\bin\vcruntime140_1.dll
0x00007ff81d790000 - 0x00007ff81d81d000 	c:\Users\student\.vscode\extensions\redhat.java-1.26.0-win32-x64\jre\17.0.9-win32-x86_64\bin\msvcp140.dll
0x00007ffffef70000 - 0x00007fffffbd1000 	c:\Users\student\.vscode\extensions\redhat.java-1.26.0-win32-x64\jre\17.0.9-win32-x86_64\bin\server\jvm.dll
0x00007ff83e5c0000 - 0x00007ff83e66f000 	C:\Windows\System32\ADVAPI32.dll
0x00007ff83dcd0000 - 0x00007ff83dd6c000 	C:\Windows\System32\sechost.dll
0x00007ff83fa50000 - 0x00007ff83fb76000 	C:\Windows\System32\RPCRT4.dll
0x00007ff83d1b0000 - 0x00007ff83d1fb000 	C:\Windows\SYSTEM32\POWRPROF.dll
0x00007ff8229d0000 - 0x00007ff8229d9000 	C:\Windows\SYSTEM32\WSOCK32.dll
0x00007ff83e7c0000 - 0x00007ff83e82b000 	C:\Windows\System32\WS2_32.dll
0x00007ff8337d0000 - 0x00007ff8337f7000 	C:\Windows\SYSTEM32\WINMM.dll
0x00007ff837cf0000 - 0x00007ff837cfa000 	C:\Windows\SYSTEM32\VERSION.dll
0x00007ff83d190000 - 0x00007ff83d1a2000 	C:\Windows\SYSTEM32\UMPDC.dll
0x00007ff83b220000 - 0x00007ff83b232000 	C:\Windows\SYSTEM32\kernel.appcore.dll
0x00007ff830d70000 - 0x00007ff830d7a000 	c:\Users\student\.vscode\extensions\redhat.java-1.26.0-win32-x64\jre\17.0.9-win32-x86_64\bin\jimage.dll
0x00007ff8234f0000 - 0x00007ff8236d4000 	C:\Windows\SYSTEM32\DBGHELP.DLL
0x00007ff8234b0000 - 0x00007ff8234e4000 	C:\Windows\SYSTEM32\dbgcore.DLL
0x00007ff83db20000 - 0x00007ff83dba2000 	C:\Windows\System32\bcryptPrimitives.dll
0x00007ff827440000 - 0x00007ff82744e000 	c:\Users\student\.vscode\extensions\redhat.java-1.26.0-win32-x64\jre\17.0.9-win32-x86_64\bin\instrument.dll
0x00007ff820990000 - 0x00007ff8209b5000 	c:\Users\student\.vscode\extensions\redhat.java-1.26.0-win32-x64\jre\17.0.9-win32-x86_64\bin\java.dll
0x00007ff822cc0000 - 0x00007ff822cd8000 	c:\Users\student\.vscode\extensions\redhat.java-1.26.0-win32-x64\jre\17.0.9-win32-x86_64\bin\zip.dll

dbghelp: loaded successfully - version: 4.0.5 - missing functions: none
symbol engine: initialized successfully - sym options: 0x614 - pdb path: .;c:\Users\student\.vscode\extensions\redhat.java-1.26.0-win32-x64\jre\17.0.9-win32-x86_64\bin;C:\Windows\SYSTEM32;C:\Windows\WinSxS\amd64_microsoft.windows.common-controls_6595b64144ccf1df_6.0.19041.1110_none_60b5254171f9507e;c:\Users\student\.vscode\extensions\redhat.java-1.26.0-win32-x64\jre\17.0.9-win32-x86_64\bin\server

VM Arguments:
jvm_args: --add-modules=ALL-SYSTEM --add-opens=java.base/java.util=ALL-UNNAMED --add-opens=java.base/java.lang=ALL-UNNAMED --add-opens=java.base/sun.nio.fs=ALL-UNNAMED -Declipse.application=org.eclipse.jdt.ls.core.id1 -Dosgi.bundles.defaultStartLevel=4 -Declipse.product=org.eclipse.jdt.ls.core.product -Djava.import.generatesMetadataFilesAtProjectRoot=false -DDetectVMInstallationsJob.disabled=true -Dfile.encoding=utf8 -XX:+UseParallelGC -XX:GCTimeRatio=4 -XX:AdaptiveSizePolicyWeight=90 -Dsun.zip.disableMemoryMapping=true -Xmx1G -Xms100m -Xlog:disable -javaagent:c:\Users\student\.vscode\extensions\redhat.java-1.26.0-win32-x64\lombok\lombok-1.18.31-3454.jar -XX:+HeapDumpOnOutOfMemoryError -XX:HeapDumpPath=c:\Users\student\AppData\Roaming\Code\User\workspaceStorage\56192d6a22a83b7aa0a710db2c3de7dd\redhat.java -Daether.dependencyCollector.impl=bf 
java_command: c:\Users\student\.vscode\extensions\redhat.java-1.26.0-win32-x64\server\plugins\org.eclipse.equinox.launcher_1.6.700.v20231214-2017.jar -configuration c:\Users\student\AppData\Roaming\Code\User\globalStorage\redhat.java\1.26.0\config_win -data c:\Users\student\AppData\Roaming\Code\User\workspaceStorage\56192d6a22a83b7aa0a710db2c3de7dd\redhat.java\jdt_ws --stdio
java_class_path (initial): c:\Users\student\.vscode\extensions\redhat.java-1.26.0-win32-x64\server\plugins\org.eclipse.equinox.launcher_1.6.700.v20231214-2017.jar
Launcher Type: SUN_STANDARD

[Global flags]
    uintx AdaptiveSizePolicyWeight                 = 90                                        {product} {command line}
     intx CICompilerCount                          = 3                                         {product} {ergonomic}
    uintx GCTimeRatio                              = 4                                         {product} {command line}
     bool HeapDumpOnOutOfMemoryError               = true                                   {manageable} {command line}
    ccstr HeapDumpPath                             = c:\Users\student\AppData\Roaming\Code\User\workspaceStorage\56192d6a22a83b7aa0a710db2c3de7dd\redhat.java         {manageable} {command line}
   size_t InitialHeapSize                          = 104857600                                 {product} {command line}
   size_t MaxHeapSize                              = 1073741824                                {product} {command line}
   size_t MaxNewSize                               = 357564416                                 {product} {ergonomic}
   size_t MinHeapDeltaBytes                        = 524288                                    {product} {ergonomic}
   size_t MinHeapSize                              = 104857600                                 {product} {command line}
   size_t NewSize                                  = 34603008                                  {product} {ergonomic}
    uintx NonNMethodCodeHeapSize                   = 5832780                                {pd product} {ergonomic}
    uintx NonProfiledCodeHeapSize                  = 122912730                              {pd product} {ergonomic}
   size_t OldSize                                  = 70254592                                  {product} {ergonomic}
    uintx ProfiledCodeHeapSize                     = 122912730                              {pd product} {ergonomic}
    uintx ReservedCodeCacheSize                    = 251658240                              {pd product} {ergonomic}
     bool SegmentedCodeCache                       = true                                      {product} {ergonomic}
   size_t SoftMaxHeapSize                          = 1073741824                             {manageable} {ergonomic}
     bool UseCompressedClassPointers               = true                           {product lp64_product} {ergonomic}
     bool UseCompressedOops                        = true                           {product lp64_product} {ergonomic}
     bool UseLargePagesIndividualAllocation        = false                                  {pd product} {ergonomic}
     bool UseParallelGC                            = true                                      {product} {command line}

Logging:
Log output configuration:
 #0: stdout all=off uptime,level,tags
 #1: stderr all=off uptime,level,tags

Environment Variables:
PATH=C:\Program Files\Common Files\Oracle\Java\javapath;C:\Program Files (x86)\Common Files\Oracle\Java\javapath;C:\Windows\system32;C:\Windows;C:\Windows\System32\Wbem;C:\Windows\System32\WindowsPowerShell\v1.0\;C:\Windows\System32\OpenSSH\;C:\Program Files\Java\jdk1.8.0_291\bin;C:\Program Files\Git\cmd;C:\Users\student\AppData\Local\Microsoft\WindowsApps;;C:\Users\student\AppData\Local\Programs\Microsoft VS Code\bin
USERNAME=student
OS=Windows_NT
PROCESSOR_IDENTIFIER=Intel64 Family 6 Model 158 Stepping 10, GenuineIntel
TMP=C:\Users\student\AppData\Local\Temp
TEMP=C:\Users\student\AppData\Local\Temp



Periodic native trim disabled


---------------  S Y S T E M  ---------------

OS:
 Windows 10 , 64 bit Build 19041 (10.0.19041.3155)
OS uptime: 0 days 2:10 hours

CPU: total 6 (initial active 6) (6 cores per cpu, 1 threads per core) family 6 model 158 stepping 10 microcode 0xf0, cx8, cmov, fxsr, mmx, 3dnowpref, sse, sse2, sse3, ssse3, sse4.1, sse4.2, popcnt, lzcnt, tsc, tscinvbit, avx, avx2, aes, erms, clmul, bmi1, bmi2, rtm, adx, fma, vzeroupper, clflush, clflushopt
Processor Information for all 6 processors :
  Max Mhz: 3000, Current Mhz: 3000, Mhz Limit: 3000

Memory: 4k page, system-wide physical 8038M (797M free)
TotalPageFile size 32614M (AvailPageFile size 173M)
current process WorkingSet (physical memory assigned to process): 15M, peak: 15M
current process commit charge ("private bytes"): 152M, peak: 153M

vm_info: OpenJDK 64-Bit Server VM (17.0.9+9) for windows-amd64 JRE (17.0.9+9), built on Oct 26 2023 14:01:42 by "admin" with MS VC++ 16.10 / 16.11 (VS2019)

END.
