#
# There is insufficient memory for the Java Runtime Environment to continue.
# Native memory allocation (malloc) failed to allocate 2036864 bytes for Chunk::new
# Possible reasons:
#   The system is out of physical RAM or swap space
#   The process is running with CompressedOops enabled, and the Java Heap may be blocking the growth of the native heap
# Possible solutions:
#   Reduce memory load on the system
#   Increase physical memory or swap space
#   Check if swap backing store is full
#   Decrease Java heap size (-Xmx/-Xms)
#   Decrease number of Java threads
#   Decrease Java thread stack sizes (-Xss)
#   Set larger code cache with -XX:ReservedCodeCacheSize=
#   JVM is running with Unscaled Compressed Oops mode in which the Java heap is
#     placed in the first 4GB address space. The Java Heap base address is the
#     maximum limit for the native heap growth. Please use -XX:HeapBaseMinAddress
#     to set the Java Heap base and to place the Java Heap above 4GB virtual address.
# This output file may be truncated or incomplete.
#
#  Out of Memory Error (arena.cpp:191), pid=2756, tid=12228
#
# JRE version: OpenJDK Runtime Environment Temurin-17.0.9+9 (17.0.9+9) (build 17.0.9+9)
# Java VM: OpenJDK 64-Bit Server VM Temurin-17.0.9+9 (17.0.9+9, mixed mode, tiered, compressed oops, compressed class ptrs, parallel gc, windows-amd64)
# No core dump will be written. Minidumps are not enabled by default on client versions of Windows
#

---------------  S U M M A R Y ------------

Command Line: --add-modules=ALL-SYSTEM --add-opens=java.base/java.util=ALL-UNNAMED --add-opens=java.base/java.lang=ALL-UNNAMED --add-opens=java.base/sun.nio.fs=ALL-UNNAMED -Declipse.application=org.eclipse.jdt.ls.core.id1 -Dosgi.bundles.defaultStartLevel=4 -Declipse.product=org.eclipse.jdt.ls.core.product -Djava.import.generatesMetadataFilesAtProjectRoot=false -DDetectVMInstallationsJob.disabled=true -Dfile.encoding=utf8 -XX:+UseParallelGC -XX:GCTimeRatio=4 -XX:AdaptiveSizePolicyWeight=90 -Dsun.zip.disableMemoryMapping=true -Xmx1G -Xms100m -Xlog:disable -javaagent:c:\Users\student\.vscode\extensions\redhat.java-1.26.0-win32-x64\lombok\lombok-1.18.31-3454.jar c:\Users\student\.vscode\extensions\redhat.java-1.26.0-win32-x64\server\plugins\org.eclipse.equinox.launcher_1.6.700.v20231214-2017.jar -configuration c:\Users\student\AppData\Roaming\Code\User\globalStorage\redhat.java\1.26.0\config_ss_win -data c:\Users\student\AppData\Roaming\Code\User\workspaceStorage\56192d6a22a83b7aa0a710db2c3de7dd\redhat.java\ss_ws --stdio

Host: Intel(R) Core(TM) i5-8500 CPU @ 3.00GHz, 6 cores, 7G,  Windows 10 , 64 bit Build 19041 (10.0.19041.3155)
Time: Tue Jan 16 10:03:51 2024 Mountain Standard Time elapsed time: 4.416119 seconds (0d 0h 0m 4s)

---------------  T H R E A D  ---------------

Current thread (0x0000024da2e063a0):  JavaThread "C2 CompilerThread1" daemon [_thread_in_native, id=12228, stack(0x0000004da1600000,0x0000004da1700000)]


Current CompileTask:
C2:   4416 3863   !   4       org.eclipse.osgi.internal.loader.classpath.ClasspathManager::findLocalClass (210 bytes)

Stack: [0x0000004da1600000,0x0000004da1700000]
Native frames: (J=compiled Java code, j=interpreted, Vv=VM code, C=native code)
V  [jvm.dll+0x67cf49]
V  [jvm.dll+0x83478a]
V  [jvm.dll+0x83624e]
V  [jvm.dll+0x8368b3]
V  [jvm.dll+0x247f1f]
V  [jvm.dll+0xac43c]
V  [jvm.dll+0xaca8c]
V  [jvm.dll+0x367067]
V  [jvm.dll+0x1bd536]
V  [jvm.dll+0x21a709]
V  [jvm.dll+0x2199d1]
V  [jvm.dll+0x1a57cd]
V  [jvm.dll+0x2297ae]
V  [jvm.dll+0x22797c]
V  [jvm.dll+0x7e9877]
V  [jvm.dll+0x7e3c3a]
V  [jvm.dll+0x67be35]
C  [ucrtbase.dll+0x21bb2]
C  [KERNEL32.DLL+0x17614]
C  [ntdll.dll+0x526b1]


---------------  P R O C E S S  ---------------

Threads class SMR info:
_java_thread_list=0x0000024da418b310, length=31, elements={
0x0000024d86735d30, 0x0000024d9c51c750, 0x0000024d9c51ef10, 0x0000024d9c53b050,
0x0000024d9c53bce0, 0x0000024d9c53e980, 0x0000024da1cbb880, 0x0000024da1cbc480,
0x0000024da1ccb150, 0x0000024da1d25940, 0x0000024da1dd6260, 0x0000024da215cb50,
0x0000024da2773f40, 0x0000024da28716c0, 0x0000024da2a9edd0, 0x0000024da2b2e390,
0x0000024da2b82740, 0x0000024da2d039c0, 0x0000024da2d02580, 0x0000024da2d03ed0,
0x0000024da2e063a0, 0x0000024da2d02a90, 0x0000024da2d048f0, 0x0000024da2d034b0,
0x0000024da2d05310, 0x0000024da2d05820, 0x0000024da2d02fa0, 0x0000024da39f3ed0,
0x0000024da39f6c60, 0x0000024da39f7170, 0x0000024da39f2070
}

Java Threads: ( => current thread )
  0x0000024d86735d30 JavaThread "main" [_thread_blocked, id=21516, stack(0x0000004da0900000,0x0000004da0a00000)]
  0x0000024d9c51c750 JavaThread "Reference Handler" daemon [_thread_blocked, id=18004, stack(0x0000004da0c00000,0x0000004da0d00000)]
  0x0000024d9c51ef10 JavaThread "Finalizer" daemon [_thread_blocked, id=5520, stack(0x0000004da0d00000,0x0000004da0e00000)]
  0x0000024d9c53b050 JavaThread "Signal Dispatcher" daemon [_thread_blocked, id=21420, stack(0x0000004da0e00000,0x0000004da0f00000)]
  0x0000024d9c53bce0 JavaThread "Attach Listener" daemon [_thread_blocked, id=7952, stack(0x0000004da0f00000,0x0000004da1000000)]
  0x0000024d9c53e980 JavaThread "Service Thread" daemon [_thread_blocked, id=23152, stack(0x0000004da1000000,0x0000004da1100000)]
  0x0000024da1cbb880 JavaThread "Monitor Deflation Thread" daemon [_thread_blocked, id=1392, stack(0x0000004da1100000,0x0000004da1200000)]
  0x0000024da1cbc480 JavaThread "C2 CompilerThread0" daemon [_thread_in_native, id=21688, stack(0x0000004da1200000,0x0000004da1300000)]
  0x0000024da1ccb150 JavaThread "C1 CompilerThread0" daemon [_thread_in_native, id=12324, stack(0x0000004da1300000,0x0000004da1400000)]
  0x0000024da1d25940 JavaThread "Sweeper thread" daemon [_thread_blocked, id=9440, stack(0x0000004da1400000,0x0000004da1500000)]
  0x0000024da1dd6260 JavaThread "Common-Cleaner" daemon [_thread_blocked, id=10004, stack(0x0000004da1500000,0x0000004da1600000)]
  0x0000024da215cb50 JavaThread "Notification Thread" daemon [_thread_blocked, id=2668, stack(0x0000004da1700000,0x0000004da1800000)]
  0x0000024da2773f40 JavaThread "Active Thread: Equinox Container: 4860c6b0-10eb-40d7-be46-a138f789234d" [_thread_blocked, id=4084, stack(0x0000004da1e00000,0x0000004da1f00000)]
  0x0000024da28716c0 JavaThread "Framework Event Dispatcher: Equinox Container: 4860c6b0-10eb-40d7-be46-a138f789234d" daemon [_thread_blocked, id=9928, stack(0x0000004da1f00000,0x0000004da2000000)]
  0x0000024da2a9edd0 JavaThread "Start Level: Equinox Container: 4860c6b0-10eb-40d7-be46-a138f789234d" daemon [_thread_blocked, id=19044, stack(0x0000004da2000000,0x0000004da2100000)]
  0x0000024da2b2e390 JavaThread "SCR Component Actor" daemon [_thread_blocked, id=20464, stack(0x0000004da2100000,0x0000004da2200000)]
  0x0000024da2b82740 JavaThread "SCR Component Registry" daemon [_thread_blocked, id=6148, stack(0x0000004da2200000,0x0000004da2300000)]
  0x0000024da2d039c0 JavaThread "Worker-JM" [_thread_blocked, id=18584, stack(0x0000004da2300000,0x0000004da2400000)]
  0x0000024da2d02580 JavaThread "Worker-0" [_thread_blocked, id=17268, stack(0x0000004da2400000,0x0000004da2500000)]
  0x0000024da2d03ed0 JavaThread "Worker-1" [_thread_blocked, id=11136, stack(0x0000004da2500000,0x0000004da2600000)]
=>0x0000024da2e063a0 JavaThread "C2 CompilerThread1" daemon [_thread_in_native, id=12228, stack(0x0000004da1600000,0x0000004da1700000)]
  0x0000024da2d02a90 JavaThread "JNA Cleaner" daemon [_thread_blocked, id=22748, stack(0x0000004da2600000,0x0000004da2700000)]
  0x0000024da2d048f0 JavaThread "pool-2-thread-1" [_thread_blocked, id=19860, stack(0x0000004da2900000,0x0000004da2a00000)]
  0x0000024da2d034b0 JavaThread "WorkspaceEventsHandler" [_thread_blocked, id=15516, stack(0x0000004da2a00000,0x0000004da2b00000)]
  0x0000024da2d05310 JavaThread "pool-1-thread-1" [_thread_in_native, id=21200, stack(0x0000004da2b00000,0x0000004da2c00000)]
  0x0000024da2d05820 JavaThread "Worker-2" [_thread_blocked, id=21572, stack(0x0000004da2c00000,0x0000004da2d00000)]
  0x0000024da2d02fa0 JavaThread "ForkJoinPool.commonPool-worker-1" daemon [_thread_blocked, id=18300, stack(0x0000004da2d00000,0x0000004da2e00000)]
  0x0000024da39f3ed0 JavaThread "ForkJoinPool.commonPool-worker-2" daemon [_thread_blocked, id=17084, stack(0x0000004da2e00000,0x0000004da2f00000)]
  0x0000024da39f6c60 JavaThread "ForkJoinPool.commonPool-worker-3" daemon [_thread_blocked, id=4072, stack(0x0000004da2f00000,0x0000004da3000000)]
  0x0000024da39f7170 JavaThread "ForkJoinPool.commonPool-worker-4" daemon [_thread_blocked, id=12132, stack(0x0000004da3000000,0x0000004da3100000)]
  0x0000024da39f2070 JavaThread "ForkJoinPool.commonPool-worker-5" daemon [_thread_in_Java, id=22096, stack(0x0000004da3100000,0x0000004da3200000)]

Other Threads:
  0x0000024d9c505400 VMThread "VM Thread" [stack: 0x0000004da0b00000,0x0000004da0c00000] [id=9652]
  0x0000024da2013920 WatcherThread [stack: 0x0000004da1800000,0x0000004da1900000] [id=12444]
  0x0000024d8674e190 GCTaskThread "GC Thread#0" [stack: 0x0000004da0a00000,0x0000004da0b00000] [id=3108]
  0x0000024da2b5c010 GCTaskThread "GC Thread#1" [stack: 0x0000004da1900000,0x0000004da1a00000] [id=14092]
  0x0000024da2709cc0 GCTaskThread "GC Thread#2" [stack: 0x0000004da1a00000,0x0000004da1b00000] [id=20892]
  0x0000024da2709f80 GCTaskThread "GC Thread#3" [stack: 0x0000004da1b00000,0x0000004da1c00000] [id=19812]
  0x0000024da270a240 GCTaskThread "GC Thread#4" [stack: 0x0000004da1c00000,0x0000004da1d00000] [id=23012]
  0x0000024da270a500 GCTaskThread "GC Thread#5" [stack: 0x0000004da1d00000,0x0000004da1e00000] [id=23068]

Threads with active compile tasks:
C2 CompilerThread0     4435 3910       4       org.eclipse.core.runtime.Path::computeSegments (163 bytes)
C1 CompilerThread0     4435 3916       3       org.eclipse.jdt.internal.core.JavaModelManager::getOption (159 bytes)
C2 CompilerThread1     4435 3863   !   4       org.eclipse.osgi.internal.loader.classpath.ClasspathManager::findLocalClass (210 bytes)

VM state: not at safepoint (normal execution)

VM Mutex/Monitor currently owned by a thread: None

Heap address: 0x00000000c0000000, size: 1024 MB, Compressed Oops mode: 32-bit

CDS archive(s) not mapped
Compressed class space mapped at: 0x0000000100000000-0x0000000140000000, reserved size: 1073741824
Narrow klass base: 0x0000000000000000, Narrow klass shift: 3, Narrow klass range: 0x140000000

GC Precious Log:
 CPUs: 6 total, 6 available
 Memory: 8038M
 Large Page Support: Disabled
 NUMA Support: Disabled
 Compressed Oops: Enabled (32-bit)
 Alignments: Space 512K, Generation 512K, Heap 2M
 Heap Min Capacity: 100M
 Heap Initial Capacity: 100M
 Heap Max Capacity: 1G
 Pre-touch: Disabled
 Parallel Workers: 6

Heap:
 PSYoungGen      total 22528K, used 19441K [0x00000000eab00000, 0x00000000ec480000, 0x0000000100000000)
  eden space 22016K, 86% used [0x00000000eab00000,0x00000000ebd9c5e0,0x00000000ec080000)
  from space 512K, 75% used [0x00000000ec400000,0x00000000ec460000,0x00000000ec480000)
  to   space 512K, 0% used [0x00000000ec380000,0x00000000ec380000,0x00000000ec400000)
 ParOldGen       total 68608K, used 16372K [0x00000000c0000000, 0x00000000c4300000, 0x00000000eab00000)
  object space 68608K, 23% used [0x00000000c0000000,0x00000000c0ffd3c8,0x00000000c4300000)
 Metaspace       used 43302K, committed 44096K, reserved 1114112K
  class space    used 4407K, committed 4800K, reserved 1048576K

Card table byte_map: [0x0000024d99dd0000,0x0000024d99fe0000] _byte_map_base: 0x0000024d997d0000

Marking Bits: (ParMarkBitMap*) 0x00007fffffb0d0b0
 Begin Bits: [0x0000024d9a140000, 0x0000024d9b140000)
 End Bits:   [0x0000024d9b140000, 0x0000024d9c140000)

Polling page: 0x0000024d86800000

Metaspace:

Usage:
  Non-class:     37.98 MB used.
      Class:      4.30 MB used.
       Both:     42.29 MB used.

Virtual space:
  Non-class space:       64.00 MB reserved,      38.38 MB ( 60%) committed,  1 nodes.
      Class space:        1.00 GB reserved,       4.69 MB ( <1%) committed,  1 nodes.
             Both:        1.06 GB reserved,      43.06 MB (  4%) committed. 

Chunk freelists:
   Non-Class:  9.56 MB
       Class:  11.17 MB
        Both:  20.74 MB

MaxMetaspaceSize: unlimited
CompressedClassSpaceSize: 1.00 GB
Initial GC threshold: 21.00 MB
Current GC threshold: 58.38 MB
CDS: off
MetaspaceReclaimPolicy: balanced
 - commit_granule_bytes: 65536.
 - commit_granule_words: 8192.
 - virtual_space_node_default_size: 8388608.
 - enlarge_chunks_in_place: 1.
 - new_chunks_are_fully_committed: 0.
 - uncommit_free_chunks: 1.
 - use_allocation_guard: 0.
 - handle_deallocations: 1.


Internal statistics:

num_allocs_failed_limit: 6.
num_arena_births: 382.
num_arena_deaths: 14.
num_vsnodes_births: 2.
num_vsnodes_deaths: 0.
num_space_committed: 689.
num_space_uncommitted: 0.
num_chunks_returned_to_freelist: 20.
num_chunks_taken_from_freelist: 1783.
num_chunk_merges: 8.
num_chunk_splits: 1184.
num_chunks_enlarged: 816.
num_inconsistent_stats: 0.

CodeHeap 'non-profiled nmethods': size=120000Kb used=2024Kb max_used=2024Kb free=117975Kb
 bounds [0x0000024d926c0000, 0x0000024d92930000, 0x0000024d99bf0000]
CodeHeap 'profiled nmethods': size=120000Kb used=8570Kb max_used=8570Kb free=111429Kb
 bounds [0x0000024d8abf0000, 0x0000024d8b450000, 0x0000024d92120000]
CodeHeap 'non-nmethods': size=5760Kb used=1296Kb max_used=1368Kb free=4463Kb
 bounds [0x0000024d92120000, 0x0000024d92390000, 0x0000024d926c0000]
 total_blobs=4543 nmethods=3912 adapters=544
 compilation: enabled
              stopped_count=0, restarted_count=0
 full_count=0

Compilation events (20 events):
Event: 4.177 Thread 0x0000024da1ccb150 3889       3       java.lang.StackTraceElement::isHashedInJavaBase (31 bytes)
Event: 4.177 Thread 0x0000024da1ccb150 nmethod 3889 0x0000024d8b439f90 code [0x0000024d8b43a180, 0x0000024d8b43a698]
Event: 4.177 Thread 0x0000024da1ccb150 3890       3       java.lang.Module::getLayer (43 bytes)
Event: 4.177 Thread 0x0000024da1ccb150 nmethod 3890 0x0000024d8b43a810 code [0x0000024d8b43a9e0, 0x0000024d8b43ada8]
Event: 4.177 Thread 0x0000024da1ccb150 3886       3       jdk.internal.loader.AbstractClassLoaderValue$Sub::<init> (15 bytes)
Event: 4.177 Thread 0x0000024da1ccb150 nmethod 3886 0x0000024d8b43ae90 code [0x0000024d8b43b040, 0x0000024d8b43b238]
Event: 4.181 Thread 0x0000024da1ccb150 3891       3       java.lang.invoke.MethodType::dropParameterTypes (164 bytes)
Event: 4.182 Thread 0x0000024da1ccb150 nmethod 3891 0x0000024d8b43b310 code [0x0000024d8b43b600, 0x0000024d8b43c528]
Event: 4.184 Thread 0x0000024da1ccb150 3892   !   3       jdk.internal.loader.AbstractClassLoaderValue::computeIfAbsent (113 bytes)
Event: 4.184 Thread 0x0000024da1ccb150 nmethod 3892 0x0000024d8b43ca10 code [0x0000024d8b43ccc0, 0x0000024d8b43da28]
Event: 4.184 Thread 0x0000024da1ccb150 3893   !   3       sun.reflect.annotation.AnnotationParser::parseAnnotation2 (271 bytes)
Event: 4.186 Thread 0x0000024da1ccb150 nmethod 3893 0x0000024d8b43e090 code [0x0000024d8b43e4a0, 0x0000024d8b440068]
Event: 4.186 Thread 0x0000024da1ccb150 3894       3       jdk.internal.reflect.UnsafeObjectFieldAccessorImpl::set (56 bytes)
Event: 4.187 Thread 0x0000024da1ccb150 nmethod 3894 0x0000024d8b440b10 code [0x0000024d8b440da0, 0x0000024d8b441af8]
Event: 4.187 Thread 0x0000024da1ccb150 3895       3       java.nio.CharBuffer::arrayOffset (35 bytes)
Event: 4.188 Thread 0x0000024da1ccb150 nmethod 3895 0x0000024d8b441f10 code [0x0000024d8b4420e0, 0x0000024d8b442398]
Event: 4.394 Thread 0x0000024da1ccb150 3896       1       java.nio.charset.Charset::name (5 bytes)
Event: 4.394 Thread 0x0000024da1ccb150 nmethod 3896 0x0000024d928b7d10 code [0x0000024d928b7ea0, 0x0000024d928b7f78]
Event: 4.395 Thread 0x0000024da1cbc480 3897       4       java.lang.AbstractStringBuilder::isLatin1 (19 bytes)
Event: 4.396 Thread 0x0000024da1cbc480 nmethod 3897 0x0000024d928b8010 code [0x0000024d928b8180, 0x0000024d928b8218]

GC Heap History (20 events):
Event: 1.769 GC heap before
{Heap before GC invocations=7 (full 1):
 PSYoungGen      total 26112K, used 25945K [0x00000000eab00000, 0x00000000ec880000, 0x0000000100000000)
  eden space 25088K, 100% used [0x00000000eab00000,0x00000000ec380000,0x00000000ec380000)
  from space 1024K, 83% used [0x00000000ec400000,0x00000000ec4d6458,0x00000000ec500000)
  to   space 2560K, 0% used [0x00000000ec600000,0x00000000ec600000,0x00000000ec880000)
 ParOldGen       total 68608K, used 6639K [0x00000000c0000000, 0x00000000c4300000, 0x00000000eab00000)
  object space 68608K, 9% used [0x00000000c0000000,0x00000000c067bc30,0x00000000c4300000)
 Metaspace       used 26906K, committed 27392K, reserved 1114112K
  class space    used 2592K, committed 2816K, reserved 1048576K
}
Event: 1.770 GC heap after
{Heap after GC invocations=7 (full 1):
 PSYoungGen      total 26112K, used 1212K [0x00000000eab00000, 0x00000000ec780000, 0x0000000100000000)
  eden space 24576K, 0% used [0x00000000eab00000,0x00000000eab00000,0x00000000ec300000)
  from space 1536K, 78% used [0x00000000ec600000,0x00000000ec72f2b0,0x00000000ec780000)
  to   space 1536K, 0% used [0x00000000ec480000,0x00000000ec480000,0x00000000ec600000)
 ParOldGen       total 68608K, used 6647K [0x00000000c0000000, 0x00000000c4300000, 0x00000000eab00000)
  object space 68608K, 9% used [0x00000000c0000000,0x00000000c067dc30,0x00000000c4300000)
 Metaspace       used 26906K, committed 27392K, reserved 1114112K
  class space    used 2592K, committed 2816K, reserved 1048576K
}
Event: 2.594 GC heap before
{Heap before GC invocations=8 (full 1):
 PSYoungGen      total 26112K, used 25788K [0x00000000eab00000, 0x00000000ec780000, 0x0000000100000000)
  eden space 24576K, 100% used [0x00000000eab00000,0x00000000ec300000,0x00000000ec300000)
  from space 1536K, 78% used [0x00000000ec600000,0x00000000ec72f2b0,0x00000000ec780000)
  to   space 1536K, 0% used [0x00000000ec480000,0x00000000ec480000,0x00000000ec600000)
 ParOldGen       total 68608K, used 6647K [0x00000000c0000000, 0x00000000c4300000, 0x00000000eab00000)
  object space 68608K, 9% used [0x00000000c0000000,0x00000000c067dc30,0x00000000c4300000)
 Metaspace       used 31695K, committed 32320K, reserved 1114112K
  class space    used 3122K, committed 3392K, reserved 1048576K
}
Event: 2.596 GC heap after
{Heap after GC invocations=8 (full 1):
 PSYoungGen      total 25600K, used 1533K [0x00000000eab00000, 0x00000000ec980000, 0x0000000100000000)
  eden space 24064K, 0% used [0x00000000eab00000,0x00000000eab00000,0x00000000ec280000)
  from space 1536K, 99% used [0x00000000ec480000,0x00000000ec5ff730,0x00000000ec600000)
  to   space 3584K, 0% used [0x00000000ec600000,0x00000000ec600000,0x00000000ec980000)
 ParOldGen       total 68608K, used 8190K [0x00000000c0000000, 0x00000000c4300000, 0x00000000eab00000)
  object space 68608K, 11% used [0x00000000c0000000,0x00000000c07ffb78,0x00000000c4300000)
 Metaspace       used 31695K, committed 32320K, reserved 1114112K
  class space    used 3122K, committed 3392K, reserved 1048576K
}
Event: 2.860 GC heap before
{Heap before GC invocations=9 (full 1):
 PSYoungGen      total 25600K, used 25597K [0x00000000eab00000, 0x00000000ec980000, 0x0000000100000000)
  eden space 24064K, 100% used [0x00000000eab00000,0x00000000ec280000,0x00000000ec280000)
  from space 1536K, 99% used [0x00000000ec480000,0x00000000ec5ff730,0x00000000ec600000)
  to   space 3584K, 0% used [0x00000000ec600000,0x00000000ec600000,0x00000000ec980000)
 ParOldGen       total 68608K, used 8190K [0x00000000c0000000, 0x00000000c4300000, 0x00000000eab00000)
  object space 68608K, 11% used [0x00000000c0000000,0x00000000c07ffb78,0x00000000c4300000)
 Metaspace       used 34922K, committed 35584K, reserved 1114112K
  class space    used 3540K, committed 3840K, reserved 1048576K
}
Event: 2.861 GC heap after
{Heap after GC invocations=9 (full 1):
 PSYoungGen      total 27136K, used 3130K [0x00000000eab00000, 0x00000000ec980000, 0x0000000100000000)
  eden space 23552K, 0% used [0x00000000eab00000,0x00000000eab00000,0x00000000ec200000)
  from space 3584K, 87% used [0x00000000ec600000,0x00000000ec90e9b8,0x00000000ec980000)
  to   space 3584K, 0% used [0x00000000ec280000,0x00000000ec280000,0x00000000ec600000)
 ParOldGen       total 68608K, used 8198K [0x00000000c0000000, 0x00000000c4300000, 0x00000000eab00000)
  object space 68608K, 11% used [0x00000000c0000000,0x00000000c0801b78,0x00000000c4300000)
 Metaspace       used 34922K, committed 35584K, reserved 1114112K
  class space    used 3540K, committed 3840K, reserved 1048576K
}
Event: 2.897 GC heap before
{Heap before GC invocations=10 (full 1):
 PSYoungGen      total 27136K, used 4811K [0x00000000eab00000, 0x00000000ec980000, 0x0000000100000000)
  eden space 23552K, 7% used [0x00000000eab00000,0x00000000eaca4458,0x00000000ec200000)
  from space 3584K, 87% used [0x00000000ec600000,0x00000000ec90e9b8,0x00000000ec980000)
  to   space 3584K, 0% used [0x00000000ec280000,0x00000000ec280000,0x00000000ec600000)
 ParOldGen       total 68608K, used 8198K [0x00000000c0000000, 0x00000000c4300000, 0x00000000eab00000)
  object space 68608K, 11% used [0x00000000c0000000,0x00000000c0801b78,0x00000000c4300000)
 Metaspace       used 35199K, committed 35840K, reserved 1114112K
  class space    used 3567K, committed 3904K, reserved 1048576K
}
Event: 2.899 GC heap after
{Heap after GC invocations=10 (full 1):
 PSYoungGen      total 26112K, used 2493K [0x00000000eab00000, 0x00000000ec800000, 0x0000000100000000)
  eden space 23552K, 0% used [0x00000000eab00000,0x00000000eab00000,0x00000000ec200000)
  from space 2560K, 97% used [0x00000000ec280000,0x00000000ec4ef678,0x00000000ec500000)
  to   space 3072K, 0% used [0x00000000ec500000,0x00000000ec500000,0x00000000ec800000)
 ParOldGen       total 68608K, used 8948K [0x00000000c0000000, 0x00000000c4300000, 0x00000000eab00000)
  object space 68608K, 13% used [0x00000000c0000000,0x00000000c08bd328,0x00000000c4300000)
 Metaspace       used 35199K, committed 35840K, reserved 1114112K
  class space    used 3567K, committed 3904K, reserved 1048576K
}
Event: 2.899 GC heap before
{Heap before GC invocations=11 (full 2):
 PSYoungGen      total 26112K, used 2493K [0x00000000eab00000, 0x00000000ec800000, 0x0000000100000000)
  eden space 23552K, 0% used [0x00000000eab00000,0x00000000eab00000,0x00000000ec200000)
  from space 2560K, 97% used [0x00000000ec280000,0x00000000ec4ef678,0x00000000ec500000)
  to   space 3072K, 0% used [0x00000000ec500000,0x00000000ec500000,0x00000000ec800000)
 ParOldGen       total 68608K, used 8948K [0x00000000c0000000, 0x00000000c4300000, 0x00000000eab00000)
  object space 68608K, 13% used [0x00000000c0000000,0x00000000c08bd328,0x00000000c4300000)
 Metaspace       used 35199K, committed 35840K, reserved 1114112K
  class space    used 3567K, committed 3904K, reserved 1048576K
}
Event: 2.916 GC heap after
{Heap after GC invocations=11 (full 2):
 PSYoungGen      total 26112K, used 0K [0x00000000eab00000, 0x00000000ec800000, 0x0000000100000000)
  eden space 23552K, 0% used [0x00000000eab00000,0x00000000eab00000,0x00000000ec200000)
  from space 2560K, 0% used [0x00000000ec280000,0x00000000ec280000,0x00000000ec500000)
  to   space 3072K, 0% used [0x00000000ec500000,0x00000000ec500000,0x00000000ec800000)
 ParOldGen       total 68608K, used 11119K [0x00000000c0000000, 0x00000000c4300000, 0x00000000eab00000)
  object space 68608K, 16% used [0x00000000c0000000,0x00000000c0adbcf0,0x00000000c4300000)
 Metaspace       used 35199K, committed 35840K, reserved 1114112K
  class space    used 3567K, committed 3904K, reserved 1048576K
}
Event: 3.073 GC heap before
{Heap before GC invocations=12 (full 2):
 PSYoungGen      total 26112K, used 23552K [0x00000000eab00000, 0x00000000ec800000, 0x0000000100000000)
  eden space 23552K, 100% used [0x00000000eab00000,0x00000000ec200000,0x00000000ec200000)
  from space 2560K, 0% used [0x00000000ec280000,0x00000000ec280000,0x00000000ec500000)
  to   space 3072K, 0% used [0x00000000ec500000,0x00000000ec500000,0x00000000ec800000)
 ParOldGen       total 68608K, used 11119K [0x00000000c0000000, 0x00000000c4300000, 0x00000000eab00000)
  object space 68608K, 16% used [0x00000000c0000000,0x00000000c0adbcf0,0x00000000c4300000)
 Metaspace       used 35985K, committed 36608K, reserved 1114112K
  class space    used 3660K, committed 3968K, reserved 1048576K
}
Event: 3.074 GC heap after
{Heap after GC invocations=12 (full 2):
 PSYoungGen      total 26112K, used 3067K [0x00000000eab00000, 0x00000000ec880000, 0x0000000100000000)
  eden space 23040K, 0% used [0x00000000eab00000,0x00000000eab00000,0x00000000ec180000)
  from space 3072K, 99% used [0x00000000ec500000,0x00000000ec7fee08,0x00000000ec800000)
  to   space 3584K, 0% used [0x00000000ec180000,0x00000000ec180000,0x00000000ec500000)
 ParOldGen       total 68608K, used 11135K [0x00000000c0000000, 0x00000000c4300000, 0x00000000eab00000)
  object space 68608K, 16% used [0x00000000c0000000,0x00000000c0adfcf0,0x00000000c4300000)
 Metaspace       used 35985K, committed 36608K, reserved 1114112K
  class space    used 3660K, committed 3968K, reserved 1048576K
}
Event: 3.324 GC heap before
{Heap before GC invocations=13 (full 2):
 PSYoungGen      total 26112K, used 26080K [0x00000000eab00000, 0x00000000ec880000, 0x0000000100000000)
  eden space 23040K, 99% used [0x00000000eab00000,0x00000000ec179420,0x00000000ec180000)
  from space 3072K, 99% used [0x00000000ec500000,0x00000000ec7fee08,0x00000000ec800000)
  to   space 3584K, 0% used [0x00000000ec180000,0x00000000ec180000,0x00000000ec500000)
 ParOldGen       total 68608K, used 11135K [0x00000000c0000000, 0x00000000c4300000, 0x00000000eab00000)
  object space 68608K, 16% used [0x00000000c0000000,0x00000000c0adfcf0,0x00000000c4300000)
 Metaspace       used 38155K, committed 38848K, reserved 1114112K
  class space    used 3916K, committed 4224K, reserved 1048576K
}
Event: 3.328 GC heap after
{Heap after GC invocations=13 (full 2):
 PSYoungGen      total 25600K, used 2760K [0x00000000eab00000, 0x00000000ec700000, 0x0000000100000000)
  eden space 22528K, 0% used [0x00000000eab00000,0x00000000eab00000,0x00000000ec100000)
  from space 3072K, 89% used [0x00000000ec180000,0x00000000ec4321f0,0x00000000ec480000)
  to   space 2560K, 0% used [0x00000000ec480000,0x00000000ec480000,0x00000000ec700000)
 ParOldGen       total 68608K, used 13503K [0x00000000c0000000, 0x00000000c4300000, 0x00000000eab00000)
  object space 68608K, 19% used [0x00000000c0000000,0x00000000c0d2fe90,0x00000000c4300000)
 Metaspace       used 38155K, committed 38848K, reserved 1114112K
  class space    used 3916K, committed 4224K, reserved 1048576K
}
Event: 3.446 GC heap before
{Heap before GC invocations=14 (full 2):
 PSYoungGen      total 25600K, used 25288K [0x00000000eab00000, 0x00000000ec700000, 0x0000000100000000)
  eden space 22528K, 100% used [0x00000000eab00000,0x00000000ec100000,0x00000000ec100000)
  from space 3072K, 89% used [0x00000000ec180000,0x00000000ec4321f0,0x00000000ec480000)
  to   space 2560K, 0% used [0x00000000ec480000,0x00000000ec480000,0x00000000ec700000)
 ParOldGen       total 68608K, used 13503K [0x00000000c0000000, 0x00000000c4300000, 0x00000000eab00000)
  object space 68608K, 19% used [0x00000000c0000000,0x00000000c0d2fe90,0x00000000c4300000)
 Metaspace       used 38781K, committed 39488K, reserved 1114112K
  class space    used 3963K, committed 4288K, reserved 1048576K
}
Event: 3.449 GC heap after
{Heap after GC invocations=14 (full 2):
 PSYoungGen      total 23552K, used 1037K [0x00000000eab00000, 0x00000000ec600000, 0x0000000100000000)
  eden space 22016K, 0% used [0x00000000eab00000,0x00000000eab00000,0x00000000ec080000)
  from space 1536K, 67% used [0x00000000ec480000,0x00000000ec583638,0x00000000ec600000)
  to   space 2048K, 0% used [0x00000000ec200000,0x00000000ec200000,0x00000000ec400000)
 ParOldGen       total 68608K, used 16164K [0x00000000c0000000, 0x00000000c4300000, 0x00000000eab00000)
  object space 68608K, 23% used [0x00000000c0000000,0x00000000c0fc93c8,0x00000000c4300000)
 Metaspace       used 38781K, committed 39488K, reserved 1114112K
  class space    used 3963K, committed 4288K, reserved 1048576K
}
Event: 3.606 GC heap before
{Heap before GC invocations=15 (full 2):
 PSYoungGen      total 23552K, used 23053K [0x00000000eab00000, 0x00000000ec600000, 0x0000000100000000)
  eden space 22016K, 100% used [0x00000000eab00000,0x00000000ec080000,0x00000000ec080000)
  from space 1536K, 67% used [0x00000000ec480000,0x00000000ec583638,0x00000000ec600000)
  to   space 2048K, 0% used [0x00000000ec200000,0x00000000ec200000,0x00000000ec400000)
 ParOldGen       total 68608K, used 16164K [0x00000000c0000000, 0x00000000c4300000, 0x00000000eab00000)
  object space 68608K, 23% used [0x00000000c0000000,0x00000000c0fc93c8,0x00000000c4300000)
 Metaspace       used 40019K, committed 40704K, reserved 1114112K
  class space    used 4090K, committed 4416K, reserved 1048576K
}
Event: 3.607 GC heap after
{Heap after GC invocations=15 (full 2):
 PSYoungGen      total 24064K, used 224K [0x00000000eab00000, 0x00000000ec500000, 0x0000000100000000)
  eden space 22016K, 0% used [0x00000000eab00000,0x00000000eab00000,0x00000000ec080000)
  from space 2048K, 10% used [0x00000000ec200000,0x00000000ec238000,0x00000000ec400000)
  to   space 1024K, 0% used [0x00000000ec400000,0x00000000ec400000,0x00000000ec500000)
 ParOldGen       total 68608K, used 16260K [0x00000000c0000000, 0x00000000c4300000, 0x00000000eab00000)
  object space 68608K, 23% used [0x00000000c0000000,0x00000000c0fe13c8,0x00000000c4300000)
 Metaspace       used 40019K, committed 40704K, reserved 1114112K
  class space    used 4090K, committed 4416K, reserved 1048576K
}
Event: 3.876 GC heap before
{Heap before GC invocations=16 (full 2):
 PSYoungGen      total 24064K, used 22240K [0x00000000eab00000, 0x00000000ec500000, 0x0000000100000000)
  eden space 22016K, 100% used [0x00000000eab00000,0x00000000ec080000,0x00000000ec080000)
  from space 2048K, 10% used [0x00000000ec200000,0x00000000ec238000,0x00000000ec400000)
  to   space 1024K, 0% used [0x00000000ec400000,0x00000000ec400000,0x00000000ec500000)
 ParOldGen       total 68608K, used 16260K [0x00000000c0000000, 0x00000000c4300000, 0x00000000eab00000)
  object space 68608K, 23% used [0x00000000c0000000,0x00000000c0fe13c8,0x00000000c4300000)
 Metaspace       used 40935K, committed 41664K, reserved 1114112K
  class space    used 4210K, committed 4544K, reserved 1048576K
}
Event: 3.877 GC heap after
{Heap after GC invocations=16 (full 2):
 PSYoungGen      total 22528K, used 384K [0x00000000eab00000, 0x00000000ec480000, 0x0000000100000000)
  eden space 22016K, 0% used [0x00000000eab00000,0x00000000eab00000,0x00000000ec080000)
  from space 512K, 75% used [0x00000000ec400000,0x00000000ec460000,0x00000000ec480000)
  to   space 512K, 0% used [0x00000000ec380000,0x00000000ec380000,0x00000000ec400000)
 ParOldGen       total 68608K, used 16372K [0x00000000c0000000, 0x00000000c4300000, 0x00000000eab00000)
  object space 68608K, 23% used [0x00000000c0000000,0x00000000c0ffd3c8,0x00000000c4300000)
 Metaspace       used 40935K, committed 41664K, reserved 1114112K
  class space    used 4210K, committed 4544K, reserved 1048576K
}

Dll operation events (10 events):
Event: 0.007 Loaded shared library c:\Users\student\.vscode\extensions\redhat.java-1.26.0-win32-x64\jre\17.0.9-win32-x86_64\bin\java.dll
Event: 0.148 Loaded shared library c:\Users\student\.vscode\extensions\redhat.java-1.26.0-win32-x64\jre\17.0.9-win32-x86_64\bin\zip.dll
Event: 0.150 Loaded shared library C:\Users\student\.vscode\extensions\redhat.java-1.26.0-win32-x64\jre\17.0.9-win32-x86_64\bin\instrument.dll
Event: 0.161 Loaded shared library C:\Users\student\.vscode\extensions\redhat.java-1.26.0-win32-x64\jre\17.0.9-win32-x86_64\bin\net.dll
Event: 0.163 Loaded shared library C:\Users\student\.vscode\extensions\redhat.java-1.26.0-win32-x64\jre\17.0.9-win32-x86_64\bin\nio.dll
Event: 0.169 Loaded shared library C:\Users\student\.vscode\extensions\redhat.java-1.26.0-win32-x64\jre\17.0.9-win32-x86_64\bin\zip.dll
Event: 0.181 Loaded shared library C:\Users\student\.vscode\extensions\redhat.java-1.26.0-win32-x64\jre\17.0.9-win32-x86_64\bin\jimage.dll
Event: 0.232 Loaded shared library c:\Users\student\.vscode\extensions\redhat.java-1.26.0-win32-x64\jre\17.0.9-win32-x86_64\bin\verify.dll
Event: 0.957 Loaded shared library C:\Users\student\AppData\Roaming\Code\User\globalStorage\redhat.java\1.26.0\config_ss_win\org.eclipse.equinox.launcher\org.eclipse.equinox.launcher.win32.win32.x86_64_1.2.800.v20231003-1442\eclipse_11802.dll
Event: 2.558 Loaded shared library C:\Users\student\AppData\Local\Temp\jna--1879145925\jna4391357518393917838.dll

Deoptimization events (20 events):
Event: 4.130 Thread 0x0000024da2d05310 Uncommon trap: trap_request=0xffffffbe fr.pc=0x0000024d928865c8 relative=0x0000000000000668
Event: 4.130 Thread 0x0000024da2d05310 Uncommon trap: reason=profile_predicate action=maybe_recompile pc=0x0000024d928865c8 method=java.util.TreeMap.getEntryUsingComparator(Ljava/lang/Object;)Ljava/util/TreeMap$Entry; @ 19 c2
Event: 4.130 Thread 0x0000024da2d05310 DEOPT PACKING pc=0x0000024d928865c8 sp=0x0000004da2bfdd90
Event: 4.130 Thread 0x0000024da2d05310 DEOPT UNPACKING pc=0x0000024d921766a3 sp=0x0000004da2bfdcb0 mode 2
Event: 4.130 Thread 0x0000024da2d05310 Uncommon trap: trap_request=0xffffffbe fr.pc=0x0000024d928865c8 relative=0x0000000000000668
Event: 4.130 Thread 0x0000024da2d05310 Uncommon trap: reason=profile_predicate action=maybe_recompile pc=0x0000024d928865c8 method=java.util.TreeMap.getEntryUsingComparator(Ljava/lang/Object;)Ljava/util/TreeMap$Entry; @ 19 c2
Event: 4.130 Thread 0x0000024da2d05310 DEOPT PACKING pc=0x0000024d928865c8 sp=0x0000004da2bfdd90
Event: 4.130 Thread 0x0000024da2d05310 DEOPT UNPACKING pc=0x0000024d921766a3 sp=0x0000004da2bfdcb0 mode 2
Event: 4.130 Thread 0x0000024da2d05310 Uncommon trap: trap_request=0xffffffbe fr.pc=0x0000024d928848c8 relative=0x0000000000000668
Event: 4.130 Thread 0x0000024da2d05310 Uncommon trap: reason=profile_predicate action=maybe_recompile pc=0x0000024d928848c8 method=java.util.TreeMap.getEntryUsingComparator(Ljava/lang/Object;)Ljava/util/TreeMap$Entry; @ 19 c2
Event: 4.130 Thread 0x0000024da2d05310 DEOPT PACKING pc=0x0000024d928848c8 sp=0x0000004da2bfdcf0
Event: 4.130 Thread 0x0000024da2d05310 DEOPT UNPACKING pc=0x0000024d921766a3 sp=0x0000004da2bfdca0 mode 2
Event: 4.175 Thread 0x0000024da2d02fa0 Uncommon trap: trap_request=0xffffff45 fr.pc=0x0000024d927923f0 relative=0x00000000000004b0
Event: 4.175 Thread 0x0000024da2d02fa0 Uncommon trap: reason=unstable_if action=reinterpret pc=0x0000024d927923f0 method=java.util.HashMap$HashIterator.<init>(Ljava/util/HashMap;)V @ 45 c2
Event: 4.175 Thread 0x0000024da2d02fa0 DEOPT PACKING pc=0x0000024d927923f0 sp=0x0000004da2dfe960
Event: 4.175 Thread 0x0000024da2d02fa0 DEOPT UNPACKING pc=0x0000024d921766a3 sp=0x0000004da2dfe7d0 mode 2
Event: 4.176 Thread 0x0000024da39f3ed0 Uncommon trap: trap_request=0xffffff45 fr.pc=0x0000024d92791b34 relative=0x0000000000000314
Event: 4.176 Thread 0x0000024da39f3ed0 Uncommon trap: reason=unstable_if action=reinterpret pc=0x0000024d92791b34 method=java.util.HashMap$HashIterator.<init>(Ljava/util/HashMap;)V @ 45 c2
Event: 4.176 Thread 0x0000024da39f3ed0 DEOPT PACKING pc=0x0000024d92791b34 sp=0x0000004da2efee40
Event: 4.176 Thread 0x0000024da39f3ed0 DEOPT UNPACKING pc=0x0000024d921766a3 sp=0x0000004da2efed10 mode 2

Classes unloaded (7 events):
Event: 1.514 Thread 0x0000024d9c505400 Unloading class 0x000000010021b400 'java/lang/invoke/LambdaForm$MH+0x000000010021b400'
Event: 1.514 Thread 0x0000024d9c505400 Unloading class 0x000000010021b000 'java/lang/invoke/LambdaForm$MH+0x000000010021b000'
Event: 1.514 Thread 0x0000024d9c505400 Unloading class 0x000000010021ac00 'java/lang/invoke/LambdaForm$MH+0x000000010021ac00'
Event: 1.514 Thread 0x0000024d9c505400 Unloading class 0x000000010021a800 'java/lang/invoke/LambdaForm$MH+0x000000010021a800'
Event: 1.514 Thread 0x0000024d9c505400 Unloading class 0x000000010021a400 'java/lang/invoke/LambdaForm$BMH+0x000000010021a400'
Event: 1.514 Thread 0x0000024d9c505400 Unloading class 0x000000010021a000 'java/lang/invoke/LambdaForm$DMH+0x000000010021a000'
Event: 1.514 Thread 0x0000024d9c505400 Unloading class 0x0000000100214400 'java/lang/invoke/LambdaForm$DMH+0x0000000100214400'

Classes redefined (0 events):
No events

Internal exceptions (20 events):
Event: 2.527 Thread 0x0000024da2a9edd0 Exception <a 'java/io/FileNotFoundException'{0x00000000ebef2ea0}> (0x00000000ebef2ea0) 
thrown [s\src\hotspot\share\prims\jni.cpp, line 516]
Event: 2.582 Thread 0x0000024da2a9edd0 Exception <a 'java/lang/UnsatisfiedLinkError'{0x00000000ec2328f0}: The specified procedure could not be found.
> (0x00000000ec2328f0) 
thrown [s\src\hotspot\share\prims\jni.cpp, line 535]
Event: 2.586 Thread 0x0000024da2a9edd0 Exception <a 'java/io/FileNotFoundException'{0x00000000ec256018}> (0x00000000ec256018) 
thrown [s\src\hotspot\share\prims\jni.cpp, line 516]
Event: 2.592 Thread 0x0000024da2a9edd0 Exception <a 'java/io/FileNotFoundException'{0x00000000ec2ca2d0}> (0x00000000ec2ca2d0) 
thrown [s\src\hotspot\share\prims\jni.cpp, line 516]
Event: 2.602 Thread 0x0000024da2a9edd0 Exception <a 'java/lang/UnsatisfiedLinkError'{0x00000000eab8d900}: The specified procedure could not be found.
> (0x00000000eab8d900) 
thrown [s\src\hotspot\share\prims\jni.cpp, line 535]
Event: 2.627 Thread 0x0000024d86735d30 Exception <a 'java/lang/NoSuchMethodError'{0x00000000ead98720}: 'java.lang.Object java.lang.invoke.DirectMethodHandle$Holder.invokeStatic(java.lang.Object, java.lang.Object, long, java.lang.Object)'> (0x00000000ead98720) 
thrown [s\src\hotspot\share\interpreter\linkResolver.cpp, line 759]
Event: 2.627 Thread 0x0000024d86735d30 Exception <a 'java/lang/NoSuchMethodError'{0x00000000ead9c1b8}: 'java.lang.Object java.lang.invoke.DirectMethodHandle$Holder.invokeStaticInit(java.lang.Object, java.lang.Object, long, java.lang.Object)'> (0x00000000ead9c1b8) 
thrown [s\src\hotspot\share\interpreter\linkResolver.cpp, line 759]
Event: 2.628 Thread 0x0000024d86735d30 Exception <a 'java/lang/NoSuchMethodError'{0x00000000eadca338}: 'java.lang.Object java.lang.invoke.DirectMethodHandle$Holder.newInvokeSpecial(java.lang.Object, java.lang.Object, long)'> (0x00000000eadca338) 
thrown [s\src\hotspot\share\interpreter\linkResolver.cpp, line 759]
Event: 2.672 Thread 0x0000024d86735d30 Exception <a 'java/lang/NoSuchMethodError'{0x00000000eb3109b0}: 'void java.lang.invoke.DirectMethodHandle$Holder.invokeStatic(java.lang.Object, java.lang.Object, java.lang.Object, java.lang.Object)'> (0x00000000eb3109b0) 
thrown [s\src\hotspot\share\interpreter\linkResolver.cpp, line 759]
Event: 2.769 Thread 0x0000024d86735d30 Exception <a 'java/lang/NoSuchMethodError'{0x00000000ebb30f78}: 'void java.lang.invoke.DirectMethodHandle$Holder.invokeSpecial(java.lang.Object, java.lang.Object, java.lang.Object, java.lang.Object, java.lang.Object, java.lang.Object)'> (0x00000000ebb30f78) 
thrown [s\src\hotspot\share\interpreter\linkResolver.cpp, line 759]
Event: 2.770 Thread 0x0000024d86735d30 Exception <a 'java/lang/IncompatibleClassChangeError'{0x00000000ebb3aba8}: Found class java.lang.Object, but interface was expected> (0x00000000ebb3aba8) 
thrown [s\src\hotspot\share\interpreter\linkResolver.cpp, line 826]
Event: 2.848 Thread 0x0000024da2d05310 Exception <a 'java/io/FileNotFoundException'{0x00000000ec10b270}> (0x00000000ec10b270) 
thrown [s\src\hotspot\share\prims\jni.cpp, line 516]
Event: 2.872 Thread 0x0000024da2d05310 Exception <a 'sun/nio/fs/WindowsException'{0x00000000eab504d0}> (0x00000000eab504d0) 
thrown [s\src\hotspot\share\prims\jni.cpp, line 516]
Event: 2.881 Thread 0x0000024da2d02580 Exception <a 'java/io/FileNotFoundException'{0x00000000eab818d8}> (0x00000000eab818d8) 
thrown [s\src\hotspot\share\prims\jni.cpp, line 516]
Event: 2.881 Thread 0x0000024da2d02580 Exception <a 'java/io/FileNotFoundException'{0x00000000eab828e0}> (0x00000000eab828e0) 
thrown [s\src\hotspot\share\prims\jni.cpp, line 516]
Event: 2.941 Thread 0x0000024da2d02580 Exception <a 'java/io/FileNotFoundException'{0x00000000ead2b8e8}> (0x00000000ead2b8e8) 
thrown [s\src\hotspot\share\prims\jni.cpp, line 516]
Event: 2.943 Thread 0x0000024da2d02580 Exception <a 'java/io/FileNotFoundException'{0x00000000ead2ce28}> (0x00000000ead2ce28) 
thrown [s\src\hotspot\share\prims\jni.cpp, line 516]
Event: 2.945 Thread 0x0000024da2d02580 Exception <a 'java/lang/NoSuchMethodError'{0x00000000ead57608}: 'void java.lang.invoke.DirectMethodHandle$Holder.invokeStaticInit(java.lang.Object, java.lang.Object, java.lang.Object)'> (0x00000000ead57608) 
thrown [s\src\hotspot\share\interpreter\linkResolver.cpp, line 759]
Event: 2.961 Thread 0x0000024da2d05310 Exception <a 'java/lang/NoSuchMethodError'{0x00000000eaea29b0}: 'int java.lang.invoke.DirectMethodHandle$Holder.invokeVirtual(java.lang.Object, java.lang.Object)'> (0x00000000eaea29b0) 
thrown [s\src\hotspot\share\interpreter\linkResolver.cpp, line 759]
Event: 3.143 Thread 0x0000024da2d05310 Exception <a 'java/lang/NoSuchMethodError'{0x00000000eb36c0a8}: 'java.lang.Object java.lang.invoke.DirectMethodHandle$Holder.invokeInterface(java.lang.Object, java.lang.Object, java.lang.Object)'> (0x00000000eb36c0a8) 
thrown [s\src\hotspot\share\interpreter\linkResolver.cpp, line 759]

VM Operations (20 events):
Event: 3.302 Executing VM operation: HandshakeAllThreads
Event: 3.302 Executing VM operation: HandshakeAllThreads done
Event: 3.302 Executing VM operation: HandshakeAllThreads
Event: 3.302 Executing VM operation: HandshakeAllThreads done
Event: 3.306 Executing VM operation: ICBufferFull
Event: 3.306 Executing VM operation: ICBufferFull done
Event: 3.324 Executing VM operation: ParallelGCFailedAllocation
Event: 3.328 Executing VM operation: ParallelGCFailedAllocation done
Event: 3.446 Executing VM operation: ParallelGCFailedAllocation
Event: 3.449 Executing VM operation: ParallelGCFailedAllocation done
Event: 3.606 Executing VM operation: ParallelGCFailedAllocation
Event: 3.607 Executing VM operation: ParallelGCFailedAllocation done
Event: 3.876 Executing VM operation: ParallelGCFailedAllocation
Event: 3.877 Executing VM operation: ParallelGCFailedAllocation done
Event: 3.975 Executing VM operation: HandshakeAllThreads
Event: 3.975 Executing VM operation: HandshakeAllThreads done
Event: 4.134 Executing VM operation: HandshakeAllThreads
Event: 4.134 Executing VM operation: HandshakeAllThreads done
Event: 4.135 Executing VM operation: HandshakeAllThreads
Event: 4.135 Executing VM operation: HandshakeAllThreads done

Events (20 events):
Event: 4.168 loading class java/util/concurrent/CompletableFuture$UniApply done
Event: 4.168 loading class java/util/concurrent/ForkJoinTask$Aux
Event: 4.168 loading class java/util/concurrent/ForkJoinTask$Aux done
Event: 4.169 loading class java/util/concurrent/CancellationException
Event: 4.169 loading class java/util/concurrent/CancellationException done
Event: 4.169 loading class java/lang/invoke/VarHandleReferences$Array
Event: 4.169 loading class java/lang/invoke/VarHandleReferences$Array done
Event: 4.169 loading class java/util/concurrent/ForkJoinPool$DefaultCommonPoolForkJoinWorkerThreadFactory$1
Event: 4.169 loading class java/util/concurrent/ForkJoinPool$DefaultCommonPoolForkJoinWorkerThreadFactory$1 done
Event: 4.169 Thread 0x0000024da2d02fa0 Thread added: 0x0000024da2d02fa0
Event: 4.170 loading class java/util/concurrent/CompletableFuture$UniAccept
Event: 4.170 loading class java/util/concurrent/CompletableFuture$UniAccept done
Event: 4.170 loading class java/util/concurrent/CompletableFuture$UniExceptionally
Event: 4.170 loading class java/util/concurrent/CompletableFuture$UniExceptionally done
Event: 4.172 Thread 0x0000024da39f3ed0 Thread added: 0x0000024da39f3ed0
Event: 4.176 Thread 0x0000024da39f6c60 Thread added: 0x0000024da39f6c60
Event: 4.178 loading class java/util/concurrent/CompletionException
Event: 4.180 Thread 0x0000024da39f7170 Thread added: 0x0000024da39f7170
Event: 4.180 loading class java/util/concurrent/CompletionException done
Event: 4.189 Thread 0x0000024da39f2070 Thread added: 0x0000024da39f2070


Dynamic libraries:
0x00007ff70adb0000 - 0x00007ff70adbe000 	c:\Users\student\.vscode\extensions\redhat.java-1.26.0-win32-x64\jre\17.0.9-win32-x86_64\bin\java.exe
0x00007ff83fc70000 - 0x00007ff83fe68000 	C:\Windows\SYSTEM32\ntdll.dll
0x00007ff83e9a0000 - 0x00007ff83ea5f000 	C:\Windows\System32\KERNEL32.DLL
0x00007ff83d5e0000 - 0x00007ff83d8d6000 	C:\Windows\System32\KERNELBASE.dll
0x00007ff83d4e0000 - 0x00007ff83d5e0000 	C:\Windows\System32\ucrtbase.dll
0x00007ff826900000 - 0x00007ff826917000 	c:\Users\student\.vscode\extensions\redhat.java-1.26.0-win32-x64\jre\17.0.9-win32-x86_64\bin\jli.dll
0x00007ff83ecd0000 - 0x00007ff83ee6d000 	C:\Windows\System32\USER32.dll
0x00007ff83d350000 - 0x00007ff83d372000 	C:\Windows\System32\win32u.dll
0x00007ff83e970000 - 0x00007ff83e99c000 	C:\Windows\System32\GDI32.dll
0x00007ff83d950000 - 0x00007ff83da65000 	C:\Windows\System32\gdi32full.dll
0x00007ff83dc00000 - 0x00007ff83dc9d000 	C:\Windows\System32\msvcp_win.dll
0x00007ff823d90000 - 0x00007ff823dab000 	c:\Users\student\.vscode\extensions\redhat.java-1.26.0-win32-x64\jre\17.0.9-win32-x86_64\bin\VCRUNTIME140.dll
0x00007ff823f10000 - 0x00007ff8241aa000 	C:\Windows\WinSxS\amd64_microsoft.windows.common-controls_6595b64144ccf1df_6.0.19041.1110_none_60b5254171f9507e\COMCTL32.dll
0x00007ff83dea0000 - 0x00007ff83df3e000 	C:\Windows\System32\msvcrt.dll
0x00007ff83e8e0000 - 0x00007ff83e910000 	C:\Windows\System32\IMM32.DLL
0x00007ff8346a0000 - 0x00007ff8346ac000 	c:\Users\student\.vscode\extensions\redhat.java-1.26.0-win32-x64\jre\17.0.9-win32-x86_64\bin\vcruntime140_1.dll
0x00007ff819650000 - 0x00007ff8196dd000 	c:\Users\student\.vscode\extensions\redhat.java-1.26.0-win32-x64\jre\17.0.9-win32-x86_64\bin\msvcp140.dll
0x00007ffffef70000 - 0x00007fffffbd1000 	c:\Users\student\.vscode\extensions\redhat.java-1.26.0-win32-x64\jre\17.0.9-win32-x86_64\bin\server\jvm.dll
0x00007ff83e5c0000 - 0x00007ff83e66f000 	C:\Windows\System32\ADVAPI32.dll
0x00007ff83dcd0000 - 0x00007ff83dd6c000 	C:\Windows\System32\sechost.dll
0x00007ff83fa50000 - 0x00007ff83fb76000 	C:\Windows\System32\RPCRT4.dll
0x00007ff83d1b0000 - 0x00007ff83d1fb000 	C:\Windows\SYSTEM32\POWRPROF.dll
0x00007ff8229d0000 - 0x00007ff8229d9000 	C:\Windows\SYSTEM32\WSOCK32.dll
0x00007ff83e7c0000 - 0x00007ff83e82b000 	C:\Windows\System32\WS2_32.dll
0x00007ff8337d0000 - 0x00007ff8337f7000 	C:\Windows\SYSTEM32\WINMM.dll
0x00007ff837cf0000 - 0x00007ff837cfa000 	C:\Windows\SYSTEM32\VERSION.dll
0x00007ff83d190000 - 0x00007ff83d1a2000 	C:\Windows\SYSTEM32\UMPDC.dll
0x00007ff83b220000 - 0x00007ff83b232000 	C:\Windows\SYSTEM32\kernel.appcore.dll
0x00007ff8338f0000 - 0x00007ff8338fa000 	c:\Users\student\.vscode\extensions\redhat.java-1.26.0-win32-x64\jre\17.0.9-win32-x86_64\bin\jimage.dll
0x00007ff8234f0000 - 0x00007ff8236d4000 	C:\Windows\SYSTEM32\DBGHELP.DLL
0x00007ff8234b0000 - 0x00007ff8234e4000 	C:\Windows\SYSTEM32\dbgcore.DLL
0x00007ff83db20000 - 0x00007ff83dba2000 	C:\Windows\System32\bcryptPrimitives.dll
0x00007ff830d70000 - 0x00007ff830d7e000 	c:\Users\student\.vscode\extensions\redhat.java-1.26.0-win32-x64\jre\17.0.9-win32-x86_64\bin\instrument.dll
0x00007ff820990000 - 0x00007ff8209b5000 	c:\Users\student\.vscode\extensions\redhat.java-1.26.0-win32-x64\jre\17.0.9-win32-x86_64\bin\java.dll
0x00007ff822cc0000 - 0x00007ff822cd8000 	c:\Users\student\.vscode\extensions\redhat.java-1.26.0-win32-x64\jre\17.0.9-win32-x86_64\bin\zip.dll
0x00007ff83f300000 - 0x00007ff83fa44000 	C:\Windows\System32\SHELL32.dll
0x00007ff83b420000 - 0x00007ff83bbb4000 	C:\Windows\SYSTEM32\windows.storage.dll
0x00007ff83eed0000 - 0x00007ff83f224000 	C:\Windows\System32\combase.dll
0x00007ff83ccc0000 - 0x00007ff83ccee000 	C:\Windows\SYSTEM32\Wldp.dll
0x00007ff83e830000 - 0x00007ff83e8dd000 	C:\Windows\System32\SHCORE.dll
0x00007ff83e670000 - 0x00007ff83e6c5000 	C:\Windows\System32\shlwapi.dll
0x00007ff83d280000 - 0x00007ff83d2a5000 	C:\Windows\SYSTEM32\profapi.dll
0x00007ff822c70000 - 0x00007ff822c89000 	C:\Users\student\.vscode\extensions\redhat.java-1.26.0-win32-x64\jre\17.0.9-win32-x86_64\bin\net.dll
0x00007ff837330000 - 0x00007ff83743a000 	C:\Windows\SYSTEM32\WINHTTP.dll
0x00007ff83ca20000 - 0x00007ff83ca8a000 	C:\Windows\system32\mswsock.dll
0x00007ff821300000 - 0x00007ff821316000 	C:\Users\student\.vscode\extensions\redhat.java-1.26.0-win32-x64\jre\17.0.9-win32-x86_64\bin\nio.dll
0x00007ff827440000 - 0x00007ff827450000 	c:\Users\student\.vscode\extensions\redhat.java-1.26.0-win32-x64\jre\17.0.9-win32-x86_64\bin\verify.dll
0x00007ff81feb0000 - 0x00007ff81feee000 	C:\Users\student\AppData\Roaming\Code\User\globalStorage\redhat.java\1.26.0\config_ss_win\org.eclipse.equinox.launcher\org.eclipse.equinox.launcher.win32.win32.x86_64_1.2.800.v20231003-1442\eclipse_11802.dll
0x00007ff83dd70000 - 0x00007ff83de9a000 	C:\Windows\System32\ole32.dll
0x00007ff83cc10000 - 0x00007ff83cc28000 	C:\Windows\SYSTEM32\CRYPTSP.dll
0x00007ff83c340000 - 0x00007ff83c374000 	C:\Windows\system32\rsaenh.dll
0x00007ff83dca0000 - 0x00007ff83dcc7000 	C:\Windows\System32\bcrypt.dll
0x00007ff83d240000 - 0x00007ff83d26e000 	C:\Windows\SYSTEM32\USERENV.dll
0x00007ff83cc30000 - 0x00007ff83cc3c000 	C:\Windows\SYSTEM32\CRYPTBASE.dll
0x00007ff83c710000 - 0x00007ff83c74c000 	C:\Windows\SYSTEM32\IPHLPAPI.DLL
0x00007ff83e020000 - 0x00007ff83e028000 	C:\Windows\System32\NSI.dll
0x00007ff836f90000 - 0x00007ff836fa7000 	C:\Windows\SYSTEM32\dhcpcsvc6.DLL
0x00007ff836f70000 - 0x00007ff836f8d000 	C:\Windows\SYSTEM32\dhcpcsvc.DLL
0x00007ff83c750000 - 0x00007ff83c81a000 	C:\Windows\SYSTEM32\DNSAPI.dll
0x00007ff81e830000 - 0x00007ff81e875000 	C:\Users\student\AppData\Local\Temp\jna--1879145925\jna4391357518393917838.dll
0x00007ff83fb80000 - 0x00007ff83fb88000 	C:\Windows\System32\PSAPI.DLL

dbghelp: loaded successfully - version: 4.0.5 - missing functions: none
symbol engine: initialized successfully - sym options: 0x614 - pdb path: .;c:\Users\student\.vscode\extensions\redhat.java-1.26.0-win32-x64\jre\17.0.9-win32-x86_64\bin;C:\Windows\SYSTEM32;C:\Windows\WinSxS\amd64_microsoft.windows.common-controls_6595b64144ccf1df_6.0.19041.1110_none_60b5254171f9507e;c:\Users\student\.vscode\extensions\redhat.java-1.26.0-win32-x64\jre\17.0.9-win32-x86_64\bin\server;C:\Users\student\AppData\Roaming\Code\User\globalStorage\redhat.java\1.26.0\config_ss_win\org.eclipse.equinox.launcher\org.eclipse.equinox.launcher.win32.win32.x86_64_1.2.800.v20231003-1442;C:\Users\student\AppData\Local\Temp\jna--1879145925

VM Arguments:
jvm_args: --add-modules=ALL-SYSTEM --add-opens=java.base/java.util=ALL-UNNAMED --add-opens=java.base/java.lang=ALL-UNNAMED --add-opens=java.base/sun.nio.fs=ALL-UNNAMED -Declipse.application=org.eclipse.jdt.ls.core.id1 -Dosgi.bundles.defaultStartLevel=4 -Declipse.product=org.eclipse.jdt.ls.core.product -Djava.import.generatesMetadataFilesAtProjectRoot=false -DDetectVMInstallationsJob.disabled=true -Dfile.encoding=utf8 -XX:+UseParallelGC -XX:GCTimeRatio=4 -XX:AdaptiveSizePolicyWeight=90 -Dsun.zip.disableMemoryMapping=true -Xmx1G -Xms100m -Xlog:disable -javaagent:c:\Users\student\.vscode\extensions\redhat.java-1.26.0-win32-x64\lombok\lombok-1.18.31-3454.jar 
java_command: c:\Users\student\.vscode\extensions\redhat.java-1.26.0-win32-x64\server\plugins\org.eclipse.equinox.launcher_1.6.700.v20231214-2017.jar -configuration c:\Users\student\AppData\Roaming\Code\User\globalStorage\redhat.java\1.26.0\config_ss_win -data c:\Users\student\AppData\Roaming\Code\User\workspaceStorage\56192d6a22a83b7aa0a710db2c3de7dd\redhat.java\ss_ws --stdio
java_class_path (initial): c:\Users\student\.vscode\extensions\redhat.java-1.26.0-win32-x64\server\plugins\org.eclipse.equinox.launcher_1.6.700.v20231214-2017.jar
Launcher Type: SUN_STANDARD

[Global flags]
    uintx AdaptiveSizePolicyWeight                 = 90                                        {product} {command line}
     intx CICompilerCount                          = 3                                         {product} {ergonomic}
    uintx GCTimeRatio                              = 4                                         {product} {command line}
   size_t InitialHeapSize                          = 104857600                                 {product} {command line}
   size_t MaxHeapSize                              = 1073741824                                {product} {command line}
   size_t MaxNewSize                               = 357564416                                 {product} {ergonomic}
   size_t MinHeapDeltaBytes                        = 524288                                    {product} {ergonomic}
   size_t MinHeapSize                              = 104857600                                 {product} {command line}
   size_t NewSize                                  = 34603008                                  {product} {ergonomic}
    uintx NonNMethodCodeHeapSize                   = 5832780                                {pd product} {ergonomic}
    uintx NonProfiledCodeHeapSize                  = 122912730                              {pd product} {ergonomic}
   size_t OldSize                                  = 70254592                                  {product} {ergonomic}
    uintx ProfiledCodeHeapSize                     = 122912730                              {pd product} {ergonomic}
    uintx ReservedCodeCacheSize                    = 251658240                              {pd product} {ergonomic}
     bool SegmentedCodeCache                       = true                                      {product} {ergonomic}
   size_t SoftMaxHeapSize                          = 1073741824                             {manageable} {ergonomic}
     bool UseCompressedClassPointers               = true                           {product lp64_product} {ergonomic}
     bool UseCompressedOops                        = true                           {product lp64_product} {ergonomic}
     bool UseLargePagesIndividualAllocation        = false                                  {pd product} {ergonomic}
     bool UseParallelGC                            = true                                      {product} {command line}

Logging:
Log output configuration:
 #0: stdout all=off uptime,level,tags
 #1: stderr all=off uptime,level,tags

Environment Variables:
PATH=C:\Program Files\Common Files\Oracle\Java\javapath;C:\Program Files (x86)\Common Files\Oracle\Java\javapath;C:\Windows\system32;C:\Windows;C:\Windows\System32\Wbem;C:\Windows\System32\WindowsPowerShell\v1.0\;C:\Windows\System32\OpenSSH\;C:\Program Files\Java\jdk1.8.0_291\bin;C:\Program Files\Git\cmd;C:\Users\student\AppData\Local\Microsoft\WindowsApps;;C:\Users\student\AppData\Local\Programs\Microsoft VS Code\bin
USERNAME=student
OS=Windows_NT
PROCESSOR_IDENTIFIER=Intel64 Family 6 Model 158 Stepping 10, GenuineIntel
TMP=C:\Users\student\AppData\Local\Temp
TEMP=C:\Users\student\AppData\Local\Temp



Periodic native trim disabled


---------------  S Y S T E M  ---------------

OS:
 Windows 10 , 64 bit Build 19041 (10.0.19041.3155)
OS uptime: 0 days 2:09 hours

CPU: total 6 (initial active 6) (6 cores per cpu, 1 threads per core) family 6 model 158 stepping 10 microcode 0xf0, cx8, cmov, fxsr, mmx, 3dnowpref, sse, sse2, sse3, ssse3, sse4.1, sse4.2, popcnt, lzcnt, tsc, tscinvbit, avx, avx2, aes, erms, clmul, bmi1, bmi2, rtm, adx, fma, vzeroupper, clflush, clflushopt
Processor Information for all 6 processors :
  Max Mhz: 3000, Current Mhz: 3000, Mhz Limit: 3000

Memory: 4k page, system-wide physical 8038M (643M free)
TotalPageFile size 32614M (AvailPageFile size 5M)
current process WorkingSet (physical memory assigned to process): 168M, peak: 170M
current process commit charge ("private bytes"): 259M, peak: 260M

vm_info: OpenJDK 64-Bit Server VM (17.0.9+9) for windows-amd64 JRE (17.0.9+9), built on Oct 26 2023 14:01:42 by "admin" with MS VC++ 16.10 / 16.11 (VS2019)

END.
