#
# There is insufficient memory for the Java Runtime Environment to continue.
# Native memory allocation (malloc) failed to allocate 537056 bytes for Chunk::new
# Possible reasons:
#   The system is out of physical RAM or swap space
#   The process is running with CompressedOops enabled, and the Java Heap may be blocking the growth of the native heap
# Possible solutions:
#   Reduce memory load on the system
#   Increase physical memory or swap space
#   Check if swap backing store is full
#   Decrease Java heap size (-Xmx/-Xms)
#   Decrease number of Java threads
#   Decrease Java thread stack sizes (-Xss)
#   Set larger code cache with -XX:ReservedCodeCacheSize=
#   JVM is running with Unscaled Compressed Oops mode in which the Java heap is
#     placed in the first 4GB address space. The Java Heap base address is the
#     maximum limit for the native heap growth. Please use -XX:HeapBaseMinAddress
#     to set the Java Heap base and to place the Java Heap above 4GB virtual address.
# This output file may be truncated or incomplete.
#
#  Out of Memory Error (arena.cpp:191), pid=22708, tid=16492
#
# JRE version: OpenJDK Runtime Environment Temurin-17.0.9+9 (17.0.9+9) (build 17.0.9+9)
# Java VM: OpenJDK 64-Bit Server VM Temurin-17.0.9+9 (17.0.9+9, mixed mode, tiered, compressed oops, compressed class ptrs, parallel gc, windows-amd64)
# No core dump will be written. Minidumps are not enabled by default on client versions of Windows
#

---------------  S U M M A R Y ------------

Command Line: --add-modules=ALL-SYSTEM --add-opens=java.base/java.util=ALL-UNNAMED --add-opens=java.base/java.lang=ALL-UNNAMED --add-opens=java.base/sun.nio.fs=ALL-UNNAMED -Declipse.application=org.eclipse.jdt.ls.core.id1 -Dosgi.bundles.defaultStartLevel=4 -Declipse.product=org.eclipse.jdt.ls.core.product -Djava.import.generatesMetadataFilesAtProjectRoot=false -DDetectVMInstallationsJob.disabled=true -Dfile.encoding=utf8 -XX:+UseParallelGC -XX:GCTimeRatio=4 -XX:AdaptiveSizePolicyWeight=90 -Dsun.zip.disableMemoryMapping=true -Xmx1G -Xms100m -Xlog:disable -javaagent:c:\Users\student\.vscode\extensions\redhat.java-1.26.0-win32-x64\lombok\lombok-1.18.31-3454.jar c:\Users\student\.vscode\extensions\redhat.java-1.26.0-win32-x64\server\plugins\org.eclipse.equinox.launcher_1.6.700.v20231214-2017.jar -configuration c:\Users\student\AppData\Roaming\Code\User\globalStorage\redhat.java\1.26.0\config_ss_win -data c:\Users\student\AppData\Roaming\Code\User\workspaceStorage\56192d6a22a83b7aa0a710db2c3de7dd\redhat.java\ss_ws --stdio

Host: Intel(R) Core(TM) i5-8500 CPU @ 3.00GHz, 6 cores, 7G,  Windows 10 , 64 bit Build 19041 (10.0.19041.3155)
Time: Tue Jan 16 10:05:58 2024 Mountain Standard Time elapsed time: 1.196014 seconds (0d 0h 0m 1s)

---------------  T H R E A D  ---------------

Current thread (0x00000147dc740a50):  JavaThread "C2 CompilerThread1" daemon [_thread_in_native, id=16492, stack(0x0000003af6700000,0x0000003af6800000)]


Current CompileTask:
C2:   1196 2272       4       org.lombokweb.asm.ClassReader::readMethod (1066 bytes)

Stack: [0x0000003af6700000,0x0000003af6800000]
Native frames: (J=compiled Java code, j=interpreted, Vv=VM code, C=native code)
V  [jvm.dll+0x67cf49]
V  [jvm.dll+0x83478a]
V  [jvm.dll+0x83624e]
V  [jvm.dll+0x8368b3]
V  [jvm.dll+0x247f1f]
V  [jvm.dll+0xac43c]
V  [jvm.dll+0xaca8c]
V  [jvm.dll+0x2af45f]
V  [jvm.dll+0x5853f7]
V  [jvm.dll+0x222f62]
V  [jvm.dll+0x21c15e]
V  [jvm.dll+0x2198c1]
V  [jvm.dll+0x1a57cd]
V  [jvm.dll+0x2297ae]
V  [jvm.dll+0x22797c]
V  [jvm.dll+0x7e9877]
V  [jvm.dll+0x7e3c3a]
V  [jvm.dll+0x67be35]
C  [ucrtbase.dll+0x21bb2]
C  [KERNEL32.DLL+0x17614]
C  [ntdll.dll+0x526b1]


---------------  P R O C E S S  ---------------

Threads class SMR info:
_java_thread_list=0x00000147dd3e8600, length=21, elements={
0x00000147c2e87a60, 0x00000147c2f4cce0, 0x00000147c2f4ea60, 0x00000147d6d24d70,
0x00000147dc541960, 0x00000147dc549210, 0x00000147dc54d3e0, 0x00000147dc555540,
0x00000147dc556210, 0x00000147dc556fc0, 0x00000147dc611cd0, 0x00000147dc740a50,
0x00000147dc87ff20, 0x00000147dcbd1780, 0x00000147dcee98c0, 0x00000147dd05d450,
0x00000147dce71180, 0x00000147dd0f7b40, 0x00000147dd545a10, 0x00000147dd545f20,
0x00000147dd546e50
}

Java Threads: ( => current thread )
  0x00000147c2e87a60 JavaThread "main" [_thread_blocked, id=12008, stack(0x0000003af5a00000,0x0000003af5b00000)]
  0x00000147c2f4cce0 JavaThread "Reference Handler" daemon [_thread_blocked, id=6008, stack(0x0000003af5d00000,0x0000003af5e00000)]
  0x00000147c2f4ea60 JavaThread "Finalizer" daemon [_thread_blocked, id=18992, stack(0x0000003af5e00000,0x0000003af5f00000)]
  0x00000147d6d24d70 JavaThread "Signal Dispatcher" daemon [_thread_blocked, id=6808, stack(0x0000003af5f00000,0x0000003af6000000)]
  0x00000147dc541960 JavaThread "Attach Listener" daemon [_thread_blocked, id=11068, stack(0x0000003af6000000,0x0000003af6100000)]
  0x00000147dc549210 JavaThread "Service Thread" daemon [_thread_blocked, id=5956, stack(0x0000003af6100000,0x0000003af6200000)]
  0x00000147dc54d3e0 JavaThread "Monitor Deflation Thread" daemon [_thread_blocked, id=21188, stack(0x0000003af6200000,0x0000003af6300000)]
  0x00000147dc555540 JavaThread "C2 CompilerThread0" daemon [_thread_in_native, id=14640, stack(0x0000003af6300000,0x0000003af6400000)]
  0x00000147dc556210 JavaThread "C1 CompilerThread0" daemon [_thread_in_native, id=1392, stack(0x0000003af6400000,0x0000003af6500000)]
  0x00000147dc556fc0 JavaThread "Sweeper thread" daemon [_thread_blocked, id=18436, stack(0x0000003af6500000,0x0000003af6600000)]
  0x00000147dc611cd0 JavaThread "Common-Cleaner" daemon [_thread_blocked, id=19272, stack(0x0000003af6600000,0x0000003af6700000)]
=>0x00000147dc740a50 JavaThread "C2 CompilerThread1" daemon [_thread_in_native, id=16492, stack(0x0000003af6700000,0x0000003af6800000)]
  0x00000147dc87ff20 JavaThread "Notification Thread" daemon [_thread_blocked, id=19952, stack(0x0000003af6800000,0x0000003af6900000)]
  0x00000147dcbd1780 JavaThread "Active Thread: Equinox Container: 0766d570-0738-4442-8a58-7b8c9de4f526" [_thread_blocked, id=2804, stack(0x0000003af6f00000,0x0000003af7000000)]
  0x00000147dcee98c0 JavaThread "Framework Event Dispatcher: Equinox Container: 0766d570-0738-4442-8a58-7b8c9de4f526" daemon [_thread_blocked, id=23384, stack(0x0000003af7000000,0x0000003af7100000)]
  0x00000147dd05d450 JavaThread "Start Level: Equinox Container: 0766d570-0738-4442-8a58-7b8c9de4f526" daemon [_thread_in_vm, id=7800, stack(0x0000003af7100000,0x0000003af7200000)]
  0x00000147dce71180 JavaThread "SCR Component Actor" daemon [_thread_blocked, id=17304, stack(0x0000003af7200000,0x0000003af7300000)]
  0x00000147dd0f7b40 JavaThread "SCR Component Registry" daemon [_thread_blocked, id=22564, stack(0x0000003af7300000,0x0000003af7400000)]
  0x00000147dd545a10 JavaThread "Worker-JM" [_thread_blocked, id=9652, stack(0x0000003af7400000,0x0000003af7500000)]
  0x00000147dd545f20 JavaThread "Worker-0" [_thread_blocked, id=7796, stack(0x0000003af7500000,0x0000003af7600000)]
  0x00000147dd546e50 JavaThread "Worker-1" [_thread_blocked, id=2756, stack(0x0000003af7600000,0x0000003af7700000)]

Other Threads:
  0x00000147d6cfeb00 VMThread "VM Thread" [stack: 0x0000003af5c00000,0x0000003af5d00000] [id=760]
  0x00000147dc880400 WatcherThread [stack: 0x0000003af6900000,0x0000003af6a00000] [id=19380]
  0x00000147c2e9ff90 GCTaskThread "GC Thread#0" [stack: 0x0000003af5b00000,0x0000003af5c00000] [id=11132]
  0x00000147dcf33480 GCTaskThread "GC Thread#1" [stack: 0x0000003af6a00000,0x0000003af6b00000] [id=19892]
  0x00000147dcfc66e0 GCTaskThread "GC Thread#2" [stack: 0x0000003af6b00000,0x0000003af6c00000] [id=16380]
  0x00000147dd270890 GCTaskThread "GC Thread#3" [stack: 0x0000003af6c00000,0x0000003af6d00000] [id=18780]
  0x00000147dd270b50 GCTaskThread "GC Thread#4" [stack: 0x0000003af6d00000,0x0000003af6e00000] [id=17016]
  0x00000147dcdf8c60 GCTaskThread "GC Thread#5" [stack: 0x0000003af6e00000,0x0000003af6f00000] [id=20872]

Threads with active compile tasks:
C2 CompilerThread0     1215 2294       4       org.lombokweb.asm.ClassVisitor::visitMethod (24 bytes)
C1 CompilerThread0     1215 2291       3       java.lang.String::split (327 bytes)
C2 CompilerThread1     1215 2272       4       org.lombokweb.asm.ClassReader::readMethod (1066 bytes)

VM state: not at safepoint (normal execution)

VM Mutex/Monitor currently owned by a thread: None

Heap address: 0x00000000c0000000, size: 1024 MB, Compressed Oops mode: 32-bit

CDS archive(s) not mapped
Compressed class space mapped at: 0x0000000100000000-0x0000000140000000, reserved size: 1073741824
Narrow klass base: 0x0000000000000000, Narrow klass shift: 3, Narrow klass range: 0x140000000

GC Precious Log:
 CPUs: 6 total, 6 available
 Memory: 8038M
 Large Page Support: Disabled
 NUMA Support: Disabled
 Compressed Oops: Enabled (32-bit)
 Alignments: Space 512K, Generation 512K, Heap 2M
 Heap Min Capacity: 100M
 Heap Initial Capacity: 100M
 Heap Max Capacity: 1G
 Pre-touch: Disabled
 Parallel Workers: 6

Heap:
 PSYoungGen      total 25600K, used 6076K [0x00000000eab00000, 0x00000000ec880000, 0x0000000100000000)
  eden space 25088K, 22% used [0x00000000eab00000,0x00000000eb070288,0x00000000ec380000)
  from space 512K, 99% used [0x00000000ec400000,0x00000000ec47f130,0x00000000ec480000)
  to   space 2048K, 0% used [0x00000000ec680000,0x00000000ec680000,0x00000000ec880000)
 ParOldGen       total 68608K, used 6638K [0x00000000c0000000, 0x00000000c4300000, 0x00000000eab00000)
  object space 68608K, 9% used [0x00000000c0000000,0x00000000c067bb30,0x00000000c4300000)
 Metaspace       used 25142K, committed 25600K, reserved 1114112K
  class space    used 2459K, committed 2688K, reserved 1048576K

Card table byte_map: [0x00000147c2860000,0x00000147c2a70000] _byte_map_base: 0x00000147c2260000

Marking Bits: (ParMarkBitMap*) 0x00007ff80b54d0b0
 Begin Bits: [0x00000147d4b30000, 0x00000147d5b30000)
 End Bits:   [0x00000147d5b30000, 0x00000147d6b30000)

Polling page: 0x00000147c2650000

Metaspace:

Usage:
  Non-class:     22.15 MB used.
      Class:      2.40 MB used.
       Both:     24.55 MB used.

Virtual space:
  Non-class space:       64.00 MB reserved,      22.38 MB ( 35%) committed,  1 nodes.
      Class space:        1.00 GB reserved,       2.62 MB ( <1%) committed,  1 nodes.
             Both:        1.06 GB reserved,      25.00 MB (  2%) committed. 

Chunk freelists:
   Non-Class:  9.58 MB
       Class:  13.42 MB
        Both:  23.00 MB

MaxMetaspaceSize: unlimited
CompressedClassSpaceSize: 1.00 GB
Initial GC threshold: 21.00 MB
Current GC threshold: 35.00 MB
CDS: off
MetaspaceReclaimPolicy: balanced
 - commit_granule_bytes: 65536.
 - commit_granule_words: 8192.
 - virtual_space_node_default_size: 8388608.
 - enlarge_chunks_in_place: 1.
 - new_chunks_are_fully_committed: 0.
 - uncommit_free_chunks: 1.
 - use_allocation_guard: 0.
 - handle_deallocations: 1.


Internal statistics:

num_allocs_failed_limit: 3.
num_arena_births: 272.
num_arena_deaths: 14.
num_vsnodes_births: 2.
num_vsnodes_deaths: 0.
num_space_committed: 400.
num_space_uncommitted: 0.
num_chunks_returned_to_freelist: 17.
num_chunks_taken_from_freelist: 936.
num_chunk_merges: 5.
num_chunk_splits: 615.
num_chunks_enlarged: 427.
num_inconsistent_stats: 0.

CodeHeap 'non-profiled nmethods': size=120000Kb used=903Kb max_used=903Kb free=119096Kb
 bounds [0x00000147cd600000, 0x00000147cd870000, 0x00000147d4b30000]
CodeHeap 'profiled nmethods': size=120000Kb used=4375Kb max_used=4375Kb free=115624Kb
 bounds [0x00000147c5b30000, 0x00000147c5f80000, 0x00000147cd060000]
CodeHeap 'non-nmethods': size=5760Kb used=1216Kb max_used=1227Kb free=4543Kb
 bounds [0x00000147cd060000, 0x00000147cd2d0000, 0x00000147cd600000]
 total_blobs=2809 nmethods=2283 adapters=440
 compilation: enabled
              stopped_count=0, restarted_count=0
 full_count=0

Compilation events (20 events):
Event: 1.184 Thread 0x00000147dc556210 2276       3       lombok.patcher.scripts.AddFieldScript$1::visitField (35 bytes)
Event: 1.184 Thread 0x00000147dc555540 2278       4       org.lombokweb.asm.MethodWriter::canCopyMethodAttributes (163 bytes)
Event: 1.184 Thread 0x00000147dc556210 nmethod 2276 0x00000147c5f70710 code [0x00000147c5f708c0, 0x00000147c5f70b38]
Event: 1.184 Thread 0x00000147dc556210 2277       3       org.lombokweb.asm.SymbolTable::addConstantIntegerOrFloat (100 bytes)
Event: 1.184 Thread 0x00000147dc556210 nmethod 2277 0x00000147c5f70c90 code [0x00000147c5f70ea0, 0x00000147c5f713f8]
Event: 1.185 Thread 0x00000147dc556210 2282       3       java.util.Arrays::fill (21 bytes)
Event: 1.185 Thread 0x00000147dc556210 nmethod 2282 0x00000147c5f71690 code [0x00000147c5f71820, 0x00000147c5f719d8]
Event: 1.185 Thread 0x00000147dc556210 2284       3       lombok.patcher.Hook::toSpec (95 bytes)
Event: 1.186 Thread 0x00000147dc556210 nmethod 2284 0x00000147c5f71b10 code [0x00000147c5f71e60, 0x00000147c5f72f98]
Event: 1.186 Thread 0x00000147dc556210 2283       3       java.util.regex.Pattern$GroupTail::match (111 bytes)
Event: 1.186 Thread 0x00000147dc556210 nmethod 2283 0x00000147c5f73590 code [0x00000147c5f73760, 0x00000147c5f73b08]
Event: 1.187 Thread 0x00000147dc555540 nmethod 2278 0x00000147cd6e0990 code [0x00000147cd6e0b20, 0x00000147cd6e0eb8]
Event: 1.187 Thread 0x00000147dc555540 2280       4       org.lombokweb.asm.SymbolTable::get (13 bytes)
Event: 1.188 Thread 0x00000147dc555540 nmethod 2280 0x00000147cd6e1290 code [0x00000147cd6e1400, 0x00000147cd6e14d8]
Event: 1.188 Thread 0x00000147dc555540 2281       4       java.util.regex.Pattern$CharPredicate$$Lambda$22/0x000000010008f0c8::is (11 bytes)
Event: 1.189 Thread 0x00000147dc555540 nmethod 2281 0x00000147cd6e1590 code [0x00000147cd6e1720, 0x00000147cd6e1878]
Event: 1.189 Thread 0x00000147dc555540 2279       4       org.lombokweb.asm.ByteVector::putByteArray (49 bytes)
Event: 1.189 Thread 0x00000147dc555540 nmethod 2279 0x00000147cd6e1a10 code [0x00000147cd6e1b80, 0x00000147cd6e1cf8]
Event: 1.190 Thread 0x00000147dc556210 2285       3       java.lang.ThreadLocal$ThreadLocalMap::nextIndex (15 bytes)
Event: 1.190 Thread 0x00000147dc556210 nmethod 2285 0x00000147c5f73d10 code [0x00000147c5f73ea0, 0x00000147c5f73fd8]

GC Heap History (12 events):
Event: 0.437 GC heap before
{Heap before GC invocations=1 (full 0):
 PSYoungGen      total 29696K, used 25600K [0x00000000eab00000, 0x00000000ecc00000, 0x0000000100000000)
  eden space 25600K, 100% used [0x00000000eab00000,0x00000000ec400000,0x00000000ec400000)
  from space 4096K, 0% used [0x00000000ec800000,0x00000000ec800000,0x00000000ecc00000)
  to   space 4096K, 0% used [0x00000000ec400000,0x00000000ec400000,0x00000000ec800000)
 ParOldGen       total 68608K, used 0K [0x00000000c0000000, 0x00000000c4300000, 0x00000000eab00000)
  object space 68608K, 0% used [0x00000000c0000000,0x00000000c0000000,0x00000000c4300000)
 Metaspace       used 10987K, committed 11200K, reserved 1114112K
  class space    used 1098K, committed 1216K, reserved 1048576K
}
Event: 0.441 GC heap after
{Heap after GC invocations=1 (full 0):
 PSYoungGen      total 29696K, used 3166K [0x00000000eab00000, 0x00000000ecc00000, 0x0000000100000000)
  eden space 25600K, 0% used [0x00000000eab00000,0x00000000eab00000,0x00000000ec400000)
  from space 4096K, 77% used [0x00000000ec400000,0x00000000ec717ac8,0x00000000ec800000)
  to   space 4096K, 0% used [0x00000000ec800000,0x00000000ec800000,0x00000000ecc00000)
 ParOldGen       total 68608K, used 16K [0x00000000c0000000, 0x00000000c4300000, 0x00000000eab00000)
  object space 68608K, 0% used [0x00000000c0000000,0x00000000c0004000,0x00000000c4300000)
 Metaspace       used 10987K, committed 11200K, reserved 1114112K
  class space    used 1098K, committed 1216K, reserved 1048576K
}
Event: 0.723 GC heap before
{Heap before GC invocations=2 (full 0):
 PSYoungGen      total 29696K, used 28766K [0x00000000eab00000, 0x00000000ecc00000, 0x0000000100000000)
  eden space 25600K, 100% used [0x00000000eab00000,0x00000000ec400000,0x00000000ec400000)
  from space 4096K, 77% used [0x00000000ec400000,0x00000000ec717ac8,0x00000000ec800000)
  to   space 4096K, 0% used [0x00000000ec800000,0x00000000ec800000,0x00000000ecc00000)
 ParOldGen       total 68608K, used 16K [0x00000000c0000000, 0x00000000c4300000, 0x00000000eab00000)
  object space 68608K, 0% used [0x00000000c0000000,0x00000000c0004000,0x00000000c4300000)
 Metaspace       used 14933K, committed 15232K, reserved 1114112K
  class space    used 1518K, committed 1664K, reserved 1048576K
}
Event: 0.727 GC heap after
{Heap after GC invocations=2 (full 0):
 PSYoungGen      total 29696K, used 4076K [0x00000000eab00000, 0x00000000ecc00000, 0x0000000100000000)
  eden space 25600K, 0% used [0x00000000eab00000,0x00000000eab00000,0x00000000ec400000)
  from space 4096K, 99% used [0x00000000ec800000,0x00000000ecbfb388,0x00000000ecc00000)
  to   space 4096K, 0% used [0x00000000ec400000,0x00000000ec400000,0x00000000ec800000)
 ParOldGen       total 68608K, used 810K [0x00000000c0000000, 0x00000000c4300000, 0x00000000eab00000)
  object space 68608K, 1% used [0x00000000c0000000,0x00000000c00cab70,0x00000000c4300000)
 Metaspace       used 14933K, committed 15232K, reserved 1114112K
  class space    used 1518K, committed 1664K, reserved 1048576K
}
Event: 0.970 GC heap before
{Heap before GC invocations=3 (full 0):
 PSYoungGen      total 29696K, used 29676K [0x00000000eab00000, 0x00000000ecc00000, 0x0000000100000000)
  eden space 25600K, 100% used [0x00000000eab00000,0x00000000ec400000,0x00000000ec400000)
  from space 4096K, 99% used [0x00000000ec800000,0x00000000ecbfb388,0x00000000ecc00000)
  to   space 4096K, 0% used [0x00000000ec400000,0x00000000ec400000,0x00000000ec800000)
 ParOldGen       total 68608K, used 810K [0x00000000c0000000, 0x00000000c4300000, 0x00000000eab00000)
  object space 68608K, 1% used [0x00000000c0000000,0x00000000c00cab70,0x00000000c4300000)
 Metaspace       used 20095K, committed 20416K, reserved 1114112K
  class space    used 2059K, committed 2176K, reserved 1048576K
}
Event: 0.974 GC heap after
{Heap after GC invocations=3 (full 0):
 PSYoungGen      total 29696K, used 4095K [0x00000000eab00000, 0x00000000ecc00000, 0x0000000100000000)
  eden space 25600K, 0% used [0x00000000eab00000,0x00000000eab00000,0x00000000ec400000)
  from space 4096K, 99% used [0x00000000ec400000,0x00000000ec7ffeb8,0x00000000ec800000)
  to   space 4096K, 0% used [0x00000000ec800000,0x00000000ec800000,0x00000000ecc00000)
 ParOldGen       total 68608K, used 2477K [0x00000000c0000000, 0x00000000c4300000, 0x00000000eab00000)
  object space 68608K, 3% used [0x00000000c0000000,0x00000000c026b6a8,0x00000000c4300000)
 Metaspace       used 20095K, committed 20416K, reserved 1114112K
  class space    used 2059K, committed 2176K, reserved 1048576K
}
Event: 1.037 GC heap before
{Heap before GC invocations=4 (full 0):
 PSYoungGen      total 29696K, used 10121K [0x00000000eab00000, 0x00000000ecc00000, 0x0000000100000000)
  eden space 25600K, 23% used [0x00000000eab00000,0x00000000eb0e2748,0x00000000ec400000)
  from space 4096K, 99% used [0x00000000ec400000,0x00000000ec7ffeb8,0x00000000ec800000)
  to   space 4096K, 0% used [0x00000000ec800000,0x00000000ec800000,0x00000000ecc00000)
 ParOldGen       total 68608K, used 2477K [0x00000000c0000000, 0x00000000c4300000, 0x00000000eab00000)
  object space 68608K, 3% used [0x00000000c0000000,0x00000000c026b6a8,0x00000000c4300000)
 Metaspace       used 21059K, committed 21504K, reserved 1114112K
  class space    used 2163K, committed 2368K, reserved 1048576K
}
Event: 1.039 GC heap after
{Heap after GC invocations=4 (full 0):
 PSYoungGen      total 29696K, used 4095K [0x00000000eab00000, 0x00000000ecc00000, 0x0000000100000000)
  eden space 25600K, 0% used [0x00000000eab00000,0x00000000eab00000,0x00000000ec400000)
  from space 4096K, 99% used [0x00000000ec800000,0x00000000ecbffe98,0x00000000ecc00000)
  to   space 4096K, 0% used [0x00000000ec400000,0x00000000ec400000,0x00000000ec800000)
 ParOldGen       total 68608K, used 2729K [0x00000000c0000000, 0x00000000c4300000, 0x00000000eab00000)
  object space 68608K, 3% used [0x00000000c0000000,0x00000000c02aa6b8,0x00000000c4300000)
 Metaspace       used 21059K, committed 21504K, reserved 1114112K
  class space    used 2163K, committed 2368K, reserved 1048576K
}
Event: 1.039 GC heap before
{Heap before GC invocations=5 (full 1):
 PSYoungGen      total 29696K, used 4095K [0x00000000eab00000, 0x00000000ecc00000, 0x0000000100000000)
  eden space 25600K, 0% used [0x00000000eab00000,0x00000000eab00000,0x00000000ec400000)
  from space 4096K, 99% used [0x00000000ec800000,0x00000000ecbffe98,0x00000000ecc00000)
  to   space 4096K, 0% used [0x00000000ec400000,0x00000000ec400000,0x00000000ec800000)
 ParOldGen       total 68608K, used 2729K [0x00000000c0000000, 0x00000000c4300000, 0x00000000eab00000)
  object space 68608K, 3% used [0x00000000c0000000,0x00000000c02aa6b8,0x00000000c4300000)
 Metaspace       used 21059K, committed 21504K, reserved 1114112K
  class space    used 2163K, committed 2368K, reserved 1048576K
}
Event: 1.053 GC heap after
{Heap after GC invocations=5 (full 1):
 PSYoungGen      total 29696K, used 0K [0x00000000eab00000, 0x00000000ecc00000, 0x0000000100000000)
  eden space 25600K, 0% used [0x00000000eab00000,0x00000000eab00000,0x00000000ec400000)
  from space 4096K, 0% used [0x00000000ec800000,0x00000000ec800000,0x00000000ecc00000)
  to   space 4096K, 0% used [0x00000000ec400000,0x00000000ec400000,0x00000000ec800000)
 ParOldGen       total 68608K, used 6630K [0x00000000c0000000, 0x00000000c4300000, 0x00000000eab00000)
  object space 68608K, 9% used [0x00000000c0000000,0x00000000c0679b30,0x00000000c4300000)
 Metaspace       used 21046K, committed 21504K, reserved 1114112K
  class space    used 2159K, committed 2368K, reserved 1048576K
}
Event: 1.163 GC heap before
{Heap before GC invocations=6 (full 1):
 PSYoungGen      total 29696K, used 25600K [0x00000000eab00000, 0x00000000ecc00000, 0x0000000100000000)
  eden space 25600K, 100% used [0x00000000eab00000,0x00000000ec400000,0x00000000ec400000)
  from space 4096K, 0% used [0x00000000ec800000,0x00000000ec800000,0x00000000ecc00000)
  to   space 4096K, 0% used [0x00000000ec400000,0x00000000ec400000,0x00000000ec800000)
 ParOldGen       total 68608K, used 6630K [0x00000000c0000000, 0x00000000c4300000, 0x00000000eab00000)
  object space 68608K, 9% used [0x00000000c0000000,0x00000000c0679b30,0x00000000c4300000)
 Metaspace       used 24109K, committed 24576K, reserved 1114112K
  class space    used 2369K, committed 2560K, reserved 1048576K
}
Event: 1.164 GC heap after
{Heap after GC invocations=6 (full 1):
 PSYoungGen      total 25600K, used 508K [0x00000000eab00000, 0x00000000ec880000, 0x0000000100000000)
  eden space 25088K, 0% used [0x00000000eab00000,0x00000000eab00000,0x00000000ec380000)
  from space 512K, 99% used [0x00000000ec400000,0x00000000ec47f130,0x00000000ec480000)
  to   space 2048K, 0% used [0x00000000ec680000,0x00000000ec680000,0x00000000ec880000)
 ParOldGen       total 68608K, used 6638K [0x00000000c0000000, 0x00000000c4300000, 0x00000000eab00000)
  object space 68608K, 9% used [0x00000000c0000000,0x00000000c067bb30,0x00000000c4300000)
 Metaspace       used 24109K, committed 24576K, reserved 1114112K
  class space    used 2369K, committed 2560K, reserved 1048576K
}

Dll operation events (9 events):
Event: 0.005 Loaded shared library c:\Users\student\.vscode\extensions\redhat.java-1.26.0-win32-x64\jre\17.0.9-win32-x86_64\bin\java.dll
Event: 0.090 Loaded shared library c:\Users\student\.vscode\extensions\redhat.java-1.26.0-win32-x64\jre\17.0.9-win32-x86_64\bin\zip.dll
Event: 0.092 Loaded shared library C:\Users\student\.vscode\extensions\redhat.java-1.26.0-win32-x64\jre\17.0.9-win32-x86_64\bin\instrument.dll
Event: 0.100 Loaded shared library C:\Users\student\.vscode\extensions\redhat.java-1.26.0-win32-x64\jre\17.0.9-win32-x86_64\bin\net.dll
Event: 0.101 Loaded shared library C:\Users\student\.vscode\extensions\redhat.java-1.26.0-win32-x64\jre\17.0.9-win32-x86_64\bin\nio.dll
Event: 0.105 Loaded shared library C:\Users\student\.vscode\extensions\redhat.java-1.26.0-win32-x64\jre\17.0.9-win32-x86_64\bin\zip.dll
Event: 0.115 Loaded shared library C:\Users\student\.vscode\extensions\redhat.java-1.26.0-win32-x64\jre\17.0.9-win32-x86_64\bin\jimage.dll
Event: 0.149 Loaded shared library c:\Users\student\.vscode\extensions\redhat.java-1.26.0-win32-x64\jre\17.0.9-win32-x86_64\bin\verify.dll
Event: 0.663 Loaded shared library C:\Users\student\AppData\Roaming\Code\User\globalStorage\redhat.java\1.26.0\config_ss_win\org.eclipse.equinox.launcher\org.eclipse.equinox.launcher.win32.win32.x86_64_1.2.800.v20231003-1442\eclipse_11802.dll

Deoptimization events (20 events):
Event: 0.855 Thread 0x00000147dd05d450 Uncommon trap: trap_request=0xffffffc6 fr.pc=0x00000147cd6b43b0 relative=0x0000000000000df0
Event: 0.855 Thread 0x00000147dd05d450 Uncommon trap: reason=bimorphic_or_optimized_type_check action=maybe_recompile pc=0x00000147cd6b43b0 method=java.io.DataInputStream.readInt()I @ 6 c2
Event: 0.855 Thread 0x00000147dd05d450 DEOPT PACKING pc=0x00000147cd6b43b0 sp=0x0000003af71f85f0
Event: 0.855 Thread 0x00000147dd05d450 DEOPT UNPACKING pc=0x00000147cd0b66a3 sp=0x0000003af71f85a8 mode 2
Event: 0.855 Thread 0x00000147dd05d450 Uncommon trap: trap_request=0xffffffc6 fr.pc=0x00000147cd6b43b0 relative=0x0000000000000df0
Event: 0.855 Thread 0x00000147dd05d450 Uncommon trap: reason=bimorphic_or_optimized_type_check action=maybe_recompile pc=0x00000147cd6b43b0 method=java.io.DataInputStream.readInt()I @ 6 c2
Event: 0.855 Thread 0x00000147dd05d450 DEOPT PACKING pc=0x00000147cd6b43b0 sp=0x0000003af71f8660
Event: 0.855 Thread 0x00000147dd05d450 DEOPT UNPACKING pc=0x00000147cd0b66a3 sp=0x0000003af71f8618 mode 2
Event: 0.855 Thread 0x00000147dd05d450 Uncommon trap: trap_request=0xffffffc6 fr.pc=0x00000147cd6b43b0 relative=0x0000000000000df0
Event: 0.855 Thread 0x00000147dd05d450 Uncommon trap: reason=bimorphic_or_optimized_type_check action=maybe_recompile pc=0x00000147cd6b43b0 method=java.io.DataInputStream.readInt()I @ 6 c2
Event: 0.855 Thread 0x00000147dd05d450 DEOPT PACKING pc=0x00000147cd6b43b0 sp=0x0000003af71f85f0
Event: 0.855 Thread 0x00000147dd05d450 DEOPT UNPACKING pc=0x00000147cd0b66a3 sp=0x0000003af71f85a8 mode 2
Event: 0.938 Thread 0x00000147dd05d450 Uncommon trap: trap_request=0xffffff45 fr.pc=0x00000147cd6c20f0 relative=0x0000000000001050
Event: 0.938 Thread 0x00000147dd05d450 Uncommon trap: reason=unstable_if action=reinterpret pc=0x00000147cd6c20f0 method=java.util.Properties.loadConvert([CIILjava/lang/StringBuilder;)Ljava/lang/String; @ 491 c2
Event: 0.938 Thread 0x00000147dd05d450 DEOPT PACKING pc=0x00000147cd6c20f0 sp=0x0000003af71f7910
Event: 0.938 Thread 0x00000147dd05d450 DEOPT UNPACKING pc=0x00000147cd0b66a3 sp=0x0000003af71f78f0 mode 2
Event: 0.991 Thread 0x00000147dd05d450 Uncommon trap: trap_request=0xffffff45 fr.pc=0x00000147cd68d040 relative=0x0000000000000040
Event: 0.991 Thread 0x00000147dd05d450 Uncommon trap: reason=unstable_if action=reinterpret pc=0x00000147cd68d040 method=sun.nio.fs.WindowsPathParser.isSlash(C)Z @ 9 c2
Event: 0.991 Thread 0x00000147dd05d450 DEOPT PACKING pc=0x00000147cd68d040 sp=0x0000003af71f8f80
Event: 0.991 Thread 0x00000147dd05d450 DEOPT UNPACKING pc=0x00000147cd0b66a3 sp=0x0000003af71f8f08 mode 2

Classes unloaded (7 events):
Event: 1.041 Thread 0x00000147d6cfeb00 Unloading class 0x000000010021a400 'java/lang/invoke/LambdaForm$MH+0x000000010021a400'
Event: 1.041 Thread 0x00000147d6cfeb00 Unloading class 0x000000010021a000 'java/lang/invoke/LambdaForm$MH+0x000000010021a000'
Event: 1.041 Thread 0x00000147d6cfeb00 Unloading class 0x0000000100219c00 'java/lang/invoke/LambdaForm$MH+0x0000000100219c00'
Event: 1.041 Thread 0x00000147d6cfeb00 Unloading class 0x0000000100219800 'java/lang/invoke/LambdaForm$MH+0x0000000100219800'
Event: 1.041 Thread 0x00000147d6cfeb00 Unloading class 0x0000000100219400 'java/lang/invoke/LambdaForm$BMH+0x0000000100219400'
Event: 1.041 Thread 0x00000147d6cfeb00 Unloading class 0x0000000100219000 'java/lang/invoke/LambdaForm$DMH+0x0000000100219000'
Event: 1.041 Thread 0x00000147d6cfeb00 Unloading class 0x0000000100214400 'java/lang/invoke/LambdaForm$DMH+0x0000000100214400'

Classes redefined (0 events):
No events

Internal exceptions (20 events):
Event: 0.910 Thread 0x00000147dd05d450 Exception <a 'java/lang/NoSuchMethodError'{0x00000000ebebddf8}: 'int java.lang.invoke.DirectMethodHandle$Holder.invokeSpecial(java.lang.Object, java.lang.Object, java.lang.Object)'> (0x00000000ebebddf8) 
thrown [s\src\hotspot\share\interpreter\linkResolver.cpp, line 759]
Event: 0.911 Thread 0x00000147dd05d450 Exception <a 'java/lang/NoSuchMethodError'{0x00000000ebece460}: 'int java.lang.invoke.DirectMethodHandle$Holder.invokeStatic(java.lang.Object, java.lang.Object, int)'> (0x00000000ebece460) 
thrown [s\src\hotspot\share\interpreter\linkResolver.cpp, line 759]
Event: 0.911 Thread 0x00000147dd05d450 Exception <a 'java/lang/NoSuchMethodError'{0x00000000ebed2488}: 'int java.lang.invoke.DirectMethodHandle$Holder.invokeSpecial(java.lang.Object, java.lang.Object, java.lang.Object, int)'> (0x00000000ebed2488) 
thrown [s\src\hotspot\share\interpreter\linkResolver.cpp, line 759]
Event: 0.912 Thread 0x00000147dd05d450 Exception <a 'java/lang/NoSuchMethodError'{0x00000000ebeed430}: 'java.lang.Object java.lang.invoke.DirectMethodHandle$Holder.invokeStatic(java.lang.Object, java.lang.Object, java.lang.Object, java.lang.Object, int)'> (0x00000000ebeed430) 
thrown [s\src\hotspot\share\interpreter\linkResolver.cpp, line 759]
Event: 0.913 Thread 0x00000147dd05d450 Exception <a 'java/lang/NoSuchMethodError'{0x00000000ebef9428}: 'java.lang.Object java.lang.invoke.DelegatingMethodHandle$Holder.reinvoke_L(java.lang.Object, java.lang.Object, java.lang.Object, java.lang.Object, int, int)'> (0x00000000ebef9428) 
thrown [s\src\hotspot\share\interpreter\linkResolver.cpp, line 759]
Event: 0.914 Thread 0x00000147dd05d450 Exception <a 'java/lang/NoSuchMethodError'{0x00000000ebf0d848}: 'java.lang.Object java.lang.invoke.Invokers$Holder.invokeExact_MT(java.lang.Object, java.lang.Object, java.lang.Object, java.lang.Object)'> (0x00000000ebf0d848) 
thrown [s\src\hotspot\share\interpreter\linkResolver.cpp, line 759]
Event: 0.945 Thread 0x00000147dd05d450 Exception <a 'java/io/FileNotFoundException'{0x00000000ec1763d0}> (0x00000000ec1763d0) 
thrown [s\src\hotspot\share\prims\jni.cpp, line 516]
Event: 0.968 Thread 0x00000147dd05d450 Exception <a 'java/lang/NoSuchMethodError'{0x00000000ec3eb120}: 'java.lang.Object java.lang.invoke.DirectMethodHandle$Holder.newInvokeSpecial(java.lang.Object, java.lang.Object, java.lang.Object, java.lang.Object, java.lang.Object)'> (0x00000000ec3eb120) 
thrown [s\src\hotspot\share\interpreter\linkResolver.cpp, line 759]
Event: 1.017 Thread 0x00000147dd05d450 Exception <a 'java/lang/NoSuchMethodError'{0x00000000eae71df8}: 'java.lang.Object java.lang.invoke.DirectMethodHandle$Holder.invokeSpecial(java.lang.Object, java.lang.Object, java.lang.Object, long, java.lang.Object)'> (0x00000000eae71df8) 
thrown [s\src\hotspot\share\interpreter\linkResolver.cpp, line 759]
Event: 1.017 Thread 0x00000147dd05d450 Exception <a 'java/lang/NoSuchMethodError'{0x00000000eae79fb0}: 'java.lang.Object java.lang.invoke.DirectMethodHandle$Holder.newInvokeSpecial(java.lang.Object, java.lang.Object, java.lang.Object, long)'> (0x00000000eae79fb0) 
thrown [s\src\hotspot\share\interpreter\linkResolver.cpp, line 759]
Event: 1.018 Thread 0x00000147dd05d450 Exception <a 'java/lang/NoSuchMethodError'{0x00000000eae7e550}: 'java.lang.Object java.lang.invoke.DirectMethodHandle$Holder.invokeSpecial(java.lang.Object, java.lang.Object, java.lang.Object, java.lang.Object, long)'> (0x00000000eae7e550) 
thrown [s\src\hotspot\share\interpreter\linkResolver.cpp, line 759]
Event: 1.018 Thread 0x00000147dd05d450 Exception <a 'java/lang/NoSuchMethodError'{0x00000000eae823c8}: 'java.lang.Object java.lang.invoke.Invokers$Holder.linkToTargetMethod(java.lang.Object, java.lang.Object, long, java.lang.Object)'> (0x00000000eae823c8) 
thrown [s\src\hotspot\share\interpreter\linkResolver.cpp, line 759]
Event: 1.023 Thread 0x00000147dd05d450 Exception <a 'java/lang/NoSuchMethodError'{0x00000000eaefed08}: 'int java.lang.invoke.DirectMethodHandle$Holder.invokeStaticInit(java.lang.Object, java.lang.Object, java.lang.Object)'> (0x00000000eaefed08) 
thrown [s\src\hotspot\share\interpreter\linkResolver.cpp, line 759]
Event: 1.026 Thread 0x00000147dd05d450 Exception <a 'java/lang/IncompatibleClassChangeError'{0x00000000eaf686e8}: Found class java.lang.Object, but interface was expected> (0x00000000eaf686e8) 
thrown [s\src\hotspot\share\interpreter\linkResolver.cpp, line 826]
Event: 1.029 Thread 0x00000147dd05d450 Exception <a 'java/lang/NoSuchMethodError'{0x00000000eaf7aa90}: 'java.lang.Object java.lang.invoke.DirectMethodHandle$Holder.invokeSpecial(java.lang.Object, java.lang.Object, java.lang.Object, int, java.lang.Object, java.lang.Object)'> (0x00000000eaf7aa90) 
thrown [s\src\hotspot\share\interpreter\linkResolver.cpp, line 759]
Event: 1.029 Thread 0x00000147dd05d450 Exception <a 'java/lang/NoSuchMethodError'{0x00000000eaf83218}: 'java.lang.Object java.lang.invoke.DirectMethodHandle$Holder.newInvokeSpecial(java.lang.Object, java.lang.Object, java.lang.Object, int, java.lang.Object)'> (0x00000000eaf83218) 
thrown [s\src\hotspot\share\interpreter\linkResolver.cpp, line 759]
Event: 1.029 Thread 0x00000147dd05d450 Exception <a 'java/lang/NoSuchMethodError'{0x00000000eaf87670}: 'java.lang.Object java.lang.invoke.DirectMethodHandle$Holder.invokeSpecial(java.lang.Object, java.lang.Object, java.lang.Object, java.lang.Object, int, java.lang.Object)'> (0x00000000eaf87670) 
thrown [s\src\hotspot\share\interpreter\linkResolver.cpp, line 759]
Event: 1.030 Thread 0x00000147dd545f20 Exception <a 'java/lang/NoSuchMethodError'{0x00000000eaea4030}: 'java.lang.Object java.lang.invoke.DirectMethodHandle$Holder.invokeSpecial(java.lang.Object, java.lang.Object, int, java.lang.Object, java.lang.Object)'> (0x00000000eaea4030) 
thrown [s\src\hotspot\share\interpreter\linkResolver.cpp, line 759]
Event: 1.030 Thread 0x00000147dd545f20 Exception <a 'java/lang/NoSuchMethodError'{0x00000000eaeab700}: 'java.lang.Object java.lang.invoke.DirectMethodHandle$Holder.newInvokeSpecial(java.lang.Object, java.lang.Object, int, java.lang.Object)'> (0x00000000eaeab700) 
thrown [s\src\hotspot\share\interpreter\linkResolver.cpp, line 759]
Event: 1.030 Thread 0x00000147dd545f20 Exception <a 'java/lang/NoSuchMethodError'{0x00000000eaeaf210}: 'java.lang.Object java.lang.invoke.DirectMethodHandle$Holder.invokeSpecial(java.lang.Object, java.lang.Object, java.lang.Object, int, java.lang.Object)'> (0x00000000eaeaf210) 
thrown [s\src\hotspot\share\interpreter\linkResolver.cpp, line 759]

VM Operations (20 events):
Event: 0.585 Executing VM operation: HandshakeAllThreads
Event: 0.585 Executing VM operation: HandshakeAllThreads done
Event: 0.703 Executing VM operation: HandshakeAllThreads
Event: 0.703 Executing VM operation: HandshakeAllThreads done
Event: 0.720 Executing VM operation: ICBufferFull
Event: 0.720 Executing VM operation: ICBufferFull done
Event: 0.723 Executing VM operation: ParallelGCFailedAllocation
Event: 0.727 Executing VM operation: ParallelGCFailedAllocation done
Event: 0.855 Executing VM operation: HandshakeAllThreads
Event: 0.856 Executing VM operation: HandshakeAllThreads done
Event: 0.909 Executing VM operation: HandshakeAllThreads
Event: 0.909 Executing VM operation: HandshakeAllThreads done
Event: 0.970 Executing VM operation: ParallelGCFailedAllocation
Event: 0.974 Executing VM operation: ParallelGCFailedAllocation done
Event: 1.037 Executing VM operation: CollectForMetadataAllocation
Event: 1.053 Executing VM operation: CollectForMetadataAllocation done
Event: 1.054 Executing VM operation: HandshakeAllThreads
Event: 1.054 Executing VM operation: HandshakeAllThreads done
Event: 1.163 Executing VM operation: ParallelGCFailedAllocation
Event: 1.164 Executing VM operation: ParallelGCFailedAllocation done

Events (20 events):
Event: 1.079 loading class java/io/StringReader
Event: 1.079 loading class java/io/StringReader done
Event: 1.081 loading class java/util/zip/GZIPInputStream
Event: 1.081 loading class java/util/zip/GZIPInputStream done
Event: 1.082 loading class java/net/SocketTimeoutException
Event: 1.082 loading class java/io/InterruptedIOException
Event: 1.082 loading class java/io/InterruptedIOException done
Event: 1.082 loading class java/net/SocketTimeoutException done
Event: 1.082 loading class java/net/SocketException
Event: 1.082 loading class java/net/SocketException done
Event: 1.083 loading class java/net/UnknownHostException
Event: 1.083 loading class java/net/UnknownHostException done
Event: 1.083 loading class java/net/ProtocolException
Event: 1.083 loading class java/net/ProtocolException done
Event: 1.091 loading class java/lang/ThreadLocal$SuppliedThreadLocal
Event: 1.091 loading class java/lang/ThreadLocal$SuppliedThreadLocal done
Event: 1.095 loading class java/io/FileWriter
Event: 1.095 loading class java/io/FileWriter done
Event: 1.121 loading class java/lang/NegativeArraySizeException
Event: 1.121 loading class java/lang/NegativeArraySizeException done


Dynamic libraries:
0x00007ff70adb0000 - 0x00007ff70adbe000 	c:\Users\student\.vscode\extensions\redhat.java-1.26.0-win32-x64\jre\17.0.9-win32-x86_64\bin\java.exe
0x00007ff83fc70000 - 0x00007ff83fe68000 	C:\Windows\SYSTEM32\ntdll.dll
0x00007ff83e9a0000 - 0x00007ff83ea5f000 	C:\Windows\System32\KERNEL32.DLL
0x00007ff83d5e0000 - 0x00007ff83d8d6000 	C:\Windows\System32\KERNELBASE.dll
0x00007ff83d4e0000 - 0x00007ff83d5e0000 	C:\Windows\System32\ucrtbase.dll
0x00007ff823d90000 - 0x00007ff823dab000 	c:\Users\student\.vscode\extensions\redhat.java-1.26.0-win32-x64\jre\17.0.9-win32-x86_64\bin\VCRUNTIME140.dll
0x00007ff826900000 - 0x00007ff826917000 	c:\Users\student\.vscode\extensions\redhat.java-1.26.0-win32-x64\jre\17.0.9-win32-x86_64\bin\jli.dll
0x00007ff83ecd0000 - 0x00007ff83ee6d000 	C:\Windows\System32\USER32.dll
0x00007ff83d350000 - 0x00007ff83d372000 	C:\Windows\System32\win32u.dll
0x00007ff823f10000 - 0x00007ff8241aa000 	C:\Windows\WinSxS\amd64_microsoft.windows.common-controls_6595b64144ccf1df_6.0.19041.1110_none_60b5254171f9507e\COMCTL32.dll
0x00007ff83e970000 - 0x00007ff83e99c000 	C:\Windows\System32\GDI32.dll
0x00007ff83dea0000 - 0x00007ff83df3e000 	C:\Windows\System32\msvcrt.dll
0x00007ff83d950000 - 0x00007ff83da65000 	C:\Windows\System32\gdi32full.dll
0x00007ff83dc00000 - 0x00007ff83dc9d000 	C:\Windows\System32\msvcp_win.dll
0x00007ff83e8e0000 - 0x00007ff83e910000 	C:\Windows\System32\IMM32.DLL
0x00007ff8338f0000 - 0x00007ff8338fc000 	c:\Users\student\.vscode\extensions\redhat.java-1.26.0-win32-x64\jre\17.0.9-win32-x86_64\bin\vcruntime140_1.dll
0x00007ff81be30000 - 0x00007ff81bebd000 	c:\Users\student\.vscode\extensions\redhat.java-1.26.0-win32-x64\jre\17.0.9-win32-x86_64\bin\msvcp140.dll
0x00007ff80a9b0000 - 0x00007ff80b611000 	c:\Users\student\.vscode\extensions\redhat.java-1.26.0-win32-x64\jre\17.0.9-win32-x86_64\bin\server\jvm.dll
0x00007ff83e5c0000 - 0x00007ff83e66f000 	C:\Windows\System32\ADVAPI32.dll
0x00007ff83dcd0000 - 0x00007ff83dd6c000 	C:\Windows\System32\sechost.dll
0x00007ff83fa50000 - 0x00007ff83fb76000 	C:\Windows\System32\RPCRT4.dll
0x00007ff83d1b0000 - 0x00007ff83d1fb000 	C:\Windows\SYSTEM32\POWRPROF.dll
0x00007ff8229d0000 - 0x00007ff8229d9000 	C:\Windows\SYSTEM32\WSOCK32.dll
0x00007ff8337d0000 - 0x00007ff8337f7000 	C:\Windows\SYSTEM32\WINMM.dll
0x00007ff83e7c0000 - 0x00007ff83e82b000 	C:\Windows\System32\WS2_32.dll
0x00007ff837cf0000 - 0x00007ff837cfa000 	C:\Windows\SYSTEM32\VERSION.dll
0x00007ff83d190000 - 0x00007ff83d1a2000 	C:\Windows\SYSTEM32\UMPDC.dll
0x00007ff83b220000 - 0x00007ff83b232000 	C:\Windows\SYSTEM32\kernel.appcore.dll
0x00007ff830d70000 - 0x00007ff830d7a000 	c:\Users\student\.vscode\extensions\redhat.java-1.26.0-win32-x64\jre\17.0.9-win32-x86_64\bin\jimage.dll
0x00007ff8234f0000 - 0x00007ff8236d4000 	C:\Windows\SYSTEM32\DBGHELP.DLL
0x00007ff8234b0000 - 0x00007ff8234e4000 	C:\Windows\SYSTEM32\dbgcore.DLL
0x00007ff83db20000 - 0x00007ff83dba2000 	C:\Windows\System32\bcryptPrimitives.dll
0x00007ff827440000 - 0x00007ff82744e000 	c:\Users\student\.vscode\extensions\redhat.java-1.26.0-win32-x64\jre\17.0.9-win32-x86_64\bin\instrument.dll
0x00007ff820990000 - 0x00007ff8209b5000 	c:\Users\student\.vscode\extensions\redhat.java-1.26.0-win32-x64\jre\17.0.9-win32-x86_64\bin\java.dll
0x00007ff822cc0000 - 0x00007ff822cd8000 	c:\Users\student\.vscode\extensions\redhat.java-1.26.0-win32-x64\jre\17.0.9-win32-x86_64\bin\zip.dll
0x00007ff83f300000 - 0x00007ff83fa44000 	C:\Windows\System32\SHELL32.dll
0x00007ff83b420000 - 0x00007ff83bbb4000 	C:\Windows\SYSTEM32\windows.storage.dll
0x00007ff83eed0000 - 0x00007ff83f224000 	C:\Windows\System32\combase.dll
0x00007ff83ccc0000 - 0x00007ff83ccee000 	C:\Windows\SYSTEM32\Wldp.dll
0x00007ff83e830000 - 0x00007ff83e8dd000 	C:\Windows\System32\SHCORE.dll
0x00007ff83e670000 - 0x00007ff83e6c5000 	C:\Windows\System32\shlwapi.dll
0x00007ff83d280000 - 0x00007ff83d2a5000 	C:\Windows\SYSTEM32\profapi.dll
0x00007ff822c70000 - 0x00007ff822c89000 	C:\Users\student\.vscode\extensions\redhat.java-1.26.0-win32-x64\jre\17.0.9-win32-x86_64\bin\net.dll
0x00007ff837330000 - 0x00007ff83743a000 	C:\Windows\SYSTEM32\WINHTTP.dll
0x00007ff83ca20000 - 0x00007ff83ca8a000 	C:\Windows\system32\mswsock.dll
0x00007ff821300000 - 0x00007ff821316000 	C:\Users\student\.vscode\extensions\redhat.java-1.26.0-win32-x64\jre\17.0.9-win32-x86_64\bin\nio.dll
0x00007ff827280000 - 0x00007ff827290000 	c:\Users\student\.vscode\extensions\redhat.java-1.26.0-win32-x64\jre\17.0.9-win32-x86_64\bin\verify.dll
0x00007ff8206d0000 - 0x00007ff82070e000 	C:\Users\student\AppData\Roaming\Code\User\globalStorage\redhat.java\1.26.0\config_ss_win\org.eclipse.equinox.launcher\org.eclipse.equinox.launcher.win32.win32.x86_64_1.2.800.v20231003-1442\eclipse_11802.dll
0x00007ff83dd70000 - 0x00007ff83de9a000 	C:\Windows\System32\ole32.dll

dbghelp: loaded successfully - version: 4.0.5 - missing functions: none
symbol engine: initialized successfully - sym options: 0x614 - pdb path: .;c:\Users\student\.vscode\extensions\redhat.java-1.26.0-win32-x64\jre\17.0.9-win32-x86_64\bin;C:\Windows\SYSTEM32;C:\Windows\WinSxS\amd64_microsoft.windows.common-controls_6595b64144ccf1df_6.0.19041.1110_none_60b5254171f9507e;c:\Users\student\.vscode\extensions\redhat.java-1.26.0-win32-x64\jre\17.0.9-win32-x86_64\bin\server;C:\Users\student\AppData\Roaming\Code\User\globalStorage\redhat.java\1.26.0\config_ss_win\org.eclipse.equinox.launcher\org.eclipse.equinox.launcher.win32.win32.x86_64_1.2.800.v20231003-1442

VM Arguments:
jvm_args: --add-modules=ALL-SYSTEM --add-opens=java.base/java.util=ALL-UNNAMED --add-opens=java.base/java.lang=ALL-UNNAMED --add-opens=java.base/sun.nio.fs=ALL-UNNAMED -Declipse.application=org.eclipse.jdt.ls.core.id1 -Dosgi.bundles.defaultStartLevel=4 -Declipse.product=org.eclipse.jdt.ls.core.product -Djava.import.generatesMetadataFilesAtProjectRoot=false -DDetectVMInstallationsJob.disabled=true -Dfile.encoding=utf8 -XX:+UseParallelGC -XX:GCTimeRatio=4 -XX:AdaptiveSizePolicyWeight=90 -Dsun.zip.disableMemoryMapping=true -Xmx1G -Xms100m -Xlog:disable -javaagent:c:\Users\student\.vscode\extensions\redhat.java-1.26.0-win32-x64\lombok\lombok-1.18.31-3454.jar 
java_command: c:\Users\student\.vscode\extensions\redhat.java-1.26.0-win32-x64\server\plugins\org.eclipse.equinox.launcher_1.6.700.v20231214-2017.jar -configuration c:\Users\student\AppData\Roaming\Code\User\globalStorage\redhat.java\1.26.0\config_ss_win -data c:\Users\student\AppData\Roaming\Code\User\workspaceStorage\56192d6a22a83b7aa0a710db2c3de7dd\redhat.java\ss_ws --stdio
java_class_path (initial): c:\Users\student\.vscode\extensions\redhat.java-1.26.0-win32-x64\server\plugins\org.eclipse.equinox.launcher_1.6.700.v20231214-2017.jar
Launcher Type: SUN_STANDARD

[Global flags]
    uintx AdaptiveSizePolicyWeight                 = 90                                        {product} {command line}
     intx CICompilerCount                          = 3                                         {product} {ergonomic}
    uintx GCTimeRatio                              = 4                                         {product} {command line}
   size_t InitialHeapSize                          = 104857600                                 {product} {command line}
   size_t MaxHeapSize                              = 1073741824                                {product} {command line}
   size_t MaxNewSize                               = 357564416                                 {product} {ergonomic}
   size_t MinHeapDeltaBytes                        = 524288                                    {product} {ergonomic}
   size_t MinHeapSize                              = 104857600                                 {product} {command line}
   size_t NewSize                                  = 34603008                                  {product} {ergonomic}
    uintx NonNMethodCodeHeapSize                   = 5832780                                {pd product} {ergonomic}
    uintx NonProfiledCodeHeapSize                  = 122912730                              {pd product} {ergonomic}
   size_t OldSize                                  = 70254592                                  {product} {ergonomic}
    uintx ProfiledCodeHeapSize                     = 122912730                              {pd product} {ergonomic}
    uintx ReservedCodeCacheSize                    = 251658240                              {pd product} {ergonomic}
     bool SegmentedCodeCache                       = true                                      {product} {ergonomic}
   size_t SoftMaxHeapSize                          = 1073741824                             {manageable} {ergonomic}
     bool UseCompressedClassPointers               = true                           {product lp64_product} {ergonomic}
     bool UseCompressedOops                        = true                           {product lp64_product} {ergonomic}
     bool UseLargePagesIndividualAllocation        = false                                  {pd product} {ergonomic}
     bool UseParallelGC                            = true                                      {product} {command line}

Logging:
Log output configuration:
 #0: stdout all=off uptime,level,tags
 #1: stderr all=off uptime,level,tags

Environment Variables:
PATH=C:\Program Files\Common Files\Oracle\Java\javapath;C:\Program Files (x86)\Common Files\Oracle\Java\javapath;C:\Windows\system32;C:\Windows;C:\Windows\System32\Wbem;C:\Windows\System32\WindowsPowerShell\v1.0\;C:\Windows\System32\OpenSSH\;C:\Program Files\Java\jdk1.8.0_291\bin;C:\Program Files\Git\cmd;C:\Users\student\AppData\Local\Microsoft\WindowsApps;;C:\Users\student\AppData\Local\Programs\Microsoft VS Code\bin
USERNAME=student
OS=Windows_NT
PROCESSOR_IDENTIFIER=Intel64 Family 6 Model 158 Stepping 10, GenuineIntel
TMP=C:\Users\student\AppData\Local\Temp
TEMP=C:\Users\student\AppData\Local\Temp



Periodic native trim disabled


---------------  S Y S T E M  ---------------

OS:
 Windows 10 , 64 bit Build 19041 (10.0.19041.3155)
OS uptime: 0 days 2:11 hours

CPU: total 6 (initial active 6) (6 cores per cpu, 1 threads per core) family 6 model 158 stepping 10 microcode 0xf0, cx8, cmov, fxsr, mmx, 3dnowpref, sse, sse2, sse3, ssse3, sse4.1, sse4.2, popcnt, lzcnt, tsc, tscinvbit, avx, avx2, aes, erms, clmul, bmi1, bmi2, rtm, adx, fma, vzeroupper, clflush, clflushopt
Processor Information for all 6 processors :
  Max Mhz: 3000, Current Mhz: 3000, Mhz Limit: 3000

Memory: 4k page, system-wide physical 8038M (647M free)
TotalPageFile size 32614M (AvailPageFile size 5M)
current process WorkingSet (physical memory assigned to process): 114M, peak: 114M
current process commit charge ("private bytes"): 216M, peak: 216M

vm_info: OpenJDK 64-Bit Server VM (17.0.9+9) for windows-amd64 JRE (17.0.9+9), built on Oct 26 2023 14:01:42 by "admin" with MS VC++ 16.10 / 16.11 (VS2019)

END.
