#
# There is insufficient memory for the Java Runtime Environment to continue.
# Native memory allocation (malloc) failed to allocate 119696 bytes for Chunk::new
# Possible reasons:
#   The system is out of physical RAM or swap space
#   The process is running with CompressedOops enabled, and the Java Heap may be blocking the growth of the native heap
# Possible solutions:
#   Reduce memory load on the system
#   Increase physical memory or swap space
#   Check if swap backing store is full
#   Decrease Java heap size (-Xmx/-Xms)
#   Decrease number of Java threads
#   Decrease Java thread stack sizes (-Xss)
#   Set larger code cache with -XX:ReservedCodeCacheSize=
#   JVM is running with Unscaled Compressed Oops mode in which the Java heap is
#     placed in the first 4GB address space. The Java Heap base address is the
#     maximum limit for the native heap growth. Please use -XX:HeapBaseMinAddress
#     to set the Java Heap base and to place the Java Heap above 4GB virtual address.
# This output file may be truncated or incomplete.
#
#  Out of Memory Error (arena.cpp:191), pid=21780, tid=7176
#
# JRE version: OpenJDK Runtime Environment Temurin-17.0.9+9 (17.0.9+9) (build 17.0.9+9)
# Java VM: OpenJDK 64-Bit Server VM Temurin-17.0.9+9 (17.0.9+9, mixed mode, tiered, compressed oops, compressed class ptrs, parallel gc, windows-amd64)
# No core dump will be written. Minidumps are not enabled by default on client versions of Windows
#

---------------  S U M M A R Y ------------

Command Line: --add-modules=ALL-SYSTEM --add-opens=java.base/java.util=ALL-UNNAMED --add-opens=java.base/java.lang=ALL-UNNAMED --add-opens=java.base/sun.nio.fs=ALL-UNNAMED -Declipse.application=org.eclipse.jdt.ls.core.id1 -Dosgi.bundles.defaultStartLevel=4 -Declipse.product=org.eclipse.jdt.ls.core.product -Djava.import.generatesMetadataFilesAtProjectRoot=false -DDetectVMInstallationsJob.disabled=true -Dfile.encoding=utf8 -XX:+UseParallelGC -XX:GCTimeRatio=4 -XX:AdaptiveSizePolicyWeight=90 -Dsun.zip.disableMemoryMapping=true -Xmx1G -Xms100m -Xlog:disable -javaagent:c:\Users\student\.vscode\extensions\redhat.java-1.26.0-win32-x64\lombok\lombok-1.18.31-3454.jar c:\Users\student\.vscode\extensions\redhat.java-1.26.0-win32-x64\server\plugins\org.eclipse.equinox.launcher_1.6.700.v20231214-2017.jar -configuration c:\Users\student\AppData\Roaming\Code\User\globalStorage\redhat.java\1.26.0\config_ss_win -data c:\Users\student\AppData\Roaming\Code\User\workspaceStorage\56192d6a22a83b7aa0a710db2c3de7dd\redhat.java\ss_ws --stdio

Host: Intel(R) Core(TM) i5-8500 CPU @ 3.00GHz, 6 cores, 7G,  Windows 10 , 64 bit Build 19041 (10.0.19041.3155)
Time: Tue Jan 16 10:05:57 2024 Mountain Standard Time elapsed time: 1.184953 seconds (0d 0h 0m 1s)

---------------  T H R E A D  ---------------

Current thread (0x000002c9b9bc1190):  JavaThread "C2 CompilerThread0" daemon [_thread_in_native, id=7176, stack(0x000000cf56000000,0x000000cf56100000)]


Current CompileTask:
C2:   1185 2173       4       org.lombokweb.asm.ClassReader::readUTF8 (23 bytes)

Stack: [0x000000cf56000000,0x000000cf56100000]
Native frames: (J=compiled Java code, j=interpreted, Vv=VM code, C=native code)
V  [jvm.dll+0x67cf49]
V  [jvm.dll+0x83478a]
V  [jvm.dll+0x83624e]
V  [jvm.dll+0x8368b3]
V  [jvm.dll+0x247f1f]
V  [jvm.dll+0xac43c]
V  [jvm.dll+0xaca8c]
V  [jvm.dll+0x2af45f]
V  [jvm.dll+0x5853f7]
V  [jvm.dll+0x222f62]
V  [jvm.dll+0x22334f]
V  [jvm.dll+0x21c476]
V  [jvm.dll+0x2198c1]
V  [jvm.dll+0x1a57cd]
V  [jvm.dll+0x2297ae]
V  [jvm.dll+0x22797c]
V  [jvm.dll+0x7e9877]
V  [jvm.dll+0x7e3c3a]
V  [jvm.dll+0x67be35]
C  [ucrtbase.dll+0x21bb2]
C  [KERNEL32.DLL+0x17614]
C  [ntdll.dll+0x526b1]


---------------  P R O C E S S  ---------------

Threads class SMR info:
_java_thread_list=0x000002c9babb1230, length=21, elements={
0x000002c99e645a70, 0x000002c9b441c750, 0x000002c9b441dc80, 0x000002c9b443c290,
0x000002c9b443d020, 0x000002c9b443e550, 0x000002c9b9bbb830, 0x000002c9b9bc1190,
0x000002c9b9bc22f0, 0x000002c9b9bc53b0, 0x000002c9b9ceb010, 0x000002c9b9d67290,
0x000002c9b9fd0100, 0x000002c9ba757380, 0x000002c9ba752180, 0x000002c9ba74e0b0,
0x000002c9ba5e2360, 0x000002c9ba6918b0, 0x000002c9ba66a720, 0x000002c9ba66b650,
0x000002c9ba66bb60
}

Java Threads: ( => current thread )
  0x000002c99e645a70 JavaThread "main" [_thread_blocked, id=16080, stack(0x000000cf55700000,0x000000cf55800000)]
  0x000002c9b441c750 JavaThread "Reference Handler" daemon [_thread_blocked, id=11452, stack(0x000000cf55a00000,0x000000cf55b00000)]
  0x000002c9b441dc80 JavaThread "Finalizer" daemon [_thread_blocked, id=5420, stack(0x000000cf55b00000,0x000000cf55c00000)]
  0x000002c9b443c290 JavaThread "Signal Dispatcher" daemon [_thread_blocked, id=23080, stack(0x000000cf55c00000,0x000000cf55d00000)]
  0x000002c9b443d020 JavaThread "Attach Listener" daemon [_thread_blocked, id=22516, stack(0x000000cf55d00000,0x000000cf55e00000)]
  0x000002c9b443e550 JavaThread "Service Thread" daemon [_thread_blocked, id=12304, stack(0x000000cf55e00000,0x000000cf55f00000)]
  0x000002c9b9bbb830 JavaThread "Monitor Deflation Thread" daemon [_thread_blocked, id=15708, stack(0x000000cf55f00000,0x000000cf56000000)]
=>0x000002c9b9bc1190 JavaThread "C2 CompilerThread0" daemon [_thread_in_native, id=7176, stack(0x000000cf56000000,0x000000cf56100000)]
  0x000002c9b9bc22f0 JavaThread "C1 CompilerThread0" daemon [_thread_blocked, id=21420, stack(0x000000cf56100000,0x000000cf56200000)]
  0x000002c9b9bc53b0 JavaThread "Sweeper thread" daemon [_thread_blocked, id=12324, stack(0x000000cf56200000,0x000000cf56300000)]
  0x000002c9b9ceb010 JavaThread "Common-Cleaner" daemon [_thread_blocked, id=17288, stack(0x000000cf56300000,0x000000cf56400000)]
  0x000002c9b9d67290 JavaThread "C2 CompilerThread1" daemon [_thread_blocked, id=20168, stack(0x000000cf56400000,0x000000cf56500000)]
  0x000002c9b9fd0100 JavaThread "Notification Thread" daemon [_thread_blocked, id=8724, stack(0x000000cf56500000,0x000000cf56600000)]
  0x000002c9ba757380 JavaThread "Active Thread: Equinox Container: ae2f1b47-02af-40eb-b435-745a253dcbd3" [_thread_blocked, id=15404, stack(0x000000cf56c00000,0x000000cf56d00000)]
  0x000002c9ba752180 JavaThread "Framework Event Dispatcher: Equinox Container: ae2f1b47-02af-40eb-b435-745a253dcbd3" daemon [_thread_blocked, id=9988, stack(0x000000cf56d00000,0x000000cf56e00000)]
  0x000002c9ba74e0b0 JavaThread "Start Level: Equinox Container: ae2f1b47-02af-40eb-b435-745a253dcbd3" daemon [_thread_in_vm, id=22544, stack(0x000000cf56e00000,0x000000cf56f00000)]
  0x000002c9ba5e2360 JavaThread "SCR Component Actor" daemon [_thread_blocked, id=21672, stack(0x000000cf56f00000,0x000000cf57000000)]
  0x000002c9ba6918b0 JavaThread "SCR Component Registry" daemon [_thread_blocked, id=15488, stack(0x000000cf57000000,0x000000cf57100000)]
  0x000002c9ba66a720 JavaThread "Worker-JM" [_thread_blocked, id=23184, stack(0x000000cf57100000,0x000000cf57200000)]
  0x000002c9ba66b650 JavaThread "Worker-0" [_thread_blocked, id=19960, stack(0x000000cf57200000,0x000000cf57300000)]
  0x000002c9ba66bb60 JavaThread "Worker-1" [_thread_blocked, id=15688, stack(0x000000cf57300000,0x000000cf57400000)]

Other Threads:
  0x000002c9b4404f70 VMThread "VM Thread" [stack: 0x000000cf55900000,0x000000cf55a00000] [id=796]
  0x000002c9b9f2df30 WatcherThread [stack: 0x000000cf56600000,0x000000cf56700000] [id=16984]
  0x000002c99e65fec0 GCTaskThread "GC Thread#0" [stack: 0x000000cf55800000,0x000000cf55900000] [id=6104]
  0x000002c9ba7a8c90 GCTaskThread "GC Thread#1" [stack: 0x000000cf56700000,0x000000cf56800000] [id=23104]
  0x000002c9ba59ccf0 GCTaskThread "GC Thread#2" [stack: 0x000000cf56800000,0x000000cf56900000] [id=20812]
  0x000002c9ba59cfb0 GCTaskThread "GC Thread#3" [stack: 0x000000cf56900000,0x000000cf56a00000] [id=4692]
  0x000002c9ba59da90 GCTaskThread "GC Thread#4" [stack: 0x000000cf56a00000,0x000000cf56b00000] [id=3444]
  0x000002c9ba59e570 GCTaskThread "GC Thread#5" [stack: 0x000000cf56b00000,0x000000cf56c00000] [id=19900]

Threads with active compile tasks:
C2 CompilerThread0     1201 2173       4       org.lombokweb.asm.ClassReader::readUTF8 (23 bytes)

VM state: not at safepoint (normal execution)

VM Mutex/Monitor currently owned by a thread:  ([mutex/lock_event])
[0x000002c99e6417a0] Metaspace_lock - owner thread: 0x000002c9ba74e0b0

Heap address: 0x00000000c0000000, size: 1024 MB, Compressed Oops mode: 32-bit

CDS archive(s) not mapped
Compressed class space mapped at: 0x0000000100000000-0x0000000140000000, reserved size: 1073741824
Narrow klass base: 0x0000000000000000, Narrow klass shift: 3, Narrow klass range: 0x140000000

GC Precious Log:
 CPUs: 6 total, 6 available
 Memory: 8038M
 Large Page Support: Disabled
 NUMA Support: Disabled
 Compressed Oops: Enabled (32-bit)
 Alignments: Space 512K, Generation 512K, Heap 2M
 Heap Min Capacity: 100M
 Heap Initial Capacity: 100M
 Heap Max Capacity: 1G
 Pre-touch: Disabled
 Parallel Workers: 6

Heap:
 PSYoungGen      total 29696K, used 5955K [0x00000000eab00000, 0x00000000ecc00000, 0x0000000100000000)
  eden space 25600K, 23% used [0x00000000eab00000,0x00000000eb0d0ec8,0x00000000ec400000)
  from space 4096K, 0% used [0x00000000ec800000,0x00000000ec800000,0x00000000ecc00000)
  to   space 4096K, 0% used [0x00000000ec400000,0x00000000ec400000,0x00000000ec800000)
 ParOldGen       total 68608K, used 6640K [0x00000000c0000000, 0x00000000c4300000, 0x00000000eab00000)
  object space 68608K, 9% used [0x00000000c0000000,0x00000000c067c048,0x00000000c4300000)
 Metaspace       used 21971K, committed 22400K, reserved 1114112K
  class space    used 2247K, committed 2432K, reserved 1048576K

Card table byte_map: [0x000002c9b1cb0000,0x000002c9b1ec0000] _byte_map_base: 0x000002c9b16b0000

Marking Bits: (ParMarkBitMap*) 0x00007ff80b54d0b0
 Begin Bits: [0x000002c9b2020000, 0x000002c9b3020000)
 End Bits:   [0x000002c9b3020000, 0x000002c9b4020000)

Polling page: 0x000002c99e710000

Metaspace:

Usage:
  Non-class:     19.26 MB used.
      Class:      2.20 MB used.
       Both:     21.46 MB used.

Virtual space:
  Non-class space:       64.00 MB reserved,      19.50 MB ( 30%) committed,  1 nodes.
      Class space:        1.00 GB reserved,       2.38 MB ( <1%) committed,  1 nodes.
             Both:        1.06 GB reserved,      21.88 MB (  2%) committed. 

Chunk freelists:
   Non-Class:  12.42 MB
       Class:  13.62 MB
        Both:  26.05 MB

MaxMetaspaceSize: unlimited
CompressedClassSpaceSize: 1.00 GB
Initial GC threshold: 21.00 MB
Current GC threshold: 35.00 MB
CDS: off
MetaspaceReclaimPolicy: balanced
 - commit_granule_bytes: 65536.
 - commit_granule_words: 8192.
 - virtual_space_node_default_size: 8388608.
 - enlarge_chunks_in_place: 1.
 - new_chunks_are_fully_committed: 0.
 - uncommit_free_chunks: 1.
 - use_allocation_guard: 0.
 - handle_deallocations: 1.


Internal statistics:

num_allocs_failed_limit: 3.
num_arena_births: 272.
num_arena_deaths: 14.
num_vsnodes_births: 2.
num_vsnodes_deaths: 0.
num_space_committed: 350.
num_space_uncommitted: 0.
num_chunks_returned_to_freelist: 17.
num_chunks_taken_from_freelist: 824.
num_chunk_merges: 6.
num_chunk_splits: 519.
num_chunks_enlarged: 353.
num_inconsistent_stats: 0.

CodeHeap 'non-profiled nmethods': size=120000Kb used=873Kb max_used=873Kb free=119126Kb
 bounds [0x000002c9aa5a0000, 0x000002c9aa810000, 0x000002c9b1ad0000]
CodeHeap 'profiled nmethods': size=120000Kb used=4127Kb max_used=4127Kb free=115872Kb
 bounds [0x000002c9a2ad0000, 0x000002c9a2ee0000, 0x000002c9aa000000]
CodeHeap 'non-nmethods': size=5760Kb used=1186Kb max_used=1206Kb free=4573Kb
 bounds [0x000002c9aa000000, 0x000002c9aa270000, 0x000002c9aa5a0000]
 total_blobs=2665 nmethods=2176 adapters=403
 compilation: enabled
              stopped_count=0, restarted_count=0
 full_count=0

Compilation events (20 events):
Event: 1.162 Thread 0x000002c9b9bc22f0 2165       3       org.eclipse.core.internal.preferences.EclipsePreferences::internalNode (153 bytes)
Event: 1.164 Thread 0x000002c9b9bc22f0 nmethod 2165 0x000002c9a2ecab10 code [0x000002c9a2ecaf40, 0x000002c9a2ecd158]
Event: 1.166 Thread 0x000002c9b9d67290 2166       4       java.util.ArrayList::contains (14 bytes)
Event: 1.167 Thread 0x000002c9b9d67290 nmethod 2166 0x000002c9aa677010 code [0x000002c9aa6771a0, 0x000002c9aa6772f8]
Event: 1.167 Thread 0x000002c9b9d67290 2167       4       java.util.zip.ZipFile$Source::isMetaName (141 bytes)
Event: 1.168 Thread 0x000002c9b9bc1190 nmethod 2163 0x000002c9aa677410 code [0x000002c9aa6775c0, 0x000002c9aa677d68]
Event: 1.168 Thread 0x000002c9b9bc1190 2168       4       java.util.zip.ZipFile$Source::nextEntryPos (22 bytes)
Event: 1.169 Thread 0x000002c9b9d67290 nmethod 2167 0x000002c9aa678410 code [0x000002c9aa6785a0, 0x000002c9aa678818]
Event: 1.169 Thread 0x000002c9b9bc1190 nmethod 2168 0x000002c9aa678a10 code [0x000002c9aa678b80, 0x000002c9aa678cb8]
Event: 1.171 Thread 0x000002c9b9bc22f0 2169   !   3       org.eclipse.osgi.framework.util.SecureAction::start (61 bytes)
Event: 1.171 Thread 0x000002c9b9bc22f0 nmethod 2169 0x000002c9a2ecdc90 code [0x000002c9a2ecdec0, 0x000002c9a2ece818]
Event: 1.173 Thread 0x000002c9b9d67290 2170       4       java.util.ArrayList$SubList$1::hasNext (20 bytes)
Event: 1.173 Thread 0x000002c9b9d67290 nmethod 2170 0x000002c9aa678e10 code [0x000002c9aa678f80, 0x000002c9aa679018]
Event: 1.179 Thread 0x000002c9b9d67290 2171       4       org.lombokweb.asm.ClassReader::readUtf (44 bytes)
Event: 1.179 Thread 0x000002c9b9bc22f0 2172       3       org.lombokweb.asm.SymbolTable::addConstantNameAndType (28 bytes)
Event: 1.179 Thread 0x000002c9b9bc22f0 nmethod 2172 0x000002c9a2eceb10 code [0x000002c9a2ecece0, 0x000002c9a2ecf018]
Event: 1.180 Thread 0x000002c9b9bc1190 2173       4       org.lombokweb.asm.ClassReader::readUTF8 (23 bytes)
Event: 1.180 Thread 0x000002c9b9bc22f0 2174       3       org.lombokweb.asm.ByteVector::<init> (13 bytes)
Event: 1.181 Thread 0x000002c9b9bc22f0 nmethod 2174 0x000002c9a2ecf210 code [0x000002c9a2ecf3a0, 0x000002c9a2ecf5b8]
Event: 1.181 Thread 0x000002c9b9bc22f0 2175       3       org.lombokweb.asm.ClassReader::readMethod (1066 bytes)

GC Heap History (10 events):
Event: 0.518 GC heap before
{Heap before GC invocations=1 (full 0):
 PSYoungGen      total 29696K, used 25600K [0x00000000eab00000, 0x00000000ecc00000, 0x0000000100000000)
  eden space 25600K, 100% used [0x00000000eab00000,0x00000000ec400000,0x00000000ec400000)
  from space 4096K, 0% used [0x00000000ec800000,0x00000000ec800000,0x00000000ecc00000)
  to   space 4096K, 0% used [0x00000000ec400000,0x00000000ec400000,0x00000000ec800000)
 ParOldGen       total 68608K, used 0K [0x00000000c0000000, 0x00000000c4300000, 0x00000000eab00000)
  object space 68608K, 0% used [0x00000000c0000000,0x00000000c0000000,0x00000000c4300000)
 Metaspace       used 10984K, committed 11200K, reserved 1114112K
  class space    used 1097K, committed 1216K, reserved 1048576K
}
Event: 0.522 GC heap after
{Heap after GC invocations=1 (full 0):
 PSYoungGen      total 29696K, used 3214K [0x00000000eab00000, 0x00000000ecc00000, 0x0000000100000000)
  eden space 25600K, 0% used [0x00000000eab00000,0x00000000eab00000,0x00000000ec400000)
  from space 4096K, 78% used [0x00000000ec400000,0x00000000ec723ab8,0x00000000ec800000)
  to   space 4096K, 0% used [0x00000000ec800000,0x00000000ec800000,0x00000000ecc00000)
 ParOldGen       total 68608K, used 16K [0x00000000c0000000, 0x00000000c4300000, 0x00000000eab00000)
  object space 68608K, 0% used [0x00000000c0000000,0x00000000c0004000,0x00000000c4300000)
 Metaspace       used 10984K, committed 11200K, reserved 1114112K
  class space    used 1097K, committed 1216K, reserved 1048576K
}
Event: 0.828 GC heap before
{Heap before GC invocations=2 (full 0):
 PSYoungGen      total 29696K, used 28814K [0x00000000eab00000, 0x00000000ecc00000, 0x0000000100000000)
  eden space 25600K, 100% used [0x00000000eab00000,0x00000000ec400000,0x00000000ec400000)
  from space 4096K, 78% used [0x00000000ec400000,0x00000000ec723ab8,0x00000000ec800000)
  to   space 4096K, 0% used [0x00000000ec800000,0x00000000ec800000,0x00000000ecc00000)
 ParOldGen       total 68608K, used 16K [0x00000000c0000000, 0x00000000c4300000, 0x00000000eab00000)
  object space 68608K, 0% used [0x00000000c0000000,0x00000000c0004000,0x00000000c4300000)
 Metaspace       used 15089K, committed 15360K, reserved 1114112K
  class space    used 1531K, committed 1664K, reserved 1048576K
}
Event: 0.831 GC heap after
{Heap after GC invocations=2 (full 0):
 PSYoungGen      total 29696K, used 4089K [0x00000000eab00000, 0x00000000ecc00000, 0x0000000100000000)
  eden space 25600K, 0% used [0x00000000eab00000,0x00000000eab00000,0x00000000ec400000)
  from space 4096K, 99% used [0x00000000ec800000,0x00000000ecbfe560,0x00000000ecc00000)
  to   space 4096K, 0% used [0x00000000ec400000,0x00000000ec400000,0x00000000ec800000)
 ParOldGen       total 68608K, used 754K [0x00000000c0000000, 0x00000000c4300000, 0x00000000eab00000)
  object space 68608K, 1% used [0x00000000c0000000,0x00000000c00bcb70,0x00000000c4300000)
 Metaspace       used 15089K, committed 15360K, reserved 1114112K
  class space    used 1531K, committed 1664K, reserved 1048576K
}
Event: 1.073 GC heap before
{Heap before GC invocations=3 (full 0):
 PSYoungGen      total 29696K, used 29689K [0x00000000eab00000, 0x00000000ecc00000, 0x0000000100000000)
  eden space 25600K, 100% used [0x00000000eab00000,0x00000000ec400000,0x00000000ec400000)
  from space 4096K, 99% used [0x00000000ec800000,0x00000000ecbfe560,0x00000000ecc00000)
  to   space 4096K, 0% used [0x00000000ec400000,0x00000000ec400000,0x00000000ec800000)
 ParOldGen       total 68608K, used 754K [0x00000000c0000000, 0x00000000c4300000, 0x00000000eab00000)
  object space 68608K, 1% used [0x00000000c0000000,0x00000000c00bcb70,0x00000000c4300000)
 Metaspace       used 20149K, committed 20544K, reserved 1114112K
  class space    used 2064K, committed 2240K, reserved 1048576K
}
Event: 1.077 GC heap after
{Heap after GC invocations=3 (full 0):
 PSYoungGen      total 29696K, used 4073K [0x00000000eab00000, 0x00000000ecc00000, 0x0000000100000000)
  eden space 25600K, 0% used [0x00000000eab00000,0x00000000eab00000,0x00000000ec400000)
  from space 4096K, 99% used [0x00000000ec400000,0x00000000ec7fa658,0x00000000ec800000)
  to   space 4096K, 0% used [0x00000000ec800000,0x00000000ec800000,0x00000000ecc00000)
 ParOldGen       total 68608K, used 2541K [0x00000000c0000000, 0x00000000c4300000, 0x00000000eab00000)
  object space 68608K, 3% used [0x00000000c0000000,0x00000000c027b6c8,0x00000000c4300000)
 Metaspace       used 20149K, committed 20544K, reserved 1114112K
  class space    used 2064K, committed 2240K, reserved 1048576K
}
Event: 1.136 GC heap before
{Heap before GC invocations=4 (full 0):
 PSYoungGen      total 29696K, used 9811K [0x00000000eab00000, 0x00000000ecc00000, 0x0000000100000000)
  eden space 25600K, 22% used [0x00000000eab00000,0x00000000eb09a6b8,0x00000000ec400000)
  from space 4096K, 99% used [0x00000000ec400000,0x00000000ec7fa658,0x00000000ec800000)
  to   space 4096K, 0% used [0x00000000ec800000,0x00000000ec800000,0x00000000ecc00000)
 ParOldGen       total 68608K, used 2541K [0x00000000c0000000, 0x00000000c4300000, 0x00000000eab00000)
  object space 68608K, 3% used [0x00000000c0000000,0x00000000c027b6c8,0x00000000c4300000)
 Metaspace       used 21063K, committed 21504K, reserved 1114112K
  class space    used 2166K, committed 2368K, reserved 1048576K
}
Event: 1.139 GC heap after
{Heap after GC invocations=4 (full 0):
 PSYoungGen      total 29696K, used 4079K [0x00000000eab00000, 0x00000000ecc00000, 0x0000000100000000)
  eden space 25600K, 0% used [0x00000000eab00000,0x00000000eab00000,0x00000000ec400000)
  from space 4096K, 99% used [0x00000000ec800000,0x00000000ecbfbea8,0x00000000ecc00000)
  to   space 4096K, 0% used [0x00000000ec400000,0x00000000ec400000,0x00000000ec800000)
 ParOldGen       total 68608K, used 2733K [0x00000000c0000000, 0x00000000c4300000, 0x00000000eab00000)
  object space 68608K, 3% used [0x00000000c0000000,0x00000000c02ab6c8,0x00000000c4300000)
 Metaspace       used 21063K, committed 21504K, reserved 1114112K
  class space    used 2166K, committed 2368K, reserved 1048576K
}
Event: 1.139 GC heap before
{Heap before GC invocations=5 (full 1):
 PSYoungGen      total 29696K, used 4079K [0x00000000eab00000, 0x00000000ecc00000, 0x0000000100000000)
  eden space 25600K, 0% used [0x00000000eab00000,0x00000000eab00000,0x00000000ec400000)
  from space 4096K, 99% used [0x00000000ec800000,0x00000000ecbfbea8,0x00000000ecc00000)
  to   space 4096K, 0% used [0x00000000ec400000,0x00000000ec400000,0x00000000ec800000)
 ParOldGen       total 68608K, used 2733K [0x00000000c0000000, 0x00000000c4300000, 0x00000000eab00000)
  object space 68608K, 3% used [0x00000000c0000000,0x00000000c02ab6c8,0x00000000c4300000)
 Metaspace       used 21063K, committed 21504K, reserved 1114112K
  class space    used 2166K, committed 2368K, reserved 1048576K
}
Event: 1.153 GC heap after
{Heap after GC invocations=5 (full 1):
 PSYoungGen      total 29696K, used 0K [0x00000000eab00000, 0x00000000ecc00000, 0x0000000100000000)
  eden space 25600K, 0% used [0x00000000eab00000,0x00000000eab00000,0x00000000ec400000)
  from space 4096K, 0% used [0x00000000ec800000,0x00000000ec800000,0x00000000ecc00000)
  to   space 4096K, 0% used [0x00000000ec400000,0x00000000ec400000,0x00000000ec800000)
 ParOldGen       total 68608K, used 6640K [0x00000000c0000000, 0x00000000c4300000, 0x00000000eab00000)
  object space 68608K, 9% used [0x00000000c0000000,0x00000000c067c048,0x00000000c4300000)
 Metaspace       used 21050K, committed 21504K, reserved 1114112K
  class space    used 2162K, committed 2368K, reserved 1048576K
}

Dll operation events (9 events):
Event: 0.006 Loaded shared library c:\Users\student\.vscode\extensions\redhat.java-1.26.0-win32-x64\jre\17.0.9-win32-x86_64\bin\java.dll
Event: 0.113 Loaded shared library c:\Users\student\.vscode\extensions\redhat.java-1.26.0-win32-x64\jre\17.0.9-win32-x86_64\bin\zip.dll
Event: 0.115 Loaded shared library C:\Users\student\.vscode\extensions\redhat.java-1.26.0-win32-x64\jre\17.0.9-win32-x86_64\bin\instrument.dll
Event: 0.124 Loaded shared library C:\Users\student\.vscode\extensions\redhat.java-1.26.0-win32-x64\jre\17.0.9-win32-x86_64\bin\net.dll
Event: 0.126 Loaded shared library C:\Users\student\.vscode\extensions\redhat.java-1.26.0-win32-x64\jre\17.0.9-win32-x86_64\bin\nio.dll
Event: 0.130 Loaded shared library C:\Users\student\.vscode\extensions\redhat.java-1.26.0-win32-x64\jre\17.0.9-win32-x86_64\bin\zip.dll
Event: 0.141 Loaded shared library C:\Users\student\.vscode\extensions\redhat.java-1.26.0-win32-x64\jre\17.0.9-win32-x86_64\bin\jimage.dll
Event: 0.186 Loaded shared library c:\Users\student\.vscode\extensions\redhat.java-1.26.0-win32-x64\jre\17.0.9-win32-x86_64\bin\verify.dll
Event: 0.768 Loaded shared library C:\Users\student\AppData\Roaming\Code\User\globalStorage\redhat.java\1.26.0\config_ss_win\org.eclipse.equinox.launcher\org.eclipse.equinox.launcher.win32.win32.x86_64_1.2.800.v20231003-1442\eclipse_11802.dll

Deoptimization events (20 events):
Event: 0.954 Thread 0x000002c9ba74e0b0 Uncommon trap: trap_request=0xffffffc6 fr.pc=0x000002c9aa64f630 relative=0x0000000000000df0
Event: 0.954 Thread 0x000002c9ba74e0b0 Uncommon trap: reason=bimorphic_or_optimized_type_check action=maybe_recompile pc=0x000002c9aa64f630 method=java.io.DataInputStream.readInt()I @ 6 c2
Event: 0.954 Thread 0x000002c9ba74e0b0 DEOPT PACKING pc=0x000002c9aa64f630 sp=0x000000cf56ef8560
Event: 0.954 Thread 0x000002c9ba74e0b0 DEOPT UNPACKING pc=0x000002c9aa0566a3 sp=0x000000cf56ef8518 mode 2
Event: 0.954 Thread 0x000002c9ba74e0b0 Uncommon trap: trap_request=0xffffffc6 fr.pc=0x000002c9aa64f630 relative=0x0000000000000df0
Event: 0.954 Thread 0x000002c9ba74e0b0 Uncommon trap: reason=bimorphic_or_optimized_type_check action=maybe_recompile pc=0x000002c9aa64f630 method=java.io.DataInputStream.readInt()I @ 6 c2
Event: 0.954 Thread 0x000002c9ba74e0b0 DEOPT PACKING pc=0x000002c9aa64f630 sp=0x000000cf56ef84f0
Event: 0.954 Thread 0x000002c9ba74e0b0 DEOPT UNPACKING pc=0x000002c9aa0566a3 sp=0x000000cf56ef84a8 mode 2
Event: 0.999 Thread 0x000002c9ba74e0b0 Uncommon trap: trap_request=0xffffff45 fr.pc=0x000002c9aa5db4b8 relative=0x0000000000000f18
Event: 0.999 Thread 0x000002c9ba74e0b0 Uncommon trap: reason=unstable_if action=reinterpret pc=0x000002c9aa5db4b8 method=lombok.patcher.PatchScript.classMatches(Ljava/lang/String;Ljava/util/Collection;)Z @ 25 c2
Event: 0.999 Thread 0x000002c9ba74e0b0 DEOPT PACKING pc=0x000002c9aa5db4b8 sp=0x000000cf56ef6b70
Event: 0.999 Thread 0x000002c9ba74e0b0 DEOPT UNPACKING pc=0x000002c9aa0566a3 sp=0x000000cf56ef6b30 mode 2
Event: 1.035 Thread 0x000002c9ba74e0b0 Uncommon trap: trap_request=0xffffff45 fr.pc=0x000002c9aa6615f0 relative=0x0000000000001050
Event: 1.035 Thread 0x000002c9ba74e0b0 Uncommon trap: reason=unstable_if action=reinterpret pc=0x000002c9aa6615f0 method=java.util.Properties.loadConvert([CIILjava/lang/StringBuilder;)Ljava/lang/String; @ 491 c2
Event: 1.035 Thread 0x000002c9ba74e0b0 DEOPT PACKING pc=0x000002c9aa6615f0 sp=0x000000cf56ef77e0
Event: 1.035 Thread 0x000002c9ba74e0b0 DEOPT UNPACKING pc=0x000002c9aa0566a3 sp=0x000000cf56ef77c0 mode 2
Event: 1.091 Thread 0x000002c9ba74e0b0 Uncommon trap: trap_request=0xffffff45 fr.pc=0x000002c9aa62e7c0 relative=0x0000000000000040
Event: 1.091 Thread 0x000002c9ba74e0b0 Uncommon trap: reason=unstable_if action=reinterpret pc=0x000002c9aa62e7c0 method=sun.nio.fs.WindowsPathParser.isSlash(C)Z @ 9 c2
Event: 1.091 Thread 0x000002c9ba74e0b0 DEOPT PACKING pc=0x000002c9aa62e7c0 sp=0x000000cf56ef8e50
Event: 1.091 Thread 0x000002c9ba74e0b0 DEOPT UNPACKING pc=0x000002c9aa0566a3 sp=0x000000cf56ef8dd8 mode 2

Classes unloaded (7 events):
Event: 1.141 Thread 0x000002c9b4404f70 Unloading class 0x000000010021b400 'java/lang/invoke/LambdaForm$MH+0x000000010021b400'
Event: 1.141 Thread 0x000002c9b4404f70 Unloading class 0x000000010021b000 'java/lang/invoke/LambdaForm$MH+0x000000010021b000'
Event: 1.141 Thread 0x000002c9b4404f70 Unloading class 0x000000010021ac00 'java/lang/invoke/LambdaForm$MH+0x000000010021ac00'
Event: 1.141 Thread 0x000002c9b4404f70 Unloading class 0x000000010021a800 'java/lang/invoke/LambdaForm$MH+0x000000010021a800'
Event: 1.141 Thread 0x000002c9b4404f70 Unloading class 0x000000010021a400 'java/lang/invoke/LambdaForm$BMH+0x000000010021a400'
Event: 1.141 Thread 0x000002c9b4404f70 Unloading class 0x000000010021a000 'java/lang/invoke/LambdaForm$DMH+0x000000010021a000'
Event: 1.141 Thread 0x000002c9b4404f70 Unloading class 0x0000000100214400 'java/lang/invoke/LambdaForm$DMH+0x0000000100214400'

Classes redefined (0 events):
No events

Internal exceptions (20 events):
Event: 1.008 Thread 0x000002c9ba74e0b0 Exception <a 'java/lang/NoSuchMethodError'{0x00000000ebe5a708}: 'int java.lang.invoke.DirectMethodHandle$Holder.invokeSpecial(java.lang.Object, java.lang.Object, java.lang.Object)'> (0x00000000ebe5a708) 
thrown [s\src\hotspot\share\interpreter\linkResolver.cpp, line 759]
Event: 1.009 Thread 0x000002c9ba74e0b0 Exception <a 'java/lang/NoSuchMethodError'{0x00000000ebe6c060}: 'int java.lang.invoke.DirectMethodHandle$Holder.invokeStatic(java.lang.Object, java.lang.Object, int)'> (0x00000000ebe6c060) 
thrown [s\src\hotspot\share\interpreter\linkResolver.cpp, line 759]
Event: 1.009 Thread 0x000002c9ba74e0b0 Exception <a 'java/lang/NoSuchMethodError'{0x00000000ebe70088}: 'int java.lang.invoke.DirectMethodHandle$Holder.invokeSpecial(java.lang.Object, java.lang.Object, java.lang.Object, int)'> (0x00000000ebe70088) 
thrown [s\src\hotspot\share\interpreter\linkResolver.cpp, line 759]
Event: 1.010 Thread 0x000002c9ba74e0b0 Exception <a 'java/lang/NoSuchMethodError'{0x00000000ebe8c088}: 'java.lang.Object java.lang.invoke.DirectMethodHandle$Holder.invokeStatic(java.lang.Object, java.lang.Object, java.lang.Object, java.lang.Object, int)'> (0x00000000ebe8c088) 
thrown [s\src\hotspot\share\interpreter\linkResolver.cpp, line 759]
Event: 1.011 Thread 0x000002c9ba74e0b0 Exception <a 'java/lang/NoSuchMethodError'{0x00000000ebe98080}: 'java.lang.Object java.lang.invoke.DelegatingMethodHandle$Holder.reinvoke_L(java.lang.Object, java.lang.Object, java.lang.Object, java.lang.Object, int, int)'> (0x00000000ebe98080) 
thrown [s\src\hotspot\share\interpreter\linkResolver.cpp, line 759]
Event: 1.011 Thread 0x000002c9ba74e0b0 Exception <a 'java/lang/NoSuchMethodError'{0x00000000ebeac4a0}: 'java.lang.Object java.lang.invoke.Invokers$Holder.invokeExact_MT(java.lang.Object, java.lang.Object, java.lang.Object, java.lang.Object)'> (0x00000000ebeac4a0) 
thrown [s\src\hotspot\share\interpreter\linkResolver.cpp, line 759]
Event: 1.042 Thread 0x000002c9ba74e0b0 Exception <a 'java/io/FileNotFoundException'{0x00000000ec129a28}> (0x00000000ec129a28) 
thrown [s\src\hotspot\share\prims\jni.cpp, line 516]
Event: 1.068 Thread 0x000002c9ba74e0b0 Exception <a 'java/lang/NoSuchMethodError'{0x00000000ec3be730}: 'java.lang.Object java.lang.invoke.DirectMethodHandle$Holder.newInvokeSpecial(java.lang.Object, java.lang.Object, java.lang.Object, java.lang.Object, java.lang.Object)'> (0x00000000ec3be730) 
thrown [s\src\hotspot\share\interpreter\linkResolver.cpp, line 759]
Event: 1.117 Thread 0x000002c9ba74e0b0 Exception <a 'java/lang/NoSuchMethodError'{0x00000000eae90828}: 'java.lang.Object java.lang.invoke.DirectMethodHandle$Holder.invokeSpecial(java.lang.Object, java.lang.Object, java.lang.Object, long, java.lang.Object)'> (0x00000000eae90828) 
thrown [s\src\hotspot\share\interpreter\linkResolver.cpp, line 759]
Event: 1.117 Thread 0x000002c9ba74e0b0 Exception <a 'java/lang/NoSuchMethodError'{0x00000000eae989e0}: 'java.lang.Object java.lang.invoke.DirectMethodHandle$Holder.newInvokeSpecial(java.lang.Object, java.lang.Object, java.lang.Object, long)'> (0x00000000eae989e0) 
thrown [s\src\hotspot\share\interpreter\linkResolver.cpp, line 759]
Event: 1.117 Thread 0x000002c9ba74e0b0 Exception <a 'java/lang/NoSuchMethodError'{0x00000000eae9cf80}: 'java.lang.Object java.lang.invoke.DirectMethodHandle$Holder.invokeSpecial(java.lang.Object, java.lang.Object, java.lang.Object, java.lang.Object, long)'> (0x00000000eae9cf80) 
thrown [s\src\hotspot\share\interpreter\linkResolver.cpp, line 759]
Event: 1.117 Thread 0x000002c9ba74e0b0 Exception <a 'java/lang/NoSuchMethodError'{0x00000000eaea1038}: 'java.lang.Object java.lang.invoke.Invokers$Holder.linkToTargetMethod(java.lang.Object, java.lang.Object, long, java.lang.Object)'> (0x00000000eaea1038) 
thrown [s\src\hotspot\share\interpreter\linkResolver.cpp, line 759]
Event: 1.122 Thread 0x000002c9ba74e0b0 Exception <a 'java/lang/NoSuchMethodError'{0x00000000eaf1dd50}: 'int java.lang.invoke.DirectMethodHandle$Holder.invokeStaticInit(java.lang.Object, java.lang.Object, java.lang.Object)'> (0x00000000eaf1dd50) 
thrown [s\src\hotspot\share\interpreter\linkResolver.cpp, line 759]
Event: 1.125 Thread 0x000002c9ba74e0b0 Exception <a 'java/lang/IncompatibleClassChangeError'{0x00000000eaf86aa8}: Found class java.lang.Object, but interface was expected> (0x00000000eaf86aa8) 
thrown [s\src\hotspot\share\interpreter\linkResolver.cpp, line 826]
Event: 1.127 Thread 0x000002c9ba74e0b0 Exception <a 'java/lang/NoSuchMethodError'{0x00000000eaf98e50}: 'java.lang.Object java.lang.invoke.DirectMethodHandle$Holder.invokeSpecial(java.lang.Object, java.lang.Object, java.lang.Object, int, java.lang.Object, java.lang.Object)'> (0x00000000eaf98e50) 
thrown [s\src\hotspot\share\interpreter\linkResolver.cpp, line 759]
Event: 1.128 Thread 0x000002c9ba74e0b0 Exception <a 'java/lang/NoSuchMethodError'{0x00000000eafa1820}: 'java.lang.Object java.lang.invoke.DirectMethodHandle$Holder.newInvokeSpecial(java.lang.Object, java.lang.Object, java.lang.Object, int, java.lang.Object)'> (0x00000000eafa1820) 
thrown [s\src\hotspot\share\interpreter\linkResolver.cpp, line 759]
Event: 1.128 Thread 0x000002c9ba74e0b0 Exception <a 'java/lang/NoSuchMethodError'{0x00000000eafa5c78}: 'java.lang.Object java.lang.invoke.DirectMethodHandle$Holder.invokeSpecial(java.lang.Object, java.lang.Object, java.lang.Object, java.lang.Object, int, java.lang.Object)'> (0x00000000eafa5c78) 
thrown [s\src\hotspot\share\interpreter\linkResolver.cpp, line 759]
Event: 1.129 Thread 0x000002c9ba66b650 Exception <a 'java/lang/NoSuchMethodError'{0x00000000eaee9928}: 'java.lang.Object java.lang.invoke.DirectMethodHandle$Holder.invokeSpecial(java.lang.Object, java.lang.Object, int, java.lang.Object, java.lang.Object)'> (0x00000000eaee9928) 
thrown [s\src\hotspot\share\interpreter\linkResolver.cpp, line 759]
Event: 1.129 Thread 0x000002c9ba66b650 Exception <a 'java/lang/NoSuchMethodError'{0x00000000eaef3ee8}: 'java.lang.Object java.lang.invoke.DirectMethodHandle$Holder.newInvokeSpecial(java.lang.Object, java.lang.Object, int, java.lang.Object)'> (0x00000000eaef3ee8) 
thrown [s\src\hotspot\share\interpreter\linkResolver.cpp, line 759]
Event: 1.129 Thread 0x000002c9ba66b650 Exception <a 'java/lang/NoSuchMethodError'{0x00000000eaef79f8}: 'java.lang.Object java.lang.invoke.DirectMethodHandle$Holder.invokeSpecial(java.lang.Object, java.lang.Object, java.lang.Object, int, java.lang.Object)'> (0x00000000eaef79f8) 
thrown [s\src\hotspot\share\interpreter\linkResolver.cpp, line 759]

VM Operations (20 events):
Event: 0.659 Executing VM operation: HandshakeAllThreads
Event: 0.659 Executing VM operation: HandshakeAllThreads done
Event: 0.663 Executing VM operation: HandshakeAllThreads
Event: 0.663 Executing VM operation: HandshakeAllThreads done
Event: 0.669 Executing VM operation: HandshakeAllThreads
Event: 0.670 Executing VM operation: HandshakeAllThreads done
Event: 0.805 Executing VM operation: HandshakeAllThreads
Event: 0.805 Executing VM operation: HandshakeAllThreads done
Event: 0.828 Executing VM operation: ParallelGCFailedAllocation
Event: 0.831 Executing VM operation: ParallelGCFailedAllocation done
Event: 0.955 Executing VM operation: HandshakeAllThreads
Event: 0.955 Executing VM operation: HandshakeAllThreads done
Event: 1.007 Executing VM operation: HandshakeAllThreads
Event: 1.007 Executing VM operation: HandshakeAllThreads done
Event: 1.073 Executing VM operation: ParallelGCFailedAllocation
Event: 1.077 Executing VM operation: ParallelGCFailedAllocation done
Event: 1.136 Executing VM operation: HandshakeAllThreads
Event: 1.136 Executing VM operation: HandshakeAllThreads done
Event: 1.136 Executing VM operation: CollectForMetadataAllocation
Event: 1.153 Executing VM operation: CollectForMetadataAllocation done

Events (20 events):
Event: 1.155 loading class java/util/concurrent/ThreadLocalRandom
Event: 1.155 loading class java/util/concurrent/ThreadLocalRandom done
Event: 1.155 loading class jdk/internal/util/random/RandomSupport
Event: 1.155 loading class jdk/internal/util/random/RandomSupport done
Event: 1.155 loading class java/util/concurrent/atomic/Striped64$1
Event: 1.155 loading class java/util/concurrent/atomic/Striped64$1 done
Event: 1.165 loading class java/net/SocketAddress
Event: 1.165 loading class java/net/SocketAddress done
Event: 1.165 loading class java/net/InetSocketAddress
Event: 1.165 loading class java/net/InetSocketAddress done
Event: 1.165 loading class java/nio/channels/AsynchronousByteChannel
Event: 1.165 loading class java/nio/channels/AsynchronousChannel
Event: 1.165 loading class java/nio/channels/AsynchronousChannel done
Event: 1.165 loading class java/nio/channels/AsynchronousByteChannel done
Event: 1.165 loading class java/net/Authenticator
Event: 1.165 loading class java/net/Authenticator done
Event: 1.177 loading class java/util/zip/GZIPOutputStream
Event: 1.177 loading class java/util/zip/GZIPOutputStream done
Event: 1.177 loading class java/util/zip/GZIPInputStream
Event: 1.177 loading class java/util/zip/GZIPInputStream done


Dynamic libraries:
0x00007ff70adb0000 - 0x00007ff70adbe000 	c:\Users\student\.vscode\extensions\redhat.java-1.26.0-win32-x64\jre\17.0.9-win32-x86_64\bin\java.exe
0x00007ff83fc70000 - 0x00007ff83fe68000 	C:\Windows\SYSTEM32\ntdll.dll
0x00007ff83e9a0000 - 0x00007ff83ea5f000 	C:\Windows\System32\KERNEL32.DLL
0x00007ff83d5e0000 - 0x00007ff83d8d6000 	C:\Windows\System32\KERNELBASE.dll
0x00007ff83d4e0000 - 0x00007ff83d5e0000 	C:\Windows\System32\ucrtbase.dll
0x00007ff826900000 - 0x00007ff826917000 	c:\Users\student\.vscode\extensions\redhat.java-1.26.0-win32-x64\jre\17.0.9-win32-x86_64\bin\jli.dll
0x00007ff823d90000 - 0x00007ff823dab000 	c:\Users\student\.vscode\extensions\redhat.java-1.26.0-win32-x64\jre\17.0.9-win32-x86_64\bin\VCRUNTIME140.dll
0x00007ff83ecd0000 - 0x00007ff83ee6d000 	C:\Windows\System32\USER32.dll
0x00007ff83d350000 - 0x00007ff83d372000 	C:\Windows\System32\win32u.dll
0x00007ff823f10000 - 0x00007ff8241aa000 	C:\Windows\WinSxS\amd64_microsoft.windows.common-controls_6595b64144ccf1df_6.0.19041.1110_none_60b5254171f9507e\COMCTL32.dll
0x00007ff83e970000 - 0x00007ff83e99c000 	C:\Windows\System32\GDI32.dll
0x00007ff83dea0000 - 0x00007ff83df3e000 	C:\Windows\System32\msvcrt.dll
0x00007ff83d950000 - 0x00007ff83da65000 	C:\Windows\System32\gdi32full.dll
0x00007ff83dc00000 - 0x00007ff83dc9d000 	C:\Windows\System32\msvcp_win.dll
0x00007ff83e8e0000 - 0x00007ff83e910000 	C:\Windows\System32\IMM32.DLL
0x00007ff8338f0000 - 0x00007ff8338fc000 	c:\Users\student\.vscode\extensions\redhat.java-1.26.0-win32-x64\jre\17.0.9-win32-x86_64\bin\vcruntime140_1.dll
0x00007ff81be30000 - 0x00007ff81bebd000 	c:\Users\student\.vscode\extensions\redhat.java-1.26.0-win32-x64\jre\17.0.9-win32-x86_64\bin\msvcp140.dll
0x00007ff80a9b0000 - 0x00007ff80b611000 	c:\Users\student\.vscode\extensions\redhat.java-1.26.0-win32-x64\jre\17.0.9-win32-x86_64\bin\server\jvm.dll
0x00007ff83e5c0000 - 0x00007ff83e66f000 	C:\Windows\System32\ADVAPI32.dll
0x00007ff83dcd0000 - 0x00007ff83dd6c000 	C:\Windows\System32\sechost.dll
0x00007ff83fa50000 - 0x00007ff83fb76000 	C:\Windows\System32\RPCRT4.dll
0x00007ff83d1b0000 - 0x00007ff83d1fb000 	C:\Windows\SYSTEM32\POWRPROF.dll
0x00007ff8229d0000 - 0x00007ff8229d9000 	C:\Windows\SYSTEM32\WSOCK32.dll
0x00007ff83e7c0000 - 0x00007ff83e82b000 	C:\Windows\System32\WS2_32.dll
0x00007ff837cf0000 - 0x00007ff837cfa000 	C:\Windows\SYSTEM32\VERSION.dll
0x00007ff8337d0000 - 0x00007ff8337f7000 	C:\Windows\SYSTEM32\WINMM.dll
0x00007ff83d190000 - 0x00007ff83d1a2000 	C:\Windows\SYSTEM32\UMPDC.dll
0x00007ff83b220000 - 0x00007ff83b232000 	C:\Windows\SYSTEM32\kernel.appcore.dll
0x00007ff830d70000 - 0x00007ff830d7a000 	c:\Users\student\.vscode\extensions\redhat.java-1.26.0-win32-x64\jre\17.0.9-win32-x86_64\bin\jimage.dll
0x00007ff8234f0000 - 0x00007ff8236d4000 	C:\Windows\SYSTEM32\DBGHELP.DLL
0x00007ff8234b0000 - 0x00007ff8234e4000 	C:\Windows\SYSTEM32\dbgcore.DLL
0x00007ff83db20000 - 0x00007ff83dba2000 	C:\Windows\System32\bcryptPrimitives.dll
0x00007ff827440000 - 0x00007ff82744e000 	c:\Users\student\.vscode\extensions\redhat.java-1.26.0-win32-x64\jre\17.0.9-win32-x86_64\bin\instrument.dll
0x00007ff820990000 - 0x00007ff8209b5000 	c:\Users\student\.vscode\extensions\redhat.java-1.26.0-win32-x64\jre\17.0.9-win32-x86_64\bin\java.dll
0x00007ff822cc0000 - 0x00007ff822cd8000 	c:\Users\student\.vscode\extensions\redhat.java-1.26.0-win32-x64\jre\17.0.9-win32-x86_64\bin\zip.dll
0x00007ff83f300000 - 0x00007ff83fa44000 	C:\Windows\System32\SHELL32.dll
0x00007ff83b420000 - 0x00007ff83bbb4000 	C:\Windows\SYSTEM32\windows.storage.dll
0x00007ff83eed0000 - 0x00007ff83f224000 	C:\Windows\System32\combase.dll
0x00007ff83ccc0000 - 0x00007ff83ccee000 	C:\Windows\SYSTEM32\Wldp.dll
0x00007ff83e830000 - 0x00007ff83e8dd000 	C:\Windows\System32\SHCORE.dll
0x00007ff83e670000 - 0x00007ff83e6c5000 	C:\Windows\System32\shlwapi.dll
0x00007ff83d280000 - 0x00007ff83d2a5000 	C:\Windows\SYSTEM32\profapi.dll
0x00007ff822c70000 - 0x00007ff822c89000 	C:\Users\student\.vscode\extensions\redhat.java-1.26.0-win32-x64\jre\17.0.9-win32-x86_64\bin\net.dll
0x00007ff837330000 - 0x00007ff83743a000 	C:\Windows\SYSTEM32\WINHTTP.dll
0x00007ff83ca20000 - 0x00007ff83ca8a000 	C:\Windows\system32\mswsock.dll
0x00007ff821300000 - 0x00007ff821316000 	C:\Users\student\.vscode\extensions\redhat.java-1.26.0-win32-x64\jre\17.0.9-win32-x86_64\bin\nio.dll
0x00007ff827280000 - 0x00007ff827290000 	c:\Users\student\.vscode\extensions\redhat.java-1.26.0-win32-x64\jre\17.0.9-win32-x86_64\bin\verify.dll
0x00007ff8206d0000 - 0x00007ff82070e000 	C:\Users\student\AppData\Roaming\Code\User\globalStorage\redhat.java\1.26.0\config_ss_win\org.eclipse.equinox.launcher\org.eclipse.equinox.launcher.win32.win32.x86_64_1.2.800.v20231003-1442\eclipse_11802.dll
0x00007ff83dd70000 - 0x00007ff83de9a000 	C:\Windows\System32\ole32.dll

dbghelp: loaded successfully - version: 4.0.5 - missing functions: none
symbol engine: initialized successfully - sym options: 0x614 - pdb path: .;c:\Users\student\.vscode\extensions\redhat.java-1.26.0-win32-x64\jre\17.0.9-win32-x86_64\bin;C:\Windows\SYSTEM32;C:\Windows\WinSxS\amd64_microsoft.windows.common-controls_6595b64144ccf1df_6.0.19041.1110_none_60b5254171f9507e;c:\Users\student\.vscode\extensions\redhat.java-1.26.0-win32-x64\jre\17.0.9-win32-x86_64\bin\server;C:\Users\student\AppData\Roaming\Code\User\globalStorage\redhat.java\1.26.0\config_ss_win\org.eclipse.equinox.launcher\org.eclipse.equinox.launcher.win32.win32.x86_64_1.2.800.v20231003-1442

VM Arguments:
jvm_args: --add-modules=ALL-SYSTEM --add-opens=java.base/java.util=ALL-UNNAMED --add-opens=java.base/java.lang=ALL-UNNAMED --add-opens=java.base/sun.nio.fs=ALL-UNNAMED -Declipse.application=org.eclipse.jdt.ls.core.id1 -Dosgi.bundles.defaultStartLevel=4 -Declipse.product=org.eclipse.jdt.ls.core.product -Djava.import.generatesMetadataFilesAtProjectRoot=false -DDetectVMInstallationsJob.disabled=true -Dfile.encoding=utf8 -XX:+UseParallelGC -XX:GCTimeRatio=4 -XX:AdaptiveSizePolicyWeight=90 -Dsun.zip.disableMemoryMapping=true -Xmx1G -Xms100m -Xlog:disable -javaagent:c:\Users\student\.vscode\extensions\redhat.java-1.26.0-win32-x64\lombok\lombok-1.18.31-3454.jar 
java_command: c:\Users\student\.vscode\extensions\redhat.java-1.26.0-win32-x64\server\plugins\org.eclipse.equinox.launcher_1.6.700.v20231214-2017.jar -configuration c:\Users\student\AppData\Roaming\Code\User\globalStorage\redhat.java\1.26.0\config_ss_win -data c:\Users\student\AppData\Roaming\Code\User\workspaceStorage\56192d6a22a83b7aa0a710db2c3de7dd\redhat.java\ss_ws --stdio
java_class_path (initial): c:\Users\student\.vscode\extensions\redhat.java-1.26.0-win32-x64\server\plugins\org.eclipse.equinox.launcher_1.6.700.v20231214-2017.jar
Launcher Type: SUN_STANDARD

[Global flags]
    uintx AdaptiveSizePolicyWeight                 = 90                                        {product} {command line}
     intx CICompilerCount                          = 3                                         {product} {ergonomic}
    uintx GCTimeRatio                              = 4                                         {product} {command line}
   size_t InitialHeapSize                          = 104857600                                 {product} {command line}
   size_t MaxHeapSize                              = 1073741824                                {product} {command line}
   size_t MaxNewSize                               = 357564416                                 {product} {ergonomic}
   size_t MinHeapDeltaBytes                        = 524288                                    {product} {ergonomic}
   size_t MinHeapSize                              = 104857600                                 {product} {command line}
   size_t NewSize                                  = 34603008                                  {product} {ergonomic}
    uintx NonNMethodCodeHeapSize                   = 5832780                                {pd product} {ergonomic}
    uintx NonProfiledCodeHeapSize                  = 122912730                              {pd product} {ergonomic}
   size_t OldSize                                  = 70254592                                  {product} {ergonomic}
    uintx ProfiledCodeHeapSize                     = 122912730                              {pd product} {ergonomic}
    uintx ReservedCodeCacheSize                    = 251658240                              {pd product} {ergonomic}
     bool SegmentedCodeCache                       = true                                      {product} {ergonomic}
   size_t SoftMaxHeapSize                          = 1073741824                             {manageable} {ergonomic}
     bool UseCompressedClassPointers               = true                           {product lp64_product} {ergonomic}
     bool UseCompressedOops                        = true                           {product lp64_product} {ergonomic}
     bool UseLargePagesIndividualAllocation        = false                                  {pd product} {ergonomic}
     bool UseParallelGC                            = true                                      {product} {command line}

Logging:
Log output configuration:
 #0: stdout all=off uptime,level,tags
 #1: stderr all=off uptime,level,tags

Environment Variables:
PATH=C:\Program Files\Common Files\Oracle\Java\javapath;C:\Program Files (x86)\Common Files\Oracle\Java\javapath;C:\Windows\system32;C:\Windows;C:\Windows\System32\Wbem;C:\Windows\System32\WindowsPowerShell\v1.0\;C:\Windows\System32\OpenSSH\;C:\Program Files\Java\jdk1.8.0_291\bin;C:\Program Files\Git\cmd;C:\Users\student\AppData\Local\Microsoft\WindowsApps;;C:\Users\student\AppData\Local\Programs\Microsoft VS Code\bin
USERNAME=student
OS=Windows_NT
PROCESSOR_IDENTIFIER=Intel64 Family 6 Model 158 Stepping 10, GenuineIntel
TMP=C:\Users\student\AppData\Local\Temp
TEMP=C:\Users\student\AppData\Local\Temp



Periodic native trim disabled


---------------  S Y S T E M  ---------------

OS:
 Windows 10 , 64 bit Build 19041 (10.0.19041.3155)
OS uptime: 0 days 2:11 hours

CPU: total 6 (initial active 6) (6 cores per cpu, 1 threads per core) family 6 model 158 stepping 10 microcode 0xf0, cx8, cmov, fxsr, mmx, 3dnowpref, sse, sse2, sse3, ssse3, sse4.1, sse4.2, popcnt, lzcnt, tsc, tscinvbit, avx, avx2, aes, erms, clmul, bmi1, bmi2, rtm, adx, fma, vzeroupper, clflush, clflushopt
Processor Information for all 6 processors :
  Max Mhz: 3000, Current Mhz: 3000, Mhz Limit: 3000

Memory: 4k page, system-wide physical 8038M (580M free)
TotalPageFile size 32614M (AvailPageFile size 5M)
current process WorkingSet (physical memory assigned to process): 109M, peak: 109M
current process commit charge ("private bytes"): 212M, peak: 212M

vm_info: OpenJDK 64-Bit Server VM (17.0.9+9) for windows-amd64 JRE (17.0.9+9), built on Oct 26 2023 14:01:42 by "admin" with MS VC++ 16.10 / 16.11 (VS2019)

END.
