#
# There is insufficient memory for the Java Runtime Environment to continue.
# Native memory allocation (malloc) failed to allocate 32784 bytes for Chunk::new
# Possible reasons:
#   The system is out of physical RAM or swap space
#   The process is running with CompressedOops enabled, and the Java Heap may be blocking the growth of the native heap
# Possible solutions:
#   Reduce memory load on the system
#   Increase physical memory or swap space
#   Check if swap backing store is full
#   Decrease Java heap size (-Xmx/-Xms)
#   Decrease number of Java threads
#   Decrease Java thread stack sizes (-Xss)
#   Set larger code cache with -XX:ReservedCodeCacheSize=
#   JVM is running with Unscaled Compressed Oops mode in which the Java heap is
#     placed in the first 4GB address space. The Java Heap base address is the
#     maximum limit for the native heap growth. Please use -XX:HeapBaseMinAddress
#     to set the Java Heap base and to place the Java Heap above 4GB virtual address.
# This output file may be truncated or incomplete.
#
#  Out of Memory Error (arena.cpp:191), pid=11552, tid=21996
#
# JRE version: OpenJDK Runtime Environment Temurin-17.0.9+9 (17.0.9+9) (build 17.0.9+9)
# Java VM: OpenJDK 64-Bit Server VM Temurin-17.0.9+9 (17.0.9+9, mixed mode, tiered, compressed oops, compressed class ptrs, parallel gc, windows-amd64)
# No core dump will be written. Minidumps are not enabled by default on client versions of Windows
#

---------------  S U M M A R Y ------------

Command Line: --add-modules=ALL-SYSTEM --add-opens=java.base/java.util=ALL-UNNAMED --add-opens=java.base/java.lang=ALL-UNNAMED --add-opens=java.base/sun.nio.fs=ALL-UNNAMED -Declipse.application=org.eclipse.jdt.ls.core.id1 -Dosgi.bundles.defaultStartLevel=4 -Declipse.product=org.eclipse.jdt.ls.core.product -Djava.import.generatesMetadataFilesAtProjectRoot=false -DDetectVMInstallationsJob.disabled=true -Dfile.encoding=utf8 -XX:+UseParallelGC -XX:GCTimeRatio=4 -XX:AdaptiveSizePolicyWeight=90 -Dsun.zip.disableMemoryMapping=true -Xmx1G -Xms100m -Xlog:disable -javaagent:c:\Users\student\.vscode\extensions\redhat.java-1.26.0-win32-x64\lombok\lombok-1.18.31-3454.jar c:\Users\student\.vscode\extensions\redhat.java-1.26.0-win32-x64\server\plugins\org.eclipse.equinox.launcher_1.6.700.v20231214-2017.jar -configuration c:\Users\student\AppData\Roaming\Code\User\globalStorage\redhat.java\1.26.0\config_ss_win -data c:\Users\student\AppData\Roaming\Code\User\workspaceStorage\56192d6a22a83b7aa0a710db2c3de7dd\redhat.java\ss_ws --stdio

Host: Intel(R) Core(TM) i5-8500 CPU @ 3.00GHz, 6 cores, 7G,  Windows 10 , 64 bit Build 19041 (10.0.19041.3155)
Time: Tue Jan 16 10:04:34 2024 Mountain Standard Time elapsed time: 0.501739 seconds (0d 0h 0m 0s)

---------------  T H R E A D  ---------------

Current thread (0x000001853bd1e550):  JavaThread "C2 CompilerThread1" daemon [_thread_in_native, id=21996, stack(0x00000040f4200000,0x00000040f4300000)]


Current CompileTask:
C2:    501  600       4       lombok.patcher.MethodTarget::typeMatches (14 bytes)

Stack: [0x00000040f4200000,0x00000040f4300000]
Native frames: (J=compiled Java code, j=interpreted, Vv=VM code, C=native code)
V  [jvm.dll+0x67cf49]
V  [jvm.dll+0x83478a]
V  [jvm.dll+0x83624e]
V  [jvm.dll+0x8368b3]
V  [jvm.dll+0x247f1f]
V  [jvm.dll+0xac43c]
V  [jvm.dll+0xaca8c]
V  [jvm.dll+0xac54b]
V  [jvm.dll+0x6a2308]
V  [jvm.dll+0x1a9e63]
V  [jvm.dll+0x6a2c40]
V  [jvm.dll+0x753192]
V  [jvm.dll+0x577d83]
V  [jvm.dll+0x577ec0]
V  [jvm.dll+0x578e92]
V  [jvm.dll+0x57ca3b]
V  [jvm.dll+0x57e55f]
V  [jvm.dll+0x57e09d]
V  [jvm.dll+0x57e109]
V  [jvm.dll+0x585cb4]
V  [jvm.dll+0x222f62]
V  [jvm.dll+0x21c202]
V  [jvm.dll+0x2198c1]
V  [jvm.dll+0x1a57cd]
V  [jvm.dll+0x2297ae]
V  [jvm.dll+0x22797c]
V  [jvm.dll+0x7e9877]
V  [jvm.dll+0x7e3c3a]
V  [jvm.dll+0x67be35]
C  [ucrtbase.dll+0x21bb2]
C  [KERNEL32.DLL+0x17614]
C  [ntdll.dll+0x526b1]


---------------  P R O C E S S  ---------------

Threads class SMR info:
_java_thread_list=0x000001853bd31140, length=13, elements={
0x0000018520475280, 0x000001853b9b3aa0, 0x000001853b9b6760, 0x0000018536267880,
0x0000018536268700, 0x0000018536269580, 0x000001853626cf60, 0x000001853626dc50,
0x000001853b9dfb70, 0x000001853ba383b0, 0x00000185360f1390, 0x000001853bd30580,
0x000001853bd1e550
}

Java Threads: ( => current thread )
  0x0000018520475280 JavaThread "main" [_thread_in_Java, id=16420, stack(0x00000040f3300000,0x00000040f3400000)]
  0x000001853b9b3aa0 JavaThread "Reference Handler" daemon [_thread_blocked, id=17964, stack(0x00000040f3600000,0x00000040f3700000)]
  0x000001853b9b6760 JavaThread "Finalizer" daemon [_thread_blocked, id=10136, stack(0x00000040f3700000,0x00000040f3800000)]
  0x0000018536267880 JavaThread "Signal Dispatcher" daemon [_thread_blocked, id=17692, stack(0x00000040f3800000,0x00000040f3900000)]
  0x0000018536268700 JavaThread "Attach Listener" daemon [_thread_blocked, id=19764, stack(0x00000040f3900000,0x00000040f3a00000)]
  0x0000018536269580 JavaThread "Service Thread" daemon [_thread_blocked, id=11568, stack(0x00000040f3a00000,0x00000040f3b00000)]
  0x000001853626cf60 JavaThread "Monitor Deflation Thread" daemon [_thread_blocked, id=12836, stack(0x00000040f3b00000,0x00000040f3c00000)]
  0x000001853626dc50 JavaThread "C2 CompilerThread0" daemon [_thread_in_native, id=5944, stack(0x00000040f3c00000,0x00000040f3d00000)]
  0x000001853b9dfb70 JavaThread "C1 CompilerThread0" daemon [_thread_in_vm, id=7260, stack(0x00000040f3d00000,0x00000040f3e00000)]
  0x000001853ba383b0 JavaThread "Sweeper thread" daemon [_thread_blocked, id=19688, stack(0x00000040f3e00000,0x00000040f3f00000)]
  0x00000185360f1390 JavaThread "Common-Cleaner" daemon [_thread_blocked, id=9748, stack(0x00000040f3f00000,0x00000040f4000000)]
  0x000001853bd30580 JavaThread "Notification Thread" daemon [_thread_blocked, id=14040, stack(0x00000040f4000000,0x00000040f4100000)]
=>0x000001853bd1e550 JavaThread "C2 CompilerThread1" daemon [_thread_in_native, id=21996, stack(0x00000040f4200000,0x00000040f4300000)]

Other Threads:
  0x00000185362469d0 VMThread "VM Thread" [stack: 0x00000040f3500000,0x00000040f3600000] [id=17200]
  0x000001853bd187e0 WatcherThread [stack: 0x00000040f4100000,0x00000040f4200000] [id=6276]
  0x000001852048d3c0 GCTaskThread "GC Thread#0" [stack: 0x00000040f3400000,0x00000040f3500000] [id=23176]

Threads with active compile tasks:
C2 CompilerThread0      523  717       4       sun.security.provider.SHA2::implCompress0 (490 bytes)
C1 CompilerThread0      524  723       3       java.util.Hashtable$Entry::<init> (26 bytes)
C2 CompilerThread1      524  600       4       lombok.patcher.MethodTarget::typeMatches (14 bytes)

VM state: not at safepoint (normal execution)

VM Mutex/Monitor currently owned by a thread: None

Heap address: 0x00000000c0000000, size: 1024 MB, Compressed Oops mode: 32-bit

CDS archive(s) not mapped
Compressed class space mapped at: 0x0000000100000000-0x0000000140000000, reserved size: 1073741824
Narrow klass base: 0x0000000000000000, Narrow klass shift: 3, Narrow klass range: 0x140000000

GC Precious Log:
 CPUs: 6 total, 6 available
 Memory: 8038M
 Large Page Support: Disabled
 NUMA Support: Disabled
 Compressed Oops: Enabled (32-bit)
 Alignments: Space 512K, Generation 512K, Heap 2M
 Heap Min Capacity: 100M
 Heap Initial Capacity: 100M
 Heap Max Capacity: 1G
 Pre-touch: Disabled
 Parallel Workers: 6

Heap:
 PSYoungGen      total 29696K, used 16879K [0x00000000eab00000, 0x00000000ecc00000, 0x0000000100000000)
  eden space 25600K, 65% used [0x00000000eab00000,0x00000000ebb7bd38,0x00000000ec400000)
  from space 4096K, 0% used [0x00000000ec800000,0x00000000ec800000,0x00000000ecc00000)
  to   space 4096K, 0% used [0x00000000ec400000,0x00000000ec400000,0x00000000ec800000)
 ParOldGen       total 68608K, used 0K [0x00000000c0000000, 0x00000000c4300000, 0x00000000eab00000)
  object space 68608K, 0% used [0x00000000c0000000,0x00000000c0000000,0x00000000c4300000)
 Metaspace       used 9245K, committed 9408K, reserved 1114112K
  class space    used 912K, committed 960K, reserved 1048576K

Card table byte_map: [0x0000018533b00000,0x0000018533d10000] _byte_map_base: 0x0000018533500000

Marking Bits: (ParMarkBitMap*) 0x00007fffffb0d0b0
 Begin Bits: [0x0000018533e70000, 0x0000018534e70000)
 End Bits:   [0x0000018534e70000, 0x0000018535e70000)

Polling page: 0x0000018520540000

Metaspace:

Usage:
  Non-class:      8.14 MB used.
      Class:    912.48 KB used.
       Both:      9.03 MB used.

Virtual space:
  Non-class space:       64.00 MB reserved,       8.25 MB ( 13%) committed,  1 nodes.
      Class space:        1.00 GB reserved,     960.00 KB ( <1%) committed,  1 nodes.
             Both:        1.06 GB reserved,       9.19 MB ( <1%) committed. 

Chunk freelists:
   Non-Class:  6.92 MB
       Class:  15.08 MB
        Both:  22.00 MB

MaxMetaspaceSize: unlimited
CompressedClassSpaceSize: 1.00 GB
Initial GC threshold: 21.00 MB
Current GC threshold: 21.00 MB
CDS: off
MetaspaceReclaimPolicy: balanced
 - commit_granule_bytes: 65536.
 - commit_granule_words: 8192.
 - virtual_space_node_default_size: 8388608.
 - enlarge_chunks_in_place: 1.
 - new_chunks_are_fully_committed: 0.
 - uncommit_free_chunks: 1.
 - use_allocation_guard: 0.
 - handle_deallocations: 1.


Internal statistics:

num_allocs_failed_limit: 0.
num_arena_births: 10.
num_arena_deaths: 0.
num_vsnodes_births: 2.
num_vsnodes_deaths: 0.
num_space_committed: 147.
num_space_uncommitted: 0.
num_chunks_returned_to_freelist: 0.
num_chunks_taken_from_freelist: 46.
num_chunk_merges: 0.
num_chunk_splits: 27.
num_chunks_enlarged: 25.
num_inconsistent_stats: 0.

CodeHeap 'non-profiled nmethods': size=120000Kb used=275Kb max_used=275Kb free=119724Kb
 bounds [0x000001852c3f0000, 0x000001852c660000, 0x0000018533920000]
CodeHeap 'profiled nmethods': size=120000Kb used=1156Kb max_used=1156Kb free=118843Kb
 bounds [0x0000018524920000, 0x0000018524b90000, 0x000001852be50000]
CodeHeap 'non-nmethods': size=5760Kb used=1136Kb max_used=1158Kb free=4623Kb
 bounds [0x000001852be50000, 0x000001852c0c0000, 0x000001852c3f0000]
 total_blobs=1142 nmethods=719 adapters=338
 compilation: enabled
              stopped_count=0, restarted_count=0
 full_count=0

Compilation events (20 events):
Event: 0.486 Thread 0x000001853626dc50  627       4       java.util.zip.ZipCoder$UTF8ZipCoder::checkedHash (91 bytes)
Event: 0.488 Thread 0x000001853626dc50 nmethod 627 0x000001852c42bf90 code [0x000001852c42c120, 0x000001852c42c378]
Event: 0.488 Thread 0x000001853626dc50  594       4       jdk.internal.misc.Unsafe::getIntUnaligned (12 bytes)
Event: 0.489 Thread 0x000001853626dc50 nmethod 594 0x000001852c42c510 code [0x000001852c42c680, 0x000001852c42c718]
Event: 0.489 Thread 0x000001853626dc50  593       4       java.lang.invoke.VarHandleGuards::guard_LI_I (78 bytes)
Event: 0.489 Thread 0x000001853bd1e550 nmethod 596% 0x000001852c42c810 code [0x000001852c42c9a0, 0x000001852c42d318]
Event: 0.489 Thread 0x000001853bd1e550  595       4       java.lang.invoke.VarHandleByteArrayAsInts$ArrayHandle::get (36 bytes)
Event: 0.489 Thread 0x000001853b9dfb70  632       3       java.util.zip.ZipFile::getZipEntry (322 bytes)
Event: 0.490 Thread 0x000001853bd1e550 nmethod 595 0x000001852c42d590 code [0x000001852c42d720, 0x000001852c42d858]
Event: 0.490 Thread 0x000001853bd1e550  600       4       lombok.patcher.MethodTarget::typeMatches (14 bytes)
Event: 0.491 Thread 0x000001853b9dfb70 nmethod 632 0x0000018524a12a10 code [0x0000018524a12e60, 0x0000018524a15418]
Event: 0.491 Thread 0x000001853b9dfb70  636       3       java.util.StringTokenizer::setMaxDelimCodePoint (156 bytes)
Event: 0.491 Thread 0x000001853b9dfb70 nmethod 636 0x0000018524a16310 code [0x0000018524a16580, 0x0000018524a17278]
Event: 0.492 Thread 0x000001853b9dfb70  633       3       jdk.internal.ref.CleanerImpl::getCleanerImpl (13 bytes)
Event: 0.492 Thread 0x000001853b9dfb70 nmethod 633 0x0000018524a17790 code [0x0000018524a17940, 0x0000018524a17be8]
Event: 0.492 Thread 0x000001853b9dfb70  634       3       java.lang.ref.Cleaner$1::apply (9 bytes)
Event: 0.492 Thread 0x000001853b9dfb70 nmethod 634 0x0000018524a17d10 code [0x0000018524a17ec0, 0x0000018524a18138]
Event: 0.492 Thread 0x000001853b9dfb70  635       3       java.util.StringTokenizer::<init> (52 bytes)
Event: 0.492 Thread 0x000001853b9dfb70 nmethod 635 0x0000018524a18210 code [0x0000018524a183c0, 0x0000018524a186a8]
Event: 0.493 Thread 0x000001853626dc50 nmethod 593 0x000001852c42de10 code [0x000001852c42dfe0, 0x000001852c42e4e8]

GC Heap History (0 events):
No events

Dll operation events (8 events):
Event: 0.006 Loaded shared library c:\Users\student\.vscode\extensions\redhat.java-1.26.0-win32-x64\jre\17.0.9-win32-x86_64\bin\java.dll
Event: 0.135 Loaded shared library c:\Users\student\.vscode\extensions\redhat.java-1.26.0-win32-x64\jre\17.0.9-win32-x86_64\bin\zip.dll
Event: 0.138 Loaded shared library C:\Users\student\.vscode\extensions\redhat.java-1.26.0-win32-x64\jre\17.0.9-win32-x86_64\bin\instrument.dll
Event: 0.148 Loaded shared library C:\Users\student\.vscode\extensions\redhat.java-1.26.0-win32-x64\jre\17.0.9-win32-x86_64\bin\net.dll
Event: 0.150 Loaded shared library C:\Users\student\.vscode\extensions\redhat.java-1.26.0-win32-x64\jre\17.0.9-win32-x86_64\bin\nio.dll
Event: 0.155 Loaded shared library C:\Users\student\.vscode\extensions\redhat.java-1.26.0-win32-x64\jre\17.0.9-win32-x86_64\bin\zip.dll
Event: 0.168 Loaded shared library C:\Users\student\.vscode\extensions\redhat.java-1.26.0-win32-x64\jre\17.0.9-win32-x86_64\bin\jimage.dll
Event: 0.238 Loaded shared library c:\Users\student\.vscode\extensions\redhat.java-1.26.0-win32-x64\jre\17.0.9-win32-x86_64\bin\verify.dll

Deoptimization events (20 events):
Event: 0.360 Thread 0x0000018520475280 Uncommon trap: trap_request=0xffffff45 fr.pc=0x000001852c405944 relative=0x00000000000000c4
Event: 0.360 Thread 0x0000018520475280 Uncommon trap: reason=unstable_if action=reinterpret pc=0x000001852c405944 method=java.net.URI.match(CJJ)Z @ 45 c2
Event: 0.360 Thread 0x0000018520475280 DEOPT PACKING pc=0x000001852c405944 sp=0x00000040f33fc730
Event: 0.360 Thread 0x0000018520475280 DEOPT UNPACKING pc=0x000001852bea66a3 sp=0x00000040f33fc6b8 mode 2
Event: 0.370 Thread 0x0000018520475280 Uncommon trap: trap_request=0xffffff45 fr.pc=0x000001852c4191d4 relative=0x0000000000000674
Event: 0.370 Thread 0x0000018520475280 Uncommon trap: reason=unstable_if action=reinterpret pc=0x000001852c4191d4 method=java.lang.String.replace(Ljava/lang/CharSequence;Ljava/lang/CharSequence;)Ljava/lang/String; @ 48 c2
Event: 0.370 Thread 0x0000018520475280 DEOPT PACKING pc=0x000001852c4191d4 sp=0x00000040f33fc6a0
Event: 0.370 Thread 0x0000018520475280 DEOPT UNPACKING pc=0x000001852bea66a3 sp=0x00000040f33fc620 mode 2
Event: 0.420 Thread 0x0000018520475280 Uncommon trap: trap_request=0xffffff45 fr.pc=0x000001852c405f04 relative=0x0000000000000304
Event: 0.420 Thread 0x0000018520475280 Uncommon trap: reason=unstable_if action=reinterpret pc=0x000001852c405f04 method=java.lang.StringUTF16.compress([CI[BII)I @ 20 c2
Event: 0.420 Thread 0x0000018520475280 DEOPT PACKING pc=0x000001852c405f04 sp=0x00000040f33fb810
Event: 0.420 Thread 0x0000018520475280 DEOPT UNPACKING pc=0x000001852bea66a3 sp=0x00000040f33fb790 mode 2
Event: 0.467 Thread 0x0000018520475280 Uncommon trap: trap_request=0xffffff45 fr.pc=0x000001852c415050 relative=0x0000000000000590
Event: 0.467 Thread 0x0000018520475280 Uncommon trap: reason=unstable_if action=reinterpret pc=0x000001852c415050 method=java.lang.AbstractStringBuilder.append(Ljava/lang/String;)Ljava/lang/AbstractStringBuilder; @ 1 c2
Event: 0.467 Thread 0x0000018520475280 DEOPT PACKING pc=0x000001852c415050 sp=0x00000040f33fdad0
Event: 0.467 Thread 0x0000018520475280 DEOPT UNPACKING pc=0x000001852bea66a3 sp=0x00000040f33fda50 mode 2
Event: 0.472 Thread 0x0000018520475280 DEOPT PACKING pc=0x000001852495740c sp=0x00000040f33fe3a0
Event: 0.472 Thread 0x0000018520475280 DEOPT UNPACKING pc=0x000001852bea6e43 sp=0x00000040f33fd830 mode 0
Event: 0.477 Thread 0x0000018520475280 DEOPT PACKING pc=0x000001852495740c sp=0x00000040f33fe910
Event: 0.477 Thread 0x0000018520475280 DEOPT UNPACKING pc=0x000001852bea6e43 sp=0x00000040f33fdda0 mode 0

Classes unloaded (0 events):
No events

Classes redefined (0 events):
No events

Internal exceptions (9 events):
Event: 0.103 Thread 0x0000018520475280 Exception <a 'java/lang/NoSuchMethodError'{0x00000000eacb2640}: 'void java.lang.invoke.DirectMethodHandle$Holder.invokeStatic(java.lang.Object, java.lang.Object, java.lang.Object)'> (0x00000000eacb2640) 
thrown [s\src\hotspot\share\interpreter\linkResolver.cpp, line 759]
Event: 0.260 Thread 0x0000018520475280 Exception <a 'java/lang/reflect/InvocationTargetException'{0x00000000eafe4b78}> (0x00000000eafe4b78) 
thrown [s\src\hotspot\share\runtime\reflection.cpp, line 1121]
Event: 0.449 Thread 0x0000018520475280 Exception <a 'java/lang/ClassNotFoundException'{0x00000000eb855200}: sun/net/www/protocol/c/Handler> (0x00000000eb855200) 
thrown [s\src\hotspot\share\classfile\systemDictionary.cpp, line 256]
Event: 0.452 Thread 0x0000018520475280 Exception <a 'java/io/FileNotFoundException'{0x00000000eb86ce28}> (0x00000000eb86ce28) 
thrown [s\src\hotspot\share\prims\jni.cpp, line 516]
Event: 0.452 Thread 0x0000018520475280 Exception <a 'java/io/FileNotFoundException'{0x00000000eb86db48}> (0x00000000eb86db48) 
thrown [s\src\hotspot\share\prims\jni.cpp, line 516]
Event: 0.453 Thread 0x0000018520475280 Exception <a 'java/io/FileNotFoundException'{0x00000000eb86e848}> (0x00000000eb86e848) 
thrown [s\src\hotspot\share\prims\jni.cpp, line 516]
Event: 0.453 Thread 0x0000018520475280 Exception <a 'java/io/FileNotFoundException'{0x00000000eb86f528}> (0x00000000eb86f528) 
thrown [s\src\hotspot\share\prims\jni.cpp, line 516]
Event: 0.467 Thread 0x0000018520475280 Implicit null exception at 0x000001852c414af2 to 0x000001852c415038
Event: 0.469 Thread 0x0000018520475280 Exception <a 'java/io/FileNotFoundException'{0x00000000eb8aa088}> (0x00000000eb8aa088) 
thrown [s\src\hotspot\share\prims\jni.cpp, line 516]

VM Operations (8 events):
Event: 0.107 Executing VM operation: HandshakeAllThreads
Event: 0.107 Executing VM operation: HandshakeAllThreads done
Event: 0.197 Executing VM operation: HandshakeAllThreads
Event: 0.197 Executing VM operation: HandshakeAllThreads done
Event: 0.433 Executing VM operation: HandshakeAllThreads
Event: 0.434 Executing VM operation: HandshakeAllThreads done
Event: 0.446 Executing VM operation: HandshakeAllThreads
Event: 0.446 Executing VM operation: HandshakeAllThreads done

Events (20 events):
Event: 0.479 loading class sun/nio/fs/WindowsFileSystemProvider$1
Event: 0.479 loading class sun/nio/fs/WindowsFileSystemProvider$1 done
Event: 0.479 loading class sun/nio/fs/WindowsLinkSupport
Event: 0.479 loading class sun/nio/fs/WindowsLinkSupport done
Event: 0.479 loading class sun/nio/fs/WindowsAclFileAttributeView
Event: 0.479 loading class sun/nio/fs/AbstractAclFileAttributeView
Event: 0.479 loading class java/nio/file/attribute/AclFileAttributeView
Event: 0.479 loading class java/nio/file/attribute/FileOwnerAttributeView
Event: 0.479 loading class java/nio/file/attribute/FileOwnerAttributeView done
Event: 0.479 loading class java/nio/file/attribute/AclFileAttributeView done
Event: 0.479 loading class sun/nio/fs/AbstractAclFileAttributeView done
Event: 0.479 loading class sun/nio/fs/WindowsAclFileAttributeView done
Event: 0.482 loading class sun/nio/fs/WindowsSecurity
Event: 0.482 loading class sun/nio/fs/WindowsSecurity done
Event: 0.482 loading class sun/nio/fs/WindowsFileStore
Event: 0.482 loading class java/nio/file/FileStore
Event: 0.483 loading class java/nio/file/FileStore done
Event: 0.483 loading class sun/nio/fs/WindowsFileStore done
Event: 0.490 loading class java/net/URLClassLoader$1
Event: 0.490 loading class java/net/URLClassLoader$1 done


Dynamic libraries:
0x00007ff70adb0000 - 0x00007ff70adbe000 	c:\Users\student\.vscode\extensions\redhat.java-1.26.0-win32-x64\jre\17.0.9-win32-x86_64\bin\java.exe
0x00007ff83fc70000 - 0x00007ff83fe68000 	C:\Windows\SYSTEM32\ntdll.dll
0x00007ff83e9a0000 - 0x00007ff83ea5f000 	C:\Windows\System32\KERNEL32.DLL
0x00007ff83d5e0000 - 0x00007ff83d8d6000 	C:\Windows\System32\KERNELBASE.dll
0x00007ff83d4e0000 - 0x00007ff83d5e0000 	C:\Windows\System32\ucrtbase.dll
0x00007ff826900000 - 0x00007ff826917000 	c:\Users\student\.vscode\extensions\redhat.java-1.26.0-win32-x64\jre\17.0.9-win32-x86_64\bin\jli.dll
0x00007ff83ecd0000 - 0x00007ff83ee6d000 	C:\Windows\System32\USER32.dll
0x00007ff83d350000 - 0x00007ff83d372000 	C:\Windows\System32\win32u.dll
0x00007ff83e970000 - 0x00007ff83e99c000 	C:\Windows\System32\GDI32.dll
0x00007ff83d950000 - 0x00007ff83da65000 	C:\Windows\System32\gdi32full.dll
0x00007ff83dc00000 - 0x00007ff83dc9d000 	C:\Windows\System32\msvcp_win.dll
0x00007ff823d90000 - 0x00007ff823dab000 	c:\Users\student\.vscode\extensions\redhat.java-1.26.0-win32-x64\jre\17.0.9-win32-x86_64\bin\VCRUNTIME140.dll
0x00007ff823f10000 - 0x00007ff8241aa000 	C:\Windows\WinSxS\amd64_microsoft.windows.common-controls_6595b64144ccf1df_6.0.19041.1110_none_60b5254171f9507e\COMCTL32.dll
0x00007ff83dea0000 - 0x00007ff83df3e000 	C:\Windows\System32\msvcrt.dll
0x00007ff83e8e0000 - 0x00007ff83e910000 	C:\Windows\System32\IMM32.DLL
0x00007ff8346a0000 - 0x00007ff8346ac000 	c:\Users\student\.vscode\extensions\redhat.java-1.26.0-win32-x64\jre\17.0.9-win32-x86_64\bin\vcruntime140_1.dll
0x00007ff819650000 - 0x00007ff8196dd000 	c:\Users\student\.vscode\extensions\redhat.java-1.26.0-win32-x64\jre\17.0.9-win32-x86_64\bin\msvcp140.dll
0x00007ffffef70000 - 0x00007fffffbd1000 	c:\Users\student\.vscode\extensions\redhat.java-1.26.0-win32-x64\jre\17.0.9-win32-x86_64\bin\server\jvm.dll
0x00007ff83e5c0000 - 0x00007ff83e66f000 	C:\Windows\System32\ADVAPI32.dll
0x00007ff83dcd0000 - 0x00007ff83dd6c000 	C:\Windows\System32\sechost.dll
0x00007ff83fa50000 - 0x00007ff83fb76000 	C:\Windows\System32\RPCRT4.dll
0x00007ff8229d0000 - 0x00007ff8229d9000 	C:\Windows\SYSTEM32\WSOCK32.dll
0x00007ff83d1b0000 - 0x00007ff83d1fb000 	C:\Windows\SYSTEM32\POWRPROF.dll
0x00007ff8337d0000 - 0x00007ff8337f7000 	C:\Windows\SYSTEM32\WINMM.dll
0x00007ff837cf0000 - 0x00007ff837cfa000 	C:\Windows\SYSTEM32\VERSION.dll
0x00007ff83e7c0000 - 0x00007ff83e82b000 	C:\Windows\System32\WS2_32.dll
0x00007ff83d190000 - 0x00007ff83d1a2000 	C:\Windows\SYSTEM32\UMPDC.dll
0x00007ff83b220000 - 0x00007ff83b232000 	C:\Windows\SYSTEM32\kernel.appcore.dll
0x00007ff8338f0000 - 0x00007ff8338fa000 	c:\Users\student\.vscode\extensions\redhat.java-1.26.0-win32-x64\jre\17.0.9-win32-x86_64\bin\jimage.dll
0x00007ff8234f0000 - 0x00007ff8236d4000 	C:\Windows\SYSTEM32\DBGHELP.DLL
0x00007ff8234b0000 - 0x00007ff8234e4000 	C:\Windows\SYSTEM32\dbgcore.DLL
0x00007ff83db20000 - 0x00007ff83dba2000 	C:\Windows\System32\bcryptPrimitives.dll
0x00007ff830d70000 - 0x00007ff830d7e000 	c:\Users\student\.vscode\extensions\redhat.java-1.26.0-win32-x64\jre\17.0.9-win32-x86_64\bin\instrument.dll
0x00007ff820990000 - 0x00007ff8209b5000 	c:\Users\student\.vscode\extensions\redhat.java-1.26.0-win32-x64\jre\17.0.9-win32-x86_64\bin\java.dll
0x00007ff822cc0000 - 0x00007ff822cd8000 	c:\Users\student\.vscode\extensions\redhat.java-1.26.0-win32-x64\jre\17.0.9-win32-x86_64\bin\zip.dll
0x00007ff83f300000 - 0x00007ff83fa44000 	C:\Windows\System32\SHELL32.dll
0x00007ff83b420000 - 0x00007ff83bbb4000 	C:\Windows\SYSTEM32\windows.storage.dll
0x00007ff83eed0000 - 0x00007ff83f224000 	C:\Windows\System32\combase.dll
0x00007ff83ccc0000 - 0x00007ff83ccee000 	C:\Windows\SYSTEM32\Wldp.dll
0x00007ff83e830000 - 0x00007ff83e8dd000 	C:\Windows\System32\SHCORE.dll
0x00007ff83e670000 - 0x00007ff83e6c5000 	C:\Windows\System32\shlwapi.dll
0x00007ff83d280000 - 0x00007ff83d2a5000 	C:\Windows\SYSTEM32\profapi.dll
0x00007ff822c70000 - 0x00007ff822c89000 	C:\Users\student\.vscode\extensions\redhat.java-1.26.0-win32-x64\jre\17.0.9-win32-x86_64\bin\net.dll
0x00007ff837330000 - 0x00007ff83743a000 	C:\Windows\SYSTEM32\WINHTTP.dll
0x00007ff83ca20000 - 0x00007ff83ca8a000 	C:\Windows\system32\mswsock.dll
0x00007ff821300000 - 0x00007ff821316000 	C:\Users\student\.vscode\extensions\redhat.java-1.26.0-win32-x64\jre\17.0.9-win32-x86_64\bin\nio.dll
0x00007ff827440000 - 0x00007ff827450000 	c:\Users\student\.vscode\extensions\redhat.java-1.26.0-win32-x64\jre\17.0.9-win32-x86_64\bin\verify.dll

dbghelp: loaded successfully - version: 4.0.5 - missing functions: none
symbol engine: initialized successfully - sym options: 0x614 - pdb path: .;c:\Users\student\.vscode\extensions\redhat.java-1.26.0-win32-x64\jre\17.0.9-win32-x86_64\bin;C:\Windows\SYSTEM32;C:\Windows\WinSxS\amd64_microsoft.windows.common-controls_6595b64144ccf1df_6.0.19041.1110_none_60b5254171f9507e;c:\Users\student\.vscode\extensions\redhat.java-1.26.0-win32-x64\jre\17.0.9-win32-x86_64\bin\server

VM Arguments:
jvm_args: --add-modules=ALL-SYSTEM --add-opens=java.base/java.util=ALL-UNNAMED --add-opens=java.base/java.lang=ALL-UNNAMED --add-opens=java.base/sun.nio.fs=ALL-UNNAMED -Declipse.application=org.eclipse.jdt.ls.core.id1 -Dosgi.bundles.defaultStartLevel=4 -Declipse.product=org.eclipse.jdt.ls.core.product -Djava.import.generatesMetadataFilesAtProjectRoot=false -DDetectVMInstallationsJob.disabled=true -Dfile.encoding=utf8 -XX:+UseParallelGC -XX:GCTimeRatio=4 -XX:AdaptiveSizePolicyWeight=90 -Dsun.zip.disableMemoryMapping=true -Xmx1G -Xms100m -Xlog:disable -javaagent:c:\Users\student\.vscode\extensions\redhat.java-1.26.0-win32-x64\lombok\lombok-1.18.31-3454.jar 
java_command: c:\Users\student\.vscode\extensions\redhat.java-1.26.0-win32-x64\server\plugins\org.eclipse.equinox.launcher_1.6.700.v20231214-2017.jar -configuration c:\Users\student\AppData\Roaming\Code\User\globalStorage\redhat.java\1.26.0\config_ss_win -data c:\Users\student\AppData\Roaming\Code\User\workspaceStorage\56192d6a22a83b7aa0a710db2c3de7dd\redhat.java\ss_ws --stdio
java_class_path (initial): c:\Users\student\.vscode\extensions\redhat.java-1.26.0-win32-x64\server\plugins\org.eclipse.equinox.launcher_1.6.700.v20231214-2017.jar
Launcher Type: SUN_STANDARD

[Global flags]
    uintx AdaptiveSizePolicyWeight                 = 90                                        {product} {command line}
     intx CICompilerCount                          = 3                                         {product} {ergonomic}
    uintx GCTimeRatio                              = 4                                         {product} {command line}
   size_t InitialHeapSize                          = 104857600                                 {product} {command line}
   size_t MaxHeapSize                              = 1073741824                                {product} {command line}
   size_t MaxNewSize                               = 357564416                                 {product} {ergonomic}
   size_t MinHeapDeltaBytes                        = 524288                                    {product} {ergonomic}
   size_t MinHeapSize                              = 104857600                                 {product} {command line}
   size_t NewSize                                  = 34603008                                  {product} {ergonomic}
    uintx NonNMethodCodeHeapSize                   = 5832780                                {pd product} {ergonomic}
    uintx NonProfiledCodeHeapSize                  = 122912730                              {pd product} {ergonomic}
   size_t OldSize                                  = 70254592                                  {product} {ergonomic}
    uintx ProfiledCodeHeapSize                     = 122912730                              {pd product} {ergonomic}
    uintx ReservedCodeCacheSize                    = 251658240                              {pd product} {ergonomic}
     bool SegmentedCodeCache                       = true                                      {product} {ergonomic}
   size_t SoftMaxHeapSize                          = 1073741824                             {manageable} {ergonomic}
     bool UseCompressedClassPointers               = true                           {product lp64_product} {ergonomic}
     bool UseCompressedOops                        = true                           {product lp64_product} {ergonomic}
     bool UseLargePagesIndividualAllocation        = false                                  {pd product} {ergonomic}
     bool UseParallelGC                            = true                                      {product} {command line}

Logging:
Log output configuration:
 #0: stdout all=off uptime,level,tags
 #1: stderr all=off uptime,level,tags

Environment Variables:
PATH=C:\Program Files\Common Files\Oracle\Java\javapath;C:\Program Files (x86)\Common Files\Oracle\Java\javapath;C:\Windows\system32;C:\Windows;C:\Windows\System32\Wbem;C:\Windows\System32\WindowsPowerShell\v1.0\;C:\Windows\System32\OpenSSH\;C:\Program Files\Java\jdk1.8.0_291\bin;C:\Program Files\Git\cmd;C:\Users\student\AppData\Local\Microsoft\WindowsApps;;C:\Users\student\AppData\Local\Programs\Microsoft VS Code\bin
USERNAME=student
OS=Windows_NT
PROCESSOR_IDENTIFIER=Intel64 Family 6 Model 158 Stepping 10, GenuineIntel
TMP=C:\Users\student\AppData\Local\Temp
TEMP=C:\Users\student\AppData\Local\Temp



Periodic native trim disabled


---------------  S Y S T E M  ---------------

OS:
 Windows 10 , 64 bit Build 19041 (10.0.19041.3155)
OS uptime: 0 days 2:10 hours

CPU: total 6 (initial active 6) (6 cores per cpu, 1 threads per core) family 6 model 158 stepping 10 microcode 0xf0, cx8, cmov, fxsr, mmx, 3dnowpref, sse, sse2, sse3, ssse3, sse4.1, sse4.2, popcnt, lzcnt, tsc, tscinvbit, avx, avx2, aes, erms, clmul, bmi1, bmi2, rtm, adx, fma, vzeroupper, clflush, clflushopt
Processor Information for all 6 processors :
  Max Mhz: 3000, Current Mhz: 3000, Mhz Limit: 3000

Memory: 4k page, system-wide physical 8038M (794M free)
TotalPageFile size 32614M (AvailPageFile size 8M)
current process WorkingSet (physical memory assigned to process): 60M, peak: 60M
current process commit charge ("private bytes"): 190M, peak: 190M

vm_info: OpenJDK 64-Bit Server VM (17.0.9+9) for windows-amd64 JRE (17.0.9+9), built on Oct 26 2023 14:01:42 by "admin" with MS VC++ 16.10 / 16.11 (VS2019)

END.
